<?xml version="1.0" encoding="UTF-8" standalone="yes"?>
<testsuites name="Lelang" time="271" tests="1" failures="1" errors="0">
    <testsuite name="Lelang" tests="1" failures="1" errors="0" time="271" timestamp="2019-11-07 11:15:03" hostname="Marvin - DESKTOP-98KC72N" id="Test Suites/Lelang/Lelang">
        <properties>
            <property name="deviceName" value="samsung SM-A505F (Android 9)"/>
            <property name="devicePlatform" value=""/>
            <property name="logFolder" value="C:\\Users\\Marvin\\Documents\\GitHub\\ACCBid-Mobile\\Reports\\20191107_111456\\Lelang\\Lelang\\20191107_111456"/>
            <property name="logFiles" value="C:\\Users\\Marvin\\Documents\\GitHub\\ACCBid-Mobile\\Reports\\20191107_111456\\Lelang\\Lelang\\20191107_111456\\appium.log, C:\\Users\\Marvin\\Documents\\GitHub\\ACCBid-Mobile\\Reports\\20191107_111456\\Lelang\\Lelang\\20191107_111456\\execution0.log"/>
            <property name="attachments" value="C:\\Users\\Marvin\\Documents\\GitHub\\ACCBid-Mobile\\Reports\\20191107_111456\\Lelang\\Lelang\\20191107_111456\\1573100310767.png, C:\\Users\\Marvin\\Documents\\GitHub\\ACCBid-Mobile\\Reports\\20191107_111456\\Lelang\\Lelang\\20191107_111456\\1573100372554.png, C:\\Users\\Marvin\\Documents\\GitHub\\ACCBid-Mobile\\Reports\\20191107_111456\\Lelang\\Lelang\\20191107_111456\\1573100374029.png"/>
            <property name="hostName" value="Marvin - DESKTOP-98KC72N"/>
            <property name="os" value="Windows 10 64bit"/>
            <property name="appiumServerStatus" value="{\&quot;status\&quot;:0,\&quot;value\&quot;:{\&quot;build\&quot;:{\&quot;version\&quot;:\&quot;1.12.1\&quot;}},\&quot;sessionId\&quot;:null}"/>
            <property name="katalonVersion" value="6.3.3.11"/>
            <property name="deviceOS" value="Android"/>
            <property name="appiumVersion" value="1.12.1"/>
            <property name="deviceModel" value="SM-A505F"/>
            <property name="hostAddress" value="192.168.56.1"/>
            <property name="deviceManufacturer" value="samsung"/>
            <property name="deviceId" value="RR8M30NJEFN"/>
            <property name="deviceName" value="samsung SM-A505F (Android 9)"/>
            <property name="deviceOSVersion" value="9"/>
        </properties>
        <testcase name="Test Cases/Lelang/Lelang" classname="Test Cases/Lelang/Lelang" status="PASSED">
            <system-out>2019-11-07 11:15:05 - [TEST_CASE][PASSED] - Test Cases/Lelang/Lelang: Test Cases/Lelang/Lelang&#xD;
&#xD;
2019-11-07 11:15:05 - [TEST_STEP][PASSED] - Start listener action : executeRows: null&#xD;
&#xD;
2019-11-07 11:15:08 - [TEST_STEP][PASSED] - startApplication("C:/Users/Marvin/Documents/GitHub/ACCBid-Mobile/accbid.apk", false): Started app at: 'C:\Users\Marvin\Documents\GitHub\ACCBid-Mobile\accbid.apk'&#xD;
&#xD;
2019-11-07 11:15:09 - [MESSAGE][INFO] - User set preference: ['unicodeKeyboard', 'true']&#xD;
&#xD;
2019-11-07 11:15:09 - [MESSAGE][INFO] - User set preference: ['resetKeyboard', 'true']&#xD;
&#xD;
2019-11-07 11:15:09 - [MESSAGE][INFO] - User set preference: ['deviceId', '']&#xD;
&#xD;
2019-11-07 11:15:18 - [MESSAGE][INFO] - Appium server started on port 52,667&#xD;
&#xD;
2019-11-07 11:15:47 - [MESSAGE][PASSED] - Started app at: 'C:\Users\Marvin\Documents\GitHub\ACCBid-Mobile\accbid.apk'&#xD;
&#xD;
2019-11-07 11:15:47 - [TEST_STEP][PASSED] - tap(findTestObject("Lelang/Btn_Lihat_Semua"), 0): Tapped on element 'Object Repository/Lelang/Btn_Lihat_Semua'&#xD;
&#xD;
2019-11-07 11:15:47 - [MESSAGE][WARNING] - Timeout '0' is invalid. Using default page load timeout: '60'&#xD;
&#xD;
2019-11-07 11:15:54 - [MESSAGE][PASSED] - Tapped on element 'Object Repository/Lelang/Btn_Lihat_Semua'&#xD;
&#xD;
2019-11-07 11:15:54 - [TEST_STEP][PASSED] - if (JenisLelang == "Tes"): null&#xD;
&#xD;
2019-11-07 11:15:54 - [TEST_STEP][PASSED] - else if (JenisLelang == "Astria"): null&#xD;
&#xD;
2019-11-07 11:15:54 - [TEST_STEP][PASSED] - else if (JenisLelang == "IBID"): Tapped on element 'Object Repository/Lelang/Btn_IBID'&#xD;
&#xD;
2019-11-07 11:15:54 - [TEST_STEP][PASSED] - tap(findTestObject("Lelang/Btn_IBID"), 0): Tapped on element 'Object Repository/Lelang/Btn_IBID'&#xD;
&#xD;
2019-11-07 11:15:54 - [MESSAGE][WARNING] - Timeout '0' is invalid. Using default page load timeout: '60'&#xD;
&#xD;
2019-11-07 11:15:57 - [MESSAGE][PASSED] - Tapped on element 'Object Repository/Lelang/Btn_IBID'&#xD;
&#xD;
2019-11-07 11:15:57 - [TEST_STEP][PASSED] - tap(findTestObject("Lelang/DropDownLokasi"), 0): Tapped on element 'Object Repository/Lelang/DropDownLokasi'&#xD;
&#xD;
2019-11-07 11:15:57 - [MESSAGE][WARNING] - Timeout '0' is invalid. Using default page load timeout: '60'&#xD;
&#xD;
2019-11-07 11:16:02 - [MESSAGE][PASSED] - Tapped on element 'Object Repository/Lelang/DropDownLokasi'&#xD;
&#xD;
2019-11-07 11:16:02 - [TEST_STEP][PASSED] - setText(findTestObject("Lelang/DropDownLokasi"), Lokasi, 0): Text 'DKI' has been set to element 'Object Repository/Lelang/DropDownLokasi'&#xD;
&#xD;
2019-11-07 11:16:02 - [MESSAGE][WARNING] - Timeout '0' is invalid. Using default page load timeout: '60'&#xD;
&#xD;
2019-11-07 11:16:05 - [MESSAGE][PASSED] - Text 'DKI' has been set to element 'Object Repository/Lelang/DropDownLokasi'&#xD;
&#xD;
2019-11-07 11:16:05 - [TEST_STEP][PASSED] - tap(findTestObject("Lelang/Click", ["text":Lokasi]), 0): Tapped on element 'Object Repository/Lelang/Click'&#xD;
&#xD;
2019-11-07 11:16:05 - [MESSAGE][WARNING] - Timeout '0' is invalid. Using default page load timeout: '60'&#xD;
&#xD;
2019-11-07 11:16:09 - [MESSAGE][PASSED] - Tapped on element 'Object Repository/Lelang/Click'&#xD;
&#xD;
2019-11-07 11:16:09 - [TEST_STEP][PASSED] - tap(findTestObject("Lelang/MonthTap"), 0): Tapped on element 'Object Repository/Lelang/MonthTap'&#xD;
&#xD;
2019-11-07 11:16:09 - [MESSAGE][WARNING] - Timeout '0' is invalid. Using default page load timeout: '60'&#xD;
&#xD;
2019-11-07 11:16:12 - [MESSAGE][PASSED] - Tapped on element 'Object Repository/Lelang/MonthTap'&#xD;
&#xD;
2019-11-07 11:16:12 - [TEST_STEP][PASSED] - tap(findTestObject("Lelang/MonthRadio", ["text":Bulan]), 0): Tapped on element 'Object Repository/Lelang/MonthRadio'&#xD;
&#xD;
2019-11-07 11:16:13 - [MESSAGE][WARNING] - Timeout '0' is invalid. Using default page load timeout: '60'&#xD;
&#xD;
2019-11-07 11:16:14 - [MESSAGE][PASSED] - Tapped on element 'Object Repository/Lelang/MonthRadio'&#xD;
&#xD;
2019-11-07 11:16:14 - [TEST_STEP][PASSED] - tap(findTestObject("Lelang/YearTap"), 0): Tapped on element 'Object Repository/Lelang/YearTap'&#xD;
&#xD;
2019-11-07 11:16:14 - [MESSAGE][WARNING] - Timeout '0' is invalid. Using default page load timeout: '60'&#xD;
&#xD;
2019-11-07 11:16:17 - [MESSAGE][PASSED] - Tapped on element 'Object Repository/Lelang/YearTap'&#xD;
&#xD;
2019-11-07 11:16:17 - [TEST_STEP][PASSED] - tap(findTestObject("Lelang/MonthRadio", ["text":Tahun]), 0): Tapped on element 'Object Repository/Lelang/MonthRadio'&#xD;
&#xD;
2019-11-07 11:16:18 - [MESSAGE][WARNING] - Timeout '0' is invalid. Using default page load timeout: '60'&#xD;
&#xD;
2019-11-07 11:16:19 - [MESSAGE][PASSED] - Tapped on element 'Object Repository/Lelang/MonthRadio'&#xD;
&#xD;
2019-11-07 11:16:19 - [TEST_STEP][PASSED] - tap(findTestObject("Lelang/TapTanggal", ["text":Tanggal]), 0): Tapped on element 'Object Repository/Lelang/TapTanggal'&#xD;
&#xD;
2019-11-07 11:16:20 - [MESSAGE][WARNING] - Timeout '0' is invalid. Using default page load timeout: '60'&#xD;
&#xD;
2019-11-07 11:16:23 - [MESSAGE][PASSED] - Tapped on element 'Object Repository/Lelang/TapTanggal'&#xD;
&#xD;
2019-11-07 11:16:23 - [TEST_STEP][PASSED] - if (verifyElementText(findTestObject("Lelang/LelangDetail"), Event, OPTIONAL)): Tapped on element 'Object Repository/Lelang/BarLelang'&#xD;
&#xD;
2019-11-07 11:16:24 - [MESSAGE][PASSED] - Actual text and expected text of test object 'Object Repository/Lelang/LelangDetail' are matched.&#xD;
&#xD;
2019-11-07 11:16:24 - [TEST_STEP][PASSED] - tap(findTestObject("Lelang/BarLelang"), 0, STOP_ON_FAILURE): Tapped on element 'Object Repository/Lelang/BarLelang'&#xD;
&#xD;
2019-11-07 11:16:24 - [MESSAGE][WARNING] - Timeout '0' is invalid. Using default page load timeout: '60'&#xD;
&#xD;
2019-11-07 11:16:26 - [MESSAGE][PASSED] - Tapped on element 'Object Repository/Lelang/BarLelang'&#xD;
&#xD;
2019-11-07 11:16:26 - [TEST_STEP][PASSED] - switch ("Result"): null&#xD;
&#xD;
2019-11-07 11:16:26 - [TEST_STEP][PASSED] - Start listener action : addFailedTCToList: null</system-out>
            <system-err></system-err>
        </testcase>
        <testcase name="Test Cases/Lelang/Lelang" classname="Test Cases/Lelang/Lelang" status="FAILED">
            <failure type="FAILED" message="Test Cases/Lelang/Lelang FAILED.&#xA;Reason:&#xA;com.kms.katalon.core.exception.StepFailedException: Element 'Object Repository/Lelang/BarLelang' not found&#xD;&#xA;&#x9;at com.kms.katalon.core.keyword.internal.KeywordMain.stepFailed(KeywordMain.groovy:50)&#xD;&#xA;&#x9;at com.kms.katalon.core.mobile.keyword.internal.MobileKeywordMain.stepFailed(MobileKeywordMain.groovy:40)&#xD;&#xA;&#x9;at com.kms.katalon.core.mobile.keyword.builtin.VerifyElementVisibleKeyword$_verifyElementVisible_closure1.doCall(VerifyElementVisibleKeyword.groovy:82)&#xD;&#xA;&#x9;at com.kms.katalon.core.mobile.keyword.builtin.VerifyElementVisibleKeyword$_verifyElementVisible_closure1.call(VerifyElementVisibleKeyword.groovy)&#xD;&#xA;&#x9;at com.kms.katalon.core.mobile.keyword.internal.MobileKeywordMain.runKeyword(MobileKeywordMain.groovy:21)&#xD;&#xA;&#x9;at com.kms.katalon.core.mobile.keyword.builtin.VerifyElementVisibleKeyword.verifyElementVisible(VerifyElementVisibleKeyword.groovy:85)&#xD;&#xA;&#x9;at com.kms.katalon.core.mobile.keyword.builtin.VerifyElementVisibleKeyword.execute(VerifyElementVisibleKeyword.groovy:64)&#xD;&#xA;&#x9;at com.kms.katalon.core.keyword.internal.KeywordExecutor.executeKeywordForPlatform(KeywordExecutor.groovy:56)&#xD;&#xA;&#x9;at com.kms.katalon.core.mobile.keyword.MobileBuiltInKeywords.verifyElementVisible(MobileBuiltInKeywords.groovy:932)&#xD;&#xA;&#x9;at com.kms.katalon.core.mobile.keyword.MobileBuiltInKeywords$verifyElementVisible$4.call(Unknown Source)&#xD;&#xA;&#x9;at Lelang.run(Lelang:47)&#xD;&#xA;&#x9;at com.kms.katalon.core.main.ScriptEngine.run(ScriptEngine.java:194)&#xD;&#xA;&#x9;at com.kms.katalon.core.main.ScriptEngine.runScriptAsRawText(ScriptEngine.java:119)&#xD;&#xA;&#x9;at com.kms.katalon.core.main.TestCaseExecutor.runScript(TestCaseExecutor.java:337)&#xD;&#xA;&#x9;at com.kms.katalon.core.main.TestCaseExecutor.doExecute(TestCaseExecutor.java:328)&#xD;&#xA;&#x9;at com.kms.katalon.core.main.TestCaseExecutor.processExecutionPhase(TestCaseExecutor.java:307)&#xD;&#xA;&#x9;at com.kms.katalon.core.main.TestCaseExecutor.accessMainPhase(TestCaseExecutor.java:299)&#xD;&#xA;&#x9;at com.kms.katalon.core.main.TestCaseExecutor.execute(TestCaseExecutor.java:233)&#xD;&#xA;&#x9;at com.kms.katalon.core.main.TestSuiteExecutor.accessTestCaseMainPhase(TestSuiteExecutor.java:169)&#xD;&#xA;&#x9;at com.kms.katalon.core.main.TestSuiteExecutor.accessTestSuiteMainPhase(TestSuiteExecutor.java:142)&#xD;&#xA;&#x9;at com.kms.katalon.core.main.TestSuiteExecutor.execute(TestSuiteExecutor.java:91)&#xD;&#xA;&#x9;at com.kms.katalon.core.main.TestCaseMain.startTestSuite(TestCaseMain.java:157)&#xD;&#xA;&#x9;at com.kms.katalon.core.main.TestCaseMain$startTestSuite$0.call(Unknown Source)&#xD;&#xA;&#x9;at TempTestSuite1573100096728.run(TempTestSuite1573100096728.groovy:35)&#xD;&#xA;"/>
            <system-out>2019-11-07 11:16:27 - [TEST_CASE][FAILED] - Test Cases/Lelang/Lelang: Test Cases/Lelang/Lelang FAILED.
Reason:
com.kms.katalon.core.exception.StepFailedException: Element 'Object Repository/Lelang/BarLelang' not found&#xD;
	at com.kms.katalon.core.keyword.internal.KeywordMain.stepFailed(KeywordMain.groovy:50)&#xD;
	at com.kms.katalon.core.mobile.keyword.internal.MobileKeywordMain.stepFailed(MobileKeywordMain.groovy:40)&#xD;
	at com.kms.katalon.core.mobile.keyword.builtin.VerifyElementVisibleKeyword$_verifyElementVisible_closure1.doCall(VerifyElementVisibleKeyword.groovy:82)&#xD;
	at com.kms.katalon.core.mobile.keyword.builtin.VerifyElementVisibleKeyword$_verifyElementVisible_closure1.call(VerifyElementVisibleKeyword.groovy)&#xD;
	at com.kms.katalon.core.mobile.keyword.internal.MobileKeywordMain.runKeyword(MobileKeywordMain.groovy:21)&#xD;
	at com.kms.katalon.core.mobile.keyword.builtin.VerifyElementVisibleKeyword.verifyElementVisible(VerifyElementVisibleKeyword.groovy:85)&#xD;
	at com.kms.katalon.core.mobile.keyword.builtin.VerifyElementVisibleKeyword.execute(VerifyElementVisibleKeyword.groovy:64)&#xD;
	at com.kms.katalon.core.keyword.internal.KeywordExecutor.executeKeywordForPlatform(KeywordExecutor.groovy:56)&#xD;
	at com.kms.katalon.core.mobile.keyword.MobileBuiltInKeywords.verifyElementVisible(MobileBuiltInKeywords.groovy:932)&#xD;
	at com.kms.katalon.core.mobile.keyword.MobileBuiltInKeywords$verifyElementVisible$4.call(Unknown Source)&#xD;
	at Lelang.run(Lelang:47)&#xD;
	at com.kms.katalon.core.main.ScriptEngine.run(ScriptEngine.java:194)&#xD;
	at com.kms.katalon.core.main.ScriptEngine.runScriptAsRawText(ScriptEngine.java:119)&#xD;
	at com.kms.katalon.core.main.TestCaseExecutor.runScript(TestCaseExecutor.java:337)&#xD;
	at com.kms.katalon.core.main.TestCaseExecutor.doExecute(TestCaseExecutor.java:328)&#xD;
	at com.kms.katalon.core.main.TestCaseExecutor.processExecutionPhase(TestCaseExecutor.java:307)&#xD;
	at com.kms.katalon.core.main.TestCaseExecutor.accessMainPhase(TestCaseExecutor.java:299)&#xD;
	at com.kms.katalon.core.main.TestCaseExecutor.execute(TestCaseExecutor.java:233)&#xD;
	at com.kms.katalon.core.main.TestSuiteExecutor.accessTestCaseMainPhase(TestSuiteExecutor.java:169)&#xD;
	at com.kms.katalon.core.main.TestSuiteExecutor.accessTestSuiteMainPhase(TestSuiteExecutor.java:142)&#xD;
	at com.kms.katalon.core.main.TestSuiteExecutor.execute(TestSuiteExecutor.java:91)&#xD;
	at com.kms.katalon.core.main.TestCaseMain.startTestSuite(TestCaseMain.java:157)&#xD;
	at com.kms.katalon.core.main.TestCaseMain$startTestSuite$0.call(Unknown Source)&#xD;
	at TempTestSuite1573100096728.run(TempTestSuite1573100096728.groovy:35)&#xD;
&#xD;
&#xD;
2019-11-07 11:16:27 - [TEST_STEP][PASSED] - Start listener action : executeRows: null&#xD;
&#xD;
2019-11-07 11:16:27 - [TEST_STEP][PASSED] - startApplication("C:/Users/Marvin/Documents/GitHub/ACCBid-Mobile/accbid.apk", false): Started app at: 'C:\Users\Marvin\Documents\GitHub\ACCBid-Mobile\accbid.apk'&#xD;
&#xD;
2019-11-07 11:16:27 - [MESSAGE][INFO] - User set preference: ['unicodeKeyboard', 'true']&#xD;
&#xD;
2019-11-07 11:16:27 - [MESSAGE][INFO] - User set preference: ['resetKeyboard', 'true']&#xD;
&#xD;
2019-11-07 11:16:27 - [MESSAGE][INFO] - User set preference: ['deviceId', '']&#xD;
&#xD;
2019-11-07 11:16:52 - [MESSAGE][PASSED] - Started app at: 'C:\Users\Marvin\Documents\GitHub\ACCBid-Mobile\accbid.apk'&#xD;
&#xD;
2019-11-07 11:16:52 - [TEST_STEP][PASSED] - tap(findTestObject("Lelang/Btn_Lihat_Semua"), 0): Tapped on element 'Object Repository/Lelang/Btn_Lihat_Semua'&#xD;
&#xD;
2019-11-07 11:16:52 - [MESSAGE][WARNING] - Timeout '0' is invalid. Using default page load timeout: '60'&#xD;
&#xD;
2019-11-07 11:17:01 - [MESSAGE][PASSED] - Tapped on element 'Object Repository/Lelang/Btn_Lihat_Semua'&#xD;
&#xD;
2019-11-07 11:17:01 - [TEST_STEP][PASSED] - if (JenisLelang == "Tes"): null&#xD;
&#xD;
2019-11-07 11:17:01 - [TEST_STEP][PASSED] - else if (JenisLelang == "Astria"): null&#xD;
&#xD;
2019-11-07 11:17:01 - [TEST_STEP][PASSED] - else if (JenisLelang == "IBID"): Tapped on element 'Object Repository/Lelang/Btn_IBID'&#xD;
&#xD;
2019-11-07 11:17:01 - [TEST_STEP][PASSED] - tap(findTestObject("Lelang/Btn_IBID"), 0): Tapped on element 'Object Repository/Lelang/Btn_IBID'&#xD;
&#xD;
2019-11-07 11:17:02 - [MESSAGE][WARNING] - Timeout '0' is invalid. Using default page load timeout: '60'&#xD;
&#xD;
2019-11-07 11:17:06 - [MESSAGE][PASSED] - Tapped on element 'Object Repository/Lelang/Btn_IBID'&#xD;
&#xD;
2019-11-07 11:17:06 - [TEST_STEP][PASSED] - tap(findTestObject("Lelang/DropDownLokasi"), 0): Tapped on element 'Object Repository/Lelang/DropDownLokasi'&#xD;
&#xD;
2019-11-07 11:17:06 - [MESSAGE][WARNING] - Timeout '0' is invalid. Using default page load timeout: '60'&#xD;
&#xD;
2019-11-07 11:17:10 - [MESSAGE][PASSED] - Tapped on element 'Object Repository/Lelang/DropDownLokasi'&#xD;
&#xD;
2019-11-07 11:17:10 - [TEST_STEP][PASSED] - setText(findTestObject("Lelang/DropDownLokasi"), Lokasi, 0): Text 'DKI' has been set to element 'Object Repository/Lelang/DropDownLokasi'&#xD;
&#xD;
2019-11-07 11:17:10 - [MESSAGE][WARNING] - Timeout '0' is invalid. Using default page load timeout: '60'&#xD;
&#xD;
2019-11-07 11:17:13 - [MESSAGE][PASSED] - Text 'DKI' has been set to element 'Object Repository/Lelang/DropDownLokasi'&#xD;
&#xD;
2019-11-07 11:17:13 - [TEST_STEP][PASSED] - tap(findTestObject("Lelang/Click", ["text":Lokasi]), 0): Tapped on element 'Object Repository/Lelang/Click'&#xD;
&#xD;
2019-11-07 11:17:14 - [MESSAGE][WARNING] - Timeout '0' is invalid. Using default page load timeout: '60'&#xD;
&#xD;
2019-11-07 11:17:17 - [MESSAGE][PASSED] - Tapped on element 'Object Repository/Lelang/Click'&#xD;
&#xD;
2019-11-07 11:17:17 - [TEST_STEP][PASSED] - tap(findTestObject("Lelang/MonthTap"), 0): Tapped on element 'Object Repository/Lelang/MonthTap'&#xD;
&#xD;
2019-11-07 11:17:18 - [MESSAGE][WARNING] - Timeout '0' is invalid. Using default page load timeout: '60'&#xD;
&#xD;
2019-11-07 11:17:20 - [MESSAGE][PASSED] - Tapped on element 'Object Repository/Lelang/MonthTap'&#xD;
&#xD;
2019-11-07 11:17:20 - [TEST_STEP][PASSED] - tap(findTestObject("Lelang/MonthRadio", ["text":Bulan]), 0): Tapped on element 'Object Repository/Lelang/MonthRadio'&#xD;
&#xD;
2019-11-07 11:17:21 - [MESSAGE][WARNING] - Timeout '0' is invalid. Using default page load timeout: '60'&#xD;
&#xD;
2019-11-07 11:17:22 - [MESSAGE][PASSED] - Tapped on element 'Object Repository/Lelang/MonthRadio'&#xD;
&#xD;
2019-11-07 11:17:22 - [TEST_STEP][PASSED] - tap(findTestObject("Lelang/YearTap"), 0): Tapped on element 'Object Repository/Lelang/YearTap'&#xD;
&#xD;
2019-11-07 11:17:22 - [MESSAGE][WARNING] - Timeout '0' is invalid. Using default page load timeout: '60'&#xD;
&#xD;
2019-11-07 11:17:25 - [MESSAGE][PASSED] - Tapped on element 'Object Repository/Lelang/YearTap'&#xD;
&#xD;
2019-11-07 11:17:25 - [TEST_STEP][PASSED] - tap(findTestObject("Lelang/MonthRadio", ["text":Tahun]), 0): Tapped on element 'Object Repository/Lelang/MonthRadio'&#xD;
&#xD;
2019-11-07 11:17:25 - [MESSAGE][WARNING] - Timeout '0' is invalid. Using default page load timeout: '60'&#xD;
&#xD;
2019-11-07 11:17:27 - [MESSAGE][PASSED] - Tapped on element 'Object Repository/Lelang/MonthRadio'&#xD;
&#xD;
2019-11-07 11:17:27 - [TEST_STEP][PASSED] - tap(findTestObject("Lelang/TapTanggal", ["text":Tanggal]), 0): Tapped on element 'Object Repository/Lelang/TapTanggal'&#xD;
&#xD;
2019-11-07 11:17:28 - [MESSAGE][WARNING] - Timeout '0' is invalid. Using default page load timeout: '60'&#xD;
&#xD;
2019-11-07 11:17:30 - [MESSAGE][PASSED] - Tapped on element 'Object Repository/Lelang/TapTanggal'&#xD;
&#xD;
2019-11-07 11:17:30 - [TEST_STEP][PASSED] - if (verifyElementText(findTestObject("Lelang/LelangDetail"), Event, OPTIONAL)): Element 'Object Repository/Lelang/LelangDetail' not found&#xD;
&#xD;
2019-11-07 11:18:32 - [MESSAGE][WARNING] - Element 'Object Repository/Lelang/LelangDetail' not found&#xD;
[[ATTACHMENT|C:\\Users\\Marvin\\Documents\\GitHub\\ACCBid-Mobile\\Reports\\20191107_111456\\Lelang\\Lelang\\20191107_111456\\1573100310767.png]]&#xD;
&#xD;
2019-11-07 11:18:32 - [TEST_STEP][FAILED] - else: Failed to check for element 'Object Repository/Lelang/BarLelang' visible (Root cause: com.kms.katalon.core.exception.StepFailedException: Element 'Object Repository/Lelang/BarLelang' not found&#xD;
	at com.kms.katalon.core.keyword.internal.KeywordMain.stepFailed(KeywordMain.groovy:50)&#xD;
	at com.kms.katalon.core.mobile.keyword.internal.MobileKeywordMain.stepFailed(MobileKeywordMain.groovy:40)&#xD;
	at com.kms.katalon.core.mobile.keyword.builtin.VerifyElementVisibleKeyword$_verifyElementVisible_closure1.doCall(VerifyElementVisibleKeyword.groovy:82)&#xD;
	at com.kms.katalon.core.mobile.keyword.builtin.VerifyElementVisibleKeyword$_verifyElementVisible_closure1.call(VerifyElementVisibleKeyword.groovy)&#xD;
	at com.kms.katalon.core.mobile.keyword.internal.MobileKeywordMain.runKeyword(MobileKeywordMain.groovy:21)&#xD;
	at com.kms.katalon.core.mobile.keyword.builtin.VerifyElementVisibleKeyword.verifyElementVisible(VerifyElementVisibleKeyword.groovy:85)&#xD;
	at com.kms.katalon.core.mobile.keyword.builtin.VerifyElementVisibleKeyword.execute(VerifyElementVisibleKeyword.groovy:64)&#xD;
	at com.kms.katalon.core.keyword.internal.KeywordExecutor.executeKeywordForPlatform(KeywordExecutor.groovy:56)&#xD;
	at com.kms.katalon.core.mobile.keyword.MobileBuiltInKeywords.verifyElementVisible(MobileBuiltInKeywords.groovy:932)&#xD;
	at com.kms.katalon.core.mobile.keyword.MobileBuiltInKeywords$verifyElementVisible$4.call(Unknown Source)&#xD;
	at Lelang.run(Lelang:47)&#xD;
	at com.kms.katalon.core.main.ScriptEngine.run(ScriptEngine.java:194)&#xD;
	at com.kms.katalon.core.main.ScriptEngine.runScriptAsRawText(ScriptEngine.java:119)&#xD;
	at com.kms.katalon.core.main.TestCaseExecutor.runScript(TestCaseExecutor.java:337)&#xD;
	at com.kms.katalon.core.main.TestCaseExecutor.doExecute(TestCaseExecutor.java:328)&#xD;
	at com.kms.katalon.core.main.TestCaseExecutor.processExecutionPhase(TestCaseExecutor.java:307)&#xD;
	at com.kms.katalon.core.main.TestCaseExecutor.accessMainPhase(TestCaseExecutor.java:299)&#xD;
	at com.kms.katalon.core.main.TestCaseExecutor.execute(TestCaseExecutor.java:233)&#xD;
	at com.kms.katalon.core.main.TestSuiteExecutor.accessTestCaseMainPhase(TestSuiteExecutor.java:169)&#xD;
	at com.kms.katalon.core.main.TestSuiteExecutor.accessTestSuiteMainPhase(TestSuiteExecutor.java:142)&#xD;
	at com.kms.katalon.core.main.TestSuiteExecutor.execute(TestSuiteExecutor.java:91)&#xD;
	at com.kms.katalon.core.main.TestCaseMain.startTestSuite(TestCaseMain.java:157)&#xD;
	at com.kms.katalon.core.main.TestCaseMain$startTestSuite$0.call(Unknown Source)&#xD;
	at TempTestSuite1573100096728.run(TempTestSuite1573100096728.groovy:35)&#xD;
)&#xD;
&#xD;
2019-11-07 11:18:32 - [TEST_STEP][FAILED] - verifyElementVisible(findTestObject("Lelang/BarLelang"), 0): Failed to check for element 'Object Repository/Lelang/BarLelang' visible (Root cause: com.kms.katalon.core.exception.StepFailedException: Element 'Object Repository/Lelang/BarLelang' not found&#xD;
	at com.kms.katalon.core.keyword.internal.KeywordMain.stepFailed(KeywordMain.groovy:50)&#xD;
	at com.kms.katalon.core.mobile.keyword.internal.MobileKeywordMain.stepFailed(MobileKeywordMain.groovy:40)&#xD;
	at com.kms.katalon.core.mobile.keyword.builtin.VerifyElementVisibleKeyword$_verifyElementVisible_closure1.doCall(VerifyElementVisibleKeyword.groovy:82)&#xD;
	at com.kms.katalon.core.mobile.keyword.builtin.VerifyElementVisibleKeyword$_verifyElementVisible_closure1.call(VerifyElementVisibleKeyword.groovy)&#xD;
	at com.kms.katalon.core.mobile.keyword.internal.MobileKeywordMain.runKeyword(MobileKeywordMain.groovy:21)&#xD;
	at com.kms.katalon.core.mobile.keyword.builtin.VerifyElementVisibleKeyword.verifyElementVisible(VerifyElementVisibleKeyword.groovy:85)&#xD;
	at com.kms.katalon.core.mobile.keyword.builtin.VerifyElementVisibleKeyword.execute(VerifyElementVisibleKeyword.groovy:64)&#xD;
	at com.kms.katalon.core.keyword.internal.KeywordExecutor.executeKeywordForPlatform(KeywordExecutor.groovy:56)&#xD;
	at com.kms.katalon.core.mobile.keyword.MobileBuiltInKeywords.verifyElementVisible(MobileBuiltInKeywords.groovy:932)&#xD;
	at com.kms.katalon.core.mobile.keyword.MobileBuiltInKeywords$verifyElementVisible$4.call(Unknown Source)&#xD;
	at Lelang.run(Lelang:47)&#xD;
	at com.kms.katalon.core.main.ScriptEngine.run(ScriptEngine.java:194)&#xD;
	at com.kms.katalon.core.main.ScriptEngine.runScriptAsRawText(ScriptEngine.java:119)&#xD;
	at com.kms.katalon.core.main.TestCaseExecutor.runScript(TestCaseExecutor.java:337)&#xD;
	at com.kms.katalon.core.main.TestCaseExecutor.doExecute(TestCaseExecutor.java:328)&#xD;
	at com.kms.katalon.core.main.TestCaseExecutor.processExecutionPhase(TestCaseExecutor.java:307)&#xD;
	at com.kms.katalon.core.main.TestCaseExecutor.accessMainPhase(TestCaseExecutor.java:299)&#xD;
	at com.kms.katalon.core.main.TestCaseExecutor.execute(TestCaseExecutor.java:233)&#xD;
	at com.kms.katalon.core.main.TestSuiteExecutor.accessTestCaseMainPhase(TestSuiteExecutor.java:169)&#xD;
	at com.kms.katalon.core.main.TestSuiteExecutor.accessTestSuiteMainPhase(TestSuiteExecutor.java:142)&#xD;
	at com.kms.katalon.core.main.TestSuiteExecutor.execute(TestSuiteExecutor.java:91)&#xD;
	at com.kms.katalon.core.main.TestCaseMain.startTestSuite(TestCaseMain.java:157)&#xD;
	at com.kms.katalon.core.main.TestCaseMain$startTestSuite$0.call(Unknown Source)&#xD;
	at TempTestSuite1573100096728.run(TempTestSuite1573100096728.groovy:35)&#xD;
)&#xD;
&#xD;
2019-11-07 11:18:32 - [MESSAGE][WARNING] - Timeout '0' is invalid. Using default page load timeout: '60'&#xD;
&#xD;
2019-11-07 11:19:34 - [MESSAGE][FAILED] - Element 'Object Repository/Lelang/BarLelang' not found&#xD;
[[ATTACHMENT|C:\\Users\\Marvin\\Documents\\GitHub\\ACCBid-Mobile\\Reports\\20191107_111456\\Lelang\\Lelang\\20191107_111456\\1573100372554.png]]&#xD;
&#xD;
2019-11-07 11:19:35 - [MESSAGE][FAILED] - Failed to check for element 'Object Repository/Lelang/BarLelang' visible (Root cause: com.kms.katalon.core.exception.StepFailedException: Element 'Object Repository/Lelang/BarLelang' not found&#xD;
	at com.kms.katalon.core.keyword.internal.KeywordMain.stepFailed(KeywordMain.groovy:50)&#xD;
	at com.kms.katalon.core.mobile.keyword.internal.MobileKeywordMain.stepFailed(MobileKeywordMain.groovy:40)&#xD;
	at com.kms.katalon.core.mobile.keyword.builtin.VerifyElementVisibleKeyword$_verifyElementVisible_closure1.doCall(VerifyElementVisibleKeyword.groovy:82)&#xD;
	at com.kms.katalon.core.mobile.keyword.builtin.VerifyElementVisibleKeyword$_verifyElementVisible_closure1.call(VerifyElementVisibleKeyword.groovy)&#xD;
	at com.kms.katalon.core.mobile.keyword.internal.MobileKeywordMain.runKeyword(MobileKeywordMain.groovy:21)&#xD;
	at com.kms.katalon.core.mobile.keyword.builtin.VerifyElementVisibleKeyword.verifyElementVisible(VerifyElementVisibleKeyword.groovy:85)&#xD;
	at com.kms.katalon.core.mobile.keyword.builtin.VerifyElementVisibleKeyword.execute(VerifyElementVisibleKeyword.groovy:64)&#xD;
	at com.kms.katalon.core.keyword.internal.KeywordExecutor.executeKeywordForPlatform(KeywordExecutor.groovy:56)&#xD;
	at com.kms.katalon.core.mobile.keyword.MobileBuiltInKeywords.verifyElementVisible(MobileBuiltInKeywords.groovy:932)&#xD;
	at com.kms.katalon.core.mobile.keyword.MobileBuiltInKeywords$verifyElementVisible$4.call(Unknown Source)&#xD;
	at Lelang.run(Lelang:47)&#xD;
	at com.kms.katalon.core.main.ScriptEngine.run(ScriptEngine.java:194)&#xD;
	at com.kms.katalon.core.main.ScriptEngine.runScriptAsRawText(ScriptEngine.java:119)&#xD;
	at com.kms.katalon.core.main.TestCaseExecutor.runScript(TestCaseExecutor.java:337)&#xD;
	at com.kms.katalon.core.main.TestCaseExecutor.doExecute(TestCaseExecutor.java:328)&#xD;
	at com.kms.katalon.core.main.TestCaseExecutor.processExecutionPhase(TestCaseExecutor.java:307)&#xD;
	at com.kms.katalon.core.main.TestCaseExecutor.accessMainPhase(TestCaseExecutor.java:299)&#xD;
	at com.kms.katalon.core.main.TestCaseExecutor.execute(TestCaseExecutor.java:233)&#xD;
	at com.kms.katalon.core.main.TestSuiteExecutor.accessTestCaseMainPhase(TestSuiteExecutor.java:169)&#xD;
	at com.kms.katalon.core.main.TestSuiteExecutor.accessTestSuiteMainPhase(TestSuiteExecutor.java:142)&#xD;
	at com.kms.katalon.core.main.TestSuiteExecutor.execute(TestSuiteExecutor.java:91)&#xD;
	at com.kms.katalon.core.main.TestCaseMain.startTestSuite(TestCaseMain.java:157)&#xD;
	at com.kms.katalon.core.main.TestCaseMain$startTestSuite$0.call(Unknown Source)&#xD;
	at TempTestSuite1573100096728.run(TempTestSuite1573100096728.groovy:35)&#xD;
)&#xD;
[[ATTACHMENT|C:\\Users\\Marvin\\Documents\\GitHub\\ACCBid-Mobile\\Reports\\20191107_111456\\Lelang\\Lelang\\20191107_111456\\1573100374029.png]]&#xD;
&#xD;
2019-11-07 11:19:35 - [TEST_STEP][PASSED] - Start listener action : addFailedTCToList: null</system-out>
            <system-err>2019-11-07 11:16:27 - [TEST_CASE][FAILED] - Test Cases/Lelang/Lelang: Test Cases/Lelang/Lelang FAILED.
Reason:
com.kms.katalon.core.exception.StepFailedException: Element 'Object Repository/Lelang/BarLelang' not found&#xD;
	at com.kms.katalon.core.keyword.internal.KeywordMain.stepFailed(KeywordMain.groovy:50)&#xD;
	at com.kms.katalon.core.mobile.keyword.internal.MobileKeywordMain.stepFailed(MobileKeywordMain.groovy:40)&#xD;
	at com.kms.katalon.core.mobile.keyword.builtin.VerifyElementVisibleKeyword$_verifyElementVisible_closure1.doCall(VerifyElementVisibleKeyword.groovy:82)&#xD;
	at com.kms.katalon.core.mobile.keyword.builtin.VerifyElementVisibleKeyword$_verifyElementVisible_closure1.call(VerifyElementVisibleKeyword.groovy)&#xD;
	at com.kms.katalon.core.mobile.keyword.internal.MobileKeywordMain.runKeyword(MobileKeywordMain.groovy:21)&#xD;
	at com.kms.katalon.core.mobile.keyword.builtin.VerifyElementVisibleKeyword.verifyElementVisible(VerifyElementVisibleKeyword.groovy:85)&#xD;
	at com.kms.katalon.core.mobile.keyword.builtin.VerifyElementVisibleKeyword.execute(VerifyElementVisibleKeyword.groovy:64)&#xD;
	at com.kms.katalon.core.keyword.internal.KeywordExecutor.executeKeywordForPlatform(KeywordExecutor.groovy:56)&#xD;
	at com.kms.katalon.core.mobile.keyword.MobileBuiltInKeywords.verifyElementVisible(MobileBuiltInKeywords.groovy:932)&#xD;
	at com.kms.katalon.core.mobile.keyword.MobileBuiltInKeywords$verifyElementVisible$4.call(Unknown Source)&#xD;
	at Lelang.run(Lelang:47)&#xD;
	at com.kms.katalon.core.main.ScriptEngine.run(ScriptEngine.java:194)&#xD;
	at com.kms.katalon.core.main.ScriptEngine.runScriptAsRawText(ScriptEngine.java:119)&#xD;
	at com.kms.katalon.core.main.TestCaseExecutor.runScript(TestCaseExecutor.java:337)&#xD;
	at com.kms.katalon.core.main.TestCaseExecutor.doExecute(TestCaseExecutor.java:328)&#xD;
	at com.kms.katalon.core.main.TestCaseExecutor.processExecutionPhase(TestCaseExecutor.java:307)&#xD;
	at com.kms.katalon.core.main.TestCaseExecutor.accessMainPhase(TestCaseExecutor.java:299)&#xD;
	at com.kms.katalon.core.main.TestCaseExecutor.execute(TestCaseExecutor.java:233)&#xD;
	at com.kms.katalon.core.main.TestSuiteExecutor.accessTestCaseMainPhase(TestSuiteExecutor.java:169)&#xD;
	at com.kms.katalon.core.main.TestSuiteExecutor.accessTestSuiteMainPhase(TestSuiteExecutor.java:142)&#xD;
	at com.kms.katalon.core.main.TestSuiteExecutor.execute(TestSuiteExecutor.java:91)&#xD;
	at com.kms.katalon.core.main.TestCaseMain.startTestSuite(TestCaseMain.java:157)&#xD;
	at com.kms.katalon.core.main.TestCaseMain$startTestSuite$0.call(Unknown Source)&#xD;
	at TempTestSuite1573100096728.run(TempTestSuite1573100096728.groovy:35)</system-err>
        </testcase>
        <system-out>2019-11-07 11:15:03 - [TEST_SUITE][INCOMPLETE] - Lelang: null</system-out>
        <system-err>2019-11-07 11:15:03 - [TEST_SUITE][INCOMPLETE] - Lelang: null</system-err>
    </testsuite>
</testsuites>
