<?xml version="1.0" encoding="UTF-8" standalone="yes"?>
<testsuites name="Penarikan" time="295" tests="4" failures="0" errors="0">
    <testsuite name="Penarikan" tests="4" failures="0" errors="0" time="295" timestamp="2019-11-11 15:45:06" hostname="Marvin - DESKTOP-98KC72N" id="Test Suites/TopUP/Penarikan">
        <properties>
            <property name="deviceName" value="samsung SM-A505F (Android 9)"/>
            <property name="devicePlatform" value=""/>
            <property name="logFolder" value="C:\\Users\\Marvin\\Documents\\GitHub\\ACCBid-Mobile\\Reports\\20191111_154458\\TopUP\\Penarikan\\20191111_154459"/>
            <property name="logFiles" value="C:\\Users\\Marvin\\Documents\\GitHub\\ACCBid-Mobile\\Reports\\20191111_154458\\TopUP\\Penarikan\\20191111_154459\\appium.log, C:\\Users\\Marvin\\Documents\\GitHub\\ACCBid-Mobile\\Reports\\20191111_154458\\TopUP\\Penarikan\\20191111_154459\\execution0.log"/>
            <property name="attachments" value="C:\\Users\\Marvin\\Documents\\GitHub\\ACCBid-Mobile\\Reports\\20191111_154458\\TopUP\\Penarikan\\20191111_154459\\1573461970506.png, C:\\Users\\Marvin\\Documents\\GitHub\\ACCBid-Mobile\\Reports\\20191111_154458\\TopUP\\Penarikan\\20191111_154459\\1573461984228.png, C:\\Users\\Marvin\\Documents\\GitHub\\ACCBid-Mobile\\Reports\\20191111_154458\\TopUP\\Penarikan\\20191111_154459\\1573462052368.png, C:\\Users\\Marvin\\Documents\\GitHub\\ACCBid-Mobile\\Reports\\20191111_154458\\TopUP\\Penarikan\\20191111_154459\\1573462065062.png, C:\\Users\\Marvin\\Documents\\GitHub\\ACCBid-Mobile\\Reports\\20191111_154458\\TopUP\\Penarikan\\20191111_154459\\1573462074453.png, C:\\Users\\Marvin\\Documents\\GitHub\\ACCBid-Mobile\\Reports\\20191111_154458\\TopUP\\Penarikan\\20191111_154459\\1573462124962.png, C:\\Users\\Marvin\\Documents\\GitHub\\ACCBid-Mobile\\Reports\\20191111_154458\\TopUP\\Penarikan\\20191111_154459\\1573462137906.png, C:\\Users\\Marvin\\Documents\\GitHub\\ACCBid-Mobile\\Reports\\20191111_154458\\TopUP\\Penarikan\\20191111_154459\\1573462148271.png"/>
            <property name="hostName" value="Marvin - DESKTOP-98KC72N"/>
            <property name="os" value="Windows 10 64bit"/>
            <property name="appiumServerStatus" value="{\&quot;status\&quot;:0,\&quot;value\&quot;:{\&quot;build\&quot;:{\&quot;version\&quot;:\&quot;1.12.1\&quot;}},\&quot;sessionId\&quot;:null}"/>
            <property name="katalonVersion" value="6.3.3.11"/>
            <property name="deviceOS" value="Android"/>
            <property name="appiumVersion" value="1.12.1"/>
            <property name="deviceModel" value="SM-A505F"/>
            <property name="hostAddress" value="192.168.56.1"/>
            <property name="deviceManufacturer" value="samsung"/>
            <property name="deviceId" value="RR8M30NJEFN"/>
            <property name="deviceName" value="samsung SM-A505F (Android 9)"/>
            <property name="deviceOSVersion" value="9"/>
        </properties>
        <testcase name="Test Cases/TopUP/Penarikan" classname="Test Cases/TopUP/Penarikan" status="PASSED">
            <system-out>2019-11-11 15:45:08 - [TEST_CASE][PASSED] - Test Cases/TopUP/Penarikan: Test Cases/TopUP/Penarikan&#xD;
&#xD;
2019-11-11 15:45:08 - [TEST_STEP][PASSED] - Start listener action : executeRows: null&#xD;
&#xD;
2019-11-11 15:45:11 - [TEST_STEP][PASSED] - startApplication("C:/Users/Marvin/git/ACCBid-Mobile/accbid.apk", false): Started app at: 'C:\Users\Marvin\git\ACCBid-Mobile\accbid.apk'&#xD;
&#xD;
2019-11-11 15:45:12 - [MESSAGE][INFO] - User set preference: ['unicodeKeyboard', 'true']&#xD;
&#xD;
2019-11-11 15:45:12 - [MESSAGE][INFO] - User set preference: ['resetKeyboard', 'true']&#xD;
&#xD;
2019-11-11 15:45:12 - [MESSAGE][INFO] - User set preference: ['deviceId', '']&#xD;
&#xD;
2019-11-11 15:45:21 - [MESSAGE][INFO] - Appium server started on port 59,095&#xD;
&#xD;
2019-11-11 15:45:52 - [MESSAGE][PASSED] - Started app at: 'C:\Users\Marvin\git\ACCBid-Mobile\accbid.apk'&#xD;
&#xD;
2019-11-11 15:45:52 - [TEST_STEP][PASSED] - tap(findTestObject("TopUP/BTN_Deposit"), 0): Tapped on element 'Object Repository/TopUP/BTN_Deposit'&#xD;
&#xD;
2019-11-11 15:45:53 - [MESSAGE][WARNING] - Timeout '0' is invalid. Using default page load timeout: '60'&#xD;
&#xD;
2019-11-11 15:46:01 - [MESSAGE][PASSED] - Tapped on element 'Object Repository/TopUP/BTN_Deposit'&#xD;
&#xD;
2019-11-11 15:46:01 - [TEST_STEP][PASSED] - tap(findTestObject("TopUP/Penarikan/Btn_Penarikan"), 0): Tapped on element 'Object Repository/TopUP/Penarikan/Btn_Penarikan'&#xD;
&#xD;
2019-11-11 15:46:01 - [MESSAGE][WARNING] - Timeout '0' is invalid. Using default page load timeout: '60'&#xD;
&#xD;
2019-11-11 15:46:05 - [MESSAGE][PASSED] - Tapped on element 'Object Repository/TopUP/Penarikan/Btn_Penarikan'&#xD;
&#xD;
2019-11-11 15:46:05 - [TEST_STEP][PASSED] - setText(findTestObject("TopUP/Penarikan/Nominal"), Nominal, 0): Text '500000' has been set to element 'Object Repository/TopUP/Penarikan/Nominal'&#xD;
&#xD;
2019-11-11 15:46:05 - [MESSAGE][WARNING] - Timeout '0' is invalid. Using default page load timeout: '60'&#xD;
&#xD;
2019-11-11 15:46:07 - [MESSAGE][PASSED] - Text '500000' has been set to element 'Object Repository/TopUP/Penarikan/Nominal'&#xD;
&#xD;
2019-11-11 15:46:07 - [TEST_STEP][PASSED] - if (verifyElementVisible(findTestObject("TopUP/Penarikan/PopUpKelipatan"), 3, OPTIONAL)): Element 'Object Repository/TopUP/Penarikan/PopUpKelipatan' not found&#xD;
&#xD;
2019-11-11 15:46:12 - [MESSAGE][WARNING] - Element 'Object Repository/TopUP/Penarikan/PopUpKelipatan' not found&#xD;
[[ATTACHMENT|C:\\Users\\Marvin\\Documents\\GitHub\\ACCBid-Mobile\\Reports\\20191111_154458\\TopUP\\Penarikan\\20191111_154459\\1573461970506.png]]&#xD;
&#xD;
2019-11-11 15:46:12 - [TEST_STEP][PASSED] - else: Failed to check for element 'Object Repository/TopUP/Penarikan/BTN_Verifikasi' visible (Root cause: org.openqa.selenium.WebDriverException: An unknown server-side error occurred while processing the command. Original error: Could not proxy command to remote server. Original error: Error: socket hang up
Build info: version: '3.141.59', revision: 'e82be7d358', time: '2018-11-14T08:25:53'
System info: host: 'DESKTOP-98KC72N', ip: '192.168.56.1', os.name: 'Windows 10', os.arch: 'amd64', os.version: '10.0', java.version: '1.8.0_181'
Driver info: com.kms.katalon.core.appium.driver.SwipeableAndroidDriver
Capabilities {app: C:\Users\Marvin\git\ACCBid-..., appPackage: com.outsystemsenterprise.ac..., autoGrantPermissions: true, automationName: uiautomator2, databaseEnabled: false, desired: {app: C:\Users\Marvin\git\ACCBid-..., autoGrantPermissions: true, automationName: uiautomator2, deviceId: , deviceName: samsung SM-A505F (Android 9), fullReset: false, newCommandTimeout: 1800, noReset: true, platform: ANDROID, platformName: android, platformVersion: 9, resetKeyboard: true, systemPort: 59094, udid: RR8M30NJEFN, unicodeKeyboard: true}, deviceApiLevel: 28, deviceId: , deviceManufacturer: samsung, deviceModel: SM-A505F, deviceName: RR8M30NJEFN, deviceScreenDensity: 420, deviceScreenSize: 1080x2340, deviceUDID: RR8M30NJEFN, fullReset: false, javascriptEnabled: true, locationContextEnabled: false, networkConnectionEnabled: true, newCommandTimeout: 1800, noReset: true, pixelRatio: 2.625, platform: ANDROID, platformName: Android, platformVersion: 9, resetKeyboard: true, statBarHeight: 83, systemPort: 59094, takesScreenshot: true, udid: RR8M30NJEFN, unicodeKeyboard: true, viewportRect: {height: 2048, left: 0, top: 83, width: 1080}, warnings: {}, webStorageEnabled: false}
Session ID: 3e235473-d345-4aac-9030-82d326e93bd8&#xD;
	at org.openqa.selenium.remote.http.W3CHttpResponseCodec.createException(W3CHttpResponseCodec.java:187)&#xD;
	at org.openqa.selenium.remote.http.W3CHttpResponseCodec.decode(W3CHttpResponseCodec.java:122)&#xD;
	at org.openqa.selenium.remote.http.W3CHttpResponseCodec.decode(W3CHttpResponseCodec.java:49)&#xD;
	at org.openqa.selenium.remote.HttpCommandExecutor.execute(HttpCommandExecutor.java:158)&#xD;
	at io.appium.java_client.remote.AppiumCommandExecutor.execute(AppiumCommandExecutor.java:239)&#xD;
	at org.openqa.selenium.remote.RemoteWebDriver.execute(RemoteWebDriver.java:552)&#xD;
	at io.appium.java_client.DefaultGenericMobileDriver.execute(DefaultGenericMobileDriver.java:46)&#xD;
	at io.appium.java_client.AppiumDriver.execute(AppiumDriver.java:1)&#xD;
	at io.appium.java_client.android.AndroidDriver.execute(AndroidDriver.java:1)&#xD;
	at com.kms.katalon.core.appium.driver.SwipeableAndroidDriver.execute(SwipeableAndroidDriver.java:1)&#xD;
	at org.openqa.selenium.remote.RemoteWebDriver$RemoteWebDriverOptions$RemoteWindow.getSize(RemoteWebDriver.java:813)&#xD;
	at org.openqa.selenium.WebDriver$Window$getSize.call(Unknown Source)&#xD;
	at com.kms.katalon.core.mobile.keyword.internal.MobileAbstractKeyword.findElement(MobileAbstractKeyword.groovy:81)&#xD;
	at com.kms.katalon.core.mobile.keyword.builtin.VerifyElementVisibleKeyword$_verifyElementVisible_closure1.doCall(VerifyElementVisibleKeyword.groovy:72)&#xD;
	at com.kms.katalon.core.mobile.keyword.builtin.VerifyElementVisibleKeyword$_verifyElementVisible_closure1.call(VerifyElementVisibleKeyword.groovy)&#xD;
	at com.kms.katalon.core.mobile.keyword.internal.MobileKeywordMain.runKeyword(MobileKeywordMain.groovy:21)&#xD;
	at com.kms.katalon.core.mobile.keyword.builtin.VerifyElementVisibleKeyword.verifyElementVisible(VerifyElementVisibleKeyword.groovy:85)&#xD;
	at com.kms.katalon.core.mobile.keyword.builtin.VerifyElementVisibleKeyword.execute(VerifyElementVisibleKeyword.groovy:64)&#xD;
	at com.kms.katalon.core.keyword.internal.KeywordExecutor.executeKeywordForPlatform(KeywordExecutor.groovy:56)&#xD;
	at com.kms.katalon.core.mobile.keyword.MobileBuiltInKeywords.verifyElementVisible(MobileBuiltInKeywords.groovy:916)&#xD;
	at com.kms.katalon.core.mobile.keyword.MobileBuiltInKeywords$verifyElementVisible$2.call(Unknown Source)&#xD;
	at Penarikan.run(Penarikan:41)&#xD;
	at com.kms.katalon.core.main.ScriptEngine.run(ScriptEngine.java:194)&#xD;
	at com.kms.katalon.core.main.ScriptEngine.runScriptAsRawText(ScriptEngine.java:119)&#xD;
	at com.kms.katalon.core.main.TestCaseExecutor.runScript(TestCaseExecutor.java:337)&#xD;
	at com.kms.katalon.core.main.TestCaseExecutor.doExecute(TestCaseExecutor.java:328)&#xD;
	at com.kms.katalon.core.main.TestCaseExecutor.processExecutionPhase(TestCaseExecutor.java:307)&#xD;
	at com.kms.katalon.core.main.TestCaseExecutor.accessMainPhase(TestCaseExecutor.java:299)&#xD;
	at com.kms.katalon.core.main.TestCaseExecutor.execute(TestCaseExecutor.java:233)&#xD;
	at com.kms.katalon.core.main.TestSuiteExecutor.accessTestCaseMainPhase(TestSuiteExecutor.java:169)&#xD;
	at com.kms.katalon.core.main.TestSuiteExecutor.accessTestSuiteMainPhase(TestSuiteExecutor.java:142)&#xD;
	at com.kms.katalon.core.main.TestSuiteExecutor.execute(TestSuiteExecutor.java:91)&#xD;
	at com.kms.katalon.core.main.TestCaseMain.startTestSuite(TestCaseMain.java:157)&#xD;
	at com.kms.katalon.core.main.TestCaseMain$startTestSuite$0.call(Unknown Source)&#xD;
	at TempTestSuite1573461899148.run(TempTestSuite1573461899148.groovy:35)&#xD;
)&#xD;
&#xD;
2019-11-11 15:46:12 - [TEST_STEP][PASSED] - tap(findTestObject("TopUP/Penarikan/DropDownBank"), 0): Tapped on element 'Object Repository/TopUP/Penarikan/DropDownBank'&#xD;
&#xD;
2019-11-11 15:46:12 - [MESSAGE][WARNING] - Timeout '0' is invalid. Using default page load timeout: '60'&#xD;
&#xD;
2019-11-11 15:46:14 - [MESSAGE][PASSED] - Tapped on element 'Object Repository/TopUP/Penarikan/DropDownBank'&#xD;
&#xD;
2019-11-11 15:46:14 - [TEST_STEP][PASSED] - tap(findTestObject("Kalkulator/Click", ["text":Bank]), 0): Tapped on element 'Object Repository/Kalkulator/Click'&#xD;
&#xD;
2019-11-11 15:46:14 - [MESSAGE][WARNING] - Timeout '0' is invalid. Using default page load timeout: '60'&#xD;
&#xD;
2019-11-11 15:46:16 - [MESSAGE][PASSED] - Tapped on element 'Object Repository/Kalkulator/Click'&#xD;
&#xD;
2019-11-11 15:46:16 - [TEST_STEP][PASSED] - tap(findTestObject("TopUP/Penarikan/BTN_Lanjut"), 0): Tapped on element 'Object Repository/TopUP/Penarikan/BTN_Lanjut'&#xD;
&#xD;
2019-11-11 15:46:16 - [MESSAGE][WARNING] - Timeout '0' is invalid. Using default page load timeout: '60'&#xD;
&#xD;
2019-11-11 15:46:19 - [MESSAGE][PASSED] - Tapped on element 'Object Repository/TopUP/Penarikan/BTN_Lanjut'&#xD;
&#xD;
2019-11-11 15:46:19 - [TEST_STEP][PASSED] - if (verifyElementVisible(findTestObject("TopUP/Penarikan/PopUPPenarikanMelibihiSaldo"), 3, OPTIONAL)): Element 'Object Repository/TopUP/Penarikan/PopUPPenarikanMelibihiSaldo' not found&#xD;
&#xD;
2019-11-11 15:46:25 - [MESSAGE][WARNING] - Element 'Object Repository/TopUP/Penarikan/PopUPPenarikanMelibihiSaldo' not found&#xD;
[[ATTACHMENT|C:\\Users\\Marvin\\Documents\\GitHub\\ACCBid-Mobile\\Reports\\20191111_154458\\TopUP\\Penarikan\\20191111_154459\\1573461984228.png]]&#xD;
&#xD;
2019-11-11 15:46:25 - [TEST_STEP][PASSED] - else: Failed to check for element 'Object Repository/TopUP/Penarikan/BTN_Verifikasi' visible (Root cause: org.openqa.selenium.WebDriverException: An unknown server-side error occurred while processing the command. Original error: Could not proxy command to remote server. Original error: Error: socket hang up
Build info: version: '3.141.59', revision: 'e82be7d358', time: '2018-11-14T08:25:53'
System info: host: 'DESKTOP-98KC72N', ip: '192.168.56.1', os.name: 'Windows 10', os.arch: 'amd64', os.version: '10.0', java.version: '1.8.0_181'
Driver info: com.kms.katalon.core.appium.driver.SwipeableAndroidDriver
Capabilities {app: C:\Users\Marvin\git\ACCBid-..., appPackage: com.outsystemsenterprise.ac..., autoGrantPermissions: true, automationName: uiautomator2, databaseEnabled: false, desired: {app: C:\Users\Marvin\git\ACCBid-..., autoGrantPermissions: true, automationName: uiautomator2, deviceId: , deviceName: samsung SM-A505F (Android 9), fullReset: false, newCommandTimeout: 1800, noReset: true, platform: ANDROID, platformName: android, platformVersion: 9, resetKeyboard: true, systemPort: 59094, udid: RR8M30NJEFN, unicodeKeyboard: true}, deviceApiLevel: 28, deviceId: , deviceManufacturer: samsung, deviceModel: SM-A505F, deviceName: RR8M30NJEFN, deviceScreenDensity: 420, deviceScreenSize: 1080x2340, deviceUDID: RR8M30NJEFN, fullReset: false, javascriptEnabled: true, locationContextEnabled: false, networkConnectionEnabled: true, newCommandTimeout: 1800, noReset: true, pixelRatio: 2.625, platform: ANDROID, platformName: Android, platformVersion: 9, resetKeyboard: true, statBarHeight: 83, systemPort: 59094, takesScreenshot: true, udid: RR8M30NJEFN, unicodeKeyboard: true, viewportRect: {height: 2048, left: 0, top: 83, width: 1080}, warnings: {}, webStorageEnabled: false}
Session ID: 3e235473-d345-4aac-9030-82d326e93bd8&#xD;
	at org.openqa.selenium.remote.http.W3CHttpResponseCodec.createException(W3CHttpResponseCodec.java:187)&#xD;
	at org.openqa.selenium.remote.http.W3CHttpResponseCodec.decode(W3CHttpResponseCodec.java:122)&#xD;
	at org.openqa.selenium.remote.http.W3CHttpResponseCodec.decode(W3CHttpResponseCodec.java:49)&#xD;
	at org.openqa.selenium.remote.HttpCommandExecutor.execute(HttpCommandExecutor.java:158)&#xD;
	at io.appium.java_client.remote.AppiumCommandExecutor.execute(AppiumCommandExecutor.java:239)&#xD;
	at org.openqa.selenium.remote.RemoteWebDriver.execute(RemoteWebDriver.java:552)&#xD;
	at io.appium.java_client.DefaultGenericMobileDriver.execute(DefaultGenericMobileDriver.java:46)&#xD;
	at io.appium.java_client.AppiumDriver.execute(AppiumDriver.java:1)&#xD;
	at io.appium.java_client.android.AndroidDriver.execute(AndroidDriver.java:1)&#xD;
	at com.kms.katalon.core.appium.driver.SwipeableAndroidDriver.execute(SwipeableAndroidDriver.java:1)&#xD;
	at org.openqa.selenium.remote.RemoteWebDriver$RemoteWebDriverOptions$RemoteWindow.getSize(RemoteWebDriver.java:813)&#xD;
	at org.openqa.selenium.WebDriver$Window$getSize.call(Unknown Source)&#xD;
	at com.kms.katalon.core.mobile.keyword.internal.MobileAbstractKeyword.findElement(MobileAbstractKeyword.groovy:81)&#xD;
	at com.kms.katalon.core.mobile.keyword.builtin.VerifyElementVisibleKeyword$_verifyElementVisible_closure1.doCall(VerifyElementVisibleKeyword.groovy:72)&#xD;
	at com.kms.katalon.core.mobile.keyword.builtin.VerifyElementVisibleKeyword$_verifyElementVisible_closure1.call(VerifyElementVisibleKeyword.groovy)&#xD;
	at com.kms.katalon.core.mobile.keyword.internal.MobileKeywordMain.runKeyword(MobileKeywordMain.groovy:21)&#xD;
	at com.kms.katalon.core.mobile.keyword.builtin.VerifyElementVisibleKeyword.verifyElementVisible(VerifyElementVisibleKeyword.groovy:85)&#xD;
	at com.kms.katalon.core.mobile.keyword.builtin.VerifyElementVisibleKeyword.execute(VerifyElementVisibleKeyword.groovy:64)&#xD;
	at com.kms.katalon.core.keyword.internal.KeywordExecutor.executeKeywordForPlatform(KeywordExecutor.groovy:56)&#xD;
	at com.kms.katalon.core.mobile.keyword.MobileBuiltInKeywords.verifyElementVisible(MobileBuiltInKeywords.groovy:916)&#xD;
	at com.kms.katalon.core.mobile.keyword.MobileBuiltInKeywords$verifyElementVisible$2.call(Unknown Source)&#xD;
	at Penarikan.run(Penarikan:41)&#xD;
	at com.kms.katalon.core.main.ScriptEngine.run(ScriptEngine.java:194)&#xD;
	at com.kms.katalon.core.main.ScriptEngine.runScriptAsRawText(ScriptEngine.java:119)&#xD;
	at com.kms.katalon.core.main.TestCaseExecutor.runScript(TestCaseExecutor.java:337)&#xD;
	at com.kms.katalon.core.main.TestCaseExecutor.doExecute(TestCaseExecutor.java:328)&#xD;
	at com.kms.katalon.core.main.TestCaseExecutor.processExecutionPhase(TestCaseExecutor.java:307)&#xD;
	at com.kms.katalon.core.main.TestCaseExecutor.accessMainPhase(TestCaseExecutor.java:299)&#xD;
	at com.kms.katalon.core.main.TestCaseExecutor.execute(TestCaseExecutor.java:233)&#xD;
	at com.kms.katalon.core.main.TestSuiteExecutor.accessTestCaseMainPhase(TestSuiteExecutor.java:169)&#xD;
	at com.kms.katalon.core.main.TestSuiteExecutor.accessTestSuiteMainPhase(TestSuiteExecutor.java:142)&#xD;
	at com.kms.katalon.core.main.TestSuiteExecutor.execute(TestSuiteExecutor.java:91)&#xD;
	at com.kms.katalon.core.main.TestCaseMain.startTestSuite(TestCaseMain.java:157)&#xD;
	at com.kms.katalon.core.main.TestCaseMain$startTestSuite$0.call(Unknown Source)&#xD;
	at TempTestSuite1573461899148.run(TempTestSuite1573461899148.groovy:35)&#xD;
)&#xD;
&#xD;
2019-11-11 15:46:25 - [TEST_STEP][PASSED] - setText(findTestObject("TopUP/Penarikan/KodeOTP"), OTP, 0): Text '895888' has been set to element 'Object Repository/TopUP/Penarikan/KodeOTP'&#xD;
&#xD;
2019-11-11 15:46:25 - [MESSAGE][WARNING] - Timeout '0' is invalid. Using default page load timeout: '60'&#xD;
&#xD;
2019-11-11 15:46:38 - [MESSAGE][PASSED] - Text '895888' has been set to element 'Object Repository/TopUP/Penarikan/KodeOTP'&#xD;
&#xD;
2019-11-11 15:46:38 - [TEST_STEP][PASSED] - tap(findTestObject("TopUP/Penarikan/BTN_Verifikasi"), 0): Tapped on element 'Object Repository/TopUP/Penarikan/BTN_Verifikasi'&#xD;
&#xD;
2019-11-11 15:46:39 - [MESSAGE][WARNING] - Timeout '0' is invalid. Using default page load timeout: '60'&#xD;
&#xD;
2019-11-11 15:46:41 - [MESSAGE][PASSED] - Tapped on element 'Object Repository/TopUP/Penarikan/BTN_Verifikasi'&#xD;
&#xD;
2019-11-11 15:46:41 - [TEST_STEP][PASSED] - if (verifyElementVisible(findTestObject("TopUP/Penarikan/KodeVerifikasiSalah"), 3, OPTIONAL)): Failed to check for element 'Object Repository/TopUP/Penarikan/BTN_Verifikasi' visible (Root cause: org.openqa.selenium.WebDriverException: An unknown server-side error occurred while processing the command. Original error: Could not proxy command to remote server. Original error: Error: socket hang up
Build info: version: '3.141.59', revision: 'e82be7d358', time: '2018-11-14T08:25:53'
System info: host: 'DESKTOP-98KC72N', ip: '192.168.56.1', os.name: 'Windows 10', os.arch: 'amd64', os.version: '10.0', java.version: '1.8.0_181'
Driver info: com.kms.katalon.core.appium.driver.SwipeableAndroidDriver
Capabilities {app: C:\Users\Marvin\git\ACCBid-..., appPackage: com.outsystemsenterprise.ac..., autoGrantPermissions: true, automationName: uiautomator2, databaseEnabled: false, desired: {app: C:\Users\Marvin\git\ACCBid-..., autoGrantPermissions: true, automationName: uiautomator2, deviceId: , deviceName: samsung SM-A505F (Android 9), fullReset: false, newCommandTimeout: 1800, noReset: true, platform: ANDROID, platformName: android, platformVersion: 9, resetKeyboard: true, systemPort: 59094, udid: RR8M30NJEFN, unicodeKeyboard: true}, deviceApiLevel: 28, deviceId: , deviceManufacturer: samsung, deviceModel: SM-A505F, deviceName: RR8M30NJEFN, deviceScreenDensity: 420, deviceScreenSize: 1080x2340, deviceUDID: RR8M30NJEFN, fullReset: false, javascriptEnabled: true, locationContextEnabled: false, networkConnectionEnabled: true, newCommandTimeout: 1800, noReset: true, pixelRatio: 2.625, platform: ANDROID, platformName: Android, platformVersion: 9, resetKeyboard: true, statBarHeight: 83, systemPort: 59094, takesScreenshot: true, udid: RR8M30NJEFN, unicodeKeyboard: true, viewportRect: {height: 2048, left: 0, top: 83, width: 1080}, warnings: {}, webStorageEnabled: false}
Session ID: 3e235473-d345-4aac-9030-82d326e93bd8&#xD;
	at org.openqa.selenium.remote.http.W3CHttpResponseCodec.createException(W3CHttpResponseCodec.java:187)&#xD;
	at org.openqa.selenium.remote.http.W3CHttpResponseCodec.decode(W3CHttpResponseCodec.java:122)&#xD;
	at org.openqa.selenium.remote.http.W3CHttpResponseCodec.decode(W3CHttpResponseCodec.java:49)&#xD;
	at org.openqa.selenium.remote.HttpCommandExecutor.execute(HttpCommandExecutor.java:158)&#xD;
	at io.appium.java_client.remote.AppiumCommandExecutor.execute(AppiumCommandExecutor.java:239)&#xD;
	at org.openqa.selenium.remote.RemoteWebDriver.execute(RemoteWebDriver.java:552)&#xD;
	at io.appium.java_client.DefaultGenericMobileDriver.execute(DefaultGenericMobileDriver.java:46)&#xD;
	at io.appium.java_client.AppiumDriver.execute(AppiumDriver.java:1)&#xD;
	at io.appium.java_client.android.AndroidDriver.execute(AndroidDriver.java:1)&#xD;
	at com.kms.katalon.core.appium.driver.SwipeableAndroidDriver.execute(SwipeableAndroidDriver.java:1)&#xD;
	at org.openqa.selenium.remote.RemoteWebDriver$RemoteWebDriverOptions$RemoteWindow.getSize(RemoteWebDriver.java:813)&#xD;
	at org.openqa.selenium.WebDriver$Window$getSize.call(Unknown Source)&#xD;
	at com.kms.katalon.core.mobile.keyword.internal.MobileAbstractKeyword.findElement(MobileAbstractKeyword.groovy:81)&#xD;
	at com.kms.katalon.core.mobile.keyword.builtin.VerifyElementVisibleKeyword$_verifyElementVisible_closure1.doCall(VerifyElementVisibleKeyword.groovy:72)&#xD;
	at com.kms.katalon.core.mobile.keyword.builtin.VerifyElementVisibleKeyword$_verifyElementVisible_closure1.call(VerifyElementVisibleKeyword.groovy)&#xD;
	at com.kms.katalon.core.mobile.keyword.internal.MobileKeywordMain.runKeyword(MobileKeywordMain.groovy:21)&#xD;
	at com.kms.katalon.core.mobile.keyword.builtin.VerifyElementVisibleKeyword.verifyElementVisible(VerifyElementVisibleKeyword.groovy:85)&#xD;
	at com.kms.katalon.core.mobile.keyword.builtin.VerifyElementVisibleKeyword.execute(VerifyElementVisibleKeyword.groovy:64)&#xD;
	at com.kms.katalon.core.keyword.internal.KeywordExecutor.executeKeywordForPlatform(KeywordExecutor.groovy:56)&#xD;
	at com.kms.katalon.core.mobile.keyword.MobileBuiltInKeywords.verifyElementVisible(MobileBuiltInKeywords.groovy:916)&#xD;
	at com.kms.katalon.core.mobile.keyword.MobileBuiltInKeywords$verifyElementVisible$2.call(Unknown Source)&#xD;
	at Penarikan.run(Penarikan:41)&#xD;
	at com.kms.katalon.core.main.ScriptEngine.run(ScriptEngine.java:194)&#xD;
	at com.kms.katalon.core.main.ScriptEngine.runScriptAsRawText(ScriptEngine.java:119)&#xD;
	at com.kms.katalon.core.main.TestCaseExecutor.runScript(TestCaseExecutor.java:337)&#xD;
	at com.kms.katalon.core.main.TestCaseExecutor.doExecute(TestCaseExecutor.java:328)&#xD;
	at com.kms.katalon.core.main.TestCaseExecutor.processExecutionPhase(TestCaseExecutor.java:307)&#xD;
	at com.kms.katalon.core.main.TestCaseExecutor.accessMainPhase(TestCaseExecutor.java:299)&#xD;
	at com.kms.katalon.core.main.TestCaseExecutor.execute(TestCaseExecutor.java:233)&#xD;
	at com.kms.katalon.core.main.TestSuiteExecutor.accessTestCaseMainPhase(TestSuiteExecutor.java:169)&#xD;
	at com.kms.katalon.core.main.TestSuiteExecutor.accessTestSuiteMainPhase(TestSuiteExecutor.java:142)&#xD;
	at com.kms.katalon.core.main.TestSuiteExecutor.execute(TestSuiteExecutor.java:91)&#xD;
	at com.kms.katalon.core.main.TestCaseMain.startTestSuite(TestCaseMain.java:157)&#xD;
	at com.kms.katalon.core.main.TestCaseMain$startTestSuite$0.call(Unknown Source)&#xD;
	at TempTestSuite1573461899148.run(TempTestSuite1573461899148.groovy:35)&#xD;
)&#xD;
&#xD;
2019-11-11 15:46:45 - [MESSAGE][PASSED] - Element 'Object Repository/TopUP/Penarikan/KodeVerifikasiSalah' is visible&#xD;
&#xD;
2019-11-11 15:46:45 - [TEST_STEP][PASSED] - verifyElementVisible(findTestObject("TopUP/Penarikan/BTN_Verifikasi"), 3, OPTIONAL): Failed to check for element 'Object Repository/TopUP/Penarikan/BTN_Verifikasi' visible (Root cause: org.openqa.selenium.WebDriverException: An unknown server-side error occurred while processing the command. Original error: Could not proxy command to remote server. Original error: Error: socket hang up
Build info: version: '3.141.59', revision: 'e82be7d358', time: '2018-11-14T08:25:53'
System info: host: 'DESKTOP-98KC72N', ip: '192.168.56.1', os.name: 'Windows 10', os.arch: 'amd64', os.version: '10.0', java.version: '1.8.0_181'
Driver info: com.kms.katalon.core.appium.driver.SwipeableAndroidDriver
Capabilities {app: C:\Users\Marvin\git\ACCBid-..., appPackage: com.outsystemsenterprise.ac..., autoGrantPermissions: true, automationName: uiautomator2, databaseEnabled: false, desired: {app: C:\Users\Marvin\git\ACCBid-..., autoGrantPermissions: true, automationName: uiautomator2, deviceId: , deviceName: samsung SM-A505F (Android 9), fullReset: false, newCommandTimeout: 1800, noReset: true, platform: ANDROID, platformName: android, platformVersion: 9, resetKeyboard: true, systemPort: 59094, udid: RR8M30NJEFN, unicodeKeyboard: true}, deviceApiLevel: 28, deviceId: , deviceManufacturer: samsung, deviceModel: SM-A505F, deviceName: RR8M30NJEFN, deviceScreenDensity: 420, deviceScreenSize: 1080x2340, deviceUDID: RR8M30NJEFN, fullReset: false, javascriptEnabled: true, locationContextEnabled: false, networkConnectionEnabled: true, newCommandTimeout: 1800, noReset: true, pixelRatio: 2.625, platform: ANDROID, platformName: Android, platformVersion: 9, resetKeyboard: true, statBarHeight: 83, systemPort: 59094, takesScreenshot: true, udid: RR8M30NJEFN, unicodeKeyboard: true, viewportRect: {height: 2048, left: 0, top: 83, width: 1080}, warnings: {}, webStorageEnabled: false}
Session ID: 3e235473-d345-4aac-9030-82d326e93bd8&#xD;
	at org.openqa.selenium.remote.http.W3CHttpResponseCodec.createException(W3CHttpResponseCodec.java:187)&#xD;
	at org.openqa.selenium.remote.http.W3CHttpResponseCodec.decode(W3CHttpResponseCodec.java:122)&#xD;
	at org.openqa.selenium.remote.http.W3CHttpResponseCodec.decode(W3CHttpResponseCodec.java:49)&#xD;
	at org.openqa.selenium.remote.HttpCommandExecutor.execute(HttpCommandExecutor.java:158)&#xD;
	at io.appium.java_client.remote.AppiumCommandExecutor.execute(AppiumCommandExecutor.java:239)&#xD;
	at org.openqa.selenium.remote.RemoteWebDriver.execute(RemoteWebDriver.java:552)&#xD;
	at io.appium.java_client.DefaultGenericMobileDriver.execute(DefaultGenericMobileDriver.java:46)&#xD;
	at io.appium.java_client.AppiumDriver.execute(AppiumDriver.java:1)&#xD;
	at io.appium.java_client.android.AndroidDriver.execute(AndroidDriver.java:1)&#xD;
	at com.kms.katalon.core.appium.driver.SwipeableAndroidDriver.execute(SwipeableAndroidDriver.java:1)&#xD;
	at org.openqa.selenium.remote.RemoteWebDriver$RemoteWebDriverOptions$RemoteWindow.getSize(RemoteWebDriver.java:813)&#xD;
	at org.openqa.selenium.WebDriver$Window$getSize.call(Unknown Source)&#xD;
	at com.kms.katalon.core.mobile.keyword.internal.MobileAbstractKeyword.findElement(MobileAbstractKeyword.groovy:81)&#xD;
	at com.kms.katalon.core.mobile.keyword.builtin.VerifyElementVisibleKeyword$_verifyElementVisible_closure1.doCall(VerifyElementVisibleKeyword.groovy:72)&#xD;
	at com.kms.katalon.core.mobile.keyword.builtin.VerifyElementVisibleKeyword$_verifyElementVisible_closure1.call(VerifyElementVisibleKeyword.groovy)&#xD;
	at com.kms.katalon.core.mobile.keyword.internal.MobileKeywordMain.runKeyword(MobileKeywordMain.groovy:21)&#xD;
	at com.kms.katalon.core.mobile.keyword.builtin.VerifyElementVisibleKeyword.verifyElementVisible(VerifyElementVisibleKeyword.groovy:85)&#xD;
	at com.kms.katalon.core.mobile.keyword.builtin.VerifyElementVisibleKeyword.execute(VerifyElementVisibleKeyword.groovy:64)&#xD;
	at com.kms.katalon.core.keyword.internal.KeywordExecutor.executeKeywordForPlatform(KeywordExecutor.groovy:56)&#xD;
	at com.kms.katalon.core.mobile.keyword.MobileBuiltInKeywords.verifyElementVisible(MobileBuiltInKeywords.groovy:916)&#xD;
	at com.kms.katalon.core.mobile.keyword.MobileBuiltInKeywords$verifyElementVisible$2.call(Unknown Source)&#xD;
	at Penarikan.run(Penarikan:41)&#xD;
	at com.kms.katalon.core.main.ScriptEngine.run(ScriptEngine.java:194)&#xD;
	at com.kms.katalon.core.main.ScriptEngine.runScriptAsRawText(ScriptEngine.java:119)&#xD;
	at com.kms.katalon.core.main.TestCaseExecutor.runScript(TestCaseExecutor.java:337)&#xD;
	at com.kms.katalon.core.main.TestCaseExecutor.doExecute(TestCaseExecutor.java:328)&#xD;
	at com.kms.katalon.core.main.TestCaseExecutor.processExecutionPhase(TestCaseExecutor.java:307)&#xD;
	at com.kms.katalon.core.main.TestCaseExecutor.accessMainPhase(TestCaseExecutor.java:299)&#xD;
	at com.kms.katalon.core.main.TestCaseExecutor.execute(TestCaseExecutor.java:233)&#xD;
	at com.kms.katalon.core.main.TestSuiteExecutor.accessTestCaseMainPhase(TestSuiteExecutor.java:169)&#xD;
	at com.kms.katalon.core.main.TestSuiteExecutor.accessTestSuiteMainPhase(TestSuiteExecutor.java:142)&#xD;
	at com.kms.katalon.core.main.TestSuiteExecutor.execute(TestSuiteExecutor.java:91)&#xD;
	at com.kms.katalon.core.main.TestCaseMain.startTestSuite(TestCaseMain.java:157)&#xD;
	at com.kms.katalon.core.main.TestCaseMain$startTestSuite$0.call(Unknown Source)&#xD;
	at TempTestSuite1573461899148.run(TempTestSuite1573461899148.groovy:35)&#xD;
)&#xD;
&#xD;
2019-11-11 15:46:47 - [MESSAGE][WARNING] - Cannot take screenshot&#xD;
&#xD;
2019-11-11 15:46:47 - [MESSAGE][WARNING] - Failed to check for element 'Object Repository/TopUP/Penarikan/BTN_Verifikasi' visible (Root cause: org.openqa.selenium.WebDriverException: An unknown server-side error occurred while processing the command. Original error: Could not proxy command to remote server. Original error: Error: socket hang up
Build info: version: '3.141.59', revision: 'e82be7d358', time: '2018-11-14T08:25:53'
System info: host: 'DESKTOP-98KC72N', ip: '192.168.56.1', os.name: 'Windows 10', os.arch: 'amd64', os.version: '10.0', java.version: '1.8.0_181'
Driver info: com.kms.katalon.core.appium.driver.SwipeableAndroidDriver
Capabilities {app: C:\Users\Marvin\git\ACCBid-..., appPackage: com.outsystemsenterprise.ac..., autoGrantPermissions: true, automationName: uiautomator2, databaseEnabled: false, desired: {app: C:\Users\Marvin\git\ACCBid-..., autoGrantPermissions: true, automationName: uiautomator2, deviceId: , deviceName: samsung SM-A505F (Android 9), fullReset: false, newCommandTimeout: 1800, noReset: true, platform: ANDROID, platformName: android, platformVersion: 9, resetKeyboard: true, systemPort: 59094, udid: RR8M30NJEFN, unicodeKeyboard: true}, deviceApiLevel: 28, deviceId: , deviceManufacturer: samsung, deviceModel: SM-A505F, deviceName: RR8M30NJEFN, deviceScreenDensity: 420, deviceScreenSize: 1080x2340, deviceUDID: RR8M30NJEFN, fullReset: false, javascriptEnabled: true, locationContextEnabled: false, networkConnectionEnabled: true, newCommandTimeout: 1800, noReset: true, pixelRatio: 2.625, platform: ANDROID, platformName: Android, platformVersion: 9, resetKeyboard: true, statBarHeight: 83, systemPort: 59094, takesScreenshot: true, udid: RR8M30NJEFN, unicodeKeyboard: true, viewportRect: {height: 2048, left: 0, top: 83, width: 1080}, warnings: {}, webStorageEnabled: false}
Session ID: 3e235473-d345-4aac-9030-82d326e93bd8&#xD;
	at org.openqa.selenium.remote.http.W3CHttpResponseCodec.createException(W3CHttpResponseCodec.java:187)&#xD;
	at org.openqa.selenium.remote.http.W3CHttpResponseCodec.decode(W3CHttpResponseCodec.java:122)&#xD;
	at org.openqa.selenium.remote.http.W3CHttpResponseCodec.decode(W3CHttpResponseCodec.java:49)&#xD;
	at org.openqa.selenium.remote.HttpCommandExecutor.execute(HttpCommandExecutor.java:158)&#xD;
	at io.appium.java_client.remote.AppiumCommandExecutor.execute(AppiumCommandExecutor.java:239)&#xD;
	at org.openqa.selenium.remote.RemoteWebDriver.execute(RemoteWebDriver.java:552)&#xD;
	at io.appium.java_client.DefaultGenericMobileDriver.execute(DefaultGenericMobileDriver.java:46)&#xD;
	at io.appium.java_client.AppiumDriver.execute(AppiumDriver.java:1)&#xD;
	at io.appium.java_client.android.AndroidDriver.execute(AndroidDriver.java:1)&#xD;
	at com.kms.katalon.core.appium.driver.SwipeableAndroidDriver.execute(SwipeableAndroidDriver.java:1)&#xD;
	at org.openqa.selenium.remote.RemoteWebDriver$RemoteWebDriverOptions$RemoteWindow.getSize(RemoteWebDriver.java:813)&#xD;
	at org.openqa.selenium.WebDriver$Window$getSize.call(Unknown Source)&#xD;
	at com.kms.katalon.core.mobile.keyword.internal.MobileAbstractKeyword.findElement(MobileAbstractKeyword.groovy:81)&#xD;
	at com.kms.katalon.core.mobile.keyword.builtin.VerifyElementVisibleKeyword$_verifyElementVisible_closure1.doCall(VerifyElementVisibleKeyword.groovy:72)&#xD;
	at com.kms.katalon.core.mobile.keyword.builtin.VerifyElementVisibleKeyword$_verifyElementVisible_closure1.call(VerifyElementVisibleKeyword.groovy)&#xD;
	at com.kms.katalon.core.mobile.keyword.internal.MobileKeywordMain.runKeyword(MobileKeywordMain.groovy:21)&#xD;
	at com.kms.katalon.core.mobile.keyword.builtin.VerifyElementVisibleKeyword.verifyElementVisible(VerifyElementVisibleKeyword.groovy:85)&#xD;
	at com.kms.katalon.core.mobile.keyword.builtin.VerifyElementVisibleKeyword.execute(VerifyElementVisibleKeyword.groovy:64)&#xD;
	at com.kms.katalon.core.keyword.internal.KeywordExecutor.executeKeywordForPlatform(KeywordExecutor.groovy:56)&#xD;
	at com.kms.katalon.core.mobile.keyword.MobileBuiltInKeywords.verifyElementVisible(MobileBuiltInKeywords.groovy:916)&#xD;
	at com.kms.katalon.core.mobile.keyword.MobileBuiltInKeywords$verifyElementVisible$2.call(Unknown Source)&#xD;
	at Penarikan.run(Penarikan:41)&#xD;
	at com.kms.katalon.core.main.ScriptEngine.run(ScriptEngine.java:194)&#xD;
	at com.kms.katalon.core.main.ScriptEngine.runScriptAsRawText(ScriptEngine.java:119)&#xD;
	at com.kms.katalon.core.main.TestCaseExecutor.runScript(TestCaseExecutor.java:337)&#xD;
	at com.kms.katalon.core.main.TestCaseExecutor.doExecute(TestCaseExecutor.java:328)&#xD;
	at com.kms.katalon.core.main.TestCaseExecutor.processExecutionPhase(TestCaseExecutor.java:307)&#xD;
	at com.kms.katalon.core.main.TestCaseExecutor.accessMainPhase(TestCaseExecutor.java:299)&#xD;
	at com.kms.katalon.core.main.TestCaseExecutor.execute(TestCaseExecutor.java:233)&#xD;
	at com.kms.katalon.core.main.TestSuiteExecutor.accessTestCaseMainPhase(TestSuiteExecutor.java:169)&#xD;
	at com.kms.katalon.core.main.TestSuiteExecutor.accessTestSuiteMainPhase(TestSuiteExecutor.java:142)&#xD;
	at com.kms.katalon.core.main.TestSuiteExecutor.execute(TestSuiteExecutor.java:91)&#xD;
	at com.kms.katalon.core.main.TestCaseMain.startTestSuite(TestCaseMain.java:157)&#xD;
	at com.kms.katalon.core.main.TestCaseMain$startTestSuite$0.call(Unknown Source)&#xD;
	at TempTestSuite1573461899148.run(TempTestSuite1573461899148.groovy:35)&#xD;
)&#xD;
&#xD;
2019-11-11 15:46:47 - [TEST_STEP][PASSED] - switch ("Result"): null&#xD;
&#xD;
2019-11-11 15:46:47 - [TEST_STEP][PASSED] - Start listener action : addFailedTCToList: null</system-out>
            <system-err></system-err>
        </testcase>
        <testcase name="Test Cases/TopUP/Penarikan" classname="Test Cases/TopUP/Penarikan" status="PASSED">
            <system-out>2019-11-11 15:46:47 - [TEST_CASE][PASSED] - Test Cases/TopUP/Penarikan: Test Cases/TopUP/Penarikan&#xD;
&#xD;
2019-11-11 15:46:47 - [TEST_STEP][PASSED] - Start listener action : executeRows: null&#xD;
&#xD;
2019-11-11 15:46:47 - [TEST_STEP][PASSED] - startApplication("C:/Users/Marvin/git/ACCBid-Mobile/accbid.apk", false): Started app at: 'C:\Users\Marvin\git\ACCBid-Mobile\accbid.apk'&#xD;
&#xD;
2019-11-11 15:46:47 - [MESSAGE][INFO] - User set preference: ['unicodeKeyboard', 'true']&#xD;
&#xD;
2019-11-11 15:46:47 - [MESSAGE][INFO] - User set preference: ['resetKeyboard', 'true']&#xD;
&#xD;
2019-11-11 15:46:47 - [MESSAGE][INFO] - User set preference: ['deviceId', '']&#xD;
&#xD;
2019-11-11 15:47:14 - [MESSAGE][PASSED] - Started app at: 'C:\Users\Marvin\git\ACCBid-Mobile\accbid.apk'&#xD;
&#xD;
2019-11-11 15:47:14 - [TEST_STEP][PASSED] - tap(findTestObject("TopUP/BTN_Deposit"), 0): Tapped on element 'Object Repository/TopUP/BTN_Deposit'&#xD;
&#xD;
2019-11-11 15:47:15 - [MESSAGE][WARNING] - Timeout '0' is invalid. Using default page load timeout: '60'&#xD;
&#xD;
2019-11-11 15:47:22 - [MESSAGE][PASSED] - Tapped on element 'Object Repository/TopUP/BTN_Deposit'&#xD;
&#xD;
2019-11-11 15:47:22 - [TEST_STEP][PASSED] - tap(findTestObject("TopUP/Penarikan/Btn_Penarikan"), 0): Tapped on element 'Object Repository/TopUP/Penarikan/Btn_Penarikan'&#xD;
&#xD;
2019-11-11 15:47:22 - [MESSAGE][WARNING] - Timeout '0' is invalid. Using default page load timeout: '60'&#xD;
&#xD;
2019-11-11 15:47:27 - [MESSAGE][PASSED] - Tapped on element 'Object Repository/TopUP/Penarikan/Btn_Penarikan'&#xD;
&#xD;
2019-11-11 15:47:27 - [TEST_STEP][PASSED] - setText(findTestObject("TopUP/Penarikan/Nominal"), Nominal, 0): Text '500000' has been set to element 'Object Repository/TopUP/Penarikan/Nominal'&#xD;
&#xD;
2019-11-11 15:47:27 - [MESSAGE][WARNING] - Timeout '0' is invalid. Using default page load timeout: '60'&#xD;
&#xD;
2019-11-11 15:47:29 - [MESSAGE][PASSED] - Text '500000' has been set to element 'Object Repository/TopUP/Penarikan/Nominal'&#xD;
&#xD;
2019-11-11 15:47:29 - [TEST_STEP][PASSED] - if (verifyElementVisible(findTestObject("TopUP/Penarikan/PopUpKelipatan"), 3, OPTIONAL)): Element 'Object Repository/TopUP/Penarikan/PopUpKelipatan' not found&#xD;
&#xD;
2019-11-11 15:47:33 - [MESSAGE][WARNING] - Element 'Object Repository/TopUP/Penarikan/PopUpKelipatan' not found&#xD;
[[ATTACHMENT|C:\\Users\\Marvin\\Documents\\GitHub\\ACCBid-Mobile\\Reports\\20191111_154458\\TopUP\\Penarikan\\20191111_154459\\1573462052368.png]]&#xD;
&#xD;
2019-11-11 15:47:33 - [TEST_STEP][PASSED] - else: Tapped on element 'Object Repository/TopUP/Penarikan/ButonOkay'&#xD;
&#xD;
2019-11-11 15:47:33 - [TEST_STEP][PASSED] - tap(findTestObject("TopUP/Penarikan/DropDownBank"), 0): Tapped on element 'Object Repository/TopUP/Penarikan/DropDownBank'&#xD;
&#xD;
2019-11-11 15:47:34 - [MESSAGE][WARNING] - Timeout '0' is invalid. Using default page load timeout: '60'&#xD;
&#xD;
2019-11-11 15:47:35 - [MESSAGE][PASSED] - Tapped on element 'Object Repository/TopUP/Penarikan/DropDownBank'&#xD;
&#xD;
2019-11-11 15:47:35 - [TEST_STEP][PASSED] - tap(findTestObject("Kalkulator/Click", ["text":Bank]), 0): Tapped on element 'Object Repository/Kalkulator/Click'&#xD;
&#xD;
2019-11-11 15:47:35 - [MESSAGE][WARNING] - Timeout '0' is invalid. Using default page load timeout: '60'&#xD;
&#xD;
2019-11-11 15:47:37 - [MESSAGE][PASSED] - Tapped on element 'Object Repository/Kalkulator/Click'&#xD;
&#xD;
2019-11-11 15:47:37 - [TEST_STEP][PASSED] - tap(findTestObject("TopUP/Penarikan/BTN_Lanjut"), 0): Tapped on element 'Object Repository/TopUP/Penarikan/BTN_Lanjut'&#xD;
&#xD;
2019-11-11 15:47:37 - [MESSAGE][WARNING] - Timeout '0' is invalid. Using default page load timeout: '60'&#xD;
&#xD;
2019-11-11 15:47:41 - [MESSAGE][PASSED] - Tapped on element 'Object Repository/TopUP/Penarikan/BTN_Lanjut'&#xD;
&#xD;
2019-11-11 15:47:41 - [TEST_STEP][PASSED] - if (verifyElementVisible(findTestObject("TopUP/Penarikan/PopUPPenarikanMelibihiSaldo"), 3, OPTIONAL)): Element 'Object Repository/TopUP/Penarikan/PopUPPenarikanMelibihiSaldo' not found&#xD;
&#xD;
2019-11-11 15:47:46 - [MESSAGE][WARNING] - Element 'Object Repository/TopUP/Penarikan/PopUPPenarikanMelibihiSaldo' not found&#xD;
[[ATTACHMENT|C:\\Users\\Marvin\\Documents\\GitHub\\ACCBid-Mobile\\Reports\\20191111_154458\\TopUP\\Penarikan\\20191111_154459\\1573462065062.png]]&#xD;
&#xD;
2019-11-11 15:47:46 - [TEST_STEP][PASSED] - else: Tapped on element 'Object Repository/TopUP/Penarikan/ButonOkay'&#xD;
&#xD;
2019-11-11 15:47:46 - [TEST_STEP][PASSED] - setText(findTestObject("TopUP/Penarikan/KodeOTP"), OTP, 0): Text '356195' has been set to element 'Object Repository/TopUP/Penarikan/KodeOTP'&#xD;
&#xD;
2019-11-11 15:47:46 - [MESSAGE][WARNING] - Timeout '0' is invalid. Using default page load timeout: '60'&#xD;
&#xD;
2019-11-11 15:47:48 - [MESSAGE][PASSED] - Text '356195' has been set to element 'Object Repository/TopUP/Penarikan/KodeOTP'&#xD;
&#xD;
2019-11-11 15:47:48 - [TEST_STEP][PASSED] - tap(findTestObject("TopUP/Penarikan/BTN_Verifikasi"), 0): Tapped on element 'Object Repository/TopUP/Penarikan/BTN_Verifikasi'&#xD;
&#xD;
2019-11-11 15:47:48 - [MESSAGE][WARNING] - Timeout '0' is invalid. Using default page load timeout: '60'&#xD;
&#xD;
2019-11-11 15:47:51 - [MESSAGE][PASSED] - Tapped on element 'Object Repository/TopUP/Penarikan/BTN_Verifikasi'&#xD;
&#xD;
2019-11-11 15:47:51 - [TEST_STEP][PASSED] - if (verifyElementVisible(findTestObject("TopUP/Penarikan/KodeVerifikasiSalah"), 3, OPTIONAL)): Element 'Object Repository/TopUP/Penarikan/KodeVerifikasiSalah' not found&#xD;
&#xD;
2019-11-11 15:47:55 - [MESSAGE][WARNING] - Element 'Object Repository/TopUP/Penarikan/KodeVerifikasiSalah' not found&#xD;
[[ATTACHMENT|C:\\Users\\Marvin\\Documents\\GitHub\\ACCBid-Mobile\\Reports\\20191111_154458\\TopUP\\Penarikan\\20191111_154459\\1573462074453.png]]&#xD;
&#xD;
2019-11-11 15:47:55 - [TEST_STEP][PASSED] - else: Tapped on element 'Object Repository/TopUP/Penarikan/ButonOkay'&#xD;
&#xD;
2019-11-11 15:47:55 - [TEST_STEP][PASSED] - tap(findTestObject("TopUP/Penarikan/ButonOkay"), 0): Tapped on element 'Object Repository/TopUP/Penarikan/ButonOkay'&#xD;
&#xD;
2019-11-11 15:47:55 - [MESSAGE][WARNING] - Timeout '0' is invalid. Using default page load timeout: '60'&#xD;
&#xD;
2019-11-11 15:47:58 - [MESSAGE][PASSED] - Tapped on element 'Object Repository/TopUP/Penarikan/ButonOkay'&#xD;
&#xD;
2019-11-11 15:47:58 - [TEST_STEP][PASSED] - switch ("Result"): null&#xD;
&#xD;
2019-11-11 15:47:58 - [TEST_STEP][PASSED] - Start listener action : addFailedTCToList: null</system-out>
            <system-err></system-err>
        </testcase>
        <testcase name="Test Cases/TopUP/Penarikan" classname="Test Cases/TopUP/Penarikan" status="PASSED">
            <system-out>2019-11-11 15:47:59 - [TEST_CASE][PASSED] - Test Cases/TopUP/Penarikan: Test Cases/TopUP/Penarikan&#xD;
&#xD;
2019-11-11 15:47:59 - [TEST_STEP][PASSED] - Start listener action : executeRows: null&#xD;
&#xD;
2019-11-11 15:47:59 - [TEST_STEP][PASSED] - startApplication("C:/Users/Marvin/git/ACCBid-Mobile/accbid.apk", false): Started app at: 'C:\Users\Marvin\git\ACCBid-Mobile\accbid.apk'&#xD;
&#xD;
2019-11-11 15:47:59 - [MESSAGE][INFO] - User set preference: ['unicodeKeyboard', 'true']&#xD;
&#xD;
2019-11-11 15:47:59 - [MESSAGE][INFO] - User set preference: ['resetKeyboard', 'true']&#xD;
&#xD;
2019-11-11 15:47:59 - [MESSAGE][INFO] - User set preference: ['deviceId', '']&#xD;
&#xD;
2019-11-11 15:48:26 - [MESSAGE][PASSED] - Started app at: 'C:\Users\Marvin\git\ACCBid-Mobile\accbid.apk'&#xD;
&#xD;
2019-11-11 15:48:26 - [TEST_STEP][PASSED] - tap(findTestObject("TopUP/BTN_Deposit"), 0): Tapped on element 'Object Repository/TopUP/BTN_Deposit'&#xD;
&#xD;
2019-11-11 15:48:26 - [MESSAGE][WARNING] - Timeout '0' is invalid. Using default page load timeout: '60'&#xD;
&#xD;
2019-11-11 15:48:34 - [MESSAGE][PASSED] - Tapped on element 'Object Repository/TopUP/BTN_Deposit'&#xD;
&#xD;
2019-11-11 15:48:34 - [TEST_STEP][PASSED] - tap(findTestObject("TopUP/Penarikan/Btn_Penarikan"), 0): Tapped on element 'Object Repository/TopUP/Penarikan/Btn_Penarikan'&#xD;
&#xD;
2019-11-11 15:48:34 - [MESSAGE][WARNING] - Timeout '0' is invalid. Using default page load timeout: '60'&#xD;
&#xD;
2019-11-11 15:48:39 - [MESSAGE][PASSED] - Tapped on element 'Object Repository/TopUP/Penarikan/Btn_Penarikan'&#xD;
&#xD;
2019-11-11 15:48:39 - [TEST_STEP][PASSED] - setText(findTestObject("TopUP/Penarikan/Nominal"), Nominal, 0): Text '500000' has been set to element 'Object Repository/TopUP/Penarikan/Nominal'&#xD;
&#xD;
2019-11-11 15:48:39 - [MESSAGE][WARNING] - Timeout '0' is invalid. Using default page load timeout: '60'&#xD;
&#xD;
2019-11-11 15:48:41 - [MESSAGE][PASSED] - Text '500000' has been set to element 'Object Repository/TopUP/Penarikan/Nominal'&#xD;
&#xD;
2019-11-11 15:48:41 - [TEST_STEP][PASSED] - if (verifyElementVisible(findTestObject("TopUP/Penarikan/PopUpKelipatan"), 3, OPTIONAL)): Element 'Object Repository/TopUP/Penarikan/PopUpKelipatan' not found&#xD;
&#xD;
2019-11-11 15:48:46 - [MESSAGE][WARNING] - Element 'Object Repository/TopUP/Penarikan/PopUpKelipatan' not found&#xD;
[[ATTACHMENT|C:\\Users\\Marvin\\Documents\\GitHub\\ACCBid-Mobile\\Reports\\20191111_154458\\TopUP\\Penarikan\\20191111_154459\\1573462124962.png]]&#xD;
&#xD;
2019-11-11 15:48:46 - [TEST_STEP][PASSED] - else: Tapped on element 'Object Repository/TopUP/Penarikan/ButonOkay'&#xD;
&#xD;
2019-11-11 15:48:46 - [TEST_STEP][PASSED] - tap(findTestObject("TopUP/Penarikan/DropDownBank"), 0): Tapped on element 'Object Repository/TopUP/Penarikan/DropDownBank'&#xD;
&#xD;
2019-11-11 15:48:47 - [MESSAGE][WARNING] - Timeout '0' is invalid. Using default page load timeout: '60'&#xD;
&#xD;
2019-11-11 15:48:49 - [MESSAGE][PASSED] - Tapped on element 'Object Repository/TopUP/Penarikan/DropDownBank'&#xD;
&#xD;
2019-11-11 15:48:49 - [TEST_STEP][PASSED] - tap(findTestObject("Kalkulator/Click", ["text":Bank]), 0): Tapped on element 'Object Repository/Kalkulator/Click'&#xD;
&#xD;
2019-11-11 15:48:49 - [MESSAGE][WARNING] - Timeout '0' is invalid. Using default page load timeout: '60'&#xD;
&#xD;
2019-11-11 15:48:51 - [MESSAGE][PASSED] - Tapped on element 'Object Repository/Kalkulator/Click'&#xD;
&#xD;
2019-11-11 15:48:51 - [TEST_STEP][PASSED] - tap(findTestObject("TopUP/Penarikan/BTN_Lanjut"), 0): Tapped on element 'Object Repository/TopUP/Penarikan/BTN_Lanjut'&#xD;
&#xD;
2019-11-11 15:48:51 - [MESSAGE][WARNING] - Timeout '0' is invalid. Using default page load timeout: '60'&#xD;
&#xD;
2019-11-11 15:48:54 - [MESSAGE][PASSED] - Tapped on element 'Object Repository/TopUP/Penarikan/BTN_Lanjut'&#xD;
&#xD;
2019-11-11 15:48:54 - [TEST_STEP][PASSED] - if (verifyElementVisible(findTestObject("TopUP/Penarikan/PopUPPenarikanMelibihiSaldo"), 3, OPTIONAL)): Element 'Object Repository/TopUP/Penarikan/PopUPPenarikanMelibihiSaldo' not found&#xD;
&#xD;
2019-11-11 15:48:59 - [MESSAGE][WARNING] - Element 'Object Repository/TopUP/Penarikan/PopUPPenarikanMelibihiSaldo' not found&#xD;
[[ATTACHMENT|C:\\Users\\Marvin\\Documents\\GitHub\\ACCBid-Mobile\\Reports\\20191111_154458\\TopUP\\Penarikan\\20191111_154459\\1573462137906.png]]&#xD;
&#xD;
2019-11-11 15:48:59 - [TEST_STEP][PASSED] - else: Tapped on element 'Object Repository/TopUP/Penarikan/ButonOkay'&#xD;
&#xD;
2019-11-11 15:48:59 - [TEST_STEP][PASSED] - setText(findTestObject("TopUP/Penarikan/KodeOTP"), OTP, 0): Text '356195' has been set to element 'Object Repository/TopUP/Penarikan/KodeOTP'&#xD;
&#xD;
2019-11-11 15:48:59 - [MESSAGE][WARNING] - Timeout '0' is invalid. Using default page load timeout: '60'&#xD;
&#xD;
2019-11-11 15:49:01 - [MESSAGE][PASSED] - Text '356195' has been set to element 'Object Repository/TopUP/Penarikan/KodeOTP'&#xD;
&#xD;
2019-11-11 15:49:01 - [TEST_STEP][PASSED] - tap(findTestObject("TopUP/Penarikan/BTN_Verifikasi"), 0): Tapped on element 'Object Repository/TopUP/Penarikan/BTN_Verifikasi'&#xD;
&#xD;
2019-11-11 15:49:02 - [MESSAGE][WARNING] - Timeout '0' is invalid. Using default page load timeout: '60'&#xD;
&#xD;
2019-11-11 15:49:05 - [MESSAGE][PASSED] - Tapped on element 'Object Repository/TopUP/Penarikan/BTN_Verifikasi'&#xD;
&#xD;
2019-11-11 15:49:05 - [TEST_STEP][PASSED] - if (verifyElementVisible(findTestObject("TopUP/Penarikan/KodeVerifikasiSalah"), 3, OPTIONAL)): Element 'Object Repository/TopUP/Penarikan/KodeVerifikasiSalah' not found&#xD;
&#xD;
2019-11-11 15:49:09 - [MESSAGE][WARNING] - Element 'Object Repository/TopUP/Penarikan/KodeVerifikasiSalah' not found&#xD;
[[ATTACHMENT|C:\\Users\\Marvin\\Documents\\GitHub\\ACCBid-Mobile\\Reports\\20191111_154458\\TopUP\\Penarikan\\20191111_154459\\1573462148271.png]]&#xD;
&#xD;
2019-11-11 15:49:09 - [TEST_STEP][PASSED] - else: Tapped on element 'Object Repository/TopUP/Penarikan/ButonOkay'&#xD;
&#xD;
2019-11-11 15:49:09 - [TEST_STEP][PASSED] - tap(findTestObject("TopUP/Penarikan/ButonOkay"), 0): Tapped on element 'Object Repository/TopUP/Penarikan/ButonOkay'&#xD;
&#xD;
2019-11-11 15:49:10 - [MESSAGE][WARNING] - Timeout '0' is invalid. Using default page load timeout: '60'&#xD;
&#xD;
2019-11-11 15:49:13 - [MESSAGE][PASSED] - Tapped on element 'Object Repository/TopUP/Penarikan/ButonOkay'&#xD;
&#xD;
2019-11-11 15:49:13 - [TEST_STEP][PASSED] - switch ("Result"): null&#xD;
&#xD;
2019-11-11 15:49:13 - [TEST_STEP][PASSED] - Start listener action : addFailedTCToList: null</system-out>
            <system-err></system-err>
        </testcase>
        <testcase name="Test Cases/TopUP/Penarikan" classname="Test Cases/TopUP/Penarikan" status="PASSED">
            <system-out>2019-11-11 15:49:13 - [TEST_CASE][PASSED] - Test Cases/TopUP/Penarikan: Test Cases/TopUP/Penarikan&#xD;
&#xD;
2019-11-11 15:49:13 - [TEST_STEP][PASSED] - Start listener action : executeRows: null&#xD;
&#xD;
2019-11-11 15:49:13 - [TEST_STEP][PASSED] - startApplication("C:/Users/Marvin/git/ACCBid-Mobile/accbid.apk", false): Started app at: 'C:\Users\Marvin\git\ACCBid-Mobile\accbid.apk'&#xD;
&#xD;
2019-11-11 15:49:13 - [MESSAGE][INFO] - User set preference: ['unicodeKeyboard', 'true']&#xD;
&#xD;
2019-11-11 15:49:13 - [MESSAGE][INFO] - User set preference: ['resetKeyboard', 'true']&#xD;
&#xD;
2019-11-11 15:49:13 - [MESSAGE][INFO] - User set preference: ['deviceId', '']&#xD;
&#xD;
2019-11-11 15:49:42 - [MESSAGE][PASSED] - Started app at: 'C:\Users\Marvin\git\ACCBid-Mobile\accbid.apk'&#xD;
&#xD;
2019-11-11 15:49:42 - [TEST_STEP][PASSED] - tap(findTestObject("TopUP/BTN_Deposit"), 0): Tapped on element 'Object Repository/TopUP/BTN_Deposit'&#xD;
&#xD;
2019-11-11 15:49:43 - [MESSAGE][WARNING] - Timeout '0' is invalid. Using default page load timeout: '60'&#xD;
&#xD;
2019-11-11 15:49:53 - [MESSAGE][PASSED] - Tapped on element 'Object Repository/TopUP/BTN_Deposit'&#xD;
&#xD;
2019-11-11 15:49:53 - [TEST_STEP][PASSED] - tap(findTestObject("TopUP/Penarikan/Btn_Penarikan"), 0): Tapped on element 'Object Repository/TopUP/Penarikan/Btn_Penarikan'&#xD;
&#xD;
2019-11-11 15:49:53 - [MESSAGE][WARNING] - Timeout '0' is invalid. Using default page load timeout: '60'&#xD;
&#xD;
2019-11-11 15:49:57 - [MESSAGE][PASSED] - Tapped on element 'Object Repository/TopUP/Penarikan/Btn_Penarikan'&#xD;
&#xD;
2019-11-11 15:49:57 - [TEST_STEP][PASSED] - setText(findTestObject("TopUP/Penarikan/Nominal"), Nominal, 0): Text '400000' has been set to element 'Object Repository/TopUP/Penarikan/Nominal'&#xD;
&#xD;
2019-11-11 15:49:57 - [MESSAGE][WARNING] - Timeout '0' is invalid. Using default page load timeout: '60'&#xD;
&#xD;
2019-11-11 15:49:59 - [MESSAGE][PASSED] - Text '400000' has been set to element 'Object Repository/TopUP/Penarikan/Nominal'&#xD;
&#xD;
2019-11-11 15:49:59 - [TEST_STEP][PASSED] - if (verifyElementVisible(findTestObject("TopUP/Penarikan/PopUpKelipatan"), 3, OPTIONAL)): Element 'Object Repository/TopUP/Penarikan/BTN_Lanjut' is visible&#xD;
&#xD;
2019-11-11 15:50:01 - [MESSAGE][PASSED] - Element 'Object Repository/TopUP/Penarikan/PopUpKelipatan' is visible&#xD;
&#xD;
2019-11-11 15:50:01 - [TEST_STEP][PASSED] - verifyElementVisible(findTestObject("TopUP/Penarikan/BTN_Lanjut"), 0): Element 'Object Repository/TopUP/Penarikan/BTN_Lanjut' is visible&#xD;
&#xD;
2019-11-11 15:50:01 - [MESSAGE][WARNING] - Timeout '0' is invalid. Using default page load timeout: '60'&#xD;
&#xD;
2019-11-11 15:50:02 - [MESSAGE][PASSED] - Element 'Object Repository/TopUP/Penarikan/BTN_Lanjut' is visible&#xD;
&#xD;
2019-11-11 15:50:02 - [TEST_STEP][PASSED] - switch ("Result"): null&#xD;
&#xD;
2019-11-11 15:50:02 - [TEST_STEP][PASSED] - Start listener action : addFailedTCToList: null</system-out>
            <system-err></system-err>
        </testcase>
        <system-out>2019-11-11 15:45:06 - [TEST_SUITE][INCOMPLETE] - Penarikan: null</system-out>
        <system-err>2019-11-11 15:45:06 - [TEST_SUITE][INCOMPLETE] - Penarikan: null</system-err>
    </testsuite>
</testsuites>
