<?xml version="1.0" encoding="UTF-8" standalone="no"?>
<!DOCTYPE log SYSTEM "logger.dtd">
<log>
<record>
  <date>2019-12-17T13:44:23</date>
  <millis>1576565063632</millis>
  <sequence>0</sequence>
  <level>START</level>
  <class>com.kms.katalon.core.logging.XmlKeywordLogger</class>
  <method>startSuite</method>
  <thread>1</thread>
  <message>Start Test Suite : Test Suites/TopUP/TOPUP</message>
  <nestedLevel>0</nestedLevel>
  <property name="name">TOPUP</property>
  <property name="description"></property>
  <property name="id">Test Suites/TopUP/TOPUP</property>
</record>
<record>
  <date>2019-12-17T13:44:23</date>
  <millis>1576565063672</millis>
  <sequence>1</sequence>
  <level>RUN_DATA</level>
  <class>com.kms.katalon.core.logging.XmlKeywordLogger</class>
  <method>logMessage</method>
  <thread>1</thread>
  <message>hostName = ASUS - LAPTOP-D0TPACJ1</message>
  <nestedLevel>0</nestedLevel>
  <property name="hostName">ASUS - LAPTOP-D0TPACJ1</property>
</record>
<record>
  <date>2019-12-17T13:44:23</date>
  <millis>1576565063691</millis>
  <sequence>2</sequence>
  <level>RUN_DATA</level>
  <class>com.kms.katalon.core.logging.XmlKeywordLogger</class>
  <method>logMessage</method>
  <thread>1</thread>
  <message>os = Windows 10 64bit</message>
  <nestedLevel>0</nestedLevel>
  <property name="os">Windows 10 64bit</property>
</record>
<record>
  <date>2019-12-17T13:44:23</date>
  <millis>1576565063692</millis>
  <sequence>3</sequence>
  <level>RUN_DATA</level>
  <class>com.kms.katalon.core.logging.XmlKeywordLogger</class>
  <method>logMessage</method>
  <thread>1</thread>
  <message>hostAddress = 192.168.100.227</message>
  <nestedLevel>0</nestedLevel>
  <property name="hostAddress">192.168.100.227</property>
</record>
<record>
  <date>2019-12-17T13:44:23</date>
  <millis>1576565063694</millis>
  <sequence>4</sequence>
  <level>RUN_DATA</level>
  <class>com.kms.katalon.core.logging.XmlKeywordLogger</class>
  <method>logMessage</method>
  <thread>1</thread>
  <message>katalonVersion = 6.3.1.2</message>
  <nestedLevel>0</nestedLevel>
  <property name="katalonVersion">6.3.1.2</property>
</record>
<record>
  <date>2019-12-17T13:44:24</date>
  <millis>1576565064360</millis>
  <sequence>5</sequence>
  <level>START</level>
  <class>com.kms.katalon.core.logging.XmlKeywordLogger</class>
  <method>startTest</method>
  <thread>1</thread>
  <message>Start Test Case : Test Cases/TopUP/TopUPNew</message>
  <nestedLevel>1</nestedLevel>
  <property name="name">Test Cases/TopUP/TopUPNew</property>
  <property name="description"></property>
  <property name="id">Test Cases/TopUP/TopUPNew</property>
  <property name="source">C:\\Users\\ASUS\\git\\ACCBid-Mobile\\Test Cases\\TopUP\\TopUPNew.tc</property>
  <property name="tag"></property>
  <property name="isOptional">false</property>
</record>
<record>
  <date>2019-12-17T13:44:24</date>
  <millis>1576565064487</millis>
  <sequence>7</sequence>
  <level>INFO</level>
  <class>com.kms.katalon.core.logging.XmlKeywordLogger</class>
  <method>logMessage</method>
  <thread>1</thread>
  <message>varTopUP = 500000</message>
  <nestedLevel>1</nestedLevel>
</record>
<record>
  <date>2019-12-17T13:44:24</date>
  <millis>1576565064487</millis>
  <sequence>8</sequence>
  <level>INFO</level>
  <class>com.kms.katalon.core.logging.XmlKeywordLogger</class>
  <method>logMessage</method>
  <thread>1</thread>
  <message>varBank = BANK CENTRAL DAGANG</message>
  <nestedLevel>1</nestedLevel>
</record>
<record>
  <date>2019-12-17T13:44:24</date>
  <millis>1576565064489</millis>
  <sequence>9</sequence>
  <level>INFO</level>
  <class>com.kms.katalon.core.logging.XmlKeywordLogger</class>
  <method>logMessage</method>
  <thread>1</thread>
  <message>JenisLelang = Astria</message>
  <nestedLevel>1</nestedLevel>
</record>
<record>
  <date>2019-12-17T13:44:24</date>
  <millis>1576565064492</millis>
  <sequence>10</sequence>
  <level>INFO</level>
  <class>com.kms.katalon.core.logging.XmlKeywordLogger</class>
  <method>logMessage</method>
  <thread>1</thread>
  <message>Result = Pass</message>
  <nestedLevel>1</nestedLevel>
</record>
<record>
  <date>2019-12-17T13:44:24</date>
  <millis>1576565064494</millis>
  <sequence>11</sequence>
  <level>INFO</level>
  <class>com.kms.katalon.core.logging.XmlKeywordLogger</class>
  <method>logMessage</method>
  <thread>1</thread>
  <message>details = Menunggu Verifikasi</message>
  <nestedLevel>1</nestedLevel>
</record>
<record>
  <date>2019-12-17T13:44:24</date>
  <millis>1576565064726</millis>
  <sequence>12</sequence>
  <level>INFO</level>
  <class>com.kms.katalon.core.logging.XmlKeywordLogger</class>
  <method>logMessage</method>
  <thread>1</thread>
  <message>(Default) varTanggal = </message>
  <nestedLevel>1</nestedLevel>
</record>
<record>
  <date>2019-12-17T13:44:24</date>
  <millis>1576565064761</millis>
  <sequence>13</sequence>
  <level>INFO</level>
  <class>com.kms.katalon.core.logging.XmlKeywordLogger</class>
  <method>logMessage</method>
  <thread>1</thread>
  <message>(Default) varFoto = </message>
  <nestedLevel>1</nestedLevel>
</record>
<record>
  <date>2019-12-17T13:44:24</date>
  <millis>1576565064780</millis>
  <sequence>14</sequence>
  <level>INFO</level>
  <class>com.kms.katalon.core.logging.XmlKeywordLogger</class>
  <method>logMessage</method>
  <thread>1</thread>
  <message>(Default) Picture = </message>
  <nestedLevel>1</nestedLevel>
</record>
<record>
  <date>2019-12-17T13:44:25</date>
  <millis>1576565065898</millis>
  <sequence>16</sequence>
  <level>ERROR</level>
  <class>com.kms.katalon.core.logging.XmlKeywordLogger</class>
  <method>logMessage</method>
  <thread>1</thread>
  <message>Test Cases/TopUP/TopUPNew FAILED.\nReason:\norg.codehaus.groovy.control.MultipleCompilationErrorsException: startup failed:\r\nfile:/C:/Users/ASUS/git/ACCBid-Mobile/Scripts/TopUP/TopUPNew/Script1573700896861.groovy: 15: unable to resolve class com.kms.katalon.core.windows.keyword.WindowsBuiltinKeywords\n @ line 15, column 1.\r\n   import com.kms.katalon.core.windows.keyword.WindowsBuiltinKeywords as Windows\r\n   ^\r\n\r\n1 error\r\n\r\n\tat com.kms.katalon.core.main.ScriptEngine.getScript(ScriptEngine.java:199)\r\n\tat com.kms.katalon.core.main.ScriptEngine.run(ScriptEngine.java:194)\r\n\tat com.kms.katalon.core.main.ScriptEngine.runScriptAsRawText(ScriptEngine.java:119)\r\n\tat com.kms.katalon.core.main.TestCaseExecutor.runScript(TestCaseExecutor.java:337)\r\n\tat com.kms.katalon.core.main.TestCaseExecutor.doExecute(TestCaseExecutor.java:328)\r\n\tat com.kms.katalon.core.main.TestCaseExecutor.processExecutionPhase(TestCaseExecutor.java:307)\r\n\tat com.kms.katalon.core.main.TestCaseExecutor.accessMainPhase(TestCaseExecutor.java:299)\r\n\tat com.kms.katalon.core.main.TestCaseExecutor.execute(TestCaseExecutor.java:233)\r\n\tat com.kms.katalon.core.main.TestSuiteExecutor.accessTestCaseMainPhase(TestSuiteExecutor.java:150)\r\n\tat com.kms.katalon.core.main.TestSuiteExecutor.accessTestSuiteMainPhase(TestSuiteExecutor.java:123)\r\n\tat com.kms.katalon.core.main.TestSuiteExecutor.execute(TestSuiteExecutor.java:87)\r\n\tat com.kms.katalon.core.main.TestCaseMain.startTestSuite(TestCaseMain.java:157)\r\n\tat com.kms.katalon.core.main.TestCaseMain$startTestSuite$0.call(Unknown Source)\r\n\tat TempTestSuite1576565057544.run(TempTestSuite1576565057544.groovy:35)\r\n</message>
  <exception>
    <message>org.codehaus.groovy.control.MultipleCompilationErrorsException: startup failed:
file:/C:/Users/ASUS/git/ACCBid-Mobile/Scripts/TopUP/TopUPNew/Script1573700896861.groovy: 15: unable to resolve class com.kms.katalon.core.windows.keyword.WindowsBuiltinKeywords
 @ line 15, column 1.
   import com.kms.katalon.core.windows.keyword.WindowsBuiltinKeywords as Windows
   ^

1 error
</message>
    <frame>
      <class>com.kms.katalon.core.main.ScriptEngine</class>
      <method>getScript</method>
      <line>199</line>
    </frame>
    <frame>
      <class>com.kms.katalon.core.main.ScriptEngine</class>
      <method>run</method>
      <line>194</line>
    </frame>
    <frame>
      <class>com.kms.katalon.core.main.ScriptEngine</class>
      <method>runScriptAsRawText</method>
      <line>119</line>
    </frame>
    <frame>
      <class>com.kms.katalon.core.main.TestCaseExecutor</class>
      <method>runScript</method>
      <line>337</line>
    </frame>
    <frame>
      <class>com.kms.katalon.core.main.TestCaseExecutor</class>
      <method>doExecute</method>
      <line>328</line>
    </frame>
    <frame>
      <class>com.kms.katalon.core.main.TestCaseExecutor</class>
      <method>processExecutionPhase</method>
      <line>307</line>
    </frame>
    <frame>
      <class>com.kms.katalon.core.main.TestCaseExecutor</class>
      <method>accessMainPhase</method>
      <line>299</line>
    </frame>
    <frame>
      <class>com.kms.katalon.core.main.TestCaseExecutor</class>
      <method>execute</method>
      <line>233</line>
    </frame>
    <frame>
      <class>com.kms.katalon.core.main.TestSuiteExecutor</class>
      <method>accessTestCaseMainPhase</method>
      <line>150</line>
    </frame>
    <frame>
      <class>com.kms.katalon.core.main.TestSuiteExecutor</class>
      <method>accessTestSuiteMainPhase</method>
      <line>123</line>
    </frame>
    <frame>
      <class>com.kms.katalon.core.main.TestSuiteExecutor</class>
      <method>execute</method>
      <line>87</line>
    </frame>
    <frame>
      <class>com.kms.katalon.core.main.TestCaseMain</class>
      <method>startTestSuite</method>
      <line>157</line>
    </frame>
    <frame>
      <class>com.kms.katalon.core.main.TestCaseMain$startTestSuite$0</class>
      <method>call</method>
    </frame>
    <frame>
      <class>TempTestSuite1576565057544</class>
      <method>run</method>
      <line>35</line>
    </frame>
  </exception>
  <nestedLevel>0</nestedLevel>
  <property name="failed.exception.stacktrace">org.codehaus.groovy.control.MultipleCompilationErrorsException: startup failed:\r\nfile:/C:/Users/ASUS/git/ACCBid-Mobile/Scripts/TopUP/TopUPNew/Script1573700896861.groovy: 15: unable to resolve class com.kms.katalon.core.windows.keyword.WindowsBuiltinKeywords\n @ line 15, column 1.\r\n   import com.kms.katalon.core.windows.keyword.WindowsBuiltinKeywords as Windows\r\n   ^\r\n\r\n1 error\r\n\r\n\tat com.kms.katalon.core.main.ScriptEngine.getScript(ScriptEngine.java:199)\r\n\tat com.kms.katalon.core.main.ScriptEngine.run(ScriptEngine.java:194)\r\n\tat com.kms.katalon.core.main.ScriptEngine.runScriptAsRawText(ScriptEngine.java:119)\r\n\tat com.kms.katalon.core.main.TestCaseExecutor.runScript(TestCaseExecutor.java:337)\r\n\tat com.kms.katalon.core.main.TestCaseExecutor.doExecute(TestCaseExecutor.java:328)\r\n\tat com.kms.katalon.core.main.TestCaseExecutor.processExecutionPhase(TestCaseExecutor.java:307)\r\n\tat com.kms.katalon.core.main.TestCaseExecutor.accessMainPhase(TestCaseExecutor.java:299)\r\n\tat com.kms.katalon.core.main.TestCaseExecutor.execute(TestCaseExecutor.java:233)\r\n\tat com.kms.katalon.core.main.TestSuiteExecutor.accessTestCaseMainPhase(TestSuiteExecutor.java:150)\r\n\tat com.kms.katalon.core.main.TestSuiteExecutor.accessTestSuiteMainPhase(TestSuiteExecutor.java:123)\r\n\tat com.kms.katalon.core.main.TestSuiteExecutor.execute(TestSuiteExecutor.java:87)\r\n\tat com.kms.katalon.core.main.TestCaseMain.startTestSuite(TestCaseMain.java:157)\r\n\tat com.kms.katalon.core.main.TestCaseMain$startTestSuite$0.call(Unknown Source)\r\n\tat TempTestSuite1576565057544.run(TempTestSuite1576565057544.groovy:35)\r\n</property>
  <property name="failed.exception.class">org.codehaus.groovy.control.MultipleCompilationErrorsException</property>
  <property name="failed.exception.message">startup failed:\r\nfile:/C:/Users/ASUS/git/ACCBid-Mobile/Scripts/TopUP/TopUPNew/Script1573700896861.groovy: 15: unable to resolve class com.kms.katalon.core.windows.keyword.WindowsBuiltinKeywords\n @ line 15, column 1.\r\n   import com.kms.katalon.core.windows.keyword.WindowsBuiltinKeywords as Windows\r\n   ^\r\n\r\n1 error\r\n</property>
</record>
<record>
  <date>2019-12-17T13:44:25</date>
  <millis>1576565065908</millis>
  <sequence>18</sequence>
  <level>END</level>
  <class>com.kms.katalon.core.logging.XmlKeywordLogger</class>
  <method>endTest</method>
  <thread>1</thread>
  <message>End Test Case : Test Cases/TopUP/TopUPNew</message>
  <nestedLevel>0</nestedLevel>
</record>
<record>
  <date>2019-12-17T13:44:25</date>
  <millis>1576565065947</millis>
  <sequence>19</sequence>
  <level>START</level>
  <class>com.kms.katalon.core.logging.XmlKeywordLogger</class>
  <method>startTest</method>
  <thread>1</thread>
  <message>Start Test Case : Test Cases/TopUP/TopUPNew</message>
  <nestedLevel>1</nestedLevel>
  <property name="name">Test Cases/TopUP/TopUPNew</property>
  <property name="description"></property>
  <property name="id">Test Cases/TopUP/TopUPNew</property>
  <property name="source">C:\\Users\\ASUS\\git\\ACCBid-Mobile\\Test Cases\\TopUP\\TopUPNew.tc</property>
  <property name="tag"></property>
  <property name="isOptional">false</property>
</record>
<record>
  <date>2019-12-17T13:44:26</date>
  <millis>1576565066130</millis>
  <sequence>21</sequence>
  <level>INFO</level>
  <class>com.kms.katalon.core.logging.XmlKeywordLogger</class>
  <method>logMessage</method>
  <thread>1</thread>
  <message>varTopUP = 400000</message>
  <nestedLevel>1</nestedLevel>
</record>
<record>
  <date>2019-12-17T13:44:26</date>
  <millis>1576565066131</millis>
  <sequence>22</sequence>
  <level>INFO</level>
  <class>com.kms.katalon.core.logging.XmlKeywordLogger</class>
  <method>logMessage</method>
  <thread>1</thread>
  <message>varBank = BANK CENTRAL DAGANG</message>
  <nestedLevel>1</nestedLevel>
</record>
<record>
  <date>2019-12-17T13:44:26</date>
  <millis>1576565066132</millis>
  <sequence>23</sequence>
  <level>INFO</level>
  <class>com.kms.katalon.core.logging.XmlKeywordLogger</class>
  <method>logMessage</method>
  <thread>1</thread>
  <message>JenisLelang = Astria</message>
  <nestedLevel>1</nestedLevel>
</record>
<record>
  <date>2019-12-17T13:44:26</date>
  <millis>1576565066133</millis>
  <sequence>24</sequence>
  <level>INFO</level>
  <class>com.kms.katalon.core.logging.XmlKeywordLogger</class>
  <method>logMessage</method>
  <thread>1</thread>
  <message>Result = Fail</message>
  <nestedLevel>1</nestedLevel>
</record>
<record>
  <date>2019-12-17T13:44:26</date>
  <millis>1576565066134</millis>
  <sequence>25</sequence>
  <level>INFO</level>
  <class>com.kms.katalon.core.logging.XmlKeywordLogger</class>
  <method>logMessage</method>
  <thread>1</thread>
  <message>details = Top Up Harus Kelipatan 500Ribu</message>
  <nestedLevel>1</nestedLevel>
</record>
<record>
  <date>2019-12-17T13:44:26</date>
  <millis>1576565066174</millis>
  <sequence>26</sequence>
  <level>INFO</level>
  <class>com.kms.katalon.core.logging.XmlKeywordLogger</class>
  <method>logMessage</method>
  <thread>1</thread>
  <message>(Default) varTanggal = </message>
  <nestedLevel>1</nestedLevel>
</record>
<record>
  <date>2019-12-17T13:44:26</date>
  <millis>1576565066209</millis>
  <sequence>27</sequence>
  <level>INFO</level>
  <class>com.kms.katalon.core.logging.XmlKeywordLogger</class>
  <method>logMessage</method>
  <thread>1</thread>
  <message>(Default) varFoto = </message>
  <nestedLevel>1</nestedLevel>
</record>
<record>
  <date>2019-12-17T13:44:26</date>
  <millis>1576565066240</millis>
  <sequence>28</sequence>
  <level>INFO</level>
  <class>com.kms.katalon.core.logging.XmlKeywordLogger</class>
  <method>logMessage</method>
  <thread>1</thread>
  <message>(Default) Picture = </message>
  <nestedLevel>1</nestedLevel>
</record>
<record>
  <date>2019-12-17T13:44:27</date>
  <millis>1576565067066</millis>
  <sequence>30</sequence>
  <level>ERROR</level>
  <class>com.kms.katalon.core.logging.XmlKeywordLogger</class>
  <method>logMessage</method>
  <thread>1</thread>
  <message>Test Cases/TopUP/TopUPNew FAILED.\nReason:\norg.codehaus.groovy.control.MultipleCompilationErrorsException: startup failed:\r\nfile:/C:/Users/ASUS/git/ACCBid-Mobile/Scripts/TopUP/TopUPNew/Script1573700896861.groovy: 15: unable to resolve class com.kms.katalon.core.windows.keyword.WindowsBuiltinKeywords\n @ line 15, column 1.\r\n   import com.kms.katalon.core.windows.keyword.WindowsBuiltinKeywords as Windows\r\n   ^\r\n\r\n1 error\r\n\r\n\tat com.kms.katalon.core.main.ScriptEngine.getScript(ScriptEngine.java:199)\r\n\tat com.kms.katalon.core.main.ScriptEngine.run(ScriptEngine.java:194)\r\n\tat com.kms.katalon.core.main.ScriptEngine.runScriptAsRawText(ScriptEngine.java:119)\r\n\tat com.kms.katalon.core.main.TestCaseExecutor.runScript(TestCaseExecutor.java:337)\r\n\tat com.kms.katalon.core.main.TestCaseExecutor.doExecute(TestCaseExecutor.java:328)\r\n\tat com.kms.katalon.core.main.TestCaseExecutor.processExecutionPhase(TestCaseExecutor.java:307)\r\n\tat com.kms.katalon.core.main.TestCaseExecutor.accessMainPhase(TestCaseExecutor.java:299)\r\n\tat com.kms.katalon.core.main.TestCaseExecutor.execute(TestCaseExecutor.java:233)\r\n\tat com.kms.katalon.core.main.TestSuiteExecutor.accessTestCaseMainPhase(TestSuiteExecutor.java:150)\r\n\tat com.kms.katalon.core.main.TestSuiteExecutor.accessTestSuiteMainPhase(TestSuiteExecutor.java:123)\r\n\tat com.kms.katalon.core.main.TestSuiteExecutor.execute(TestSuiteExecutor.java:87)\r\n\tat com.kms.katalon.core.main.TestCaseMain.startTestSuite(TestCaseMain.java:157)\r\n\tat com.kms.katalon.core.main.TestCaseMain$startTestSuite$0.call(Unknown Source)\r\n\tat TempTestSuite1576565057544.run(TempTestSuite1576565057544.groovy:35)\r\n</message>
  <exception>
    <message>org.codehaus.groovy.control.MultipleCompilationErrorsException: startup failed:
file:/C:/Users/ASUS/git/ACCBid-Mobile/Scripts/TopUP/TopUPNew/Script1573700896861.groovy: 15: unable to resolve class com.kms.katalon.core.windows.keyword.WindowsBuiltinKeywords
 @ line 15, column 1.
   import com.kms.katalon.core.windows.keyword.WindowsBuiltinKeywords as Windows
   ^

1 error
</message>
    <frame>
      <class>com.kms.katalon.core.main.ScriptEngine</class>
      <method>getScript</method>
      <line>199</line>
    </frame>
    <frame>
      <class>com.kms.katalon.core.main.ScriptEngine</class>
      <method>run</method>
      <line>194</line>
    </frame>
    <frame>
      <class>com.kms.katalon.core.main.ScriptEngine</class>
      <method>runScriptAsRawText</method>
      <line>119</line>
    </frame>
    <frame>
      <class>com.kms.katalon.core.main.TestCaseExecutor</class>
      <method>runScript</method>
      <line>337</line>
    </frame>
    <frame>
      <class>com.kms.katalon.core.main.TestCaseExecutor</class>
      <method>doExecute</method>
      <line>328</line>
    </frame>
    <frame>
      <class>com.kms.katalon.core.main.TestCaseExecutor</class>
      <method>processExecutionPhase</method>
      <line>307</line>
    </frame>
    <frame>
      <class>com.kms.katalon.core.main.TestCaseExecutor</class>
      <method>accessMainPhase</method>
      <line>299</line>
    </frame>
    <frame>
      <class>com.kms.katalon.core.main.TestCaseExecutor</class>
      <method>execute</method>
      <line>233</line>
    </frame>
    <frame>
      <class>com.kms.katalon.core.main.TestSuiteExecutor</class>
      <method>accessTestCaseMainPhase</method>
      <line>150</line>
    </frame>
    <frame>
      <class>com.kms.katalon.core.main.TestSuiteExecutor</class>
      <method>accessTestSuiteMainPhase</method>
      <line>123</line>
    </frame>
    <frame>
      <class>com.kms.katalon.core.main.TestSuiteExecutor</class>
      <method>execute</method>
      <line>87</line>
    </frame>
    <frame>
      <class>com.kms.katalon.core.main.TestCaseMain</class>
      <method>startTestSuite</method>
      <line>157</line>
    </frame>
    <frame>
      <class>com.kms.katalon.core.main.TestCaseMain$startTestSuite$0</class>
      <method>call</method>
    </frame>
    <frame>
      <class>TempTestSuite1576565057544</class>
      <method>run</method>
      <line>35</line>
    </frame>
  </exception>
  <nestedLevel>0</nestedLevel>
  <property name="failed.exception.stacktrace">org.codehaus.groovy.control.MultipleCompilationErrorsException: startup failed:\r\nfile:/C:/Users/ASUS/git/ACCBid-Mobile/Scripts/TopUP/TopUPNew/Script1573700896861.groovy: 15: unable to resolve class com.kms.katalon.core.windows.keyword.WindowsBuiltinKeywords\n @ line 15, column 1.\r\n   import com.kms.katalon.core.windows.keyword.WindowsBuiltinKeywords as Windows\r\n   ^\r\n\r\n1 error\r\n\r\n\tat com.kms.katalon.core.main.ScriptEngine.getScript(ScriptEngine.java:199)\r\n\tat com.kms.katalon.core.main.ScriptEngine.run(ScriptEngine.java:194)\r\n\tat com.kms.katalon.core.main.ScriptEngine.runScriptAsRawText(ScriptEngine.java:119)\r\n\tat com.kms.katalon.core.main.TestCaseExecutor.runScript(TestCaseExecutor.java:337)\r\n\tat com.kms.katalon.core.main.TestCaseExecutor.doExecute(TestCaseExecutor.java:328)\r\n\tat com.kms.katalon.core.main.TestCaseExecutor.processExecutionPhase(TestCaseExecutor.java:307)\r\n\tat com.kms.katalon.core.main.TestCaseExecutor.accessMainPhase(TestCaseExecutor.java:299)\r\n\tat com.kms.katalon.core.main.TestCaseExecutor.execute(TestCaseExecutor.java:233)\r\n\tat com.kms.katalon.core.main.TestSuiteExecutor.accessTestCaseMainPhase(TestSuiteExecutor.java:150)\r\n\tat com.kms.katalon.core.main.TestSuiteExecutor.accessTestSuiteMainPhase(TestSuiteExecutor.java:123)\r\n\tat com.kms.katalon.core.main.TestSuiteExecutor.execute(TestSuiteExecutor.java:87)\r\n\tat com.kms.katalon.core.main.TestCaseMain.startTestSuite(TestCaseMain.java:157)\r\n\tat com.kms.katalon.core.main.TestCaseMain$startTestSuite$0.call(Unknown Source)\r\n\tat TempTestSuite1576565057544.run(TempTestSuite1576565057544.groovy:35)\r\n</property>
  <property name="failed.exception.class">org.codehaus.groovy.control.MultipleCompilationErrorsException</property>
  <property name="failed.exception.message">startup failed:\r\nfile:/C:/Users/ASUS/git/ACCBid-Mobile/Scripts/TopUP/TopUPNew/Script1573700896861.groovy: 15: unable to resolve class com.kms.katalon.core.windows.keyword.WindowsBuiltinKeywords\n @ line 15, column 1.\r\n   import com.kms.katalon.core.windows.keyword.WindowsBuiltinKeywords as Windows\r\n   ^\r\n\r\n1 error\r\n</property>
</record>
<record>
  <date>2019-12-17T13:44:27</date>
  <millis>1576565067078</millis>
  <sequence>32</sequence>
  <level>END</level>
  <class>com.kms.katalon.core.logging.XmlKeywordLogger</class>
  <method>endTest</method>
  <thread>1</thread>
  <message>End Test Case : Test Cases/TopUP/TopUPNew</message>
  <nestedLevel>0</nestedLevel>
</record>
<record>
  <date>2019-12-17T13:44:27</date>
  <millis>1576565067089</millis>
  <sequence>33</sequence>
  <level>START</level>
  <class>com.kms.katalon.core.logging.XmlKeywordLogger</class>
  <method>startTest</method>
  <thread>1</thread>
  <message>Start Test Case : Test Cases/TopUP/TopUPNew</message>
  <nestedLevel>1</nestedLevel>
  <property name="name">Test Cases/TopUP/TopUPNew</property>
  <property name="description"></property>
  <property name="id">Test Cases/TopUP/TopUPNew</property>
  <property name="source">C:\\Users\\ASUS\\git\\ACCBid-Mobile\\Test Cases\\TopUP\\TopUPNew.tc</property>
  <property name="tag"></property>
  <property name="isOptional">false</property>
</record>
<record>
  <date>2019-12-17T13:44:27</date>
  <millis>1576565067144</millis>
  <sequence>35</sequence>
  <level>INFO</level>
  <class>com.kms.katalon.core.logging.XmlKeywordLogger</class>
  <method>logMessage</method>
  <thread>1</thread>
  <message>varTopUP = 50000</message>
  <nestedLevel>1</nestedLevel>
</record>
<record>
  <date>2019-12-17T13:44:27</date>
  <millis>1576565067145</millis>
  <sequence>36</sequence>
  <level>INFO</level>
  <class>com.kms.katalon.core.logging.XmlKeywordLogger</class>
  <method>logMessage</method>
  <thread>1</thread>
  <message>varBank = BANK MANDIRI</message>
  <nestedLevel>1</nestedLevel>
</record>
<record>
  <date>2019-12-17T13:44:27</date>
  <millis>1576565067146</millis>
  <sequence>37</sequence>
  <level>INFO</level>
  <class>com.kms.katalon.core.logging.XmlKeywordLogger</class>
  <method>logMessage</method>
  <thread>1</thread>
  <message>JenisLelang = IBID</message>
  <nestedLevel>1</nestedLevel>
</record>
<record>
  <date>2019-12-17T13:44:27</date>
  <millis>1576565067147</millis>
  <sequence>38</sequence>
  <level>INFO</level>
  <class>com.kms.katalon.core.logging.XmlKeywordLogger</class>
  <method>logMessage</method>
  <thread>1</thread>
  <message>Result = Pass</message>
  <nestedLevel>1</nestedLevel>
</record>
<record>
  <date>2019-12-17T13:44:27</date>
  <millis>1576565067148</millis>
  <sequence>39</sequence>
  <level>INFO</level>
  <class>com.kms.katalon.core.logging.XmlKeywordLogger</class>
  <method>logMessage</method>
  <thread>1</thread>
  <message>details = Pass</message>
  <nestedLevel>1</nestedLevel>
</record>
<record>
  <date>2019-12-17T13:44:27</date>
  <millis>1576565067149</millis>
  <sequence>40</sequence>
  <level>INFO</level>
  <class>com.kms.katalon.core.logging.XmlKeywordLogger</class>
  <method>logMessage</method>
  <thread>1</thread>
  <message>varTanggal = 10</message>
  <nestedLevel>1</nestedLevel>
</record>
<record>
  <date>2019-12-17T13:44:27</date>
  <millis>1576565067150</millis>
  <sequence>41</sequence>
  <level>INFO</level>
  <class>com.kms.katalon.core.logging.XmlKeywordLogger</class>
  <method>logMessage</method>
  <thread>1</thread>
  <message>varFoto = Camera</message>
  <nestedLevel>1</nestedLevel>
</record>
<record>
  <date>2019-12-17T13:44:27</date>
  <millis>1576565067173</millis>
  <sequence>42</sequence>
  <level>INFO</level>
  <class>com.kms.katalon.core.logging.XmlKeywordLogger</class>
  <method>logMessage</method>
  <thread>1</thread>
  <message>(Default) Picture = </message>
  <nestedLevel>1</nestedLevel>
</record>
<record>
  <date>2019-12-17T13:44:28</date>
  <millis>1576565068005</millis>
  <sequence>44</sequence>
  <level>ERROR</level>
  <class>com.kms.katalon.core.logging.XmlKeywordLogger</class>
  <method>logMessage</method>
  <thread>1</thread>
  <message>Test Cases/TopUP/TopUPNew FAILED.\nReason:\norg.codehaus.groovy.control.MultipleCompilationErrorsException: startup failed:\r\nfile:/C:/Users/ASUS/git/ACCBid-Mobile/Scripts/TopUP/TopUPNew/Script1573700896861.groovy: 15: unable to resolve class com.kms.katalon.core.windows.keyword.WindowsBuiltinKeywords\n @ line 15, column 1.\r\n   import com.kms.katalon.core.windows.keyword.WindowsBuiltinKeywords as Windows\r\n   ^\r\n\r\n1 error\r\n\r\n\tat com.kms.katalon.core.main.ScriptEngine.getScript(ScriptEngine.java:199)\r\n\tat com.kms.katalon.core.main.ScriptEngine.run(ScriptEngine.java:194)\r\n\tat com.kms.katalon.core.main.ScriptEngine.runScriptAsRawText(ScriptEngine.java:119)\r\n\tat com.kms.katalon.core.main.TestCaseExecutor.runScript(TestCaseExecutor.java:337)\r\n\tat com.kms.katalon.core.main.TestCaseExecutor.doExecute(TestCaseExecutor.java:328)\r\n\tat com.kms.katalon.core.main.TestCaseExecutor.processExecutionPhase(TestCaseExecutor.java:307)\r\n\tat com.kms.katalon.core.main.TestCaseExecutor.accessMainPhase(TestCaseExecutor.java:299)\r\n\tat com.kms.katalon.core.main.TestCaseExecutor.execute(TestCaseExecutor.java:233)\r\n\tat com.kms.katalon.core.main.TestSuiteExecutor.accessTestCaseMainPhase(TestSuiteExecutor.java:150)\r\n\tat com.kms.katalon.core.main.TestSuiteExecutor.accessTestSuiteMainPhase(TestSuiteExecutor.java:123)\r\n\tat com.kms.katalon.core.main.TestSuiteExecutor.execute(TestSuiteExecutor.java:87)\r\n\tat com.kms.katalon.core.main.TestCaseMain.startTestSuite(TestCaseMain.java:157)\r\n\tat com.kms.katalon.core.main.TestCaseMain$startTestSuite$0.call(Unknown Source)\r\n\tat TempTestSuite1576565057544.run(TempTestSuite1576565057544.groovy:35)\r\n</message>
  <exception>
    <message>org.codehaus.groovy.control.MultipleCompilationErrorsException: startup failed:
file:/C:/Users/ASUS/git/ACCBid-Mobile/Scripts/TopUP/TopUPNew/Script1573700896861.groovy: 15: unable to resolve class com.kms.katalon.core.windows.keyword.WindowsBuiltinKeywords
 @ line 15, column 1.
   import com.kms.katalon.core.windows.keyword.WindowsBuiltinKeywords as Windows
   ^

1 error
</message>
    <frame>
      <class>com.kms.katalon.core.main.ScriptEngine</class>
      <method>getScript</method>
      <line>199</line>
    </frame>
    <frame>
      <class>com.kms.katalon.core.main.ScriptEngine</class>
      <method>run</method>
      <line>194</line>
    </frame>
    <frame>
      <class>com.kms.katalon.core.main.ScriptEngine</class>
      <method>runScriptAsRawText</method>
      <line>119</line>
    </frame>
    <frame>
      <class>com.kms.katalon.core.main.TestCaseExecutor</class>
      <method>runScript</method>
      <line>337</line>
    </frame>
    <frame>
      <class>com.kms.katalon.core.main.TestCaseExecutor</class>
      <method>doExecute</method>
      <line>328</line>
    </frame>
    <frame>
      <class>com.kms.katalon.core.main.TestCaseExecutor</class>
      <method>processExecutionPhase</method>
      <line>307</line>
    </frame>
    <frame>
      <class>com.kms.katalon.core.main.TestCaseExecutor</class>
      <method>accessMainPhase</method>
      <line>299</line>
    </frame>
    <frame>
      <class>com.kms.katalon.core.main.TestCaseExecutor</class>
      <method>execute</method>
      <line>233</line>
    </frame>
    <frame>
      <class>com.kms.katalon.core.main.TestSuiteExecutor</class>
      <method>accessTestCaseMainPhase</method>
      <line>150</line>
    </frame>
    <frame>
      <class>com.kms.katalon.core.main.TestSuiteExecutor</class>
      <method>accessTestSuiteMainPhase</method>
      <line>123</line>
    </frame>
    <frame>
      <class>com.kms.katalon.core.main.TestSuiteExecutor</class>
      <method>execute</method>
      <line>87</line>
    </frame>
    <frame>
      <class>com.kms.katalon.core.main.TestCaseMain</class>
      <method>startTestSuite</method>
      <line>157</line>
    </frame>
    <frame>
      <class>com.kms.katalon.core.main.TestCaseMain$startTestSuite$0</class>
      <method>call</method>
    </frame>
    <frame>
      <class>TempTestSuite1576565057544</class>
      <method>run</method>
      <line>35</line>
    </frame>
  </exception>
  <nestedLevel>0</nestedLevel>
  <property name="failed.exception.stacktrace">org.codehaus.groovy.control.MultipleCompilationErrorsException: startup failed:\r\nfile:/C:/Users/ASUS/git/ACCBid-Mobile/Scripts/TopUP/TopUPNew/Script1573700896861.groovy: 15: unable to resolve class com.kms.katalon.core.windows.keyword.WindowsBuiltinKeywords\n @ line 15, column 1.\r\n   import com.kms.katalon.core.windows.keyword.WindowsBuiltinKeywords as Windows\r\n   ^\r\n\r\n1 error\r\n\r\n\tat com.kms.katalon.core.main.ScriptEngine.getScript(ScriptEngine.java:199)\r\n\tat com.kms.katalon.core.main.ScriptEngine.run(ScriptEngine.java:194)\r\n\tat com.kms.katalon.core.main.ScriptEngine.runScriptAsRawText(ScriptEngine.java:119)\r\n\tat com.kms.katalon.core.main.TestCaseExecutor.runScript(TestCaseExecutor.java:337)\r\n\tat com.kms.katalon.core.main.TestCaseExecutor.doExecute(TestCaseExecutor.java:328)\r\n\tat com.kms.katalon.core.main.TestCaseExecutor.processExecutionPhase(TestCaseExecutor.java:307)\r\n\tat com.kms.katalon.core.main.TestCaseExecutor.accessMainPhase(TestCaseExecutor.java:299)\r\n\tat com.kms.katalon.core.main.TestCaseExecutor.execute(TestCaseExecutor.java:233)\r\n\tat com.kms.katalon.core.main.TestSuiteExecutor.accessTestCaseMainPhase(TestSuiteExecutor.java:150)\r\n\tat com.kms.katalon.core.main.TestSuiteExecutor.accessTestSuiteMainPhase(TestSuiteExecutor.java:123)\r\n\tat com.kms.katalon.core.main.TestSuiteExecutor.execute(TestSuiteExecutor.java:87)\r\n\tat com.kms.katalon.core.main.TestCaseMain.startTestSuite(TestCaseMain.java:157)\r\n\tat com.kms.katalon.core.main.TestCaseMain$startTestSuite$0.call(Unknown Source)\r\n\tat TempTestSuite1576565057544.run(TempTestSuite1576565057544.groovy:35)\r\n</property>
  <property name="failed.exception.class">org.codehaus.groovy.control.MultipleCompilationErrorsException</property>
  <property name="failed.exception.message">startup failed:\r\nfile:/C:/Users/ASUS/git/ACCBid-Mobile/Scripts/TopUP/TopUPNew/Script1573700896861.groovy: 15: unable to resolve class com.kms.katalon.core.windows.keyword.WindowsBuiltinKeywords\n @ line 15, column 1.\r\n   import com.kms.katalon.core.windows.keyword.WindowsBuiltinKeywords as Windows\r\n   ^\r\n\r\n1 error\r\n</property>
</record>
<record>
  <date>2019-12-17T13:44:28</date>
  <millis>1576565068021</millis>
  <sequence>46</sequence>
  <level>END</level>
  <class>com.kms.katalon.core.logging.XmlKeywordLogger</class>
  <method>endTest</method>
  <thread>1</thread>
  <message>End Test Case : Test Cases/TopUP/TopUPNew</message>
  <nestedLevel>0</nestedLevel>
</record>
<record>
  <date>2019-12-17T13:44:28</date>
  <millis>1576565068033</millis>
  <sequence>47</sequence>
  <level>START</level>
  <class>com.kms.katalon.core.logging.XmlKeywordLogger</class>
  <method>startTest</method>
  <thread>1</thread>
  <message>Start Test Case : Test Cases/TopUP/TopUPNew</message>
  <nestedLevel>1</nestedLevel>
  <property name="name">Test Cases/TopUP/TopUPNew</property>
  <property name="description"></property>
  <property name="id">Test Cases/TopUP/TopUPNew</property>
  <property name="source">C:\\Users\\ASUS\\git\\ACCBid-Mobile\\Test Cases\\TopUP\\TopUPNew.tc</property>
  <property name="tag"></property>
  <property name="isOptional">false</property>
</record>
<record>
  <date>2019-12-17T13:44:28</date>
  <millis>1576565068059</millis>
  <sequence>49</sequence>
  <level>INFO</level>
  <class>com.kms.katalon.core.logging.XmlKeywordLogger</class>
  <method>logMessage</method>
  <thread>1</thread>
  <message>varTopUP = 20000</message>
  <nestedLevel>1</nestedLevel>
</record>
<record>
  <date>2019-12-17T13:44:28</date>
  <millis>1576565068060</millis>
  <sequence>50</sequence>
  <level>INFO</level>
  <class>com.kms.katalon.core.logging.XmlKeywordLogger</class>
  <method>logMessage</method>
  <thread>1</thread>
  <message>varBank = BANK MANDIRI</message>
  <nestedLevel>1</nestedLevel>
</record>
<record>
  <date>2019-12-17T13:44:28</date>
  <millis>1576565068061</millis>
  <sequence>51</sequence>
  <level>INFO</level>
  <class>com.kms.katalon.core.logging.XmlKeywordLogger</class>
  <method>logMessage</method>
  <thread>1</thread>
  <message>JenisLelang = IBID</message>
  <nestedLevel>1</nestedLevel>
</record>
<record>
  <date>2019-12-17T13:44:28</date>
  <millis>1576565068062</millis>
  <sequence>52</sequence>
  <level>INFO</level>
  <class>com.kms.katalon.core.logging.XmlKeywordLogger</class>
  <method>logMessage</method>
  <thread>1</thread>
  <message>Result = Pass</message>
  <nestedLevel>1</nestedLevel>
</record>
<record>
  <date>2019-12-17T13:44:28</date>
  <millis>1576565068067</millis>
  <sequence>53</sequence>
  <level>INFO</level>
  <class>com.kms.katalon.core.logging.XmlKeywordLogger</class>
  <method>logMessage</method>
  <thread>1</thread>
  <message>details = Pass</message>
  <nestedLevel>1</nestedLevel>
</record>
<record>
  <date>2019-12-17T13:44:28</date>
  <millis>1576565068070</millis>
  <sequence>54</sequence>
  <level>INFO</level>
  <class>com.kms.katalon.core.logging.XmlKeywordLogger</class>
  <method>logMessage</method>
  <thread>1</thread>
  <message>varTanggal = 9</message>
  <nestedLevel>1</nestedLevel>
</record>
<record>
  <date>2019-12-17T13:44:28</date>
  <millis>1576565068075</millis>
  <sequence>55</sequence>
  <level>INFO</level>
  <class>com.kms.katalon.core.logging.XmlKeywordLogger</class>
  <method>logMessage</method>
  <thread>1</thread>
  <message>varFoto = Gallery</message>
  <nestedLevel>1</nestedLevel>
</record>
<record>
  <date>2019-12-17T13:44:28</date>
  <millis>1576565068078</millis>
  <sequence>56</sequence>
  <level>INFO</level>
  <class>com.kms.katalon.core.logging.XmlKeywordLogger</class>
  <method>logMessage</method>
  <thread>1</thread>
  <message>Picture = Foto9.jpg</message>
  <nestedLevel>1</nestedLevel>
</record>
<record>
  <date>2019-12-17T13:44:28</date>
  <millis>1576565068824</millis>
  <sequence>58</sequence>
  <level>ERROR</level>
  <class>com.kms.katalon.core.logging.XmlKeywordLogger</class>
  <method>logMessage</method>
  <thread>1</thread>
  <message>Test Cases/TopUP/TopUPNew FAILED.\nReason:\norg.codehaus.groovy.control.MultipleCompilationErrorsException: startup failed:\r\nfile:/C:/Users/ASUS/git/ACCBid-Mobile/Scripts/TopUP/TopUPNew/Script1573700896861.groovy: 15: unable to resolve class com.kms.katalon.core.windows.keyword.WindowsBuiltinKeywords\n @ line 15, column 1.\r\n   import com.kms.katalon.core.windows.keyword.WindowsBuiltinKeywords as Windows\r\n   ^\r\n\r\n1 error\r\n\r\n\tat com.kms.katalon.core.main.ScriptEngine.getScript(ScriptEngine.java:199)\r\n\tat com.kms.katalon.core.main.ScriptEngine.run(ScriptEngine.java:194)\r\n\tat com.kms.katalon.core.main.ScriptEngine.runScriptAsRawText(ScriptEngine.java:119)\r\n\tat com.kms.katalon.core.main.TestCaseExecutor.runScript(TestCaseExecutor.java:337)\r\n\tat com.kms.katalon.core.main.TestCaseExecutor.doExecute(TestCaseExecutor.java:328)\r\n\tat com.kms.katalon.core.main.TestCaseExecutor.processExecutionPhase(TestCaseExecutor.java:307)\r\n\tat com.kms.katalon.core.main.TestCaseExecutor.accessMainPhase(TestCaseExecutor.java:299)\r\n\tat com.kms.katalon.core.main.TestCaseExecutor.execute(TestCaseExecutor.java:233)\r\n\tat com.kms.katalon.core.main.TestSuiteExecutor.accessTestCaseMainPhase(TestSuiteExecutor.java:150)\r\n\tat com.kms.katalon.core.main.TestSuiteExecutor.accessTestSuiteMainPhase(TestSuiteExecutor.java:123)\r\n\tat com.kms.katalon.core.main.TestSuiteExecutor.execute(TestSuiteExecutor.java:87)\r\n\tat com.kms.katalon.core.main.TestCaseMain.startTestSuite(TestCaseMain.java:157)\r\n\tat com.kms.katalon.core.main.TestCaseMain$startTestSuite$0.call(Unknown Source)\r\n\tat TempTestSuite1576565057544.run(TempTestSuite1576565057544.groovy:35)\r\n</message>
  <exception>
    <message>org.codehaus.groovy.control.MultipleCompilationErrorsException: startup failed:
file:/C:/Users/ASUS/git/ACCBid-Mobile/Scripts/TopUP/TopUPNew/Script1573700896861.groovy: 15: unable to resolve class com.kms.katalon.core.windows.keyword.WindowsBuiltinKeywords
 @ line 15, column 1.
   import com.kms.katalon.core.windows.keyword.WindowsBuiltinKeywords as Windows
   ^

1 error
</message>
    <frame>
      <class>com.kms.katalon.core.main.ScriptEngine</class>
      <method>getScript</method>
      <line>199</line>
    </frame>
    <frame>
      <class>com.kms.katalon.core.main.ScriptEngine</class>
      <method>run</method>
      <line>194</line>
    </frame>
    <frame>
      <class>com.kms.katalon.core.main.ScriptEngine</class>
      <method>runScriptAsRawText</method>
      <line>119</line>
    </frame>
    <frame>
      <class>com.kms.katalon.core.main.TestCaseExecutor</class>
      <method>runScript</method>
      <line>337</line>
    </frame>
    <frame>
      <class>com.kms.katalon.core.main.TestCaseExecutor</class>
      <method>doExecute</method>
      <line>328</line>
    </frame>
    <frame>
      <class>com.kms.katalon.core.main.TestCaseExecutor</class>
      <method>processExecutionPhase</method>
      <line>307</line>
    </frame>
    <frame>
      <class>com.kms.katalon.core.main.TestCaseExecutor</class>
      <method>accessMainPhase</method>
      <line>299</line>
    </frame>
    <frame>
      <class>com.kms.katalon.core.main.TestCaseExecutor</class>
      <method>execute</method>
      <line>233</line>
    </frame>
    <frame>
      <class>com.kms.katalon.core.main.TestSuiteExecutor</class>
      <method>accessTestCaseMainPhase</method>
      <line>150</line>
    </frame>
    <frame>
      <class>com.kms.katalon.core.main.TestSuiteExecutor</class>
      <method>accessTestSuiteMainPhase</method>
      <line>123</line>
    </frame>
    <frame>
      <class>com.kms.katalon.core.main.TestSuiteExecutor</class>
      <method>execute</method>
      <line>87</line>
    </frame>
    <frame>
      <class>com.kms.katalon.core.main.TestCaseMain</class>
      <method>startTestSuite</method>
      <line>157</line>
    </frame>
    <frame>
      <class>com.kms.katalon.core.main.TestCaseMain$startTestSuite$0</class>
      <method>call</method>
    </frame>
    <frame>
      <class>TempTestSuite1576565057544</class>
      <method>run</method>
      <line>35</line>
    </frame>
  </exception>
  <nestedLevel>0</nestedLevel>
  <property name="failed.exception.stacktrace">org.codehaus.groovy.control.MultipleCompilationErrorsException: startup failed:\r\nfile:/C:/Users/ASUS/git/ACCBid-Mobile/Scripts/TopUP/TopUPNew/Script1573700896861.groovy: 15: unable to resolve class com.kms.katalon.core.windows.keyword.WindowsBuiltinKeywords\n @ line 15, column 1.\r\n   import com.kms.katalon.core.windows.keyword.WindowsBuiltinKeywords as Windows\r\n   ^\r\n\r\n1 error\r\n\r\n\tat com.kms.katalon.core.main.ScriptEngine.getScript(ScriptEngine.java:199)\r\n\tat com.kms.katalon.core.main.ScriptEngine.run(ScriptEngine.java:194)\r\n\tat com.kms.katalon.core.main.ScriptEngine.runScriptAsRawText(ScriptEngine.java:119)\r\n\tat com.kms.katalon.core.main.TestCaseExecutor.runScript(TestCaseExecutor.java:337)\r\n\tat com.kms.katalon.core.main.TestCaseExecutor.doExecute(TestCaseExecutor.java:328)\r\n\tat com.kms.katalon.core.main.TestCaseExecutor.processExecutionPhase(TestCaseExecutor.java:307)\r\n\tat com.kms.katalon.core.main.TestCaseExecutor.accessMainPhase(TestCaseExecutor.java:299)\r\n\tat com.kms.katalon.core.main.TestCaseExecutor.execute(TestCaseExecutor.java:233)\r\n\tat com.kms.katalon.core.main.TestSuiteExecutor.accessTestCaseMainPhase(TestSuiteExecutor.java:150)\r\n\tat com.kms.katalon.core.main.TestSuiteExecutor.accessTestSuiteMainPhase(TestSuiteExecutor.java:123)\r\n\tat com.kms.katalon.core.main.TestSuiteExecutor.execute(TestSuiteExecutor.java:87)\r\n\tat com.kms.katalon.core.main.TestCaseMain.startTestSuite(TestCaseMain.java:157)\r\n\tat com.kms.katalon.core.main.TestCaseMain$startTestSuite$0.call(Unknown Source)\r\n\tat TempTestSuite1576565057544.run(TempTestSuite1576565057544.groovy:35)\r\n</property>
  <property name="failed.exception.class">org.codehaus.groovy.control.MultipleCompilationErrorsException</property>
  <property name="failed.exception.message">startup failed:\r\nfile:/C:/Users/ASUS/git/ACCBid-Mobile/Scripts/TopUP/TopUPNew/Script1573700896861.groovy: 15: unable to resolve class com.kms.katalon.core.windows.keyword.WindowsBuiltinKeywords\n @ line 15, column 1.\r\n   import com.kms.katalon.core.windows.keyword.WindowsBuiltinKeywords as Windows\r\n   ^\r\n\r\n1 error\r\n</property>
</record>
<record>
  <date>2019-12-17T13:44:28</date>
  <millis>1576565068833</millis>
  <sequence>60</sequence>
  <level>END</level>
  <class>com.kms.katalon.core.logging.XmlKeywordLogger</class>
  <method>endTest</method>
  <thread>1</thread>
  <message>End Test Case : Test Cases/TopUP/TopUPNew</message>
  <nestedLevel>0</nestedLevel>
</record>
<record>
  <date>2019-12-17T13:44:28</date>
  <millis>1576565068844</millis>
  <sequence>61</sequence>
  <level>START</level>
  <class>com.kms.katalon.core.logging.XmlKeywordLogger</class>
  <method>startTest</method>
  <thread>1</thread>
  <message>Start Test Case : Test Cases/TopUP/TopUPNew</message>
  <nestedLevel>1</nestedLevel>
  <property name="name">Test Cases/TopUP/TopUPNew</property>
  <property name="description"></property>
  <property name="id">Test Cases/TopUP/TopUPNew</property>
  <property name="source">C:\\Users\\ASUS\\git\\ACCBid-Mobile\\Test Cases\\TopUP\\TopUPNew.tc</property>
  <property name="tag"></property>
  <property name="isOptional">false</property>
</record>
<record>
  <date>2019-12-17T13:44:28</date>
  <millis>1576565068928</millis>
  <sequence>63</sequence>
  <level>INFO</level>
  <class>com.kms.katalon.core.logging.XmlKeywordLogger</class>
  <method>logMessage</method>
  <thread>1</thread>
  <message>(Default) varTopUP = </message>
  <nestedLevel>1</nestedLevel>
</record>
<record>
  <date>2019-12-17T13:44:28</date>
  <millis>1576565068929</millis>
  <sequence>64</sequence>
  <level>INFO</level>
  <class>com.kms.katalon.core.logging.XmlKeywordLogger</class>
  <method>logMessage</method>
  <thread>1</thread>
  <message>varBank = BANK CENTRAL DAGANG</message>
  <nestedLevel>1</nestedLevel>
</record>
<record>
  <date>2019-12-17T13:44:28</date>
  <millis>1576565068930</millis>
  <sequence>65</sequence>
  <level>INFO</level>
  <class>com.kms.katalon.core.logging.XmlKeywordLogger</class>
  <method>logMessage</method>
  <thread>1</thread>
  <message>JenisLelang = IBID</message>
  <nestedLevel>1</nestedLevel>
</record>
<record>
  <date>2019-12-17T13:44:28</date>
  <millis>1576565068931</millis>
  <sequence>66</sequence>
  <level>INFO</level>
  <class>com.kms.katalon.core.logging.XmlKeywordLogger</class>
  <method>logMessage</method>
  <thread>1</thread>
  <message>Result = Fail</message>
  <nestedLevel>1</nestedLevel>
</record>
<record>
  <date>2019-12-17T13:44:28</date>
  <millis>1576565068933</millis>
  <sequence>67</sequence>
  <level>INFO</level>
  <class>com.kms.katalon.core.logging.XmlKeywordLogger</class>
  <method>logMessage</method>
  <thread>1</thread>
  <message>details = Nominal Tidak Boleh Kosong</message>
  <nestedLevel>1</nestedLevel>
</record>
<record>
  <date>2019-12-17T13:44:28</date>
  <millis>1576565068936</millis>
  <sequence>68</sequence>
  <level>INFO</level>
  <class>com.kms.katalon.core.logging.XmlKeywordLogger</class>
  <method>logMessage</method>
  <thread>1</thread>
  <message>varTanggal = 10</message>
  <nestedLevel>1</nestedLevel>
</record>
<record>
  <date>2019-12-17T13:44:28</date>
  <millis>1576565068944</millis>
  <sequence>69</sequence>
  <level>INFO</level>
  <class>com.kms.katalon.core.logging.XmlKeywordLogger</class>
  <method>logMessage</method>
  <thread>1</thread>
  <message>varFoto = Camera</message>
  <nestedLevel>1</nestedLevel>
</record>
<record>
  <date>2019-12-17T13:44:28</date>
  <millis>1576565068966</millis>
  <sequence>70</sequence>
  <level>INFO</level>
  <class>com.kms.katalon.core.logging.XmlKeywordLogger</class>
  <method>logMessage</method>
  <thread>1</thread>
  <message>(Default) Picture = </message>
  <nestedLevel>1</nestedLevel>
</record>
<record>
  <date>2019-12-17T13:44:29</date>
  <millis>1576565069678</millis>
  <sequence>72</sequence>
  <level>ERROR</level>
  <class>com.kms.katalon.core.logging.XmlKeywordLogger</class>
  <method>logMessage</method>
  <thread>1</thread>
  <message>Test Cases/TopUP/TopUPNew FAILED.\nReason:\norg.codehaus.groovy.control.MultipleCompilationErrorsException: startup failed:\r\nfile:/C:/Users/ASUS/git/ACCBid-Mobile/Scripts/TopUP/TopUPNew/Script1573700896861.groovy: 15: unable to resolve class com.kms.katalon.core.windows.keyword.WindowsBuiltinKeywords\n @ line 15, column 1.\r\n   import com.kms.katalon.core.windows.keyword.WindowsBuiltinKeywords as Windows\r\n   ^\r\n\r\n1 error\r\n\r\n\tat com.kms.katalon.core.main.ScriptEngine.getScript(ScriptEngine.java:199)\r\n\tat com.kms.katalon.core.main.ScriptEngine.run(ScriptEngine.java:194)\r\n\tat com.kms.katalon.core.main.ScriptEngine.runScriptAsRawText(ScriptEngine.java:119)\r\n\tat com.kms.katalon.core.main.TestCaseExecutor.runScript(TestCaseExecutor.java:337)\r\n\tat com.kms.katalon.core.main.TestCaseExecutor.doExecute(TestCaseExecutor.java:328)\r\n\tat com.kms.katalon.core.main.TestCaseExecutor.processExecutionPhase(TestCaseExecutor.java:307)\r\n\tat com.kms.katalon.core.main.TestCaseExecutor.accessMainPhase(TestCaseExecutor.java:299)\r\n\tat com.kms.katalon.core.main.TestCaseExecutor.execute(TestCaseExecutor.java:233)\r\n\tat com.kms.katalon.core.main.TestSuiteExecutor.accessTestCaseMainPhase(TestSuiteExecutor.java:150)\r\n\tat com.kms.katalon.core.main.TestSuiteExecutor.accessTestSuiteMainPhase(TestSuiteExecutor.java:123)\r\n\tat com.kms.katalon.core.main.TestSuiteExecutor.execute(TestSuiteExecutor.java:87)\r\n\tat com.kms.katalon.core.main.TestCaseMain.startTestSuite(TestCaseMain.java:157)\r\n\tat com.kms.katalon.core.main.TestCaseMain$startTestSuite$0.call(Unknown Source)\r\n\tat TempTestSuite1576565057544.run(TempTestSuite1576565057544.groovy:35)\r\n</message>
  <exception>
    <message>org.codehaus.groovy.control.MultipleCompilationErrorsException: startup failed:
file:/C:/Users/ASUS/git/ACCBid-Mobile/Scripts/TopUP/TopUPNew/Script1573700896861.groovy: 15: unable to resolve class com.kms.katalon.core.windows.keyword.WindowsBuiltinKeywords
 @ line 15, column 1.
   import com.kms.katalon.core.windows.keyword.WindowsBuiltinKeywords as Windows
   ^

1 error
</message>
    <frame>
      <class>com.kms.katalon.core.main.ScriptEngine</class>
      <method>getScript</method>
      <line>199</line>
    </frame>
    <frame>
      <class>com.kms.katalon.core.main.ScriptEngine</class>
      <method>run</method>
      <line>194</line>
    </frame>
    <frame>
      <class>com.kms.katalon.core.main.ScriptEngine</class>
      <method>runScriptAsRawText</method>
      <line>119</line>
    </frame>
    <frame>
      <class>com.kms.katalon.core.main.TestCaseExecutor</class>
      <method>runScript</method>
      <line>337</line>
    </frame>
    <frame>
      <class>com.kms.katalon.core.main.TestCaseExecutor</class>
      <method>doExecute</method>
      <line>328</line>
    </frame>
    <frame>
      <class>com.kms.katalon.core.main.TestCaseExecutor</class>
      <method>processExecutionPhase</method>
      <line>307</line>
    </frame>
    <frame>
      <class>com.kms.katalon.core.main.TestCaseExecutor</class>
      <method>accessMainPhase</method>
      <line>299</line>
    </frame>
    <frame>
      <class>com.kms.katalon.core.main.TestCaseExecutor</class>
      <method>execute</method>
      <line>233</line>
    </frame>
    <frame>
      <class>com.kms.katalon.core.main.TestSuiteExecutor</class>
      <method>accessTestCaseMainPhase</method>
      <line>150</line>
    </frame>
    <frame>
      <class>com.kms.katalon.core.main.TestSuiteExecutor</class>
      <method>accessTestSuiteMainPhase</method>
      <line>123</line>
    </frame>
    <frame>
      <class>com.kms.katalon.core.main.TestSuiteExecutor</class>
      <method>execute</method>
      <line>87</line>
    </frame>
    <frame>
      <class>com.kms.katalon.core.main.TestCaseMain</class>
      <method>startTestSuite</method>
      <line>157</line>
    </frame>
    <frame>
      <class>com.kms.katalon.core.main.TestCaseMain$startTestSuite$0</class>
      <method>call</method>
    </frame>
    <frame>
      <class>TempTestSuite1576565057544</class>
      <method>run</method>
      <line>35</line>
    </frame>
  </exception>
  <nestedLevel>0</nestedLevel>
  <property name="failed.exception.stacktrace">org.codehaus.groovy.control.MultipleCompilationErrorsException: startup failed:\r\nfile:/C:/Users/ASUS/git/ACCBid-Mobile/Scripts/TopUP/TopUPNew/Script1573700896861.groovy: 15: unable to resolve class com.kms.katalon.core.windows.keyword.WindowsBuiltinKeywords\n @ line 15, column 1.\r\n   import com.kms.katalon.core.windows.keyword.WindowsBuiltinKeywords as Windows\r\n   ^\r\n\r\n1 error\r\n\r\n\tat com.kms.katalon.core.main.ScriptEngine.getScript(ScriptEngine.java:199)\r\n\tat com.kms.katalon.core.main.ScriptEngine.run(ScriptEngine.java:194)\r\n\tat com.kms.katalon.core.main.ScriptEngine.runScriptAsRawText(ScriptEngine.java:119)\r\n\tat com.kms.katalon.core.main.TestCaseExecutor.runScript(TestCaseExecutor.java:337)\r\n\tat com.kms.katalon.core.main.TestCaseExecutor.doExecute(TestCaseExecutor.java:328)\r\n\tat com.kms.katalon.core.main.TestCaseExecutor.processExecutionPhase(TestCaseExecutor.java:307)\r\n\tat com.kms.katalon.core.main.TestCaseExecutor.accessMainPhase(TestCaseExecutor.java:299)\r\n\tat com.kms.katalon.core.main.TestCaseExecutor.execute(TestCaseExecutor.java:233)\r\n\tat com.kms.katalon.core.main.TestSuiteExecutor.accessTestCaseMainPhase(TestSuiteExecutor.java:150)\r\n\tat com.kms.katalon.core.main.TestSuiteExecutor.accessTestSuiteMainPhase(TestSuiteExecutor.java:123)\r\n\tat com.kms.katalon.core.main.TestSuiteExecutor.execute(TestSuiteExecutor.java:87)\r\n\tat com.kms.katalon.core.main.TestCaseMain.startTestSuite(TestCaseMain.java:157)\r\n\tat com.kms.katalon.core.main.TestCaseMain$startTestSuite$0.call(Unknown Source)\r\n\tat TempTestSuite1576565057544.run(TempTestSuite1576565057544.groovy:35)\r\n</property>
  <property name="failed.exception.class">org.codehaus.groovy.control.MultipleCompilationErrorsException</property>
  <property name="failed.exception.message">startup failed:\r\nfile:/C:/Users/ASUS/git/ACCBid-Mobile/Scripts/TopUP/TopUPNew/Script1573700896861.groovy: 15: unable to resolve class com.kms.katalon.core.windows.keyword.WindowsBuiltinKeywords\n @ line 15, column 1.\r\n   import com.kms.katalon.core.windows.keyword.WindowsBuiltinKeywords as Windows\r\n   ^\r\n\r\n1 error\r\n</property>
</record>
<record>
  <date>2019-12-17T13:44:29</date>
  <millis>1576565069686</millis>
  <sequence>74</sequence>
  <level>END</level>
  <class>com.kms.katalon.core.logging.XmlKeywordLogger</class>
  <method>endTest</method>
  <thread>1</thread>
  <message>End Test Case : Test Cases/TopUP/TopUPNew</message>
  <nestedLevel>0</nestedLevel>
</record>
<record>
  <date>2019-12-17T13:44:29</date>
  <millis>1576565069715</millis>
  <sequence>75</sequence>
  <level>START</level>
  <class>com.kms.katalon.core.logging.XmlKeywordLogger</class>
  <method>startTest</method>
  <thread>1</thread>
  <message>Start Test Case : Test Cases/TopUP/TopUPNew</message>
  <nestedLevel>1</nestedLevel>
  <property name="name">Test Cases/TopUP/TopUPNew</property>
  <property name="description"></property>
  <property name="id">Test Cases/TopUP/TopUPNew</property>
  <property name="source">C:\\Users\\ASUS\\git\\ACCBid-Mobile\\Test Cases\\TopUP\\TopUPNew.tc</property>
  <property name="tag"></property>
  <property name="isOptional">false</property>
</record>
<record>
  <date>2019-12-17T13:44:29</date>
  <millis>1576565069752</millis>
  <sequence>77</sequence>
  <level>INFO</level>
  <class>com.kms.katalon.core.logging.XmlKeywordLogger</class>
  <method>logMessage</method>
  <thread>1</thread>
  <message>varTopUP = 20000</message>
  <nestedLevel>1</nestedLevel>
</record>
<record>
  <date>2019-12-17T13:44:29</date>
  <millis>1576565069795</millis>
  <sequence>78</sequence>
  <level>INFO</level>
  <class>com.kms.katalon.core.logging.XmlKeywordLogger</class>
  <method>logMessage</method>
  <thread>1</thread>
  <message>(Default) varBank = </message>
  <nestedLevel>1</nestedLevel>
</record>
<record>
  <date>2019-12-17T13:44:29</date>
  <millis>1576565069810</millis>
  <sequence>79</sequence>
  <level>INFO</level>
  <class>com.kms.katalon.core.logging.XmlKeywordLogger</class>
  <method>logMessage</method>
  <thread>1</thread>
  <message>JenisLelang = IBID</message>
  <nestedLevel>1</nestedLevel>
</record>
<record>
  <date>2019-12-17T13:44:29</date>
  <millis>1576565069817</millis>
  <sequence>80</sequence>
  <level>INFO</level>
  <class>com.kms.katalon.core.logging.XmlKeywordLogger</class>
  <method>logMessage</method>
  <thread>1</thread>
  <message>Result = Fail</message>
  <nestedLevel>1</nestedLevel>
</record>
<record>
  <date>2019-12-17T13:44:29</date>
  <millis>1576565069818</millis>
  <sequence>81</sequence>
  <level>INFO</level>
  <class>com.kms.katalon.core.logging.XmlKeywordLogger</class>
  <method>logMessage</method>
  <thread>1</thread>
  <message>details = Bank Tidak Boleh Kosong</message>
  <nestedLevel>1</nestedLevel>
</record>
<record>
  <date>2019-12-17T13:44:29</date>
  <millis>1576565069819</millis>
  <sequence>82</sequence>
  <level>INFO</level>
  <class>com.kms.katalon.core.logging.XmlKeywordLogger</class>
  <method>logMessage</method>
  <thread>1</thread>
  <message>varTanggal = 10</message>
  <nestedLevel>1</nestedLevel>
</record>
<record>
  <date>2019-12-17T13:44:29</date>
  <millis>1576565069820</millis>
  <sequence>83</sequence>
  <level>INFO</level>
  <class>com.kms.katalon.core.logging.XmlKeywordLogger</class>
  <method>logMessage</method>
  <thread>1</thread>
  <message>varFoto = Gallery</message>
  <nestedLevel>1</nestedLevel>
</record>
<record>
  <date>2019-12-17T13:44:29</date>
  <millis>1576565069821</millis>
  <sequence>84</sequence>
  <level>INFO</level>
  <class>com.kms.katalon.core.logging.XmlKeywordLogger</class>
  <method>logMessage</method>
  <thread>1</thread>
  <message>Picture = Foto1.jpg</message>
  <nestedLevel>1</nestedLevel>
</record>
<record>
  <date>2019-12-17T13:44:30</date>
  <millis>1576565070371</millis>
  <sequence>86</sequence>
  <level>ERROR</level>
  <class>com.kms.katalon.core.logging.XmlKeywordLogger</class>
  <method>logMessage</method>
  <thread>1</thread>
  <message>Test Cases/TopUP/TopUPNew FAILED.\nReason:\norg.codehaus.groovy.control.MultipleCompilationErrorsException: startup failed:\r\nfile:/C:/Users/ASUS/git/ACCBid-Mobile/Scripts/TopUP/TopUPNew/Script1573700896861.groovy: 15: unable to resolve class com.kms.katalon.core.windows.keyword.WindowsBuiltinKeywords\n @ line 15, column 1.\r\n   import com.kms.katalon.core.windows.keyword.WindowsBuiltinKeywords as Windows\r\n   ^\r\n\r\n1 error\r\n\r\n\tat com.kms.katalon.core.main.ScriptEngine.getScript(ScriptEngine.java:199)\r\n\tat com.kms.katalon.core.main.ScriptEngine.run(ScriptEngine.java:194)\r\n\tat com.kms.katalon.core.main.ScriptEngine.runScriptAsRawText(ScriptEngine.java:119)\r\n\tat com.kms.katalon.core.main.TestCaseExecutor.runScript(TestCaseExecutor.java:337)\r\n\tat com.kms.katalon.core.main.TestCaseExecutor.doExecute(TestCaseExecutor.java:328)\r\n\tat com.kms.katalon.core.main.TestCaseExecutor.processExecutionPhase(TestCaseExecutor.java:307)\r\n\tat com.kms.katalon.core.main.TestCaseExecutor.accessMainPhase(TestCaseExecutor.java:299)\r\n\tat com.kms.katalon.core.main.TestCaseExecutor.execute(TestCaseExecutor.java:233)\r\n\tat com.kms.katalon.core.main.TestSuiteExecutor.accessTestCaseMainPhase(TestSuiteExecutor.java:150)\r\n\tat com.kms.katalon.core.main.TestSuiteExecutor.accessTestSuiteMainPhase(TestSuiteExecutor.java:123)\r\n\tat com.kms.katalon.core.main.TestSuiteExecutor.execute(TestSuiteExecutor.java:87)\r\n\tat com.kms.katalon.core.main.TestCaseMain.startTestSuite(TestCaseMain.java:157)\r\n\tat com.kms.katalon.core.main.TestCaseMain$startTestSuite$0.call(Unknown Source)\r\n\tat TempTestSuite1576565057544.run(TempTestSuite1576565057544.groovy:35)\r\n</message>
  <exception>
    <message>org.codehaus.groovy.control.MultipleCompilationErrorsException: startup failed:
file:/C:/Users/ASUS/git/ACCBid-Mobile/Scripts/TopUP/TopUPNew/Script1573700896861.groovy: 15: unable to resolve class com.kms.katalon.core.windows.keyword.WindowsBuiltinKeywords
 @ line 15, column 1.
   import com.kms.katalon.core.windows.keyword.WindowsBuiltinKeywords as Windows
   ^

1 error
</message>
    <frame>
      <class>com.kms.katalon.core.main.ScriptEngine</class>
      <method>getScript</method>
      <line>199</line>
    </frame>
    <frame>
      <class>com.kms.katalon.core.main.ScriptEngine</class>
      <method>run</method>
      <line>194</line>
    </frame>
    <frame>
      <class>com.kms.katalon.core.main.ScriptEngine</class>
      <method>runScriptAsRawText</method>
      <line>119</line>
    </frame>
    <frame>
      <class>com.kms.katalon.core.main.TestCaseExecutor</class>
      <method>runScript</method>
      <line>337</line>
    </frame>
    <frame>
      <class>com.kms.katalon.core.main.TestCaseExecutor</class>
      <method>doExecute</method>
      <line>328</line>
    </frame>
    <frame>
      <class>com.kms.katalon.core.main.TestCaseExecutor</class>
      <method>processExecutionPhase</method>
      <line>307</line>
    </frame>
    <frame>
      <class>com.kms.katalon.core.main.TestCaseExecutor</class>
      <method>accessMainPhase</method>
      <line>299</line>
    </frame>
    <frame>
      <class>com.kms.katalon.core.main.TestCaseExecutor</class>
      <method>execute</method>
      <line>233</line>
    </frame>
    <frame>
      <class>com.kms.katalon.core.main.TestSuiteExecutor</class>
      <method>accessTestCaseMainPhase</method>
      <line>150</line>
    </frame>
    <frame>
      <class>com.kms.katalon.core.main.TestSuiteExecutor</class>
      <method>accessTestSuiteMainPhase</method>
      <line>123</line>
    </frame>
    <frame>
      <class>com.kms.katalon.core.main.TestSuiteExecutor</class>
      <method>execute</method>
      <line>87</line>
    </frame>
    <frame>
      <class>com.kms.katalon.core.main.TestCaseMain</class>
      <method>startTestSuite</method>
      <line>157</line>
    </frame>
    <frame>
      <class>com.kms.katalon.core.main.TestCaseMain$startTestSuite$0</class>
      <method>call</method>
    </frame>
    <frame>
      <class>TempTestSuite1576565057544</class>
      <method>run</method>
      <line>35</line>
    </frame>
  </exception>
  <nestedLevel>0</nestedLevel>
  <property name="failed.exception.stacktrace">org.codehaus.groovy.control.MultipleCompilationErrorsException: startup failed:\r\nfile:/C:/Users/ASUS/git/ACCBid-Mobile/Scripts/TopUP/TopUPNew/Script1573700896861.groovy: 15: unable to resolve class com.kms.katalon.core.windows.keyword.WindowsBuiltinKeywords\n @ line 15, column 1.\r\n   import com.kms.katalon.core.windows.keyword.WindowsBuiltinKeywords as Windows\r\n   ^\r\n\r\n1 error\r\n\r\n\tat com.kms.katalon.core.main.ScriptEngine.getScript(ScriptEngine.java:199)\r\n\tat com.kms.katalon.core.main.ScriptEngine.run(ScriptEngine.java:194)\r\n\tat com.kms.katalon.core.main.ScriptEngine.runScriptAsRawText(ScriptEngine.java:119)\r\n\tat com.kms.katalon.core.main.TestCaseExecutor.runScript(TestCaseExecutor.java:337)\r\n\tat com.kms.katalon.core.main.TestCaseExecutor.doExecute(TestCaseExecutor.java:328)\r\n\tat com.kms.katalon.core.main.TestCaseExecutor.processExecutionPhase(TestCaseExecutor.java:307)\r\n\tat com.kms.katalon.core.main.TestCaseExecutor.accessMainPhase(TestCaseExecutor.java:299)\r\n\tat com.kms.katalon.core.main.TestCaseExecutor.execute(TestCaseExecutor.java:233)\r\n\tat com.kms.katalon.core.main.TestSuiteExecutor.accessTestCaseMainPhase(TestSuiteExecutor.java:150)\r\n\tat com.kms.katalon.core.main.TestSuiteExecutor.accessTestSuiteMainPhase(TestSuiteExecutor.java:123)\r\n\tat com.kms.katalon.core.main.TestSuiteExecutor.execute(TestSuiteExecutor.java:87)\r\n\tat com.kms.katalon.core.main.TestCaseMain.startTestSuite(TestCaseMain.java:157)\r\n\tat com.kms.katalon.core.main.TestCaseMain$startTestSuite$0.call(Unknown Source)\r\n\tat TempTestSuite1576565057544.run(TempTestSuite1576565057544.groovy:35)\r\n</property>
  <property name="failed.exception.class">org.codehaus.groovy.control.MultipleCompilationErrorsException</property>
  <property name="failed.exception.message">startup failed:\r\nfile:/C:/Users/ASUS/git/ACCBid-Mobile/Scripts/TopUP/TopUPNew/Script1573700896861.groovy: 15: unable to resolve class com.kms.katalon.core.windows.keyword.WindowsBuiltinKeywords\n @ line 15, column 1.\r\n   import com.kms.katalon.core.windows.keyword.WindowsBuiltinKeywords as Windows\r\n   ^\r\n\r\n1 error\r\n</property>
</record>
<record>
  <date>2019-12-17T13:44:30</date>
  <millis>1576565070381</millis>
  <sequence>88</sequence>
  <level>END</level>
  <class>com.kms.katalon.core.logging.XmlKeywordLogger</class>
  <method>endTest</method>
  <thread>1</thread>
  <message>End Test Case : Test Cases/TopUP/TopUPNew</message>
  <nestedLevel>0</nestedLevel>
</record>
<record>
  <date>2019-12-17T13:44:30</date>
  <millis>1576565070409</millis>
  <sequence>89</sequence>
  <level>START</level>
  <class>com.kms.katalon.core.logging.XmlKeywordLogger</class>
  <method>startTest</method>
  <thread>1</thread>
  <message>Start Test Case : Test Cases/TopUP/TopUPNew</message>
  <nestedLevel>1</nestedLevel>
  <property name="name">Test Cases/TopUP/TopUPNew</property>
  <property name="description"></property>
  <property name="id">Test Cases/TopUP/TopUPNew</property>
  <property name="source">C:\\Users\\ASUS\\git\\ACCBid-Mobile\\Test Cases\\TopUP\\TopUPNew.tc</property>
  <property name="tag"></property>
  <property name="isOptional">false</property>
</record>
<record>
  <date>2019-12-17T13:44:30</date>
  <millis>1576565070431</millis>
  <sequence>91</sequence>
  <level>INFO</level>
  <class>com.kms.katalon.core.logging.XmlKeywordLogger</class>
  <method>logMessage</method>
  <thread>1</thread>
  <message>varTopUP = 50000</message>
  <nestedLevel>1</nestedLevel>
</record>
<record>
  <date>2019-12-17T13:44:30</date>
  <millis>1576565070432</millis>
  <sequence>92</sequence>
  <level>INFO</level>
  <class>com.kms.katalon.core.logging.XmlKeywordLogger</class>
  <method>logMessage</method>
  <thread>1</thread>
  <message>varBank = BANK MANDIRI</message>
  <nestedLevel>1</nestedLevel>
</record>
<record>
  <date>2019-12-17T13:44:30</date>
  <millis>1576565070433</millis>
  <sequence>93</sequence>
  <level>INFO</level>
  <class>com.kms.katalon.core.logging.XmlKeywordLogger</class>
  <method>logMessage</method>
  <thread>1</thread>
  <message>JenisLelang = IBID</message>
  <nestedLevel>1</nestedLevel>
</record>
<record>
  <date>2019-12-17T13:44:30</date>
  <millis>1576565070435</millis>
  <sequence>94</sequence>
  <level>INFO</level>
  <class>com.kms.katalon.core.logging.XmlKeywordLogger</class>
  <method>logMessage</method>
  <thread>1</thread>
  <message>Result = Fail</message>
  <nestedLevel>1</nestedLevel>
</record>
<record>
  <date>2019-12-17T13:44:30</date>
  <millis>1576565070437</millis>
  <sequence>95</sequence>
  <level>INFO</level>
  <class>com.kms.katalon.core.logging.XmlKeywordLogger</class>
  <method>logMessage</method>
  <thread>1</thread>
  <message>details = Tanggal Tidak Boleh Kosong</message>
  <nestedLevel>1</nestedLevel>
</record>
<record>
  <date>2019-12-17T13:44:30</date>
  <millis>1576565070465</millis>
  <sequence>96</sequence>
  <level>INFO</level>
  <class>com.kms.katalon.core.logging.XmlKeywordLogger</class>
  <method>logMessage</method>
  <thread>1</thread>
  <message>(Default) varTanggal = </message>
  <nestedLevel>1</nestedLevel>
</record>
<record>
  <date>2019-12-17T13:44:30</date>
  <millis>1576565070467</millis>
  <sequence>97</sequence>
  <level>INFO</level>
  <class>com.kms.katalon.core.logging.XmlKeywordLogger</class>
  <method>logMessage</method>
  <thread>1</thread>
  <message>varFoto = Camera</message>
  <nestedLevel>1</nestedLevel>
</record>
<record>
  <date>2019-12-17T13:44:30</date>
  <millis>1576565070486</millis>
  <sequence>98</sequence>
  <level>INFO</level>
  <class>com.kms.katalon.core.logging.XmlKeywordLogger</class>
  <method>logMessage</method>
  <thread>1</thread>
  <message>(Default) Picture = </message>
  <nestedLevel>1</nestedLevel>
</record>
<record>
  <date>2019-12-17T13:44:30</date>
  <millis>1576565070939</millis>
  <sequence>100</sequence>
  <level>ERROR</level>
  <class>com.kms.katalon.core.logging.XmlKeywordLogger</class>
  <method>logMessage</method>
  <thread>1</thread>
  <message>Test Cases/TopUP/TopUPNew FAILED.\nReason:\norg.codehaus.groovy.control.MultipleCompilationErrorsException: startup failed:\r\nfile:/C:/Users/ASUS/git/ACCBid-Mobile/Scripts/TopUP/TopUPNew/Script1573700896861.groovy: 15: unable to resolve class com.kms.katalon.core.windows.keyword.WindowsBuiltinKeywords\n @ line 15, column 1.\r\n   import com.kms.katalon.core.windows.keyword.WindowsBuiltinKeywords as Windows\r\n   ^\r\n\r\n1 error\r\n\r\n\tat com.kms.katalon.core.main.ScriptEngine.getScript(ScriptEngine.java:199)\r\n\tat com.kms.katalon.core.main.ScriptEngine.run(ScriptEngine.java:194)\r\n\tat com.kms.katalon.core.main.ScriptEngine.runScriptAsRawText(ScriptEngine.java:119)\r\n\tat com.kms.katalon.core.main.TestCaseExecutor.runScript(TestCaseExecutor.java:337)\r\n\tat com.kms.katalon.core.main.TestCaseExecutor.doExecute(TestCaseExecutor.java:328)\r\n\tat com.kms.katalon.core.main.TestCaseExecutor.processExecutionPhase(TestCaseExecutor.java:307)\r\n\tat com.kms.katalon.core.main.TestCaseExecutor.accessMainPhase(TestCaseExecutor.java:299)\r\n\tat com.kms.katalon.core.main.TestCaseExecutor.execute(TestCaseExecutor.java:233)\r\n\tat com.kms.katalon.core.main.TestSuiteExecutor.accessTestCaseMainPhase(TestSuiteExecutor.java:150)\r\n\tat com.kms.katalon.core.main.TestSuiteExecutor.accessTestSuiteMainPhase(TestSuiteExecutor.java:123)\r\n\tat com.kms.katalon.core.main.TestSuiteExecutor.execute(TestSuiteExecutor.java:87)\r\n\tat com.kms.katalon.core.main.TestCaseMain.startTestSuite(TestCaseMain.java:157)\r\n\tat com.kms.katalon.core.main.TestCaseMain$startTestSuite$0.call(Unknown Source)\r\n\tat TempTestSuite1576565057544.run(TempTestSuite1576565057544.groovy:35)\r\n</message>
  <exception>
    <message>org.codehaus.groovy.control.MultipleCompilationErrorsException: startup failed:
file:/C:/Users/ASUS/git/ACCBid-Mobile/Scripts/TopUP/TopUPNew/Script1573700896861.groovy: 15: unable to resolve class com.kms.katalon.core.windows.keyword.WindowsBuiltinKeywords
 @ line 15, column 1.
   import com.kms.katalon.core.windows.keyword.WindowsBuiltinKeywords as Windows
   ^

1 error
</message>
    <frame>
      <class>com.kms.katalon.core.main.ScriptEngine</class>
      <method>getScript</method>
      <line>199</line>
    </frame>
    <frame>
      <class>com.kms.katalon.core.main.ScriptEngine</class>
      <method>run</method>
      <line>194</line>
    </frame>
    <frame>
      <class>com.kms.katalon.core.main.ScriptEngine</class>
      <method>runScriptAsRawText</method>
      <line>119</line>
    </frame>
    <frame>
      <class>com.kms.katalon.core.main.TestCaseExecutor</class>
      <method>runScript</method>
      <line>337</line>
    </frame>
    <frame>
      <class>com.kms.katalon.core.main.TestCaseExecutor</class>
      <method>doExecute</method>
      <line>328</line>
    </frame>
    <frame>
      <class>com.kms.katalon.core.main.TestCaseExecutor</class>
      <method>processExecutionPhase</method>
      <line>307</line>
    </frame>
    <frame>
      <class>com.kms.katalon.core.main.TestCaseExecutor</class>
      <method>accessMainPhase</method>
      <line>299</line>
    </frame>
    <frame>
      <class>com.kms.katalon.core.main.TestCaseExecutor</class>
      <method>execute</method>
      <line>233</line>
    </frame>
    <frame>
      <class>com.kms.katalon.core.main.TestSuiteExecutor</class>
      <method>accessTestCaseMainPhase</method>
      <line>150</line>
    </frame>
    <frame>
      <class>com.kms.katalon.core.main.TestSuiteExecutor</class>
      <method>accessTestSuiteMainPhase</method>
      <line>123</line>
    </frame>
    <frame>
      <class>com.kms.katalon.core.main.TestSuiteExecutor</class>
      <method>execute</method>
      <line>87</line>
    </frame>
    <frame>
      <class>com.kms.katalon.core.main.TestCaseMain</class>
      <method>startTestSuite</method>
      <line>157</line>
    </frame>
    <frame>
      <class>com.kms.katalon.core.main.TestCaseMain$startTestSuite$0</class>
      <method>call</method>
    </frame>
    <frame>
      <class>TempTestSuite1576565057544</class>
      <method>run</method>
      <line>35</line>
    </frame>
  </exception>
  <nestedLevel>0</nestedLevel>
  <property name="failed.exception.stacktrace">org.codehaus.groovy.control.MultipleCompilationErrorsException: startup failed:\r\nfile:/C:/Users/ASUS/git/ACCBid-Mobile/Scripts/TopUP/TopUPNew/Script1573700896861.groovy: 15: unable to resolve class com.kms.katalon.core.windows.keyword.WindowsBuiltinKeywords\n @ line 15, column 1.\r\n   import com.kms.katalon.core.windows.keyword.WindowsBuiltinKeywords as Windows\r\n   ^\r\n\r\n1 error\r\n\r\n\tat com.kms.katalon.core.main.ScriptEngine.getScript(ScriptEngine.java:199)\r\n\tat com.kms.katalon.core.main.ScriptEngine.run(ScriptEngine.java:194)\r\n\tat com.kms.katalon.core.main.ScriptEngine.runScriptAsRawText(ScriptEngine.java:119)\r\n\tat com.kms.katalon.core.main.TestCaseExecutor.runScript(TestCaseExecutor.java:337)\r\n\tat com.kms.katalon.core.main.TestCaseExecutor.doExecute(TestCaseExecutor.java:328)\r\n\tat com.kms.katalon.core.main.TestCaseExecutor.processExecutionPhase(TestCaseExecutor.java:307)\r\n\tat com.kms.katalon.core.main.TestCaseExecutor.accessMainPhase(TestCaseExecutor.java:299)\r\n\tat com.kms.katalon.core.main.TestCaseExecutor.execute(TestCaseExecutor.java:233)\r\n\tat com.kms.katalon.core.main.TestSuiteExecutor.accessTestCaseMainPhase(TestSuiteExecutor.java:150)\r\n\tat com.kms.katalon.core.main.TestSuiteExecutor.accessTestSuiteMainPhase(TestSuiteExecutor.java:123)\r\n\tat com.kms.katalon.core.main.TestSuiteExecutor.execute(TestSuiteExecutor.java:87)\r\n\tat com.kms.katalon.core.main.TestCaseMain.startTestSuite(TestCaseMain.java:157)\r\n\tat com.kms.katalon.core.main.TestCaseMain$startTestSuite$0.call(Unknown Source)\r\n\tat TempTestSuite1576565057544.run(TempTestSuite1576565057544.groovy:35)\r\n</property>
  <property name="failed.exception.class">org.codehaus.groovy.control.MultipleCompilationErrorsException</property>
  <property name="failed.exception.message">startup failed:\r\nfile:/C:/Users/ASUS/git/ACCBid-Mobile/Scripts/TopUP/TopUPNew/Script1573700896861.groovy: 15: unable to resolve class com.kms.katalon.core.windows.keyword.WindowsBuiltinKeywords\n @ line 15, column 1.\r\n   import com.kms.katalon.core.windows.keyword.WindowsBuiltinKeywords as Windows\r\n   ^\r\n\r\n1 error\r\n</property>
</record>
<record>
  <date>2019-12-17T13:44:30</date>
  <millis>1576565070946</millis>
  <sequence>102</sequence>
  <level>END</level>
  <class>com.kms.katalon.core.logging.XmlKeywordLogger</class>
  <method>endTest</method>
  <thread>1</thread>
  <message>End Test Case : Test Cases/TopUP/TopUPNew</message>
  <nestedLevel>0</nestedLevel>
</record>
<record>
  <date>2019-12-17T13:44:31</date>
  <millis>1576565071077</millis>
  <sequence>103</sequence>
  <level>END</level>
  <class>com.kms.katalon.core.logging.XmlKeywordLogger</class>
  <method>endSuite</method>
  <thread>1</thread>
  <message>End Test Suite : Test Suites/TopUP/TOPUP</message>
  <nestedLevel>0</nestedLevel>
</record>
</log>
