<?xml version="1.0" encoding="UTF-8" standalone="yes"?>
<testsuites name="WishList" time="268" tests="2" failures="1" errors="0">
    <testsuite name="WishList" tests="2" failures="1" errors="0" time="268" timestamp="2019-11-11 16:50:05" hostname="Marvin - DESKTOP-98KC72N" id="Test Suites/WishList/WishList">
        <properties>
            <property name="deviceName" value="samsung SM-A505F (Android 9)"/>
            <property name="devicePlatform" value=""/>
            <property name="logFolder" value="C:\\Users\\Marvin\\Documents\\GitHub\\ACCBid-Mobile\\Reports\\20191111_164954\\WishList\\WishList\\20191111_164954"/>
            <property name="logFiles" value="C:\\Users\\Marvin\\Documents\\GitHub\\ACCBid-Mobile\\Reports\\20191111_164954\\WishList\\WishList\\20191111_164954\\appium.log, C:\\Users\\Marvin\\Documents\\GitHub\\ACCBid-Mobile\\Reports\\20191111_164954\\WishList\\WishList\\20191111_164954\\execution0.log"/>
            <property name="attachments" value="C:\\Users\\Marvin\\Documents\\GitHub\\ACCBid-Mobile\\Reports\\20191111_164954\\WishList\\WishList\\20191111_164954\\1573465958884.png, C:\\Users\\Marvin\\Documents\\GitHub\\ACCBid-Mobile\\Reports\\20191111_164954\\WishList\\WishList\\20191111_164954\\1573466060453.png, C:\\Users\\Marvin\\Documents\\GitHub\\ACCBid-Mobile\\Reports\\20191111_164954\\WishList\\WishList\\20191111_164954\\1573466065519.png, C:\\Users\\Marvin\\Documents\\GitHub\\ACCBid-Mobile\\Reports\\20191111_164954\\WishList\\WishList\\20191111_164954\\1573466069244.png, C:\\Users\\Marvin\\Documents\\GitHub\\ACCBid-Mobile\\Reports\\20191111_164954\\WishList\\WishList\\20191111_164954\\1573466071913.png"/>
            <property name="hostName" value="Marvin - DESKTOP-98KC72N"/>
            <property name="os" value="Windows 10 64bit"/>
            <property name="appiumServerStatus" value="{\&quot;status\&quot;:0,\&quot;value\&quot;:{\&quot;build\&quot;:{\&quot;version\&quot;:\&quot;1.12.1\&quot;}},\&quot;sessionId\&quot;:null}"/>
            <property name="katalonVersion" value="6.3.3.11"/>
            <property name="deviceOS" value="Android"/>
            <property name="appiumVersion" value="1.12.1"/>
            <property name="deviceModel" value="SM-A505F"/>
            <property name="hostAddress" value="192.168.56.1"/>
            <property name="deviceManufacturer" value="samsung"/>
            <property name="deviceId" value="RR8M30NJEFN"/>
            <property name="deviceName" value="samsung SM-A505F (Android 9)"/>
            <property name="deviceOSVersion" value="9"/>
        </properties>
        <testcase name="Test Cases/Wishlist/Wishlist" classname="Test Cases/Wishlist/Wishlist" status="PASSED">
            <system-out>2019-11-11 16:50:08 - [TEST_CASE][PASSED] - Test Cases/Wishlist/Wishlist: Test Cases/Wishlist/Wishlist&#xD;
&#xD;
2019-11-11 16:50:08 - [TEST_STEP][PASSED] - Start listener action : executeRows: null&#xD;
&#xD;
2019-11-11 16:50:14 - [TEST_STEP][PASSED] - startApplication("C:/Users/Marvin/Documents/GitHub/ACCBid-Mobile/accbid.apk", false): Started app at: 'C:\Users\Marvin\Documents\GitHub\ACCBid-Mobile\accbid.apk'&#xD;
&#xD;
2019-11-11 16:50:14 - [MESSAGE][INFO] - User set preference: ['unicodeKeyboard', 'true']&#xD;
&#xD;
2019-11-11 16:50:14 - [MESSAGE][INFO] - User set preference: ['resetKeyboard', 'true']&#xD;
&#xD;
2019-11-11 16:50:14 - [MESSAGE][INFO] - User set preference: ['deviceId', '']&#xD;
&#xD;
2019-11-11 16:50:26 - [MESSAGE][INFO] - Appium server started on port 49,352&#xD;
&#xD;
2019-11-11 16:50:58 - [MESSAGE][PASSED] - Started app at: 'C:\Users\Marvin\Documents\GitHub\ACCBid-Mobile\accbid.apk'&#xD;
&#xD;
2019-11-11 16:50:58 - [TEST_STEP][PASSED] - if (verifyElementText(findTestObject("Wishlist/BID1"), BIDDING, OPTIONAL)): Tapped on element 'Object Repository/Wishlist/BID1'&#xD;
&#xD;
2019-11-11 16:51:05 - [MESSAGE][PASSED] - Actual text and expected text of test object 'Object Repository/Wishlist/BID1' are matched.&#xD;
&#xD;
2019-11-11 16:51:05 - [TEST_STEP][PASSED] - tap(findTestObject("Wishlist/BID1"), 0): Tapped on element 'Object Repository/Wishlist/BID1'&#xD;
&#xD;
2019-11-11 16:51:05 - [MESSAGE][WARNING] - Timeout '0' is invalid. Using default page load timeout: '60'&#xD;
&#xD;
2019-11-11 16:51:08 - [MESSAGE][PASSED] - Tapped on element 'Object Repository/Wishlist/BID1'&#xD;
&#xD;
2019-11-11 16:51:08 - [TEST_STEP][PASSED] - tap(findTestObject("Wishlist/AddWishList"), 0): Tapped on element 'Object Repository/Wishlist/AddWishList'&#xD;
&#xD;
2019-11-11 16:51:08 - [MESSAGE][WARNING] - Timeout '0' is invalid. Using default page load timeout: '60'&#xD;
&#xD;
2019-11-11 16:51:15 - [MESSAGE][PASSED] - Tapped on element 'Object Repository/Wishlist/AddWishList'&#xD;
&#xD;
2019-11-11 16:51:15 - [TEST_STEP][PASSED] - pressBack(): Press back button successfully&#xD;
&#xD;
2019-11-11 16:51:16 - [MESSAGE][PASSED] - Press back button successfully&#xD;
&#xD;
2019-11-11 16:51:16 - [TEST_STEP][PASSED] - tap(findTestObject("Wishlist/Btn_Wishlist"), 0): Tapped on element 'Object Repository/Wishlist/Btn_Wishlist'&#xD;
&#xD;
2019-11-11 16:51:17 - [MESSAGE][WARNING] - Timeout '0' is invalid. Using default page load timeout: '60'&#xD;
&#xD;
2019-11-11 16:51:22 - [MESSAGE][PASSED] - Tapped on element 'Object Repository/Wishlist/Btn_Wishlist'&#xD;
&#xD;
2019-11-11 16:51:22 - [TEST_STEP][PASSED] - tap(findTestObject("Wishlist/FilterUrutkanBTN"), 0): Tapped on element 'Object Repository/Wishlist/FilterUrutkanBTN'&#xD;
&#xD;
2019-11-11 16:51:22 - [MESSAGE][WARNING] - Timeout '0' is invalid. Using default page load timeout: '60'&#xD;
&#xD;
2019-11-11 16:51:45 - [MESSAGE][PASSED] - Tapped on element 'Object Repository/Wishlist/FilterUrutkanBTN'&#xD;
&#xD;
2019-11-11 16:51:45 - [TEST_STEP][PASSED] - if (Urutkan == "Waktu Berakhir"): null&#xD;
&#xD;
2019-11-11 16:51:45 - [TEST_STEP][PASSED] - else if (Urutkan == "Harga Terendah"): Tapped on element 'Object Repository/Wishlist/HargaTerendah'&#xD;
&#xD;
2019-11-11 16:51:45 - [TEST_STEP][PASSED] - tap(findTestObject("Wishlist/HargaTerendah"), 0): Tapped on element 'Object Repository/Wishlist/HargaTerendah'&#xD;
&#xD;
2019-11-11 16:51:46 - [MESSAGE][WARNING] - Timeout '0' is invalid. Using default page load timeout: '60'&#xD;
&#xD;
2019-11-11 16:51:49 - [MESSAGE][PASSED] - Tapped on element 'Object Repository/Wishlist/HargaTerendah'&#xD;
&#xD;
2019-11-11 16:51:49 - [TEST_STEP][PASSED] - delay(2): Delayed 2 second(s)&#xD;
&#xD;
2019-11-11 16:51:51 - [MESSAGE][PASSED] - Delayed 2 second(s)&#xD;
&#xD;
2019-11-11 16:51:51 - [TEST_STEP][PASSED] - if (LelangTerbuka == "true"): Element 'Object Repository/Wishlist/LelangTerbuka' is checked&#xD;
&#xD;
2019-11-11 16:51:51 - [TEST_STEP][PASSED] - checkElement(findTestObject("Wishlist/LelangTerbuka"), 0): Element 'Object Repository/Wishlist/LelangTerbuka' is checked&#xD;
&#xD;
2019-11-11 16:51:51 - [MESSAGE][WARNING] - Timeout '0' is invalid. Using default page load timeout: '60'&#xD;
&#xD;
2019-11-11 16:51:55 - [MESSAGE][PASSED] - Element 'Object Repository/Wishlist/LelangTerbuka' is checked&#xD;
&#xD;
2019-11-11 16:51:55 - [TEST_STEP][PASSED] - if (LelangTertutup == "true"): null&#xD;
&#xD;
2019-11-11 16:51:55 - [TEST_STEP][PASSED] - if (SedangBerlangsung == "true"): null&#xD;
&#xD;
2019-11-11 16:51:55 - [TEST_STEP][PASSED] - if (AkanDatang == "true"): Element 'Object Repository/Wishlist/AkanDatang' is checked&#xD;
&#xD;
2019-11-11 16:51:55 - [TEST_STEP][PASSED] - checkElement(findTestObject("Wishlist/AkanDatang"), 0): Element 'Object Repository/Wishlist/AkanDatang' is checked&#xD;
&#xD;
2019-11-11 16:51:55 - [MESSAGE][WARNING] - Timeout '0' is invalid. Using default page load timeout: '60'&#xD;
&#xD;
2019-11-11 16:51:58 - [MESSAGE][PASSED] - Element 'Object Repository/Wishlist/AkanDatang' is checked&#xD;
&#xD;
2019-11-11 16:51:58 - [TEST_STEP][PASSED] - tap(findTestObject("Wishlist/BtnApply"), 0): Tapped on element 'Object Repository/Wishlist/BtnApply'&#xD;
&#xD;
2019-11-11 16:51:58 - [MESSAGE][WARNING] - Timeout '0' is invalid. Using default page load timeout: '60'&#xD;
&#xD;
2019-11-11 16:52:03 - [MESSAGE][PASSED] - Tapped on element 'Object Repository/Wishlist/BtnApply'&#xD;
&#xD;
2019-11-11 16:52:03 - [TEST_STEP][PASSED] - switch ("Result"): null&#xD;
&#xD;
2019-11-11 16:52:03 - [TEST_STEP][PASSED] - Start listener action : addFailedTCToList: null</system-out>
            <system-err></system-err>
        </testcase>
        <testcase name="Test Cases/Wishlist/Wishlist" classname="Test Cases/Wishlist/Wishlist" status="PASSED">
            <system-out>2019-11-11 16:52:03 - [TEST_CASE][PASSED] - Test Cases/Wishlist/Wishlist: Test Cases/Wishlist/Wishlist&#xD;
&#xD;
2019-11-11 16:52:04 - [TEST_STEP][PASSED] - Start listener action : executeRows: null&#xD;
&#xD;
2019-11-11 16:52:04 - [TEST_STEP][PASSED] - startApplication("C:/Users/Marvin/Documents/GitHub/ACCBid-Mobile/accbid.apk", false): Started app at: 'C:\Users\Marvin\Documents\GitHub\ACCBid-Mobile\accbid.apk'&#xD;
&#xD;
2019-11-11 16:52:04 - [MESSAGE][INFO] - User set preference: ['unicodeKeyboard', 'true']&#xD;
&#xD;
2019-11-11 16:52:04 - [MESSAGE][INFO] - User set preference: ['resetKeyboard', 'true']&#xD;
&#xD;
2019-11-11 16:52:04 - [MESSAGE][INFO] - User set preference: ['deviceId', '']&#xD;
&#xD;
2019-11-11 16:52:31 - [MESSAGE][PASSED] - Started app at: 'C:\Users\Marvin\Documents\GitHub\ACCBid-Mobile\accbid.apk'&#xD;
&#xD;
2019-11-11 16:52:31 - [TEST_STEP][PASSED] - if (verifyElementText(findTestObject("Wishlist/BID1"), BIDDING, OPTIONAL)): Actual text and expected text of test object 'Object Repository/Wishlist/BID2' are matched.&#xD;
&#xD;
2019-11-11 16:52:41 - [MESSAGE][WARNING] - Actual text 'IBIDBatam07 - 07 Aug 2020' and expected text 'IBIDDKI31 - 29 Feb 2020' of test object 'Object Repository/Wishlist/BID1' are NOT matched.&#xD;
[[ATTACHMENT|C:\\Users\\Marvin\\Documents\\GitHub\\ACCBid-Mobile\\Reports\\20191111_164954\\WishList\\WishList\\20191111_164954\\1573465958884.png]]&#xD;
&#xD;
2019-11-11 16:52:43 - [MESSAGE][PASSED] - Actual text and expected text of test object 'Object Repository/Wishlist/BID2' are matched.&#xD;
&#xD;
2019-11-11 16:52:43 - [TEST_STEP][PASSED] - else if (verifyElementText(findTestObject("Wishlist/BID2"), BIDDING, OPTIONAL)): Tapped on element 'Object Repository/Wishlist/BID2'&#xD;
&#xD;
2019-11-11 16:52:43 - [TEST_STEP][PASSED] - tap(findTestObject("Wishlist/BID2"), 0): Tapped on element 'Object Repository/Wishlist/BID2'&#xD;
&#xD;
2019-11-11 16:52:43 - [MESSAGE][WARNING] - Timeout '0' is invalid. Using default page load timeout: '60'&#xD;
&#xD;
2019-11-11 16:52:45 - [MESSAGE][PASSED] - Tapped on element 'Object Repository/Wishlist/BID2'&#xD;
&#xD;
2019-11-11 16:52:45 - [TEST_STEP][PASSED] - tap(findTestObject("Wishlist/AddWishList"), 0): Tapped on element 'Object Repository/Wishlist/AddWishList'&#xD;
&#xD;
2019-11-11 16:52:46 - [MESSAGE][WARNING] - Timeout '0' is invalid. Using default page load timeout: '60'&#xD;
&#xD;
2019-11-11 16:52:49 - [MESSAGE][PASSED] - Tapped on element 'Object Repository/Wishlist/AddWishList'&#xD;
&#xD;
2019-11-11 16:52:49 - [TEST_STEP][PASSED] - pressBack(): Press back button successfully&#xD;
&#xD;
2019-11-11 16:52:50 - [MESSAGE][PASSED] - Press back button successfully&#xD;
&#xD;
2019-11-11 16:52:50 - [TEST_STEP][PASSED] - tap(findTestObject("Wishlist/Btn_Wishlist"), 0): Tapped on element 'Object Repository/Wishlist/Btn_Wishlist'&#xD;
&#xD;
2019-11-11 16:52:50 - [MESSAGE][WARNING] - Timeout '0' is invalid. Using default page load timeout: '60'&#xD;
&#xD;
2019-11-11 16:52:55 - [MESSAGE][PASSED] - Tapped on element 'Object Repository/Wishlist/Btn_Wishlist'&#xD;
&#xD;
2019-11-11 16:52:55 - [TEST_STEP][PASSED] - tap(findTestObject("Wishlist/FilterUrutkanBTN"), 0): Tapped on element 'Object Repository/Wishlist/FilterUrutkanBTN'&#xD;
&#xD;
2019-11-11 16:52:55 - [MESSAGE][WARNING] - Timeout '0' is invalid. Using default page load timeout: '60'&#xD;
&#xD;
2019-11-11 16:53:34 - [MESSAGE][PASSED] - Tapped on element 'Object Repository/Wishlist/FilterUrutkanBTN'&#xD;
&#xD;
2019-11-11 16:53:34 - [TEST_STEP][PASSED] - if (Urutkan == "Waktu Berakhir"): null&#xD;
&#xD;
2019-11-11 16:53:34 - [TEST_STEP][PASSED] - else if (Urutkan == "Harga Terendah"): null&#xD;
&#xD;
2019-11-11 16:53:34 - [TEST_STEP][PASSED] - else if (Urutkan == "Harga Tertinggi"): Tapped on element 'Object Repository/Wishlist/HargaTertinggi'&#xD;
&#xD;
2019-11-11 16:53:34 - [TEST_STEP][PASSED] - tap(findTestObject("Wishlist/HargaTertinggi"), 0): Tapped on element 'Object Repository/Wishlist/HargaTertinggi'&#xD;
&#xD;
2019-11-11 16:53:35 - [MESSAGE][WARNING] - Timeout '0' is invalid. Using default page load timeout: '60'&#xD;
&#xD;
2019-11-11 16:53:38 - [MESSAGE][PASSED] - Tapped on element 'Object Repository/Wishlist/HargaTertinggi'&#xD;
&#xD;
2019-11-11 16:53:38 - [TEST_STEP][PASSED] - delay(2): Delayed 2 second(s)&#xD;
&#xD;
2019-11-11 16:53:40 - [MESSAGE][PASSED] - Delayed 2 second(s)&#xD;
&#xD;
2019-11-11 16:53:40 - [TEST_STEP][PASSED] - if (LelangTerbuka == "true"): null&#xD;
&#xD;
2019-11-11 16:53:40 - [TEST_STEP][PASSED] - if (LelangTertutup == "true"): null&#xD;
&#xD;
2019-11-11 16:53:40 - [TEST_STEP][PASSED] - if (SedangBerlangsung == "true"): Element 'Object Repository/Wishlist/SedangBerlangsung' is checked&#xD;
&#xD;
2019-11-11 16:53:40 - [TEST_STEP][PASSED] - checkElement(findTestObject("Wishlist/SedangBerlangsung"), 0): Element 'Object Repository/Wishlist/SedangBerlangsung' is checked&#xD;
&#xD;
2019-11-11 16:53:40 - [MESSAGE][WARNING] - Timeout '0' is invalid. Using default page load timeout: '60'&#xD;
&#xD;
2019-11-11 16:53:43 - [MESSAGE][PASSED] - Element 'Object Repository/Wishlist/SedangBerlangsung' is checked&#xD;
&#xD;
2019-11-11 16:53:43 - [TEST_STEP][PASSED] - if (AkanDatang == "true"): null&#xD;
&#xD;
2019-11-11 16:53:43 - [TEST_STEP][PASSED] - tap(findTestObject("Wishlist/BtnApply"), 0): Tapped on element 'Object Repository/Wishlist/BtnApply'&#xD;
&#xD;
2019-11-11 16:53:43 - [MESSAGE][WARNING] - Timeout '0' is invalid. Using default page load timeout: '60'&#xD;
&#xD;
2019-11-11 16:53:47 - [MESSAGE][PASSED] - Tapped on element 'Object Repository/Wishlist/BtnApply'&#xD;
&#xD;
2019-11-11 16:53:47 - [TEST_STEP][PASSED] - switch ("Result"): null&#xD;
&#xD;
2019-11-11 16:53:47 - [TEST_STEP][PASSED] - Start listener action : addFailedTCToList: null</system-out>
            <system-err></system-err>
        </testcase>
        <testcase name="Test Cases/Wishlist/Wishlist" classname="Test Cases/Wishlist/Wishlist" status="FAILED">
            <failure type="FAILED" message="Test Cases/Wishlist/Wishlist FAILED.&#xA;Reason:&#xA;com.kms.katalon.core.exception.StepFailedException: Actual text 'tesDKI31 - 29 Feb 2020' and expected text 'Lelang Sapi' of test object 'Object Repository/Wishlist/BID3' are NOT matched.&#xD;&#xA;&#x9;at com.kms.katalon.core.keyword.internal.KeywordMain.stepFailed(KeywordMain.groovy:50)&#xD;&#xA;&#x9;at com.kms.katalon.core.mobile.keyword.internal.MobileKeywordMain.stepFailed(MobileKeywordMain.groovy:40)&#xD;&#xA;&#x9;at com.kms.katalon.core.mobile.keyword.builtin.VerifyElementTextKeyword$_verifyElementText_closure1.doCall(VerifyElementTextKeyword.groovy:56)&#xD;&#xA;&#x9;at com.kms.katalon.core.mobile.keyword.builtin.VerifyElementTextKeyword$_verifyElementText_closure1.call(VerifyElementTextKeyword.groovy)&#xD;&#xA;&#x9;at com.kms.katalon.core.mobile.keyword.internal.MobileKeywordMain.runKeyword(MobileKeywordMain.groovy:21)&#xD;&#xA;&#x9;at com.kms.katalon.core.mobile.keyword.builtin.VerifyElementTextKeyword.verifyElementText(VerifyElementTextKeyword.groovy:62)&#xD;&#xA;&#x9;at com.kms.katalon.core.mobile.keyword.builtin.VerifyElementTextKeyword.execute(VerifyElementTextKeyword.groovy:39)&#xD;&#xA;&#x9;at com.kms.katalon.core.keyword.internal.KeywordExecutor.executeKeywordForPlatform(KeywordExecutor.groovy:56)&#xD;&#xA;&#x9;at com.kms.katalon.core.mobile.keyword.MobileBuiltInKeywords.verifyElementText(MobileBuiltInKeywords.groovy:1786)&#xD;&#xA;&#x9;at com.kms.katalon.core.mobile.keyword.MobileBuiltInKeywords$verifyElementText$0.call(Unknown Source)&#xD;&#xA;&#x9;at Wishlist.run(Wishlist:22)&#xD;&#xA;&#x9;at com.kms.katalon.core.main.ScriptEngine.run(ScriptEngine.java:194)&#xD;&#xA;&#x9;at com.kms.katalon.core.main.ScriptEngine.runScriptAsRawText(ScriptEngine.java:119)&#xD;&#xA;&#x9;at com.kms.katalon.core.main.TestCaseExecutor.runScript(TestCaseExecutor.java:337)&#xD;&#xA;&#x9;at com.kms.katalon.core.main.TestCaseExecutor.doExecute(TestCaseExecutor.java:328)&#xD;&#xA;&#x9;at com.kms.katalon.core.main.TestCaseExecutor.processExecutionPhase(TestCaseExecutor.java:307)&#xD;&#xA;&#x9;at com.kms.katalon.core.main.TestCaseExecutor.accessMainPhase(TestCaseExecutor.java:299)&#xD;&#xA;&#x9;at com.kms.katalon.core.main.TestCaseExecutor.execute(TestCaseExecutor.java:233)&#xD;&#xA;&#x9;at com.kms.katalon.core.main.TestSuiteExecutor.accessTestCaseMainPhase(TestSuiteExecutor.java:169)&#xD;&#xA;&#x9;at com.kms.katalon.core.main.TestSuiteExecutor.accessTestSuiteMainPhase(TestSuiteExecutor.java:142)&#xD;&#xA;&#x9;at com.kms.katalon.core.main.TestSuiteExecutor.execute(TestSuiteExecutor.java:91)&#xD;&#xA;&#x9;at com.kms.katalon.core.main.TestCaseMain.startTestSuite(TestCaseMain.java:157)&#xD;&#xA;&#x9;at com.kms.katalon.core.main.TestCaseMain$startTestSuite$0.call(Unknown Source)&#xD;&#xA;&#x9;at TempTestSuite1573465794615.run(TempTestSuite1573465794615.groovy:35)&#xD;&#xA;"/>
            <system-out>2019-11-11 16:53:47 - [TEST_CASE][FAILED] - Test Cases/Wishlist/Wishlist: Test Cases/Wishlist/Wishlist FAILED.
Reason:
com.kms.katalon.core.exception.StepFailedException: Actual text 'tesDKI31 - 29 Feb 2020' and expected text 'Lelang Sapi' of test object 'Object Repository/Wishlist/BID3' are NOT matched.&#xD;
	at com.kms.katalon.core.keyword.internal.KeywordMain.stepFailed(KeywordMain.groovy:50)&#xD;
	at com.kms.katalon.core.mobile.keyword.internal.MobileKeywordMain.stepFailed(MobileKeywordMain.groovy:40)&#xD;
	at com.kms.katalon.core.mobile.keyword.builtin.VerifyElementTextKeyword$_verifyElementText_closure1.doCall(VerifyElementTextKeyword.groovy:56)&#xD;
	at com.kms.katalon.core.mobile.keyword.builtin.VerifyElementTextKeyword$_verifyElementText_closure1.call(VerifyElementTextKeyword.groovy)&#xD;
	at com.kms.katalon.core.mobile.keyword.internal.MobileKeywordMain.runKeyword(MobileKeywordMain.groovy:21)&#xD;
	at com.kms.katalon.core.mobile.keyword.builtin.VerifyElementTextKeyword.verifyElementText(VerifyElementTextKeyword.groovy:62)&#xD;
	at com.kms.katalon.core.mobile.keyword.builtin.VerifyElementTextKeyword.execute(VerifyElementTextKeyword.groovy:39)&#xD;
	at com.kms.katalon.core.keyword.internal.KeywordExecutor.executeKeywordForPlatform(KeywordExecutor.groovy:56)&#xD;
	at com.kms.katalon.core.mobile.keyword.MobileBuiltInKeywords.verifyElementText(MobileBuiltInKeywords.groovy:1786)&#xD;
	at com.kms.katalon.core.mobile.keyword.MobileBuiltInKeywords$verifyElementText$0.call(Unknown Source)&#xD;
	at Wishlist.run(Wishlist:22)&#xD;
	at com.kms.katalon.core.main.ScriptEngine.run(ScriptEngine.java:194)&#xD;
	at com.kms.katalon.core.main.ScriptEngine.runScriptAsRawText(ScriptEngine.java:119)&#xD;
	at com.kms.katalon.core.main.TestCaseExecutor.runScript(TestCaseExecutor.java:337)&#xD;
	at com.kms.katalon.core.main.TestCaseExecutor.doExecute(TestCaseExecutor.java:328)&#xD;
	at com.kms.katalon.core.main.TestCaseExecutor.processExecutionPhase(TestCaseExecutor.java:307)&#xD;
	at com.kms.katalon.core.main.TestCaseExecutor.accessMainPhase(TestCaseExecutor.java:299)&#xD;
	at com.kms.katalon.core.main.TestCaseExecutor.execute(TestCaseExecutor.java:233)&#xD;
	at com.kms.katalon.core.main.TestSuiteExecutor.accessTestCaseMainPhase(TestSuiteExecutor.java:169)&#xD;
	at com.kms.katalon.core.main.TestSuiteExecutor.accessTestSuiteMainPhase(TestSuiteExecutor.java:142)&#xD;
	at com.kms.katalon.core.main.TestSuiteExecutor.execute(TestSuiteExecutor.java:91)&#xD;
	at com.kms.katalon.core.main.TestCaseMain.startTestSuite(TestCaseMain.java:157)&#xD;
	at com.kms.katalon.core.main.TestCaseMain$startTestSuite$0.call(Unknown Source)&#xD;
	at TempTestSuite1573465794615.run(TempTestSuite1573465794615.groovy:35)&#xD;
&#xD;
&#xD;
2019-11-11 16:53:47 - [TEST_STEP][PASSED] - Start listener action : executeRows: null&#xD;
&#xD;
2019-11-11 16:53:48 - [TEST_STEP][PASSED] - startApplication("C:/Users/Marvin/Documents/GitHub/ACCBid-Mobile/accbid.apk", false): Started app at: 'C:\Users\Marvin\Documents\GitHub\ACCBid-Mobile\accbid.apk'&#xD;
&#xD;
2019-11-11 16:53:48 - [MESSAGE][INFO] - User set preference: ['unicodeKeyboard', 'true']&#xD;
&#xD;
2019-11-11 16:53:48 - [MESSAGE][INFO] - User set preference: ['resetKeyboard', 'true']&#xD;
&#xD;
2019-11-11 16:53:48 - [MESSAGE][INFO] - User set preference: ['deviceId', '']&#xD;
&#xD;
2019-11-11 16:54:14 - [MESSAGE][PASSED] - Started app at: 'C:\Users\Marvin\Documents\GitHub\ACCBid-Mobile\accbid.apk'&#xD;
&#xD;
2019-11-11 16:54:14 - [TEST_STEP][FAILED] - if (verifyElementText(findTestObject("Wishlist/BID1"), BIDDING, OPTIONAL)): Verify element text of test object 'Object Repository/Wishlist/BID3' FAILED. (Root cause: com.kms.katalon.core.exception.StepFailedException: Actual text 'tesDKI31 - 29 Feb 2020' and expected text 'Lelang Sapi' of test object 'Object Repository/Wishlist/BID3' are NOT matched.&#xD;
	at com.kms.katalon.core.keyword.internal.KeywordMain.stepFailed(KeywordMain.groovy:50)&#xD;
	at com.kms.katalon.core.mobile.keyword.internal.MobileKeywordMain.stepFailed(MobileKeywordMain.groovy:40)&#xD;
	at com.kms.katalon.core.mobile.keyword.builtin.VerifyElementTextKeyword$_verifyElementText_closure1.doCall(VerifyElementTextKeyword.groovy:56)&#xD;
	at com.kms.katalon.core.mobile.keyword.builtin.VerifyElementTextKeyword$_verifyElementText_closure1.call(VerifyElementTextKeyword.groovy)&#xD;
	at com.kms.katalon.core.mobile.keyword.internal.MobileKeywordMain.runKeyword(MobileKeywordMain.groovy:21)&#xD;
	at com.kms.katalon.core.mobile.keyword.builtin.VerifyElementTextKeyword.verifyElementText(VerifyElementTextKeyword.groovy:62)&#xD;
	at com.kms.katalon.core.mobile.keyword.builtin.VerifyElementTextKeyword.execute(VerifyElementTextKeyword.groovy:39)&#xD;
	at com.kms.katalon.core.keyword.internal.KeywordExecutor.executeKeywordForPlatform(KeywordExecutor.groovy:56)&#xD;
	at com.kms.katalon.core.mobile.keyword.MobileBuiltInKeywords.verifyElementText(MobileBuiltInKeywords.groovy:1786)&#xD;
	at com.kms.katalon.core.mobile.keyword.MobileBuiltInKeywords$verifyElementText$0.call(Unknown Source)&#xD;
	at Wishlist.run(Wishlist:22)&#xD;
	at com.kms.katalon.core.main.ScriptEngine.run(ScriptEngine.java:194)&#xD;
	at com.kms.katalon.core.main.ScriptEngine.runScriptAsRawText(ScriptEngine.java:119)&#xD;
	at com.kms.katalon.core.main.TestCaseExecutor.runScript(TestCaseExecutor.java:337)&#xD;
	at com.kms.katalon.core.main.TestCaseExecutor.doExecute(TestCaseExecutor.java:328)&#xD;
	at com.kms.katalon.core.main.TestCaseExecutor.processExecutionPhase(TestCaseExecutor.java:307)&#xD;
	at com.kms.katalon.core.main.TestCaseExecutor.accessMainPhase(TestCaseExecutor.java:299)&#xD;
	at com.kms.katalon.core.main.TestCaseExecutor.execute(TestCaseExecutor.java:233)&#xD;
	at com.kms.katalon.core.main.TestSuiteExecutor.accessTestCaseMainPhase(TestSuiteExecutor.java:169)&#xD;
	at com.kms.katalon.core.main.TestSuiteExecutor.accessTestSuiteMainPhase(TestSuiteExecutor.java:142)&#xD;
	at com.kms.katalon.core.main.TestSuiteExecutor.execute(TestSuiteExecutor.java:91)&#xD;
	at com.kms.katalon.core.main.TestCaseMain.startTestSuite(TestCaseMain.java:157)&#xD;
	at com.kms.katalon.core.main.TestCaseMain$startTestSuite$0.call(Unknown Source)&#xD;
	at TempTestSuite1573465794615.run(TempTestSuite1573465794615.groovy:35)&#xD;
)&#xD;
&#xD;
2019-11-11 16:54:23 - [MESSAGE][WARNING] - Actual text 'IBIDBatam07 - 07 Aug 2020' and expected text 'Lelang Sapi' of test object 'Object Repository/Wishlist/BID1' are NOT matched.&#xD;
[[ATTACHMENT|C:\\Users\\Marvin\\Documents\\GitHub\\ACCBid-Mobile\\Reports\\20191111_164954\\WishList\\WishList\\20191111_164954\\1573466060453.png]]&#xD;
&#xD;
2019-11-11 16:54:28 - [MESSAGE][WARNING] - Actual text 'IBIDDKI31 - 29 Feb 2020' and expected text 'Lelang Sapi' of test object 'Object Repository/Wishlist/BID2' are NOT matched.&#xD;
[[ATTACHMENT|C:\\Users\\Marvin\\Documents\\GitHub\\ACCBid-Mobile\\Reports\\20191111_164954\\WishList\\WishList\\20191111_164954\\1573466065519.png]]&#xD;
&#xD;
2019-11-11 16:54:31 - [MESSAGE][FAILED] - Actual text 'tesDKI31 - 29 Feb 2020' and expected text 'Lelang Sapi' of test object 'Object Repository/Wishlist/BID3' are NOT matched.&#xD;
[[ATTACHMENT|C:\\Users\\Marvin\\Documents\\GitHub\\ACCBid-Mobile\\Reports\\20191111_164954\\WishList\\WishList\\20191111_164954\\1573466069244.png]]&#xD;
&#xD;
2019-11-11 16:54:34 - [MESSAGE][FAILED] - Verify element text of test object 'Object Repository/Wishlist/BID3' FAILED. (Root cause: com.kms.katalon.core.exception.StepFailedException: Actual text 'tesDKI31 - 29 Feb 2020' and expected text 'Lelang Sapi' of test object 'Object Repository/Wishlist/BID3' are NOT matched.&#xD;
	at com.kms.katalon.core.keyword.internal.KeywordMain.stepFailed(KeywordMain.groovy:50)&#xD;
	at com.kms.katalon.core.mobile.keyword.internal.MobileKeywordMain.stepFailed(MobileKeywordMain.groovy:40)&#xD;
	at com.kms.katalon.core.mobile.keyword.builtin.VerifyElementTextKeyword$_verifyElementText_closure1.doCall(VerifyElementTextKeyword.groovy:56)&#xD;
	at com.kms.katalon.core.mobile.keyword.builtin.VerifyElementTextKeyword$_verifyElementText_closure1.call(VerifyElementTextKeyword.groovy)&#xD;
	at com.kms.katalon.core.mobile.keyword.internal.MobileKeywordMain.runKeyword(MobileKeywordMain.groovy:21)&#xD;
	at com.kms.katalon.core.mobile.keyword.builtin.VerifyElementTextKeyword.verifyElementText(VerifyElementTextKeyword.groovy:62)&#xD;
	at com.kms.katalon.core.mobile.keyword.builtin.VerifyElementTextKeyword.execute(VerifyElementTextKeyword.groovy:39)&#xD;
	at com.kms.katalon.core.keyword.internal.KeywordExecutor.executeKeywordForPlatform(KeywordExecutor.groovy:56)&#xD;
	at com.kms.katalon.core.mobile.keyword.MobileBuiltInKeywords.verifyElementText(MobileBuiltInKeywords.groovy:1786)&#xD;
	at com.kms.katalon.core.mobile.keyword.MobileBuiltInKeywords$verifyElementText$0.call(Unknown Source)&#xD;
	at Wishlist.run(Wishlist:22)&#xD;
	at com.kms.katalon.core.main.ScriptEngine.run(ScriptEngine.java:194)&#xD;
	at com.kms.katalon.core.main.ScriptEngine.runScriptAsRawText(ScriptEngine.java:119)&#xD;
	at com.kms.katalon.core.main.TestCaseExecutor.runScript(TestCaseExecutor.java:337)&#xD;
	at com.kms.katalon.core.main.TestCaseExecutor.doExecute(TestCaseExecutor.java:328)&#xD;
	at com.kms.katalon.core.main.TestCaseExecutor.processExecutionPhase(TestCaseExecutor.java:307)&#xD;
	at com.kms.katalon.core.main.TestCaseExecutor.accessMainPhase(TestCaseExecutor.java:299)&#xD;
	at com.kms.katalon.core.main.TestCaseExecutor.execute(TestCaseExecutor.java:233)&#xD;
	at com.kms.katalon.core.main.TestSuiteExecutor.accessTestCaseMainPhase(TestSuiteExecutor.java:169)&#xD;
	at com.kms.katalon.core.main.TestSuiteExecutor.accessTestSuiteMainPhase(TestSuiteExecutor.java:142)&#xD;
	at com.kms.katalon.core.main.TestSuiteExecutor.execute(TestSuiteExecutor.java:91)&#xD;
	at com.kms.katalon.core.main.TestCaseMain.startTestSuite(TestCaseMain.java:157)&#xD;
	at com.kms.katalon.core.main.TestCaseMain$startTestSuite$0.call(Unknown Source)&#xD;
	at TempTestSuite1573465794615.run(TempTestSuite1573465794615.groovy:35)&#xD;
)&#xD;
[[ATTACHMENT|C:\\Users\\Marvin\\Documents\\GitHub\\ACCBid-Mobile\\Reports\\20191111_164954\\WishList\\WishList\\20191111_164954\\1573466071913.png]]&#xD;
&#xD;
2019-11-11 16:54:34 - [TEST_STEP][PASSED] - Start listener action : addFailedTCToList: null</system-out>
            <system-err>2019-11-11 16:53:47 - [TEST_CASE][FAILED] - Test Cases/Wishlist/Wishlist: Test Cases/Wishlist/Wishlist FAILED.
Reason:
com.kms.katalon.core.exception.StepFailedException: Actual text 'tesDKI31 - 29 Feb 2020' and expected text 'Lelang Sapi' of test object 'Object Repository/Wishlist/BID3' are NOT matched.&#xD;
	at com.kms.katalon.core.keyword.internal.KeywordMain.stepFailed(KeywordMain.groovy:50)&#xD;
	at com.kms.katalon.core.mobile.keyword.internal.MobileKeywordMain.stepFailed(MobileKeywordMain.groovy:40)&#xD;
	at com.kms.katalon.core.mobile.keyword.builtin.VerifyElementTextKeyword$_verifyElementText_closure1.doCall(VerifyElementTextKeyword.groovy:56)&#xD;
	at com.kms.katalon.core.mobile.keyword.builtin.VerifyElementTextKeyword$_verifyElementText_closure1.call(VerifyElementTextKeyword.groovy)&#xD;
	at com.kms.katalon.core.mobile.keyword.internal.MobileKeywordMain.runKeyword(MobileKeywordMain.groovy:21)&#xD;
	at com.kms.katalon.core.mobile.keyword.builtin.VerifyElementTextKeyword.verifyElementText(VerifyElementTextKeyword.groovy:62)&#xD;
	at com.kms.katalon.core.mobile.keyword.builtin.VerifyElementTextKeyword.execute(VerifyElementTextKeyword.groovy:39)&#xD;
	at com.kms.katalon.core.keyword.internal.KeywordExecutor.executeKeywordForPlatform(KeywordExecutor.groovy:56)&#xD;
	at com.kms.katalon.core.mobile.keyword.MobileBuiltInKeywords.verifyElementText(MobileBuiltInKeywords.groovy:1786)&#xD;
	at com.kms.katalon.core.mobile.keyword.MobileBuiltInKeywords$verifyElementText$0.call(Unknown Source)&#xD;
	at Wishlist.run(Wishlist:22)&#xD;
	at com.kms.katalon.core.main.ScriptEngine.run(ScriptEngine.java:194)&#xD;
	at com.kms.katalon.core.main.ScriptEngine.runScriptAsRawText(ScriptEngine.java:119)&#xD;
	at com.kms.katalon.core.main.TestCaseExecutor.runScript(TestCaseExecutor.java:337)&#xD;
	at com.kms.katalon.core.main.TestCaseExecutor.doExecute(TestCaseExecutor.java:328)&#xD;
	at com.kms.katalon.core.main.TestCaseExecutor.processExecutionPhase(TestCaseExecutor.java:307)&#xD;
	at com.kms.katalon.core.main.TestCaseExecutor.accessMainPhase(TestCaseExecutor.java:299)&#xD;
	at com.kms.katalon.core.main.TestCaseExecutor.execute(TestCaseExecutor.java:233)&#xD;
	at com.kms.katalon.core.main.TestSuiteExecutor.accessTestCaseMainPhase(TestSuiteExecutor.java:169)&#xD;
	at com.kms.katalon.core.main.TestSuiteExecutor.accessTestSuiteMainPhase(TestSuiteExecutor.java:142)&#xD;
	at com.kms.katalon.core.main.TestSuiteExecutor.execute(TestSuiteExecutor.java:91)&#xD;
	at com.kms.katalon.core.main.TestCaseMain.startTestSuite(TestCaseMain.java:157)&#xD;
	at com.kms.katalon.core.main.TestCaseMain$startTestSuite$0.call(Unknown Source)&#xD;
	at TempTestSuite1573465794615.run(TempTestSuite1573465794615.groovy:35)</system-err>
        </testcase>
        <system-out>2019-11-11 16:50:05 - [TEST_SUITE][INCOMPLETE] - WishList: null</system-out>
        <system-err>2019-11-11 16:50:05 - [TEST_SUITE][INCOMPLETE] - WishList: null</system-err>
    </testsuite>
</testsuites>
