<?xml version="1.0" encoding="UTF-8"?>
<testsuites name="TOPUP" time="602.951" tests="4" failures="2" errors="0">
   <testsuite name="TOPUP" tests="4" failures="2" errors="0" time="602.951" timestamp="2019-11-14 12:46:49" hostname="Marvin - DESKTOP-98KC72N" id="Test Suites/TopUP/TOPUP">
      <properties>
         <property name="deviceName" value="samsung SM-A505F (Android 9)"/>
         <property name="devicePlatform" value=""/>
         <property name="logFolder" value="C:\\Users\\Marvin\\Documents\\GitHub\\ACCBid-Mobile\\Reports\\20191114_124633\\TopUP\\TOPUP\\20191114_124633"/>
         <property name="logFiles" value="C:\\Users\\Marvin\\Documents\\GitHub\\ACCBid-Mobile\\Reports\\20191114_124633\\TopUP\\TOPUP\\20191114_124633\\appium.log, C:\\Users\\Marvin\\Documents\\GitHub\\ACCBid-Mobile\\Reports\\20191114_124633\\TopUP\\TOPUP\\20191114_124633\\execution0.log"/>
         <property name="attachments" value="C:\\Users\\Marvin\\Documents\\GitHub\\ACCBid-Mobile\\Reports\\20191114_124633\\TopUP\\TOPUP\\20191114_124633\\1573710505154.png, C:\\Users\\Marvin\\Documents\\GitHub\\ACCBid-Mobile\\Reports\\20191114_124633\\TopUP\\TOPUP\\20191114_124633\\1573710769576.png, C:\\Users\\Marvin\\Documents\\GitHub\\ACCBid-Mobile\\Reports\\20191114_124633\\TopUP\\TOPUP\\20191114_124633\\1573710832039.png, C:\\Users\\Marvin\\Documents\\GitHub\\ACCBid-Mobile\\Reports\\20191114_124633\\TopUP\\TOPUP\\20191114_124633\\1573710894407.png, C:\\Users\\Marvin\\Documents\\GitHub\\ACCBid-Mobile\\Reports\\20191114_124633\\TopUP\\TOPUP\\20191114_124633\\1573710896151.png, C:\\Users\\Marvin\\Documents\\GitHub\\ACCBid-Mobile\\Reports\\20191114_124633\\TopUP\\TOPUP\\20191114_124633\\1573711003504.png, C:\\Users\\Marvin\\Documents\\GitHub\\ACCBid-Mobile\\Reports\\20191114_124633\\TopUP\\TOPUP\\20191114_124633\\1573711005152.png"/>
         <property name="hostName" value="Marvin - DESKTOP-98KC72N"/>
         <property name="os" value="Windows 10 64bit"/>
         <property name="appiumServerStatus" value="{\&quot;status\&quot;:0,\&quot;value\&quot;:{\&quot;build\&quot;:{\&quot;version\&quot;:\&quot;1.12.1\&quot;}},\&quot;sessionId\&quot;:null}"/>
         <property name="katalonVersion" value="7.0.8.1"/>
         <property name="deviceOS" value="Android"/>
         <property name="appiumVersion" value="1.12.1"/>
         <property name="deviceModel" value="SM-A505F"/>
         <property name="hostAddress" value="192.168.56.1"/>
         <property name="deviceManufacturer" value="samsung"/>
         <property name="deviceId" value="RR8M30NJEFN"/>
         <property name="deviceName" value="samsung SM-A505F (Android 9)"/>
         <property name="deviceOSVersion" value="9"/>
      </properties>
      <testcase name="Test Cases/TopUP/TopUPNew" time="119.508" classname="Test Cases/TopUP/TopUPNew" status="PASSED">
         <system-out><![CDATA[2019-11-14 12:46:53 - [TEST_CASE][PASSED] - Test Cases/TopUP/TopUPNew: Test Cases/TopUP/TopUPNew

2019-11-14 12:46:53 - [TEST_STEP][PASSED] - Start listener action : executeRows: null

2019-11-14 12:47:00 - [TEST_STEP][PASSED] - startApplication("C:/Users/Marvin/git/ACCBid-Mobile/accbid.apk", false): Started app at: 'C:\Users\Marvin\git\ACCBid-Mobile\accbid.apk'

2019-11-14 12:47:01 - [MESSAGE][INFO] - User set preference: ['unicodeKeyboard', 'true']

2019-11-14 12:47:01 - [MESSAGE][INFO] - User set preference: ['resetKeyboard', 'true']

2019-11-14 12:47:01 - [MESSAGE][INFO] - User set preference: ['deviceId', '']

2019-11-14 12:47:14 - [MESSAGE][INFO] - Appium server started on port 51,091

2019-11-14 12:47:59 - [MESSAGE][PASSED] - Started app at: 'C:\Users\Marvin\git\ACCBid-Mobile\accbid.apk'

2019-11-14 12:47:59 - [TEST_STEP][PASSED] - getDeviceHeight(): Current device physical height is 2131

2019-11-14 12:48:01 - [MESSAGE][PASSED] - Current device physical height is 2131

2019-11-14 12:48:01 - [TEST_STEP][PASSED] - getDeviceWidth(): Current device physical width is 1080

2019-11-14 12:48:02 - [MESSAGE][PASSED] - Current device physical width is 1080

2019-11-14 12:48:02 - [TEST_STEP][PASSED] - tap(findTestObject("TopUP/BTN_Deposit"), 0): Tapped on element 'Object Repository/TopUP/BTN_Deposit'

2019-11-14 12:48:02 - [MESSAGE][WARNING] - Timeout '0' is invalid. Using default page load timeout: '60'

2019-11-14 12:48:08 - [MESSAGE][PASSED] - Tapped on element 'Object Repository/TopUP/BTN_Deposit'

2019-11-14 12:48:08 - [TEST_STEP][PASSED] - if (JenisLelang == "Astria"): Delayed 4 second(s)

2019-11-14 12:48:08 - [TEST_STEP][PASSED] - tap(findTestObject("TopUP/Btn_TopUP"), 0): Tapped on element 'Object Repository/TopUP/Btn_TopUP'

2019-11-14 12:48:08 - [MESSAGE][WARNING] - Timeout '0' is invalid. Using default page load timeout: '60'

2019-11-14 12:48:12 - [MESSAGE][PASSED] - Tapped on element 'Object Repository/TopUP/Btn_TopUP'

2019-11-14 12:48:12 - [TEST_STEP][PASSED] - setText(findTestObject("TopUP/InputNominal"), varTopUP, 0): Text '500000' has been set to element 'Object Repository/TopUP/InputNominal'

2019-11-14 12:48:12 - [MESSAGE][WARNING] - Timeout '0' is invalid. Using default page load timeout: '60'

2019-11-14 12:48:14 - [MESSAGE][PASSED] - Text '500000' has been set to element 'Object Repository/TopUP/InputNominal'

2019-11-14 12:48:14 - [TEST_STEP][PASSED] - tap(findTestObject("TopUP/DropDownBank"), 0): Tapped on element 'Object Repository/TopUP/DropDownBank'

2019-11-14 12:48:14 - [MESSAGE][WARNING] - Timeout '0' is invalid. Using default page load timeout: '60'

2019-11-14 12:48:16 - [MESSAGE][PASSED] - Tapped on element 'Object Repository/TopUP/DropDownBank'

2019-11-14 12:48:16 - [TEST_STEP][PASSED] - tap(findTestObject("Kalkulator/Click", ["text":varBank]), 0): Tapped on element 'Object Repository/Kalkulator/Click'

2019-11-14 12:48:17 - [MESSAGE][WARNING] - Timeout '0' is invalid. Using default page load timeout: '60'

2019-11-14 12:48:19 - [MESSAGE][PASSED] - Tapped on element 'Object Repository/Kalkulator/Click'

2019-11-14 12:48:19 - [TEST_STEP][PASSED] - if (verifyElementVisible(findTestObject("TopUP/NotifKelipatan"), 3, OPTIONAL)): Element 'Object Repository/TopUP/NotifKelipatan' not found

2019-11-14 12:48:26 - [MESSAGE][WARNING] - Element 'Object Repository/TopUP/NotifKelipatan' not found
[[ATTACHMENT|C:\\Users\\Marvin\\Documents\\GitHub\\ACCBid-Mobile\\Reports\\20191114_124633\\TopUP\\TOPUP\\20191114_124633\\1573710505154.png]]

2019-11-14 12:48:26 - [TEST_STEP][PASSED] - else: Delayed 4 second(s)

2019-11-14 12:48:26 - [TEST_STEP][PASSED] - tap(findTestObject("TopUP/BtnLanjut"), 0): Tapped on element 'Object Repository/TopUP/BtnLanjut'

2019-11-14 12:48:27 - [MESSAGE][WARNING] - Timeout '0' is invalid. Using default page load timeout: '60'

2019-11-14 12:48:29 - [MESSAGE][PASSED] - Tapped on element 'Object Repository/TopUP/BtnLanjut'

2019-11-14 12:48:29 - [TEST_STEP][PASSED] - tap(findTestObject("TopUP/Btn_View"), 0): Tapped on element 'Object Repository/TopUP/Btn_View'

2019-11-14 12:48:29 - [MESSAGE][WARNING] - Timeout '0' is invalid. Using default page load timeout: '60'

2019-11-14 12:48:34 - [MESSAGE][PASSED] - Tapped on element 'Object Repository/TopUP/Btn_View'

2019-11-14 12:48:34 - [TEST_STEP][PASSED] - tap(findTestObject("TopUP/CloseBtn"), 0): Tapped on element 'Object Repository/TopUP/CloseBtn'

2019-11-14 12:48:34 - [MESSAGE][WARNING] - Timeout '0' is invalid. Using default page load timeout: '60'

2019-11-14 12:48:36 - [MESSAGE][PASSED] - Tapped on element 'Object Repository/TopUP/CloseBtn'

2019-11-14 12:48:36 - [TEST_STEP][PASSED] - tap(findTestObject("TopUP/BankTransferDrop"), 0): Tapped on element 'Object Repository/TopUP/BankTransferDrop'

2019-11-14 12:48:37 - [MESSAGE][WARNING] - Timeout '0' is invalid. Using default page load timeout: '60'

2019-11-14 12:48:39 - [MESSAGE][PASSED] - Tapped on element 'Object Repository/TopUP/BankTransferDrop'

2019-11-14 12:48:39 - [TEST_STEP][PASSED] - tap(findTestObject("TopUP/BCAPaymentButton"), 0): Tapped on element 'Object Repository/TopUP/BCAPaymentButton'

2019-11-14 12:48:39 - [MESSAGE][WARNING] - Timeout '0' is invalid. Using default page load timeout: '60'

2019-11-14 12:48:42 - [MESSAGE][PASSED] - Tapped on element 'Object Repository/TopUP/BCAPaymentButton'

2019-11-14 12:48:42 - [TEST_STEP][PASSED] - ScrollUpDown.UpDown(52, 1891, 52, 1891): ScrollUpDown.UpDown is PASSED

2019-11-14 12:48:43 - [MESSAGE][PASSED] - Current device physical height is 2131

2019-11-14 12:48:44 - [MESSAGE][PASSED] - Current device physical width is 1080

2019-11-14 12:48:46 - [MESSAGE][PASSED] - Swiped from 540,1,491 to 540,639

2019-11-14 12:48:47 - [MESSAGE][PASSED] - ScrollUpDown.UpDown is PASSED

2019-11-14 12:48:47 - [TEST_STEP][PASSED] - pressHome(): Home button is pressed

2019-11-14 12:48:48 - [MESSAGE][PASSED] - Home button is pressed

2019-11-14 12:48:48 - [TEST_STEP][PASSED] - delay(4, STOP_ON_FAILURE): Delayed 4 second(s)

2019-11-14 12:48:52 - [MESSAGE][PASSED] - Delayed 4 second(s)

2019-11-14 12:48:52 - [TEST_STEP][PASSED] - switch ("Result"): null

2019-11-14 12:48:52 - [TEST_STEP][PASSED] - Start listener action : addFailedTCToList: null]]></system-out>
         <system-err><![CDATA[]]></system-err>
      </testcase>
      <testcase name="Test Cases/TopUP/TopUPNew" time="59.337" classname="Test Cases/TopUP/TopUPNew" status="PASSED">
         <system-out><![CDATA[2019-11-14 12:48:52 - [TEST_CASE][PASSED] - Test Cases/TopUP/TopUPNew: Test Cases/TopUP/TopUPNew

2019-11-14 12:48:53 - [TEST_STEP][PASSED] - Start listener action : executeRows: null

2019-11-14 12:48:53 - [TEST_STEP][PASSED] - startApplication("C:/Users/Marvin/git/ACCBid-Mobile/accbid.apk", false): Started app at: 'C:\Users\Marvin\git\ACCBid-Mobile\accbid.apk'

2019-11-14 12:48:53 - [MESSAGE][INFO] - User set preference: ['unicodeKeyboard', 'true']

2019-11-14 12:48:53 - [MESSAGE][INFO] - User set preference: ['resetKeyboard', 'true']

2019-11-14 12:48:53 - [MESSAGE][INFO] - User set preference: ['deviceId', '']

2019-11-14 12:49:27 - [MESSAGE][PASSED] - Started app at: 'C:\Users\Marvin\git\ACCBid-Mobile\accbid.apk'

2019-11-14 12:49:27 - [TEST_STEP][PASSED] - getDeviceHeight(): Current device physical height is 2131

2019-11-14 12:49:28 - [MESSAGE][PASSED] - Current device physical height is 2131

2019-11-14 12:49:28 - [TEST_STEP][PASSED] - getDeviceWidth(): Current device physical width is 1080

2019-11-14 12:49:28 - [MESSAGE][PASSED] - Current device physical width is 1080

2019-11-14 12:49:28 - [TEST_STEP][PASSED] - tap(findTestObject("TopUP/BTN_Deposit"), 0): Tapped on element 'Object Repository/TopUP/BTN_Deposit'

2019-11-14 12:49:29 - [MESSAGE][WARNING] - Timeout '0' is invalid. Using default page load timeout: '60'

2019-11-14 12:49:35 - [MESSAGE][PASSED] - Tapped on element 'Object Repository/TopUP/BTN_Deposit'

2019-11-14 12:49:35 - [TEST_STEP][PASSED] - if (JenisLelang == "Astria"): null

2019-11-14 12:49:35 - [TEST_STEP][PASSED] - tap(findTestObject("TopUP/Btn_TopUP"), 0): Tapped on element 'Object Repository/TopUP/Btn_TopUP'

2019-11-14 12:49:35 - [MESSAGE][WARNING] - Timeout '0' is invalid. Using default page load timeout: '60'

2019-11-14 12:49:39 - [MESSAGE][PASSED] - Tapped on element 'Object Repository/TopUP/Btn_TopUP'

2019-11-14 12:49:39 - [TEST_STEP][PASSED] - setText(findTestObject("TopUP/InputNominal"), varTopUP, 0): Text '400000' has been set to element 'Object Repository/TopUP/InputNominal'

2019-11-14 12:49:39 - [MESSAGE][WARNING] - Timeout '0' is invalid. Using default page load timeout: '60'

2019-11-14 12:49:40 - [MESSAGE][PASSED] - Text '400000' has been set to element 'Object Repository/TopUP/InputNominal'

2019-11-14 12:49:40 - [TEST_STEP][PASSED] - tap(findTestObject("TopUP/DropDownBank"), 0): Tapped on element 'Object Repository/TopUP/DropDownBank'

2019-11-14 12:49:41 - [MESSAGE][WARNING] - Timeout '0' is invalid. Using default page load timeout: '60'

2019-11-14 12:49:42 - [MESSAGE][PASSED] - Tapped on element 'Object Repository/TopUP/DropDownBank'

2019-11-14 12:49:42 - [TEST_STEP][PASSED] - tap(findTestObject("Kalkulator/Click", ["text":varBank]), 0): Tapped on element 'Object Repository/Kalkulator/Click'

2019-11-14 12:49:43 - [MESSAGE][WARNING] - Timeout '0' is invalid. Using default page load timeout: '60'

2019-11-14 12:49:45 - [MESSAGE][PASSED] - Tapped on element 'Object Repository/Kalkulator/Click'

2019-11-14 12:49:45 - [TEST_STEP][PASSED] - if (verifyElementVisible(findTestObject("TopUP/NotifKelipatan"), 3, OPTIONAL)): null

2019-11-14 12:49:47 - [MESSAGE][PASSED] - Element 'Object Repository/TopUP/NotifKelipatan' is visible

2019-11-14 12:49:47 - [TEST_STEP][PASSED] - verifyElementVisible(findTestObject("TopUP/BtnLanjut"), 0, STOP_ON_FAILURE): Element 'Object Repository/TopUP/BtnLanjut' is visible

2019-11-14 12:49:47 - [MESSAGE][WARNING] - Timeout '0' is invalid. Using default page load timeout: '60'

2019-11-14 12:49:48 - [MESSAGE][PASSED] - Element 'Object Repository/TopUP/BtnLanjut' is visible

2019-11-14 12:49:48 - [TEST_STEP][PASSED] - delay(4, STOP_ON_FAILURE): Delayed 4 second(s)

2019-11-14 12:49:52 - [MESSAGE][PASSED] - Delayed 4 second(s)

2019-11-14 12:49:52 - [TEST_STEP][PASSED] - switch ("Result"): null

2019-11-14 12:49:52 - [TEST_STEP][PASSED] - Start listener action : addFailedTCToList: null]]></system-out>
         <system-err><![CDATA[]]></system-err>
      </testcase>
      <testcase name="Test Cases/TopUP/TopUPNew" time="305.253" classname="Test Cases/TopUP/TopUPNew" status="FAILED">
         <failure type="FAILED" message="Test Cases/TopUP/TopUPNew FAILED.
Reason:
com.kms.katalon.core.exception.StepFailedException: Object Object Repository/TopUP/TopUPIBID/OkayButtonIBID not found
	at com.kms.katalon.core.keyword.internal.KeywordMain.stepFailed(KeywordMain.groovy:50)
	at com.kms.katalon.core.mobile.keyword.internal.MobileKeywordMain.stepFailed(MobileKeywordMain.groovy:40)
	at com.kms.katalon.core.mobile.keyword.builtin.TapKeyword$_tap_closure1.doCall(TapKeyword.groovy:79)
	at com.kms.katalon.core.mobile.keyword.builtin.TapKeyword$_tap_closure1.call(TapKeyword.groovy)
	at com.kms.katalon.core.mobile.keyword.internal.MobileKeywordMain.runKeyword(MobileKeywordMain.groovy:21)
	at com.kms.katalon.core.mobile.keyword.builtin.TapKeyword.tap(TapKeyword.groovy:86)
	at com.kms.katalon.core.mobile.keyword.builtin.TapKeyword.execute(TapKeyword.groovy:68)
	at com.kms.katalon.core.keyword.internal.KeywordExecutor.executeKeywordForPlatform(KeywordExecutor.groovy:60)
	at com.kms.katalon.core.mobile.keyword.MobileBuiltInKeywords.tap(MobileBuiltInKeywords.groovy:520)
	at com.kms.katalon.core.mobile.keyword.MobileBuiltInKeywords$tap$2.call(Unknown Source)
	at TopUPNew.run(TopUPNew:86)
	at com.kms.katalon.core.main.ScriptEngine.run(ScriptEngine.java:194)
	at com.kms.katalon.core.main.ScriptEngine.runScriptAsRawText(ScriptEngine.java:119)
	at com.kms.katalon.core.main.TestCaseExecutor.runScript(TestCaseExecutor.java:337)
	at com.kms.katalon.core.main.TestCaseExecutor.doExecute(TestCaseExecutor.java:328)
	at com.kms.katalon.core.main.TestCaseExecutor.processExecutionPhase(TestCaseExecutor.java:307)
	at com.kms.katalon.core.main.TestCaseExecutor.accessMainPhase(TestCaseExecutor.java:299)
	at com.kms.katalon.core.main.TestCaseExecutor.execute(TestCaseExecutor.java:233)
	at com.kms.katalon.core.main.TestSuiteExecutor.accessTestCaseMainPhase(TestSuiteExecutor.java:169)
	at com.kms.katalon.core.main.TestSuiteExecutor.accessTestSuiteMainPhase(TestSuiteExecutor.java:142)
	at com.kms.katalon.core.main.TestSuiteExecutor.execute(TestSuiteExecutor.java:91)
	at com.kms.katalon.core.main.TestCaseMain.startTestSuite(TestCaseMain.java:157)
	at com.kms.katalon.core.main.TestCaseMain$startTestSuite$0.call(Unknown Source)
	at TempTestSuite1573710398472.run(TempTestSuite1573710398472.groovy:36)
"/>
         <system-out><![CDATA[2019-11-14 12:49:52 - [TEST_CASE][FAILED] - Test Cases/TopUP/TopUPNew: Test Cases/TopUP/TopUPNew FAILED.
Reason:
com.kms.katalon.core.exception.StepFailedException: Object Object Repository/TopUP/TopUPIBID/OkayButtonIBID not found
	at com.kms.katalon.core.keyword.internal.KeywordMain.stepFailed(KeywordMain.groovy:50)
	at com.kms.katalon.core.mobile.keyword.internal.MobileKeywordMain.stepFailed(MobileKeywordMain.groovy:40)
	at com.kms.katalon.core.mobile.keyword.builtin.TapKeyword$_tap_closure1.doCall(TapKeyword.groovy:79)
	at com.kms.katalon.core.mobile.keyword.builtin.TapKeyword$_tap_closure1.call(TapKeyword.groovy)
	at com.kms.katalon.core.mobile.keyword.internal.MobileKeywordMain.runKeyword(MobileKeywordMain.groovy:21)
	at com.kms.katalon.core.mobile.keyword.builtin.TapKeyword.tap(TapKeyword.groovy:86)
	at com.kms.katalon.core.mobile.keyword.builtin.TapKeyword.execute(TapKeyword.groovy:68)
	at com.kms.katalon.core.keyword.internal.KeywordExecutor.executeKeywordForPlatform(KeywordExecutor.groovy:60)
	at com.kms.katalon.core.mobile.keyword.MobileBuiltInKeywords.tap(MobileBuiltInKeywords.groovy:520)
	at com.kms.katalon.core.mobile.keyword.MobileBuiltInKeywords$tap$2.call(Unknown Source)
	at TopUPNew.run(TopUPNew:86)
	at com.kms.katalon.core.main.ScriptEngine.run(ScriptEngine.java:194)
	at com.kms.katalon.core.main.ScriptEngine.runScriptAsRawText(ScriptEngine.java:119)
	at com.kms.katalon.core.main.TestCaseExecutor.runScript(TestCaseExecutor.java:337)
	at com.kms.katalon.core.main.TestCaseExecutor.doExecute(TestCaseExecutor.java:328)
	at com.kms.katalon.core.main.TestCaseExecutor.processExecutionPhase(TestCaseExecutor.java:307)
	at com.kms.katalon.core.main.TestCaseExecutor.accessMainPhase(TestCaseExecutor.java:299)
	at com.kms.katalon.core.main.TestCaseExecutor.execute(TestCaseExecutor.java:233)
	at com.kms.katalon.core.main.TestSuiteExecutor.accessTestCaseMainPhase(TestSuiteExecutor.java:169)
	at com.kms.katalon.core.main.TestSuiteExecutor.accessTestSuiteMainPhase(TestSuiteExecutor.java:142)
	at com.kms.katalon.core.main.TestSuiteExecutor.execute(TestSuiteExecutor.java:91)
	at com.kms.katalon.core.main.TestCaseMain.startTestSuite(TestCaseMain.java:157)
	at com.kms.katalon.core.main.TestCaseMain$startTestSuite$0.call(Unknown Source)
	at TempTestSuite1573710398472.run(TempTestSuite1573710398472.groovy:36)


2019-11-14 12:49:52 - [TEST_STEP][PASSED] - Start listener action : executeRows: null

2019-11-14 12:49:52 - [TEST_STEP][PASSED] - startApplication("C:/Users/Marvin/git/ACCBid-Mobile/accbid.apk", false): Started app at: 'C:\Users\Marvin\git\ACCBid-Mobile\accbid.apk'

2019-11-14 12:49:52 - [MESSAGE][INFO] - User set preference: ['unicodeKeyboard', 'true']

2019-11-14 12:49:52 - [MESSAGE][INFO] - User set preference: ['resetKeyboard', 'true']

2019-11-14 12:49:52 - [MESSAGE][INFO] - User set preference: ['deviceId', '']

2019-11-14 12:50:27 - [MESSAGE][PASSED] - Started app at: 'C:\Users\Marvin\git\ACCBid-Mobile\accbid.apk'

2019-11-14 12:50:27 - [TEST_STEP][PASSED] - getDeviceHeight(): Current device physical height is 2131

2019-11-14 12:50:28 - [MESSAGE][PASSED] - Current device physical height is 2131

2019-11-14 12:50:28 - [TEST_STEP][PASSED] - getDeviceWidth(): Current device physical width is 1080

2019-11-14 12:50:29 - [MESSAGE][PASSED] - Current device physical width is 1080

2019-11-14 12:50:29 - [TEST_STEP][PASSED] - tap(findTestObject("TopUP/BTN_Deposit"), 0): Tapped on element 'Object Repository/TopUP/BTN_Deposit'

2019-11-14 12:50:29 - [MESSAGE][WARNING] - Timeout '0' is invalid. Using default page load timeout: '60'

2019-11-14 12:50:35 - [MESSAGE][PASSED] - Tapped on element 'Object Repository/TopUP/BTN_Deposit'

2019-11-14 12:50:35 - [TEST_STEP][PASSED] - if (JenisLelang == "Astria"): null

2019-11-14 12:50:35 - [TEST_STEP][FAILED] - else if (JenisLelang == "IBID"): Failed to tap on element 'Object Repository/TopUP/TopUPIBID/OkayButtonIBID' (Root cause: com.kms.katalon.core.exception.StepFailedException: Object Object Repository/TopUP/TopUPIBID/OkayButtonIBID not found
	at com.kms.katalon.core.keyword.internal.KeywordMain.stepFailed(KeywordMain.groovy:50)
	at com.kms.katalon.core.mobile.keyword.internal.MobileKeywordMain.stepFailed(MobileKeywordMain.groovy:40)
	at com.kms.katalon.core.mobile.keyword.builtin.TapKeyword$_tap_closure1.doCall(TapKeyword.groovy:79)
	at com.kms.katalon.core.mobile.keyword.builtin.TapKeyword$_tap_closure1.call(TapKeyword.groovy)
	at com.kms.katalon.core.mobile.keyword.internal.MobileKeywordMain.runKeyword(MobileKeywordMain.groovy:21)
	at com.kms.katalon.core.mobile.keyword.builtin.TapKeyword.tap(TapKeyword.groovy:86)
	at com.kms.katalon.core.mobile.keyword.builtin.TapKeyword.execute(TapKeyword.groovy:68)
	at com.kms.katalon.core.keyword.internal.KeywordExecutor.executeKeywordForPlatform(KeywordExecutor.groovy:60)
	at com.kms.katalon.core.mobile.keyword.MobileBuiltInKeywords.tap(MobileBuiltInKeywords.groovy:520)
	at com.kms.katalon.core.mobile.keyword.MobileBuiltInKeywords$tap$2.call(Unknown Source)
	at TopUPNew.run(TopUPNew:86)
	at com.kms.katalon.core.main.ScriptEngine.run(ScriptEngine.java:194)
	at com.kms.katalon.core.main.ScriptEngine.runScriptAsRawText(ScriptEngine.java:119)
	at com.kms.katalon.core.main.TestCaseExecutor.runScript(TestCaseExecutor.java:337)
	at com.kms.katalon.core.main.TestCaseExecutor.doExecute(TestCaseExecutor.java:328)
	at com.kms.katalon.core.main.TestCaseExecutor.processExecutionPhase(TestCaseExecutor.java:307)
	at com.kms.katalon.core.main.TestCaseExecutor.accessMainPhase(TestCaseExecutor.java:299)
	at com.kms.katalon.core.main.TestCaseExecutor.execute(TestCaseExecutor.java:233)
	at com.kms.katalon.core.main.TestSuiteExecutor.accessTestCaseMainPhase(TestSuiteExecutor.java:169)
	at com.kms.katalon.core.main.TestSuiteExecutor.accessTestSuiteMainPhase(TestSuiteExecutor.java:142)
	at com.kms.katalon.core.main.TestSuiteExecutor.execute(TestSuiteExecutor.java:91)
	at com.kms.katalon.core.main.TestCaseMain.startTestSuite(TestCaseMain.java:157)
	at com.kms.katalon.core.main.TestCaseMain$startTestSuite$0.call(Unknown Source)
	at TempTestSuite1573710398472.run(TempTestSuite1573710398472.groovy:36)
)

2019-11-14 12:50:35 - [TEST_STEP][PASSED] - tap(findTestObject("TopUP/TopUPIBID/Top UP IBID"), 0): Tapped on element 'Object Repository/TopUP/TopUPIBID/Top UP IBID'

2019-11-14 12:50:36 - [MESSAGE][WARNING] - Timeout '0' is invalid. Using default page load timeout: '60'

2019-11-14 12:51:21 - [MESSAGE][PASSED] - Tapped on element 'Object Repository/TopUP/TopUPIBID/Top UP IBID'

2019-11-14 12:51:21 - [TEST_STEP][PASSED] - setText(findTestObject("TopUP/TopUPIBID/NominalTopUPIBID"), "50000", 0): Text '50000' has been set to element 'Object Repository/TopUP/TopUPIBID/NominalTopUPIBID'

2019-11-14 12:51:22 - [MESSAGE][WARNING] - Timeout '0' is invalid. Using default page load timeout: '60'

2019-11-14 12:51:23 - [MESSAGE][PASSED] - Text '50000' has been set to element 'Object Repository/TopUP/TopUPIBID/NominalTopUPIBID'

2019-11-14 12:51:23 - [TEST_STEP][PASSED] - tap(findTestObject("TopUP/TopUPIBID/Bank"), 0): Tapped on element 'Object Repository/TopUP/TopUPIBID/Bank'

2019-11-14 12:51:23 - [MESSAGE][WARNING] - Timeout '0' is invalid. Using default page load timeout: '60'

2019-11-14 12:51:25 - [MESSAGE][PASSED] - Tapped on element 'Object Repository/TopUP/TopUPIBID/Bank'

2019-11-14 12:51:25 - [TEST_STEP][PASSED] - tap(findTestObject("TopUP/TopUPIBID/BankBar", ["text":varBank]), 0): Tapped on element 'Object Repository/TopUP/TopUPIBID/BankBar'

2019-11-14 12:51:26 - [MESSAGE][WARNING] - Timeout '0' is invalid. Using default page load timeout: '60'

2019-11-14 12:51:28 - [MESSAGE][PASSED] - Tapped on element 'Object Repository/TopUP/TopUPIBID/BankBar'

2019-11-14 12:51:28 - [TEST_STEP][PASSED] - tap(findTestObject("TopUP/TopUPIBID/DatePicker"), 0): Tapped on element 'Object Repository/TopUP/TopUPIBID/DatePicker'

2019-11-14 12:51:28 - [MESSAGE][WARNING] - Timeout '0' is invalid. Using default page load timeout: '60'

2019-11-14 12:51:30 - [MESSAGE][PASSED] - Tapped on element 'Object Repository/TopUP/TopUPIBID/DatePicker'

2019-11-14 12:51:30 - [TEST_STEP][PASSED] - tap(findTestObject("TopUP/TopUPIBID/DateSelect", ["text":varTanggal]), 0): Tapped on element 'Object Repository/TopUP/TopUPIBID/DateSelect'

2019-11-14 12:51:30 - [MESSAGE][WARNING] - Timeout '0' is invalid. Using default page load timeout: '60'

2019-11-14 12:51:32 - [MESSAGE][PASSED] - Tapped on element 'Object Repository/TopUP/TopUPIBID/DateSelect'

2019-11-14 12:51:32 - [TEST_STEP][PASSED] - tap(findTestObject("TopUP/TopUPIBID/SeteLButton"), 0): Tapped on element 'Object Repository/TopUP/TopUPIBID/SeteLButton'

2019-11-14 12:51:32 - [MESSAGE][WARNING] - Timeout '0' is invalid. Using default page load timeout: '60'

2019-11-14 12:51:34 - [MESSAGE][PASSED] - Tapped on element 'Object Repository/TopUP/TopUPIBID/SeteLButton'

2019-11-14 12:51:34 - [TEST_STEP][PASSED] - tap(findTestObject("TopUP/TopUPIBID/ButtonUploadPembayaran"), 0): Tapped on element 'Object Repository/TopUP/TopUPIBID/ButtonUploadPembayaran'

2019-11-14 12:51:34 - [MESSAGE][WARNING] - Timeout '0' is invalid. Using default page load timeout: '60'

2019-11-14 12:51:37 - [MESSAGE][PASSED] - Tapped on element 'Object Repository/TopUP/TopUPIBID/ButtonUploadPembayaran'

2019-11-14 12:51:37 - [TEST_STEP][FAILED] - if (varFoto == "Camera"): Failed to tap on element 'Object Repository/TopUP/TopUPIBID/OkayButtonIBID' (Root cause: com.kms.katalon.core.exception.StepFailedException: Object Object Repository/TopUP/TopUPIBID/OkayButtonIBID not found
	at com.kms.katalon.core.keyword.internal.KeywordMain.stepFailed(KeywordMain.groovy:50)
	at com.kms.katalon.core.mobile.keyword.internal.MobileKeywordMain.stepFailed(MobileKeywordMain.groovy:40)
	at com.kms.katalon.core.mobile.keyword.builtin.TapKeyword$_tap_closure1.doCall(TapKeyword.groovy:79)
	at com.kms.katalon.core.mobile.keyword.builtin.TapKeyword$_tap_closure1.call(TapKeyword.groovy)
	at com.kms.katalon.core.mobile.keyword.internal.MobileKeywordMain.runKeyword(MobileKeywordMain.groovy:21)
	at com.kms.katalon.core.mobile.keyword.builtin.TapKeyword.tap(TapKeyword.groovy:86)
	at com.kms.katalon.core.mobile.keyword.builtin.TapKeyword.execute(TapKeyword.groovy:68)
	at com.kms.katalon.core.keyword.internal.KeywordExecutor.executeKeywordForPlatform(KeywordExecutor.groovy:60)
	at com.kms.katalon.core.mobile.keyword.MobileBuiltInKeywords.tap(MobileBuiltInKeywords.groovy:520)
	at com.kms.katalon.core.mobile.keyword.MobileBuiltInKeywords$tap$2.call(Unknown Source)
	at TopUPNew.run(TopUPNew:86)
	at com.kms.katalon.core.main.ScriptEngine.run(ScriptEngine.java:194)
	at com.kms.katalon.core.main.ScriptEngine.runScriptAsRawText(ScriptEngine.java:119)
	at com.kms.katalon.core.main.TestCaseExecutor.runScript(TestCaseExecutor.java:337)
	at com.kms.katalon.core.main.TestCaseExecutor.doExecute(TestCaseExecutor.java:328)
	at com.kms.katalon.core.main.TestCaseExecutor.processExecutionPhase(TestCaseExecutor.java:307)
	at com.kms.katalon.core.main.TestCaseExecutor.accessMainPhase(TestCaseExecutor.java:299)
	at com.kms.katalon.core.main.TestCaseExecutor.execute(TestCaseExecutor.java:233)
	at com.kms.katalon.core.main.TestSuiteExecutor.accessTestCaseMainPhase(TestSuiteExecutor.java:169)
	at com.kms.katalon.core.main.TestSuiteExecutor.accessTestSuiteMainPhase(TestSuiteExecutor.java:142)
	at com.kms.katalon.core.main.TestSuiteExecutor.execute(TestSuiteExecutor.java:91)
	at com.kms.katalon.core.main.TestCaseMain.startTestSuite(TestCaseMain.java:157)
	at com.kms.katalon.core.main.TestCaseMain$startTestSuite$0.call(Unknown Source)
	at TempTestSuite1573710398472.run(TempTestSuite1573710398472.groovy:36)
)

2019-11-14 12:51:37 - [TEST_STEP][PASSED] - tap(findTestObject("TopUP/TopUPIBID/CameraBTN (1)"), 0): Tapped on element 'Object Repository/TopUP/TopUPIBID/CameraBTN (1)'

2019-11-14 12:51:37 - [MESSAGE][WARNING] - Timeout '0' is invalid. Using default page load timeout: '60'

2019-11-14 12:51:41 - [MESSAGE][PASSED] - Tapped on element 'Object Repository/TopUP/TopUPIBID/CameraBTN (1)'

2019-11-14 12:51:41 - [TEST_STEP][PASSED] - tap(findTestObject("TopUP/TopUPIBID/CaptureButton"), 0): Tapped on element 'Object Repository/TopUP/TopUPIBID/CaptureButton'

2019-11-14 12:51:41 - [MESSAGE][WARNING] - Timeout '0' is invalid. Using default page load timeout: '60'

2019-11-14 12:51:44 - [MESSAGE][PASSED] - Tapped on element 'Object Repository/TopUP/TopUPIBID/CaptureButton'

2019-11-14 12:51:44 - [TEST_STEP][PASSED] - tap(findTestObject("TopUP/TopUPIBID/CameraOK"), 0): Tapped on element 'Object Repository/TopUP/TopUPIBID/CameraOK'

2019-11-14 12:51:44 - [MESSAGE][WARNING] - Timeout '0' is invalid. Using default page load timeout: '60'

2019-11-14 12:51:46 - [MESSAGE][PASSED] - Tapped on element 'Object Repository/TopUP/TopUPIBID/CameraOK'

2019-11-14 12:51:46 - [TEST_STEP][PASSED] - tap(findTestObject("TopUP/TopUPIBID/KonfirmasiBtn"), 0): Tapped on element 'Object Repository/TopUP/TopUPIBID/KonfirmasiBtn'

2019-11-14 12:51:47 - [MESSAGE][WARNING] - Timeout '0' is invalid. Using default page load timeout: '60'

2019-11-14 12:51:49 - [MESSAGE][PASSED] - Tapped on element 'Object Repository/TopUP/TopUPIBID/KonfirmasiBtn'

2019-11-14 12:51:49 - [TEST_STEP][PASSED] - if (verifyElementVisible(findTestObject("TopUP/TopUPIBID/AlertWajibDiisi1"), 0, OPTIONAL) || verifyElementVisible(findTestObject("TopUP/TopUPIBID/AlertFotoPembayaranHarusDiUpload"), 0, OPTIONAL)): Element 'Object Repository/TopUP/TopUPIBID/AlertFotoPembayaranHarusDiUpload' not found

2019-11-14 12:51:49 - [MESSAGE][WARNING] - Timeout '0' is invalid. Using default page load timeout: '60'

2019-11-14 12:52:51 - [MESSAGE][WARNING] - Element 'Object Repository/TopUP/TopUPIBID/AlertWajibDiisi1' not found
[[ATTACHMENT|C:\\Users\\Marvin\\Documents\\GitHub\\ACCBid-Mobile\\Reports\\20191114_124633\\TopUP\\TOPUP\\20191114_124633\\1573710769576.png]]

2019-11-14 12:52:51 - [MESSAGE][WARNING] - Timeout '0' is invalid. Using default page load timeout: '60'

2019-11-14 12:53:53 - [MESSAGE][WARNING] - Element 'Object Repository/TopUP/TopUPIBID/AlertFotoPembayaranHarusDiUpload' not found
[[ATTACHMENT|C:\\Users\\Marvin\\Documents\\GitHub\\ACCBid-Mobile\\Reports\\20191114_124633\\TopUP\\TOPUP\\20191114_124633\\1573710832039.png]]

2019-11-14 12:53:53 - [TEST_STEP][FAILED] - else: Failed to tap on element 'Object Repository/TopUP/TopUPIBID/OkayButtonIBID' (Root cause: com.kms.katalon.core.exception.StepFailedException: Object Object Repository/TopUP/TopUPIBID/OkayButtonIBID not found
	at com.kms.katalon.core.keyword.internal.KeywordMain.stepFailed(KeywordMain.groovy:50)
	at com.kms.katalon.core.mobile.keyword.internal.MobileKeywordMain.stepFailed(MobileKeywordMain.groovy:40)
	at com.kms.katalon.core.mobile.keyword.builtin.TapKeyword$_tap_closure1.doCall(TapKeyword.groovy:79)
	at com.kms.katalon.core.mobile.keyword.builtin.TapKeyword$_tap_closure1.call(TapKeyword.groovy)
	at com.kms.katalon.core.mobile.keyword.internal.MobileKeywordMain.runKeyword(MobileKeywordMain.groovy:21)
	at com.kms.katalon.core.mobile.keyword.builtin.TapKeyword.tap(TapKeyword.groovy:86)
	at com.kms.katalon.core.mobile.keyword.builtin.TapKeyword.execute(TapKeyword.groovy:68)
	at com.kms.katalon.core.keyword.internal.KeywordExecutor.executeKeywordForPlatform(KeywordExecutor.groovy:60)
	at com.kms.katalon.core.mobile.keyword.MobileBuiltInKeywords.tap(MobileBuiltInKeywords.groovy:520)
	at com.kms.katalon.core.mobile.keyword.MobileBuiltInKeywords$tap$2.call(Unknown Source)
	at TopUPNew.run(TopUPNew:86)
	at com.kms.katalon.core.main.ScriptEngine.run(ScriptEngine.java:194)
	at com.kms.katalon.core.main.ScriptEngine.runScriptAsRawText(ScriptEngine.java:119)
	at com.kms.katalon.core.main.TestCaseExecutor.runScript(TestCaseExecutor.java:337)
	at com.kms.katalon.core.main.TestCaseExecutor.doExecute(TestCaseExecutor.java:328)
	at com.kms.katalon.core.main.TestCaseExecutor.processExecutionPhase(TestCaseExecutor.java:307)
	at com.kms.katalon.core.main.TestCaseExecutor.accessMainPhase(TestCaseExecutor.java:299)
	at com.kms.katalon.core.main.TestCaseExecutor.execute(TestCaseExecutor.java:233)
	at com.kms.katalon.core.main.TestSuiteExecutor.accessTestCaseMainPhase(TestSuiteExecutor.java:169)
	at com.kms.katalon.core.main.TestSuiteExecutor.accessTestSuiteMainPhase(TestSuiteExecutor.java:142)
	at com.kms.katalon.core.main.TestSuiteExecutor.execute(TestSuiteExecutor.java:91)
	at com.kms.katalon.core.main.TestCaseMain.startTestSuite(TestCaseMain.java:157)
	at com.kms.katalon.core.main.TestCaseMain$startTestSuite$0.call(Unknown Source)
	at TempTestSuite1573710398472.run(TempTestSuite1573710398472.groovy:36)
)

2019-11-14 12:53:53 - [TEST_STEP][FAILED] - tap(findTestObject("TopUP/TopUPIBID/OkayButtonIBID"), 0): Failed to tap on element 'Object Repository/TopUP/TopUPIBID/OkayButtonIBID' (Root cause: com.kms.katalon.core.exception.StepFailedException: Object Object Repository/TopUP/TopUPIBID/OkayButtonIBID not found
	at com.kms.katalon.core.keyword.internal.KeywordMain.stepFailed(KeywordMain.groovy:50)
	at com.kms.katalon.core.mobile.keyword.internal.MobileKeywordMain.stepFailed(MobileKeywordMain.groovy:40)
	at com.kms.katalon.core.mobile.keyword.builtin.TapKeyword$_tap_closure1.doCall(TapKeyword.groovy:79)
	at com.kms.katalon.core.mobile.keyword.builtin.TapKeyword$_tap_closure1.call(TapKeyword.groovy)
	at com.kms.katalon.core.mobile.keyword.internal.MobileKeywordMain.runKeyword(MobileKeywordMain.groovy:21)
	at com.kms.katalon.core.mobile.keyword.builtin.TapKeyword.tap(TapKeyword.groovy:86)
	at com.kms.katalon.core.mobile.keyword.builtin.TapKeyword.execute(TapKeyword.groovy:68)
	at com.kms.katalon.core.keyword.internal.KeywordExecutor.executeKeywordForPlatform(KeywordExecutor.groovy:60)
	at com.kms.katalon.core.mobile.keyword.MobileBuiltInKeywords.tap(MobileBuiltInKeywords.groovy:520)
	at com.kms.katalon.core.mobile.keyword.MobileBuiltInKeywords$tap$2.call(Unknown Source)
	at TopUPNew.run(TopUPNew:86)
	at com.kms.katalon.core.main.ScriptEngine.run(ScriptEngine.java:194)
	at com.kms.katalon.core.main.ScriptEngine.runScriptAsRawText(ScriptEngine.java:119)
	at com.kms.katalon.core.main.TestCaseExecutor.runScript(TestCaseExecutor.java:337)
	at com.kms.katalon.core.main.TestCaseExecutor.doExecute(TestCaseExecutor.java:328)
	at com.kms.katalon.core.main.TestCaseExecutor.processExecutionPhase(TestCaseExecutor.java:307)
	at com.kms.katalon.core.main.TestCaseExecutor.accessMainPhase(TestCaseExecutor.java:299)
	at com.kms.katalon.core.main.TestCaseExecutor.execute(TestCaseExecutor.java:233)
	at com.kms.katalon.core.main.TestSuiteExecutor.accessTestCaseMainPhase(TestSuiteExecutor.java:169)
	at com.kms.katalon.core.main.TestSuiteExecutor.accessTestSuiteMainPhase(TestSuiteExecutor.java:142)
	at com.kms.katalon.core.main.TestSuiteExecutor.execute(TestSuiteExecutor.java:91)
	at com.kms.katalon.core.main.TestCaseMain.startTestSuite(TestCaseMain.java:157)
	at com.kms.katalon.core.main.TestCaseMain$startTestSuite$0.call(Unknown Source)
	at TempTestSuite1573710398472.run(TempTestSuite1573710398472.groovy:36)
)

2019-11-14 12:53:54 - [MESSAGE][WARNING] - Timeout '0' is invalid. Using default page load timeout: '60'

2019-11-14 12:54:56 - [MESSAGE][FAILED] - Object Object Repository/TopUP/TopUPIBID/OkayButtonIBID not found
[[ATTACHMENT|C:\\Users\\Marvin\\Documents\\GitHub\\ACCBid-Mobile\\Reports\\20191114_124633\\TopUP\\TOPUP\\20191114_124633\\1573710894407.png]]

2019-11-14 12:54:58 - [MESSAGE][FAILED] - Failed to tap on element 'Object Repository/TopUP/TopUPIBID/OkayButtonIBID' (Root cause: com.kms.katalon.core.exception.StepFailedException: Object Object Repository/TopUP/TopUPIBID/OkayButtonIBID not found
	at com.kms.katalon.core.keyword.internal.KeywordMain.stepFailed(KeywordMain.groovy:50)
	at com.kms.katalon.core.mobile.keyword.internal.MobileKeywordMain.stepFailed(MobileKeywordMain.groovy:40)
	at com.kms.katalon.core.mobile.keyword.builtin.TapKeyword$_tap_closure1.doCall(TapKeyword.groovy:79)
	at com.kms.katalon.core.mobile.keyword.builtin.TapKeyword$_tap_closure1.call(TapKeyword.groovy)
	at com.kms.katalon.core.mobile.keyword.internal.MobileKeywordMain.runKeyword(MobileKeywordMain.groovy:21)
	at com.kms.katalon.core.mobile.keyword.builtin.TapKeyword.tap(TapKeyword.groovy:86)
	at com.kms.katalon.core.mobile.keyword.builtin.TapKeyword.execute(TapKeyword.groovy:68)
	at com.kms.katalon.core.keyword.internal.KeywordExecutor.executeKeywordForPlatform(KeywordExecutor.groovy:60)
	at com.kms.katalon.core.mobile.keyword.MobileBuiltInKeywords.tap(MobileBuiltInKeywords.groovy:520)
	at com.kms.katalon.core.mobile.keyword.MobileBuiltInKeywords$tap$2.call(Unknown Source)
	at TopUPNew.run(TopUPNew:86)
	at com.kms.katalon.core.main.ScriptEngine.run(ScriptEngine.java:194)
	at com.kms.katalon.core.main.ScriptEngine.runScriptAsRawText(ScriptEngine.java:119)
	at com.kms.katalon.core.main.TestCaseExecutor.runScript(TestCaseExecutor.java:337)
	at com.kms.katalon.core.main.TestCaseExecutor.doExecute(TestCaseExecutor.java:328)
	at com.kms.katalon.core.main.TestCaseExecutor.processExecutionPhase(TestCaseExecutor.java:307)
	at com.kms.katalon.core.main.TestCaseExecutor.accessMainPhase(TestCaseExecutor.java:299)
	at com.kms.katalon.core.main.TestCaseExecutor.execute(TestCaseExecutor.java:233)
	at com.kms.katalon.core.main.TestSuiteExecutor.accessTestCaseMainPhase(TestSuiteExecutor.java:169)
	at com.kms.katalon.core.main.TestSuiteExecutor.accessTestSuiteMainPhase(TestSuiteExecutor.java:142)
	at com.kms.katalon.core.main.TestSuiteExecutor.execute(TestSuiteExecutor.java:91)
	at com.kms.katalon.core.main.TestCaseMain.startTestSuite(TestCaseMain.java:157)
	at com.kms.katalon.core.main.TestCaseMain$startTestSuite$0.call(Unknown Source)
	at TempTestSuite1573710398472.run(TempTestSuite1573710398472.groovy:36)
)
[[ATTACHMENT|C:\\Users\\Marvin\\Documents\\GitHub\\ACCBid-Mobile\\Reports\\20191114_124633\\TopUP\\TOPUP\\20191114_124633\\1573710896151.png]]

2019-11-14 12:54:58 - [TEST_STEP][PASSED] - Start listener action : addFailedTCToList: null]]></system-out>
         <system-err><![CDATA[2019-11-14 12:49:52 - [TEST_CASE][FAILED] - Test Cases/TopUP/TopUPNew: Test Cases/TopUP/TopUPNew FAILED.
Reason:
com.kms.katalon.core.exception.StepFailedException: Object Object Repository/TopUP/TopUPIBID/OkayButtonIBID not found
	at com.kms.katalon.core.keyword.internal.KeywordMain.stepFailed(KeywordMain.groovy:50)
	at com.kms.katalon.core.mobile.keyword.internal.MobileKeywordMain.stepFailed(MobileKeywordMain.groovy:40)
	at com.kms.katalon.core.mobile.keyword.builtin.TapKeyword$_tap_closure1.doCall(TapKeyword.groovy:79)
	at com.kms.katalon.core.mobile.keyword.builtin.TapKeyword$_tap_closure1.call(TapKeyword.groovy)
	at com.kms.katalon.core.mobile.keyword.internal.MobileKeywordMain.runKeyword(MobileKeywordMain.groovy:21)
	at com.kms.katalon.core.mobile.keyword.builtin.TapKeyword.tap(TapKeyword.groovy:86)
	at com.kms.katalon.core.mobile.keyword.builtin.TapKeyword.execute(TapKeyword.groovy:68)
	at com.kms.katalon.core.keyword.internal.KeywordExecutor.executeKeywordForPlatform(KeywordExecutor.groovy:60)
	at com.kms.katalon.core.mobile.keyword.MobileBuiltInKeywords.tap(MobileBuiltInKeywords.groovy:520)
	at com.kms.katalon.core.mobile.keyword.MobileBuiltInKeywords$tap$2.call(Unknown Source)
	at TopUPNew.run(TopUPNew:86)
	at com.kms.katalon.core.main.ScriptEngine.run(ScriptEngine.java:194)
	at com.kms.katalon.core.main.ScriptEngine.runScriptAsRawText(ScriptEngine.java:119)
	at com.kms.katalon.core.main.TestCaseExecutor.runScript(TestCaseExecutor.java:337)
	at com.kms.katalon.core.main.TestCaseExecutor.doExecute(TestCaseExecutor.java:328)
	at com.kms.katalon.core.main.TestCaseExecutor.processExecutionPhase(TestCaseExecutor.java:307)
	at com.kms.katalon.core.main.TestCaseExecutor.accessMainPhase(TestCaseExecutor.java:299)
	at com.kms.katalon.core.main.TestCaseExecutor.execute(TestCaseExecutor.java:233)
	at com.kms.katalon.core.main.TestSuiteExecutor.accessTestCaseMainPhase(TestSuiteExecutor.java:169)
	at com.kms.katalon.core.main.TestSuiteExecutor.accessTestSuiteMainPhase(TestSuiteExecutor.java:142)
	at com.kms.katalon.core.main.TestSuiteExecutor.execute(TestSuiteExecutor.java:91)
	at com.kms.katalon.core.main.TestCaseMain.startTestSuite(TestCaseMain.java:157)
	at com.kms.katalon.core.main.TestCaseMain$startTestSuite$0.call(Unknown Source)
	at TempTestSuite1573710398472.run(TempTestSuite1573710398472.groovy:36)]]></system-err>
      </testcase>
      <testcase name="Test Cases/TopUP/TopUPNew" time="108.222" classname="Test Cases/TopUP/TopUPNew" status="FAILED">
         <failure type="FAILED" message="Test Cases/TopUP/TopUPNew FAILED.
Reason:
com.kms.katalon.core.exception.StepFailedException: Object Object Repository/TopUP/TopUPIBID/Top UP IBID not found
	at com.kms.katalon.core.keyword.internal.KeywordMain.stepFailed(KeywordMain.groovy:50)
	at com.kms.katalon.core.mobile.keyword.internal.MobileKeywordMain.stepFailed(MobileKeywordMain.groovy:40)
	at com.kms.katalon.core.mobile.keyword.builtin.TapKeyword$_tap_closure1.doCall(TapKeyword.groovy:79)
	at com.kms.katalon.core.mobile.keyword.builtin.TapKeyword$_tap_closure1.call(TapKeyword.groovy)
	at com.kms.katalon.core.mobile.keyword.internal.MobileKeywordMain.runKeyword(MobileKeywordMain.groovy:21)
	at com.kms.katalon.core.mobile.keyword.builtin.TapKeyword.tap(TapKeyword.groovy:86)
	at com.kms.katalon.core.mobile.keyword.builtin.TapKeyword.execute(TapKeyword.groovy:68)
	at com.kms.katalon.core.keyword.internal.KeywordExecutor.executeKeywordForPlatform(KeywordExecutor.groovy:60)
	at com.kms.katalon.core.mobile.keyword.MobileBuiltInKeywords.tap(MobileBuiltInKeywords.groovy:520)
	at com.kms.katalon.core.mobile.keyword.MobileBuiltInKeywords$tap$2.call(Unknown Source)
	at TopUPNew.run(TopUPNew:57)
	at com.kms.katalon.core.main.ScriptEngine.run(ScriptEngine.java:194)
	at com.kms.katalon.core.main.ScriptEngine.runScriptAsRawText(ScriptEngine.java:119)
	at com.kms.katalon.core.main.TestCaseExecutor.runScript(TestCaseExecutor.java:337)
	at com.kms.katalon.core.main.TestCaseExecutor.doExecute(TestCaseExecutor.java:328)
	at com.kms.katalon.core.main.TestCaseExecutor.processExecutionPhase(TestCaseExecutor.java:307)
	at com.kms.katalon.core.main.TestCaseExecutor.accessMainPhase(TestCaseExecutor.java:299)
	at com.kms.katalon.core.main.TestCaseExecutor.execute(TestCaseExecutor.java:233)
	at com.kms.katalon.core.main.TestSuiteExecutor.accessTestCaseMainPhase(TestSuiteExecutor.java:169)
	at com.kms.katalon.core.main.TestSuiteExecutor.accessTestSuiteMainPhase(TestSuiteExecutor.java:142)
	at com.kms.katalon.core.main.TestSuiteExecutor.execute(TestSuiteExecutor.java:91)
	at com.kms.katalon.core.main.TestCaseMain.startTestSuite(TestCaseMain.java:157)
	at com.kms.katalon.core.main.TestCaseMain$startTestSuite$0.call(Unknown Source)
	at TempTestSuite1573710398472.run(TempTestSuite1573710398472.groovy:36)
"/>
         <system-out><![CDATA[2019-11-14 12:54:58 - [TEST_CASE][FAILED] - Test Cases/TopUP/TopUPNew: Test Cases/TopUP/TopUPNew FAILED.
Reason:
com.kms.katalon.core.exception.StepFailedException: Object Object Repository/TopUP/TopUPIBID/Top UP IBID not found
	at com.kms.katalon.core.keyword.internal.KeywordMain.stepFailed(KeywordMain.groovy:50)
	at com.kms.katalon.core.mobile.keyword.internal.MobileKeywordMain.stepFailed(MobileKeywordMain.groovy:40)
	at com.kms.katalon.core.mobile.keyword.builtin.TapKeyword$_tap_closure1.doCall(TapKeyword.groovy:79)
	at com.kms.katalon.core.mobile.keyword.builtin.TapKeyword$_tap_closure1.call(TapKeyword.groovy)
	at com.kms.katalon.core.mobile.keyword.internal.MobileKeywordMain.runKeyword(MobileKeywordMain.groovy:21)
	at com.kms.katalon.core.mobile.keyword.builtin.TapKeyword.tap(TapKeyword.groovy:86)
	at com.kms.katalon.core.mobile.keyword.builtin.TapKeyword.execute(TapKeyword.groovy:68)
	at com.kms.katalon.core.keyword.internal.KeywordExecutor.executeKeywordForPlatform(KeywordExecutor.groovy:60)
	at com.kms.katalon.core.mobile.keyword.MobileBuiltInKeywords.tap(MobileBuiltInKeywords.groovy:520)
	at com.kms.katalon.core.mobile.keyword.MobileBuiltInKeywords$tap$2.call(Unknown Source)
	at TopUPNew.run(TopUPNew:57)
	at com.kms.katalon.core.main.ScriptEngine.run(ScriptEngine.java:194)
	at com.kms.katalon.core.main.ScriptEngine.runScriptAsRawText(ScriptEngine.java:119)
	at com.kms.katalon.core.main.TestCaseExecutor.runScript(TestCaseExecutor.java:337)
	at com.kms.katalon.core.main.TestCaseExecutor.doExecute(TestCaseExecutor.java:328)
	at com.kms.katalon.core.main.TestCaseExecutor.processExecutionPhase(TestCaseExecutor.java:307)
	at com.kms.katalon.core.main.TestCaseExecutor.accessMainPhase(TestCaseExecutor.java:299)
	at com.kms.katalon.core.main.TestCaseExecutor.execute(TestCaseExecutor.java:233)
	at com.kms.katalon.core.main.TestSuiteExecutor.accessTestCaseMainPhase(TestSuiteExecutor.java:169)
	at com.kms.katalon.core.main.TestSuiteExecutor.accessTestSuiteMainPhase(TestSuiteExecutor.java:142)
	at com.kms.katalon.core.main.TestSuiteExecutor.execute(TestSuiteExecutor.java:91)
	at com.kms.katalon.core.main.TestCaseMain.startTestSuite(TestCaseMain.java:157)
	at com.kms.katalon.core.main.TestCaseMain$startTestSuite$0.call(Unknown Source)
	at TempTestSuite1573710398472.run(TempTestSuite1573710398472.groovy:36)


2019-11-14 12:54:59 - [TEST_STEP][PASSED] - Start listener action : executeRows: null

2019-11-14 12:54:59 - [TEST_STEP][PASSED] - startApplication("C:/Users/Marvin/git/ACCBid-Mobile/accbid.apk", false): Started app at: 'C:\Users\Marvin\git\ACCBid-Mobile\accbid.apk'

2019-11-14 12:54:59 - [MESSAGE][INFO] - User set preference: ['unicodeKeyboard', 'true']

2019-11-14 12:54:59 - [MESSAGE][INFO] - User set preference: ['resetKeyboard', 'true']

2019-11-14 12:54:59 - [MESSAGE][INFO] - User set preference: ['deviceId', '']

2019-11-14 12:55:36 - [MESSAGE][PASSED] - Started app at: 'C:\Users\Marvin\git\ACCBid-Mobile\accbid.apk'

2019-11-14 12:55:36 - [TEST_STEP][PASSED] - getDeviceHeight(): Current device physical height is 2131

2019-11-14 12:55:37 - [MESSAGE][PASSED] - Current device physical height is 2131

2019-11-14 12:55:37 - [TEST_STEP][PASSED] - getDeviceWidth(): Current device physical width is 1080

2019-11-14 12:55:38 - [MESSAGE][PASSED] - Current device physical width is 1080

2019-11-14 12:55:38 - [TEST_STEP][PASSED] - tap(findTestObject("TopUP/BTN_Deposit"), 0): Tapped on element 'Object Repository/TopUP/BTN_Deposit'

2019-11-14 12:55:39 - [MESSAGE][WARNING] - Timeout '0' is invalid. Using default page load timeout: '60'

2019-11-14 12:55:42 - [MESSAGE][PASSED] - Tapped on element 'Object Repository/TopUP/BTN_Deposit'

2019-11-14 12:55:42 - [TEST_STEP][PASSED] - if (JenisLelang == "Astria"): null

2019-11-14 12:55:42 - [TEST_STEP][FAILED] - else if (JenisLelang == "IBID"): Failed to tap on element 'Object Repository/TopUP/TopUPIBID/Top UP IBID' (Root cause: com.kms.katalon.core.exception.StepFailedException: Object Object Repository/TopUP/TopUPIBID/Top UP IBID not found
	at com.kms.katalon.core.keyword.internal.KeywordMain.stepFailed(KeywordMain.groovy:50)
	at com.kms.katalon.core.mobile.keyword.internal.MobileKeywordMain.stepFailed(MobileKeywordMain.groovy:40)
	at com.kms.katalon.core.mobile.keyword.builtin.TapKeyword$_tap_closure1.doCall(TapKeyword.groovy:79)
	at com.kms.katalon.core.mobile.keyword.builtin.TapKeyword$_tap_closure1.call(TapKeyword.groovy)
	at com.kms.katalon.core.mobile.keyword.internal.MobileKeywordMain.runKeyword(MobileKeywordMain.groovy:21)
	at com.kms.katalon.core.mobile.keyword.builtin.TapKeyword.tap(TapKeyword.groovy:86)
	at com.kms.katalon.core.mobile.keyword.builtin.TapKeyword.execute(TapKeyword.groovy:68)
	at com.kms.katalon.core.keyword.internal.KeywordExecutor.executeKeywordForPlatform(KeywordExecutor.groovy:60)
	at com.kms.katalon.core.mobile.keyword.MobileBuiltInKeywords.tap(MobileBuiltInKeywords.groovy:520)
	at com.kms.katalon.core.mobile.keyword.MobileBuiltInKeywords$tap$2.call(Unknown Source)
	at TopUPNew.run(TopUPNew:57)
	at com.kms.katalon.core.main.ScriptEngine.run(ScriptEngine.java:194)
	at com.kms.katalon.core.main.ScriptEngine.runScriptAsRawText(ScriptEngine.java:119)
	at com.kms.katalon.core.main.TestCaseExecutor.runScript(TestCaseExecutor.java:337)
	at com.kms.katalon.core.main.TestCaseExecutor.doExecute(TestCaseExecutor.java:328)
	at com.kms.katalon.core.main.TestCaseExecutor.processExecutionPhase(TestCaseExecutor.java:307)
	at com.kms.katalon.core.main.TestCaseExecutor.accessMainPhase(TestCaseExecutor.java:299)
	at com.kms.katalon.core.main.TestCaseExecutor.execute(TestCaseExecutor.java:233)
	at com.kms.katalon.core.main.TestSuiteExecutor.accessTestCaseMainPhase(TestSuiteExecutor.java:169)
	at com.kms.katalon.core.main.TestSuiteExecutor.accessTestSuiteMainPhase(TestSuiteExecutor.java:142)
	at com.kms.katalon.core.main.TestSuiteExecutor.execute(TestSuiteExecutor.java:91)
	at com.kms.katalon.core.main.TestCaseMain.startTestSuite(TestCaseMain.java:157)
	at com.kms.katalon.core.main.TestCaseMain$startTestSuite$0.call(Unknown Source)
	at TempTestSuite1573710398472.run(TempTestSuite1573710398472.groovy:36)
)

2019-11-14 12:55:42 - [TEST_STEP][FAILED] - tap(findTestObject("TopUP/TopUPIBID/Top UP IBID"), 0): Failed to tap on element 'Object Repository/TopUP/TopUPIBID/Top UP IBID' (Root cause: com.kms.katalon.core.exception.StepFailedException: Object Object Repository/TopUP/TopUPIBID/Top UP IBID not found
	at com.kms.katalon.core.keyword.internal.KeywordMain.stepFailed(KeywordMain.groovy:50)
	at com.kms.katalon.core.mobile.keyword.internal.MobileKeywordMain.stepFailed(MobileKeywordMain.groovy:40)
	at com.kms.katalon.core.mobile.keyword.builtin.TapKeyword$_tap_closure1.doCall(TapKeyword.groovy:79)
	at com.kms.katalon.core.mobile.keyword.builtin.TapKeyword$_tap_closure1.call(TapKeyword.groovy)
	at com.kms.katalon.core.mobile.keyword.internal.MobileKeywordMain.runKeyword(MobileKeywordMain.groovy:21)
	at com.kms.katalon.core.mobile.keyword.builtin.TapKeyword.tap(TapKeyword.groovy:86)
	at com.kms.katalon.core.mobile.keyword.builtin.TapKeyword.execute(TapKeyword.groovy:68)
	at com.kms.katalon.core.keyword.internal.KeywordExecutor.executeKeywordForPlatform(KeywordExecutor.groovy:60)
	at com.kms.katalon.core.mobile.keyword.MobileBuiltInKeywords.tap(MobileBuiltInKeywords.groovy:520)
	at com.kms.katalon.core.mobile.keyword.MobileBuiltInKeywords$tap$2.call(Unknown Source)
	at TopUPNew.run(TopUPNew:57)
	at com.kms.katalon.core.main.ScriptEngine.run(ScriptEngine.java:194)
	at com.kms.katalon.core.main.ScriptEngine.runScriptAsRawText(ScriptEngine.java:119)
	at com.kms.katalon.core.main.TestCaseExecutor.runScript(TestCaseExecutor.java:337)
	at com.kms.katalon.core.main.TestCaseExecutor.doExecute(TestCaseExecutor.java:328)
	at com.kms.katalon.core.main.TestCaseExecutor.processExecutionPhase(TestCaseExecutor.java:307)
	at com.kms.katalon.core.main.TestCaseExecutor.accessMainPhase(TestCaseExecutor.java:299)
	at com.kms.katalon.core.main.TestCaseExecutor.execute(TestCaseExecutor.java:233)
	at com.kms.katalon.core.main.TestSuiteExecutor.accessTestCaseMainPhase(TestSuiteExecutor.java:169)
	at com.kms.katalon.core.main.TestSuiteExecutor.accessTestSuiteMainPhase(TestSuiteExecutor.java:142)
	at com.kms.katalon.core.main.TestSuiteExecutor.execute(TestSuiteExecutor.java:91)
	at com.kms.katalon.core.main.TestCaseMain.startTestSuite(TestCaseMain.java:157)
	at com.kms.katalon.core.main.TestCaseMain$startTestSuite$0.call(Unknown Source)
	at TempTestSuite1573710398472.run(TempTestSuite1573710398472.groovy:36)
)

2019-11-14 12:55:43 - [MESSAGE][WARNING] - Timeout '0' is invalid. Using default page load timeout: '60'

2019-11-14 12:56:45 - [MESSAGE][FAILED] - Object Object Repository/TopUP/TopUPIBID/Top UP IBID not found
[[ATTACHMENT|C:\\Users\\Marvin\\Documents\\GitHub\\ACCBid-Mobile\\Reports\\20191114_124633\\TopUP\\TOPUP\\20191114_124633\\1573711003504.png]]

2019-11-14 12:56:46 - [MESSAGE][FAILED] - Failed to tap on element 'Object Repository/TopUP/TopUPIBID/Top UP IBID' (Root cause: com.kms.katalon.core.exception.StepFailedException: Object Object Repository/TopUP/TopUPIBID/Top UP IBID not found
	at com.kms.katalon.core.keyword.internal.KeywordMain.stepFailed(KeywordMain.groovy:50)
	at com.kms.katalon.core.mobile.keyword.internal.MobileKeywordMain.stepFailed(MobileKeywordMain.groovy:40)
	at com.kms.katalon.core.mobile.keyword.builtin.TapKeyword$_tap_closure1.doCall(TapKeyword.groovy:79)
	at com.kms.katalon.core.mobile.keyword.builtin.TapKeyword$_tap_closure1.call(TapKeyword.groovy)
	at com.kms.katalon.core.mobile.keyword.internal.MobileKeywordMain.runKeyword(MobileKeywordMain.groovy:21)
	at com.kms.katalon.core.mobile.keyword.builtin.TapKeyword.tap(TapKeyword.groovy:86)
	at com.kms.katalon.core.mobile.keyword.builtin.TapKeyword.execute(TapKeyword.groovy:68)
	at com.kms.katalon.core.keyword.internal.KeywordExecutor.executeKeywordForPlatform(KeywordExecutor.groovy:60)
	at com.kms.katalon.core.mobile.keyword.MobileBuiltInKeywords.tap(MobileBuiltInKeywords.groovy:520)
	at com.kms.katalon.core.mobile.keyword.MobileBuiltInKeywords$tap$2.call(Unknown Source)
	at TopUPNew.run(TopUPNew:57)
	at com.kms.katalon.core.main.ScriptEngine.run(ScriptEngine.java:194)
	at com.kms.katalon.core.main.ScriptEngine.runScriptAsRawText(ScriptEngine.java:119)
	at com.kms.katalon.core.main.TestCaseExecutor.runScript(TestCaseExecutor.java:337)
	at com.kms.katalon.core.main.TestCaseExecutor.doExecute(TestCaseExecutor.java:328)
	at com.kms.katalon.core.main.TestCaseExecutor.processExecutionPhase(TestCaseExecutor.java:307)
	at com.kms.katalon.core.main.TestCaseExecutor.accessMainPhase(TestCaseExecutor.java:299)
	at com.kms.katalon.core.main.TestCaseExecutor.execute(TestCaseExecutor.java:233)
	at com.kms.katalon.core.main.TestSuiteExecutor.accessTestCaseMainPhase(TestSuiteExecutor.java:169)
	at com.kms.katalon.core.main.TestSuiteExecutor.accessTestSuiteMainPhase(TestSuiteExecutor.java:142)
	at com.kms.katalon.core.main.TestSuiteExecutor.execute(TestSuiteExecutor.java:91)
	at com.kms.katalon.core.main.TestCaseMain.startTestSuite(TestCaseMain.java:157)
	at com.kms.katalon.core.main.TestCaseMain$startTestSuite$0.call(Unknown Source)
	at TempTestSuite1573710398472.run(TempTestSuite1573710398472.groovy:36)
)
[[ATTACHMENT|C:\\Users\\Marvin\\Documents\\GitHub\\ACCBid-Mobile\\Reports\\20191114_124633\\TopUP\\TOPUP\\20191114_124633\\1573711005152.png]]

2019-11-14 12:56:46 - [TEST_STEP][PASSED] - Start listener action : addFailedTCToList: null]]></system-out>
         <system-err><![CDATA[2019-11-14 12:54:58 - [TEST_CASE][FAILED] - Test Cases/TopUP/TopUPNew: Test Cases/TopUP/TopUPNew FAILED.
Reason:
com.kms.katalon.core.exception.StepFailedException: Object Object Repository/TopUP/TopUPIBID/Top UP IBID not found
	at com.kms.katalon.core.keyword.internal.KeywordMain.stepFailed(KeywordMain.groovy:50)
	at com.kms.katalon.core.mobile.keyword.internal.MobileKeywordMain.stepFailed(MobileKeywordMain.groovy:40)
	at com.kms.katalon.core.mobile.keyword.builtin.TapKeyword$_tap_closure1.doCall(TapKeyword.groovy:79)
	at com.kms.katalon.core.mobile.keyword.builtin.TapKeyword$_tap_closure1.call(TapKeyword.groovy)
	at com.kms.katalon.core.mobile.keyword.internal.MobileKeywordMain.runKeyword(MobileKeywordMain.groovy:21)
	at com.kms.katalon.core.mobile.keyword.builtin.TapKeyword.tap(TapKeyword.groovy:86)
	at com.kms.katalon.core.mobile.keyword.builtin.TapKeyword.execute(TapKeyword.groovy:68)
	at com.kms.katalon.core.keyword.internal.KeywordExecutor.executeKeywordForPlatform(KeywordExecutor.groovy:60)
	at com.kms.katalon.core.mobile.keyword.MobileBuiltInKeywords.tap(MobileBuiltInKeywords.groovy:520)
	at com.kms.katalon.core.mobile.keyword.MobileBuiltInKeywords$tap$2.call(Unknown Source)
	at TopUPNew.run(TopUPNew:57)
	at com.kms.katalon.core.main.ScriptEngine.run(ScriptEngine.java:194)
	at com.kms.katalon.core.main.ScriptEngine.runScriptAsRawText(ScriptEngine.java:119)
	at com.kms.katalon.core.main.TestCaseExecutor.runScript(TestCaseExecutor.java:337)
	at com.kms.katalon.core.main.TestCaseExecutor.doExecute(TestCaseExecutor.java:328)
	at com.kms.katalon.core.main.TestCaseExecutor.processExecutionPhase(TestCaseExecutor.java:307)
	at com.kms.katalon.core.main.TestCaseExecutor.accessMainPhase(TestCaseExecutor.java:299)
	at com.kms.katalon.core.main.TestCaseExecutor.execute(TestCaseExecutor.java:233)
	at com.kms.katalon.core.main.TestSuiteExecutor.accessTestCaseMainPhase(TestSuiteExecutor.java:169)
	at com.kms.katalon.core.main.TestSuiteExecutor.accessTestSuiteMainPhase(TestSuiteExecutor.java:142)
	at com.kms.katalon.core.main.TestSuiteExecutor.execute(TestSuiteExecutor.java:91)
	at com.kms.katalon.core.main.TestCaseMain.startTestSuite(TestCaseMain.java:157)
	at com.kms.katalon.core.main.TestCaseMain$startTestSuite$0.call(Unknown Source)
	at TempTestSuite1573710398472.run(TempTestSuite1573710398472.groovy:36)]]></system-err>
      </testcase>
      <system-out><![CDATA[2019-11-14 12:46:49 - [TEST_SUITE][FAILED] - TOPUP: Test Cases/TopUP/TopUPNew FAILED.
Reason:
com.kms.katalon.core.exception.StepFailedException: Object Object Repository/TopUP/TopUPIBID/OkayButtonIBID not found
	at com.kms.katalon.core.keyword.internal.KeywordMain.stepFailed(KeywordMain.groovy:50)
	at com.kms.katalon.core.mobile.keyword.internal.MobileKeywordMain.stepFailed(MobileKeywordMain.groovy:40)
	at com.kms.katalon.core.mobile.keyword.builtin.TapKeyword$_tap_closure1.doCall(TapKeyword.groovy:79)
	at com.kms.katalon.core.mobile.keyword.builtin.TapKeyword$_tap_closure1.call(TapKeyword.groovy)
	at com.kms.katalon.core.mobile.keyword.internal.MobileKeywordMain.runKeyword(MobileKeywordMain.groovy:21)
	at com.kms.katalon.core.mobile.keyword.builtin.TapKeyword.tap(TapKeyword.groovy:86)
	at com.kms.katalon.core.mobile.keyword.builtin.TapKeyword.execute(TapKeyword.groovy:68)
	at com.kms.katalon.core.keyword.internal.KeywordExecutor.executeKeywordForPlatform(KeywordExecutor.groovy:60)
	at com.kms.katalon.core.mobile.keyword.MobileBuiltInKeywords.tap(MobileBuiltInKeywords.groovy:520)
	at com.kms.katalon.core.mobile.keyword.MobileBuiltInKeywords$tap$2.call(Unknown Source)
	at TopUPNew.run(TopUPNew:86)
	at com.kms.katalon.core.main.ScriptEngine.run(ScriptEngine.java:194)
	at com.kms.katalon.core.main.ScriptEngine.runScriptAsRawText(ScriptEngine.java:119)
	at com.kms.katalon.core.main.TestCaseExecutor.runScript(TestCaseExecutor.java:337)
	at com.kms.katalon.core.main.TestCaseExecutor.doExecute(TestCaseExecutor.java:328)
	at com.kms.katalon.core.main.TestCaseExecutor.processExecutionPhase(TestCaseExecutor.java:307)
	at com.kms.katalon.core.main.TestCaseExecutor.accessMainPhase(TestCaseExecutor.java:299)
	at com.kms.katalon.core.main.TestCaseExecutor.execute(TestCaseExecutor.java:233)
	at com.kms.katalon.core.main.TestSuiteExecutor.accessTestCaseMainPhase(TestSuiteExecutor.java:169)
	at com.kms.katalon.core.main.TestSuiteExecutor.accessTestSuiteMainPhase(TestSuiteExecutor.java:142)
	at com.kms.katalon.core.main.TestSuiteExecutor.execute(TestSuiteExecutor.java:91)
	at com.kms.katalon.core.main.TestCaseMain.startTestSuite(TestCaseMain.java:157)
	at com.kms.katalon.core.main.TestCaseMain$startTestSuite$0.call(Unknown Source)
	at TempTestSuite1573710398472.run(TempTestSuite1573710398472.groovy:36)]]></system-out>
      <system-err><![CDATA[2019-11-14 12:46:49 - [TEST_SUITE][FAILED] - TOPUP: Test Cases/TopUP/TopUPNew FAILED.
Reason:
com.kms.katalon.core.exception.StepFailedException: Object Object Repository/TopUP/TopUPIBID/OkayButtonIBID not found
	at com.kms.katalon.core.keyword.internal.KeywordMain.stepFailed(KeywordMain.groovy:50)
	at com.kms.katalon.core.mobile.keyword.internal.MobileKeywordMain.stepFailed(MobileKeywordMain.groovy:40)
	at com.kms.katalon.core.mobile.keyword.builtin.TapKeyword$_tap_closure1.doCall(TapKeyword.groovy:79)
	at com.kms.katalon.core.mobile.keyword.builtin.TapKeyword$_tap_closure1.call(TapKeyword.groovy)
	at com.kms.katalon.core.mobile.keyword.internal.MobileKeywordMain.runKeyword(MobileKeywordMain.groovy:21)
	at com.kms.katalon.core.mobile.keyword.builtin.TapKeyword.tap(TapKeyword.groovy:86)
	at com.kms.katalon.core.mobile.keyword.builtin.TapKeyword.execute(TapKeyword.groovy:68)
	at com.kms.katalon.core.keyword.internal.KeywordExecutor.executeKeywordForPlatform(KeywordExecutor.groovy:60)
	at com.kms.katalon.core.mobile.keyword.MobileBuiltInKeywords.tap(MobileBuiltInKeywords.groovy:520)
	at com.kms.katalon.core.mobile.keyword.MobileBuiltInKeywords$tap$2.call(Unknown Source)
	at TopUPNew.run(TopUPNew:86)
	at com.kms.katalon.core.main.ScriptEngine.run(ScriptEngine.java:194)
	at com.kms.katalon.core.main.ScriptEngine.runScriptAsRawText(ScriptEngine.java:119)
	at com.kms.katalon.core.main.TestCaseExecutor.runScript(TestCaseExecutor.java:337)
	at com.kms.katalon.core.main.TestCaseExecutor.doExecute(TestCaseExecutor.java:328)
	at com.kms.katalon.core.main.TestCaseExecutor.processExecutionPhase(TestCaseExecutor.java:307)
	at com.kms.katalon.core.main.TestCaseExecutor.accessMainPhase(TestCaseExecutor.java:299)
	at com.kms.katalon.core.main.TestCaseExecutor.execute(TestCaseExecutor.java:233)
	at com.kms.katalon.core.main.TestSuiteExecutor.accessTestCaseMainPhase(TestSuiteExecutor.java:169)
	at com.kms.katalon.core.main.TestSuiteExecutor.accessTestSuiteMainPhase(TestSuiteExecutor.java:142)
	at com.kms.katalon.core.main.TestSuiteExecutor.execute(TestSuiteExecutor.java:91)
	at com.kms.katalon.core.main.TestCaseMain.startTestSuite(TestCaseMain.java:157)
	at com.kms.katalon.core.main.TestCaseMain$startTestSuite$0.call(Unknown Source)
	at TempTestSuite1573710398472.run(TempTestSuite1573710398472.groovy:36)]]></system-err>
   </testsuite>
</testsuites>
