<?xml version="1.0" encoding="UTF-8"?>
<testsuites name="ACC Bid" time="401.683" tests="3" failures="3" errors="0">
   <testsuite name="ACC Bid" tests="3" failures="3" errors="0" time="401.683" timestamp="2019-12-12 12:06:32" hostname="15420 - 10.7.8.181" id="Test Suites/ACC Bid">
      <properties>
         <property name="deviceName" value="samsung SM-A505F (Android 9)"/>
         <property name="devicePlatform" value=""/>
         <property name="logFolder" value="C:\\Users\\15420\\git\\ACCBid-Mobile99\\Reports\\20191212_120626\\ACC Bid\\20191212_120626"/>
         <property name="logFiles" value="C:\\Users\\15420\\git\\ACCBid-Mobile99\\Reports\\20191212_120626\\ACC Bid\\20191212_120626\\appium.log, C:\\Users\\15420\\git\\ACCBid-Mobile99\\Reports\\20191212_120626\\ACC Bid\\20191212_120626\\execution0.log"/>
         <property name="attachments" value="C:\\Users\\15420\\git\\ACCBid-Mobile99\\Reports\\20191212_120626\\ACC Bid\\20191212_120626\\1576127338274.png, C:\\Users\\15420\\git\\ACCBid-Mobile99\\Reports\\20191212_120626\\ACC Bid\\20191212_120626\\1576127340068.png, C:\\Users\\15420\\git\\ACCBid-Mobile99\\Reports\\20191212_120626\\ACC Bid\\20191212_120626\\1576127461443.png, C:\\Users\\15420\\git\\ACCBid-Mobile99\\Reports\\20191212_120626\\ACC Bid\\20191212_120626\\1576127463236.png, C:\\Users\\15420\\git\\ACCBid-Mobile99\\Reports\\20191212_120626\\ACC Bid\\20191212_120626\\1576127586245.png, C:\\Users\\15420\\git\\ACCBid-Mobile99\\Reports\\20191212_120626\\ACC Bid\\20191212_120626\\1576127588780.png"/>
         <property name="hostName" value="15420 - 10.7.8.181"/>
         <property name="os" value="Windows 10 64bit"/>
         <property name="appiumServerStatus" value="{\&quot;status\&quot;:0,\&quot;value\&quot;:{\&quot;build\&quot;:{\&quot;version\&quot;:\&quot;1.12.1\&quot;}},\&quot;sessionId\&quot;:null}"/>
         <property name="katalonVersion" value="7.0.7.1"/>
         <property name="deviceOS" value="Android"/>
         <property name="appiumVersion" value="1.12.1"/>
         <property name="deviceModel" value="SM-A505F"/>
         <property name="hostAddress" value="10.7.8.181"/>
         <property name="deviceManufacturer" value="samsung"/>
         <property name="deviceId" value="RR8M30NJEFN"/>
         <property name="deviceName" value="samsung SM-A505F (Android 9)"/>
         <property name="deviceOSVersion" value="9"/>
      </properties>
      <testcase name="Test Cases/Christi/Task 18 (Kritik dan Saran)" time="148.447" classname="Test Cases/Christi/Task 18 (Kritik dan Saran)" status="FAILED">
         <failure type="FAILED" message="Test Cases/Christi/Task 18 (Kritik dan Saran) FAILED.
Reason:
com.kms.katalon.core.exception.StepFailedException: Object Object Repository/Kritik Saran/kritik saran produk not found
	at com.kms.katalon.core.keyword.internal.KeywordMain.stepFailed(KeywordMain.groovy:50)
	at com.kms.katalon.core.mobile.keyword.internal.MobileKeywordMain.stepFailed(MobileKeywordMain.groovy:40)
	at com.kms.katalon.core.mobile.keyword.builtin.TapKeyword$_tap_closure1.doCall(TapKeyword.groovy:79)
	at com.kms.katalon.core.mobile.keyword.builtin.TapKeyword$_tap_closure1.call(TapKeyword.groovy)
	at com.kms.katalon.core.mobile.keyword.internal.MobileKeywordMain.runKeyword(MobileKeywordMain.groovy:21)
	at com.kms.katalon.core.mobile.keyword.builtin.TapKeyword.tap(TapKeyword.groovy:86)
	at com.kms.katalon.core.mobile.keyword.builtin.TapKeyword.execute(TapKeyword.groovy:68)
	at com.kms.katalon.core.keyword.internal.KeywordExecutor.executeKeywordForPlatform(KeywordExecutor.groovy:60)
	at com.kms.katalon.core.mobile.keyword.MobileBuiltInKeywords.tap(MobileBuiltInKeywords.groovy:520)
	at com.kms.katalon.core.mobile.keyword.MobileBuiltInKeywords$tap$0.call(Unknown Source)
	at Task 18 (Kritik dan Saran).run(Task 18 (Kritik dan Saran):33)
	at com.kms.katalon.core.main.ScriptEngine.run(ScriptEngine.java:194)
	at com.kms.katalon.core.main.ScriptEngine.runScriptAsRawText(ScriptEngine.java:119)
	at com.kms.katalon.core.main.TestCaseExecutor.runScript(TestCaseExecutor.java:337)
	at com.kms.katalon.core.main.TestCaseExecutor.doExecute(TestCaseExecutor.java:328)
	at com.kms.katalon.core.main.TestCaseExecutor.processExecutionPhase(TestCaseExecutor.java:307)
	at com.kms.katalon.core.main.TestCaseExecutor.accessMainPhase(TestCaseExecutor.java:299)
	at com.kms.katalon.core.main.TestCaseExecutor.execute(TestCaseExecutor.java:233)
	at com.kms.katalon.core.main.TestSuiteExecutor.accessTestCaseMainPhase(TestSuiteExecutor.java:169)
	at com.kms.katalon.core.main.TestSuiteExecutor.accessTestSuiteMainPhase(TestSuiteExecutor.java:142)
	at com.kms.katalon.core.main.TestSuiteExecutor.execute(TestSuiteExecutor.java:91)
	at com.kms.katalon.core.main.TestCaseMain.startTestSuite(TestCaseMain.java:157)
	at com.kms.katalon.core.main.TestCaseMain$startTestSuite$0.call(Unknown Source)
	at TempTestSuite1576127186487.run(TempTestSuite1576127186487.groovy:36)
"/>
         <system-out><![CDATA[2019-12-12 12:06:33 - [TEST_CASE][FAILED] - Test Cases/Christi/Task 18 (Kritik dan Saran): Test Cases/Christi/Task 18 (Kritik dan Saran) FAILED.
Reason:
com.kms.katalon.core.exception.StepFailedException: Object Object Repository/Kritik Saran/kritik saran produk not found
	at com.kms.katalon.core.keyword.internal.KeywordMain.stepFailed(KeywordMain.groovy:50)
	at com.kms.katalon.core.mobile.keyword.internal.MobileKeywordMain.stepFailed(MobileKeywordMain.groovy:40)
	at com.kms.katalon.core.mobile.keyword.builtin.TapKeyword$_tap_closure1.doCall(TapKeyword.groovy:79)
	at com.kms.katalon.core.mobile.keyword.builtin.TapKeyword$_tap_closure1.call(TapKeyword.groovy)
	at com.kms.katalon.core.mobile.keyword.internal.MobileKeywordMain.runKeyword(MobileKeywordMain.groovy:21)
	at com.kms.katalon.core.mobile.keyword.builtin.TapKeyword.tap(TapKeyword.groovy:86)
	at com.kms.katalon.core.mobile.keyword.builtin.TapKeyword.execute(TapKeyword.groovy:68)
	at com.kms.katalon.core.keyword.internal.KeywordExecutor.executeKeywordForPlatform(KeywordExecutor.groovy:60)
	at com.kms.katalon.core.mobile.keyword.MobileBuiltInKeywords.tap(MobileBuiltInKeywords.groovy:520)
	at com.kms.katalon.core.mobile.keyword.MobileBuiltInKeywords$tap$0.call(Unknown Source)
	at Task 18 (Kritik dan Saran).run(Task 18 (Kritik dan Saran):33)
	at com.kms.katalon.core.main.ScriptEngine.run(ScriptEngine.java:194)
	at com.kms.katalon.core.main.ScriptEngine.runScriptAsRawText(ScriptEngine.java:119)
	at com.kms.katalon.core.main.TestCaseExecutor.runScript(TestCaseExecutor.java:337)
	at com.kms.katalon.core.main.TestCaseExecutor.doExecute(TestCaseExecutor.java:328)
	at com.kms.katalon.core.main.TestCaseExecutor.processExecutionPhase(TestCaseExecutor.java:307)
	at com.kms.katalon.core.main.TestCaseExecutor.accessMainPhase(TestCaseExecutor.java:299)
	at com.kms.katalon.core.main.TestCaseExecutor.execute(TestCaseExecutor.java:233)
	at com.kms.katalon.core.main.TestSuiteExecutor.accessTestCaseMainPhase(TestSuiteExecutor.java:169)
	at com.kms.katalon.core.main.TestSuiteExecutor.accessTestSuiteMainPhase(TestSuiteExecutor.java:142)
	at com.kms.katalon.core.main.TestSuiteExecutor.execute(TestSuiteExecutor.java:91)
	at com.kms.katalon.core.main.TestCaseMain.startTestSuite(TestCaseMain.java:157)
	at com.kms.katalon.core.main.TestCaseMain$startTestSuite$0.call(Unknown Source)
	at TempTestSuite1576127186487.run(TempTestSuite1576127186487.groovy:36)


2019-12-12 12:06:34 - [TEST_STEP][NOT_RUN] - callTestCase(findTestCase("Christi/User_Login"), ["email":"christiantiangelin@gmail.com", "password":"Chr!st1"], STOP_ON_FAILURE): NOT_RUN: callTestCase(findTestCase("Christi/User_Login"), ["email":"christiantiangelin@gmail.com", "password":"Chr!st1"], STOP_ON_FAILURE)

2019-12-12 12:06:34 - [MESSAGE][NOT_RUN] - NOT_RUN: callTestCase(findTestCase("Christi/User_Login"), ["email":"christiantiangelin@gmail.com", "password":"Chr!st1"], STOP_ON_FAILURE)

2019-12-12 12:06:34 - [TEST_STEP][PASSED] - startApplication("C:\Users\15420\git\ACCBid-Mobile99\accbid.apk", false): Started app at: 'C:\Users\15420\git\ACCBid-Mobile99\accbid.apk'

2019-12-12 12:06:35 - [MESSAGE][INFO] - User set preference: ['unicodeKeyboard', 'true']

2019-12-12 12:06:35 - [MESSAGE][INFO] - User set preference: ['resetKeyboard', 'true']

2019-12-12 12:06:35 - [MESSAGE][INFO] - User set preference: ['deviceId', '']

2019-12-12 12:06:44 - [MESSAGE][INFO] - Appium server started on port 65,371

2019-12-12 12:07:27 - [MESSAGE][PASSED] - Started app at: 'C:\Users\15420\git\ACCBid-Mobile99\accbid.apk'

2019-12-12 12:07:27 - [TEST_STEP][PASSED] - delay(15): Delayed 15 second(s)

2019-12-12 12:07:42 - [MESSAGE][PASSED] - Delayed 15 second(s)

2019-12-12 12:07:42 - [TEST_STEP][NOT_RUN] - tap(findTestObject("Page_Login/AKUN"), 0): NOT_RUN: tap(findTestObject("Page_Login/AKUN"), 0)

2019-12-12 12:07:42 - [MESSAGE][NOT_RUN] - NOT_RUN: tap(findTestObject("Page_Login/AKUN"), 0)

2019-12-12 12:07:42 - [TEST_STEP][PASSED] - tap(findTestObject("akun"), 0): Tapped on element 'Object Repository/akun'

2019-12-12 12:07:43 - [MESSAGE][WARNING] - Timeout '0' is invalid. Using default page load timeout: '60'

2019-12-12 12:07:48 - [MESSAGE][PASSED] - Tapped on element 'Object Repository/akun'

2019-12-12 12:07:48 - [TEST_STEP][PASSED] - delay(3): Delayed 3 second(s)

2019-12-12 12:07:51 - [MESSAGE][PASSED] - Delayed 3 second(s)

2019-12-12 12:07:51 - [TEST_STEP][PASSED] - tap(findTestObject("thara/Kritik  Saran"), 0): Tapped on element 'Object Repository/thara/Kritik  Saran'

2019-12-12 12:07:51 - [MESSAGE][WARNING] - Timeout '0' is invalid. Using default page load timeout: '60'

2019-12-12 12:07:55 - [MESSAGE][PASSED] - Tapped on element 'Object Repository/thara/Kritik  Saran'

2019-12-12 12:07:55 - [TEST_STEP][PASSED] - delay(3): Delayed 3 second(s)

2019-12-12 12:07:58 - [MESSAGE][PASSED] - Delayed 3 second(s)

2019-12-12 12:07:58 - [TEST_STEP][FAILED] - tap(findTestObject("Kritik Saran/kritik saran produk"), 0): Failed to tap on element 'Object Repository/Kritik Saran/kritik saran produk' (Root cause: com.kms.katalon.core.exception.StepFailedException: Object Object Repository/Kritik Saran/kritik saran produk not found
	at com.kms.katalon.core.keyword.internal.KeywordMain.stepFailed(KeywordMain.groovy:50)
	at com.kms.katalon.core.mobile.keyword.internal.MobileKeywordMain.stepFailed(MobileKeywordMain.groovy:40)
	at com.kms.katalon.core.mobile.keyword.builtin.TapKeyword$_tap_closure1.doCall(TapKeyword.groovy:79)
	at com.kms.katalon.core.mobile.keyword.builtin.TapKeyword$_tap_closure1.call(TapKeyword.groovy)
	at com.kms.katalon.core.mobile.keyword.internal.MobileKeywordMain.runKeyword(MobileKeywordMain.groovy:21)
	at com.kms.katalon.core.mobile.keyword.builtin.TapKeyword.tap(TapKeyword.groovy:86)
	at com.kms.katalon.core.mobile.keyword.builtin.TapKeyword.execute(TapKeyword.groovy:68)
	at com.kms.katalon.core.keyword.internal.KeywordExecutor.executeKeywordForPlatform(KeywordExecutor.groovy:60)
	at com.kms.katalon.core.mobile.keyword.MobileBuiltInKeywords.tap(MobileBuiltInKeywords.groovy:520)
	at com.kms.katalon.core.mobile.keyword.MobileBuiltInKeywords$tap$0.call(Unknown Source)
	at Task 18 (Kritik dan Saran).run(Task 18 (Kritik dan Saran):33)
	at com.kms.katalon.core.main.ScriptEngine.run(ScriptEngine.java:194)
	at com.kms.katalon.core.main.ScriptEngine.runScriptAsRawText(ScriptEngine.java:119)
	at com.kms.katalon.core.main.TestCaseExecutor.runScript(TestCaseExecutor.java:337)
	at com.kms.katalon.core.main.TestCaseExecutor.doExecute(TestCaseExecutor.java:328)
	at com.kms.katalon.core.main.TestCaseExecutor.processExecutionPhase(TestCaseExecutor.java:307)
	at com.kms.katalon.core.main.TestCaseExecutor.accessMainPhase(TestCaseExecutor.java:299)
	at com.kms.katalon.core.main.TestCaseExecutor.execute(TestCaseExecutor.java:233)
	at com.kms.katalon.core.main.TestSuiteExecutor.accessTestCaseMainPhase(TestSuiteExecutor.java:169)
	at com.kms.katalon.core.main.TestSuiteExecutor.accessTestSuiteMainPhase(TestSuiteExecutor.java:142)
	at com.kms.katalon.core.main.TestSuiteExecutor.execute(TestSuiteExecutor.java:91)
	at com.kms.katalon.core.main.TestCaseMain.startTestSuite(TestCaseMain.java:157)
	at com.kms.katalon.core.main.TestCaseMain$startTestSuite$0.call(Unknown Source)
	at TempTestSuite1576127186487.run(TempTestSuite1576127186487.groovy:36)
)

2019-12-12 12:07:58 - [MESSAGE][WARNING] - Timeout '0' is invalid. Using default page load timeout: '60'

2019-12-12 12:09:00 - [MESSAGE][FAILED] - Object Object Repository/Kritik Saran/kritik saran produk not found
[[ATTACHMENT|C:\\Users\\15420\\git\\ACCBid-Mobile99\\Reports\\20191212_120626\\ACC Bid\\20191212_120626\\1576127338274.png]]

2019-12-12 12:09:01 - [MESSAGE][FAILED] - Failed to tap on element 'Object Repository/Kritik Saran/kritik saran produk' (Root cause: com.kms.katalon.core.exception.StepFailedException: Object Object Repository/Kritik Saran/kritik saran produk not found
	at com.kms.katalon.core.keyword.internal.KeywordMain.stepFailed(KeywordMain.groovy:50)
	at com.kms.katalon.core.mobile.keyword.internal.MobileKeywordMain.stepFailed(MobileKeywordMain.groovy:40)
	at com.kms.katalon.core.mobile.keyword.builtin.TapKeyword$_tap_closure1.doCall(TapKeyword.groovy:79)
	at com.kms.katalon.core.mobile.keyword.builtin.TapKeyword$_tap_closure1.call(TapKeyword.groovy)
	at com.kms.katalon.core.mobile.keyword.internal.MobileKeywordMain.runKeyword(MobileKeywordMain.groovy:21)
	at com.kms.katalon.core.mobile.keyword.builtin.TapKeyword.tap(TapKeyword.groovy:86)
	at com.kms.katalon.core.mobile.keyword.builtin.TapKeyword.execute(TapKeyword.groovy:68)
	at com.kms.katalon.core.keyword.internal.KeywordExecutor.executeKeywordForPlatform(KeywordExecutor.groovy:60)
	at com.kms.katalon.core.mobile.keyword.MobileBuiltInKeywords.tap(MobileBuiltInKeywords.groovy:520)
	at com.kms.katalon.core.mobile.keyword.MobileBuiltInKeywords$tap$0.call(Unknown Source)
	at Task 18 (Kritik dan Saran).run(Task 18 (Kritik dan Saran):33)
	at com.kms.katalon.core.main.ScriptEngine.run(ScriptEngine.java:194)
	at com.kms.katalon.core.main.ScriptEngine.runScriptAsRawText(ScriptEngine.java:119)
	at com.kms.katalon.core.main.TestCaseExecutor.runScript(TestCaseExecutor.java:337)
	at com.kms.katalon.core.main.TestCaseExecutor.doExecute(TestCaseExecutor.java:328)
	at com.kms.katalon.core.main.TestCaseExecutor.processExecutionPhase(TestCaseExecutor.java:307)
	at com.kms.katalon.core.main.TestCaseExecutor.accessMainPhase(TestCaseExecutor.java:299)
	at com.kms.katalon.core.main.TestCaseExecutor.execute(TestCaseExecutor.java:233)
	at com.kms.katalon.core.main.TestSuiteExecutor.accessTestCaseMainPhase(TestSuiteExecutor.java:169)
	at com.kms.katalon.core.main.TestSuiteExecutor.accessTestSuiteMainPhase(TestSuiteExecutor.java:142)
	at com.kms.katalon.core.main.TestSuiteExecutor.execute(TestSuiteExecutor.java:91)
	at com.kms.katalon.core.main.TestCaseMain.startTestSuite(TestCaseMain.java:157)
	at com.kms.katalon.core.main.TestCaseMain$startTestSuite$0.call(Unknown Source)
	at TempTestSuite1576127186487.run(TempTestSuite1576127186487.groovy:36)
)
[[ATTACHMENT|C:\\Users\\15420\\git\\ACCBid-Mobile99\\Reports\\20191212_120626\\ACC Bid\\20191212_120626\\1576127340068.png]]]]></system-out>
         <system-err><![CDATA[2019-12-12 12:06:33 - [TEST_CASE][FAILED] - Test Cases/Christi/Task 18 (Kritik dan Saran): Test Cases/Christi/Task 18 (Kritik dan Saran) FAILED.
Reason:
com.kms.katalon.core.exception.StepFailedException: Object Object Repository/Kritik Saran/kritik saran produk not found
	at com.kms.katalon.core.keyword.internal.KeywordMain.stepFailed(KeywordMain.groovy:50)
	at com.kms.katalon.core.mobile.keyword.internal.MobileKeywordMain.stepFailed(MobileKeywordMain.groovy:40)
	at com.kms.katalon.core.mobile.keyword.builtin.TapKeyword$_tap_closure1.doCall(TapKeyword.groovy:79)
	at com.kms.katalon.core.mobile.keyword.builtin.TapKeyword$_tap_closure1.call(TapKeyword.groovy)
	at com.kms.katalon.core.mobile.keyword.internal.MobileKeywordMain.runKeyword(MobileKeywordMain.groovy:21)
	at com.kms.katalon.core.mobile.keyword.builtin.TapKeyword.tap(TapKeyword.groovy:86)
	at com.kms.katalon.core.mobile.keyword.builtin.TapKeyword.execute(TapKeyword.groovy:68)
	at com.kms.katalon.core.keyword.internal.KeywordExecutor.executeKeywordForPlatform(KeywordExecutor.groovy:60)
	at com.kms.katalon.core.mobile.keyword.MobileBuiltInKeywords.tap(MobileBuiltInKeywords.groovy:520)
	at com.kms.katalon.core.mobile.keyword.MobileBuiltInKeywords$tap$0.call(Unknown Source)
	at Task 18 (Kritik dan Saran).run(Task 18 (Kritik dan Saran):33)
	at com.kms.katalon.core.main.ScriptEngine.run(ScriptEngine.java:194)
	at com.kms.katalon.core.main.ScriptEngine.runScriptAsRawText(ScriptEngine.java:119)
	at com.kms.katalon.core.main.TestCaseExecutor.runScript(TestCaseExecutor.java:337)
	at com.kms.katalon.core.main.TestCaseExecutor.doExecute(TestCaseExecutor.java:328)
	at com.kms.katalon.core.main.TestCaseExecutor.processExecutionPhase(TestCaseExecutor.java:307)
	at com.kms.katalon.core.main.TestCaseExecutor.accessMainPhase(TestCaseExecutor.java:299)
	at com.kms.katalon.core.main.TestCaseExecutor.execute(TestCaseExecutor.java:233)
	at com.kms.katalon.core.main.TestSuiteExecutor.accessTestCaseMainPhase(TestSuiteExecutor.java:169)
	at com.kms.katalon.core.main.TestSuiteExecutor.accessTestSuiteMainPhase(TestSuiteExecutor.java:142)
	at com.kms.katalon.core.main.TestSuiteExecutor.execute(TestSuiteExecutor.java:91)
	at com.kms.katalon.core.main.TestCaseMain.startTestSuite(TestCaseMain.java:157)
	at com.kms.katalon.core.main.TestCaseMain$startTestSuite$0.call(Unknown Source)
	at TempTestSuite1576127186487.run(TempTestSuite1576127186487.groovy:36)]]></system-err>
      </testcase>
      <testcase name="Test Cases/Christi/Task 18 (Kritik dan Saran)" time="123.009" classname="Test Cases/Christi/Task 18 (Kritik dan Saran)" status="FAILED">
         <failure type="FAILED" message="Test Cases/Christi/Task 18 (Kritik dan Saran) FAILED.
Reason:
com.kms.katalon.core.exception.StepFailedException: Object Object Repository/Kritik Saran/kritik saran produk not found
	at com.kms.katalon.core.keyword.internal.KeywordMain.stepFailed(KeywordMain.groovy:50)
	at com.kms.katalon.core.mobile.keyword.internal.MobileKeywordMain.stepFailed(MobileKeywordMain.groovy:40)
	at com.kms.katalon.core.mobile.keyword.builtin.TapKeyword$_tap_closure1.doCall(TapKeyword.groovy:79)
	at com.kms.katalon.core.mobile.keyword.builtin.TapKeyword$_tap_closure1.call(TapKeyword.groovy)
	at com.kms.katalon.core.mobile.keyword.internal.MobileKeywordMain.runKeyword(MobileKeywordMain.groovy:21)
	at com.kms.katalon.core.mobile.keyword.builtin.TapKeyword.tap(TapKeyword.groovy:86)
	at com.kms.katalon.core.mobile.keyword.builtin.TapKeyword.execute(TapKeyword.groovy:68)
	at com.kms.katalon.core.keyword.internal.KeywordExecutor.executeKeywordForPlatform(KeywordExecutor.groovy:60)
	at com.kms.katalon.core.mobile.keyword.MobileBuiltInKeywords.tap(MobileBuiltInKeywords.groovy:520)
	at com.kms.katalon.core.mobile.keyword.MobileBuiltInKeywords$tap$0.call(Unknown Source)
	at Task 18 (Kritik dan Saran).run(Task 18 (Kritik dan Saran):33)
	at com.kms.katalon.core.main.ScriptEngine.run(ScriptEngine.java:194)
	at com.kms.katalon.core.main.ScriptEngine.runScriptAsRawText(ScriptEngine.java:119)
	at com.kms.katalon.core.main.TestCaseExecutor.runScript(TestCaseExecutor.java:337)
	at com.kms.katalon.core.main.TestCaseExecutor.doExecute(TestCaseExecutor.java:328)
	at com.kms.katalon.core.main.TestCaseExecutor.processExecutionPhase(TestCaseExecutor.java:307)
	at com.kms.katalon.core.main.TestCaseExecutor.accessMainPhase(TestCaseExecutor.java:299)
	at com.kms.katalon.core.main.TestCaseExecutor.execute(TestCaseExecutor.java:233)
	at com.kms.katalon.core.main.TestSuiteExecutor.accessTestCaseMainPhase(TestSuiteExecutor.java:169)
	at com.kms.katalon.core.main.TestSuiteExecutor.accessTestSuiteMainPhase(TestSuiteExecutor.java:142)
	at com.kms.katalon.core.main.TestSuiteExecutor.execute(TestSuiteExecutor.java:91)
	at com.kms.katalon.core.main.TestCaseMain.startTestSuite(TestCaseMain.java:157)
	at com.kms.katalon.core.main.TestCaseMain$startTestSuite$0.call(Unknown Source)
	at TempTestSuite1576127186487.run(TempTestSuite1576127186487.groovy:36)
"/>
         <system-out><![CDATA[2019-12-12 12:09:01 - [TEST_CASE][FAILED] - Test Cases/Christi/Task 18 (Kritik dan Saran): Test Cases/Christi/Task 18 (Kritik dan Saran) FAILED.
Reason:
com.kms.katalon.core.exception.StepFailedException: Object Object Repository/Kritik Saran/kritik saran produk not found
	at com.kms.katalon.core.keyword.internal.KeywordMain.stepFailed(KeywordMain.groovy:50)
	at com.kms.katalon.core.mobile.keyword.internal.MobileKeywordMain.stepFailed(MobileKeywordMain.groovy:40)
	at com.kms.katalon.core.mobile.keyword.builtin.TapKeyword$_tap_closure1.doCall(TapKeyword.groovy:79)
	at com.kms.katalon.core.mobile.keyword.builtin.TapKeyword$_tap_closure1.call(TapKeyword.groovy)
	at com.kms.katalon.core.mobile.keyword.internal.MobileKeywordMain.runKeyword(MobileKeywordMain.groovy:21)
	at com.kms.katalon.core.mobile.keyword.builtin.TapKeyword.tap(TapKeyword.groovy:86)
	at com.kms.katalon.core.mobile.keyword.builtin.TapKeyword.execute(TapKeyword.groovy:68)
	at com.kms.katalon.core.keyword.internal.KeywordExecutor.executeKeywordForPlatform(KeywordExecutor.groovy:60)
	at com.kms.katalon.core.mobile.keyword.MobileBuiltInKeywords.tap(MobileBuiltInKeywords.groovy:520)
	at com.kms.katalon.core.mobile.keyword.MobileBuiltInKeywords$tap$0.call(Unknown Source)
	at Task 18 (Kritik dan Saran).run(Task 18 (Kritik dan Saran):33)
	at com.kms.katalon.core.main.ScriptEngine.run(ScriptEngine.java:194)
	at com.kms.katalon.core.main.ScriptEngine.runScriptAsRawText(ScriptEngine.java:119)
	at com.kms.katalon.core.main.TestCaseExecutor.runScript(TestCaseExecutor.java:337)
	at com.kms.katalon.core.main.TestCaseExecutor.doExecute(TestCaseExecutor.java:328)
	at com.kms.katalon.core.main.TestCaseExecutor.processExecutionPhase(TestCaseExecutor.java:307)
	at com.kms.katalon.core.main.TestCaseExecutor.accessMainPhase(TestCaseExecutor.java:299)
	at com.kms.katalon.core.main.TestCaseExecutor.execute(TestCaseExecutor.java:233)
	at com.kms.katalon.core.main.TestSuiteExecutor.accessTestCaseMainPhase(TestSuiteExecutor.java:169)
	at com.kms.katalon.core.main.TestSuiteExecutor.accessTestSuiteMainPhase(TestSuiteExecutor.java:142)
	at com.kms.katalon.core.main.TestSuiteExecutor.execute(TestSuiteExecutor.java:91)
	at com.kms.katalon.core.main.TestCaseMain.startTestSuite(TestCaseMain.java:157)
	at com.kms.katalon.core.main.TestCaseMain$startTestSuite$0.call(Unknown Source)
	at TempTestSuite1576127186487.run(TempTestSuite1576127186487.groovy:36)


2019-12-12 12:09:01 - [TEST_STEP][NOT_RUN] - callTestCase(findTestCase("Christi/User_Login"), ["email":"christiantiangelin@gmail.com", "password":"Chr!st1"], STOP_ON_FAILURE): NOT_RUN: callTestCase(findTestCase("Christi/User_Login"), ["email":"christiantiangelin@gmail.com", "password":"Chr!st1"], STOP_ON_FAILURE)

2019-12-12 12:09:01 - [MESSAGE][NOT_RUN] - NOT_RUN: callTestCase(findTestCase("Christi/User_Login"), ["email":"christiantiangelin@gmail.com", "password":"Chr!st1"], STOP_ON_FAILURE)

2019-12-12 12:09:01 - [TEST_STEP][PASSED] - startApplication("C:\Users\15420\git\ACCBid-Mobile99\accbid.apk", false): Started app at: 'C:\Users\15420\git\ACCBid-Mobile99\accbid.apk'

2019-12-12 12:09:01 - [MESSAGE][INFO] - User set preference: ['unicodeKeyboard', 'true']

2019-12-12 12:09:01 - [MESSAGE][INFO] - User set preference: ['resetKeyboard', 'true']

2019-12-12 12:09:01 - [MESSAGE][INFO] - User set preference: ['deviceId', '']

2019-12-12 12:09:32 - [MESSAGE][PASSED] - Started app at: 'C:\Users\15420\git\ACCBid-Mobile99\accbid.apk'

2019-12-12 12:09:32 - [TEST_STEP][PASSED] - delay(15): Delayed 15 second(s)

2019-12-12 12:09:47 - [MESSAGE][PASSED] - Delayed 15 second(s)

2019-12-12 12:09:47 - [TEST_STEP][NOT_RUN] - tap(findTestObject("Page_Login/AKUN"), 0): NOT_RUN: tap(findTestObject("Page_Login/AKUN"), 0)

2019-12-12 12:09:47 - [MESSAGE][NOT_RUN] - NOT_RUN: tap(findTestObject("Page_Login/AKUN"), 0)

2019-12-12 12:09:47 - [TEST_STEP][PASSED] - tap(findTestObject("akun"), 0): Tapped on element 'Object Repository/akun'

2019-12-12 12:09:47 - [MESSAGE][WARNING] - Timeout '0' is invalid. Using default page load timeout: '60'

2019-12-12 12:09:52 - [MESSAGE][PASSED] - Tapped on element 'Object Repository/akun'

2019-12-12 12:09:52 - [TEST_STEP][PASSED] - delay(3): Delayed 3 second(s)

2019-12-12 12:09:55 - [MESSAGE][PASSED] - Delayed 3 second(s)

2019-12-12 12:09:55 - [TEST_STEP][PASSED] - tap(findTestObject("thara/Kritik  Saran"), 0): Tapped on element 'Object Repository/thara/Kritik  Saran'

2019-12-12 12:09:55 - [MESSAGE][WARNING] - Timeout '0' is invalid. Using default page load timeout: '60'

2019-12-12 12:09:58 - [MESSAGE][PASSED] - Tapped on element 'Object Repository/thara/Kritik  Saran'

2019-12-12 12:09:58 - [TEST_STEP][PASSED] - delay(3): Delayed 3 second(s)

2019-12-12 12:10:01 - [MESSAGE][PASSED] - Delayed 3 second(s)

2019-12-12 12:10:01 - [TEST_STEP][FAILED] - tap(findTestObject("Kritik Saran/kritik saran produk"), 0): Failed to tap on element 'Object Repository/Kritik Saran/kritik saran produk' (Root cause: com.kms.katalon.core.exception.StepFailedException: Object Object Repository/Kritik Saran/kritik saran produk not found
	at com.kms.katalon.core.keyword.internal.KeywordMain.stepFailed(KeywordMain.groovy:50)
	at com.kms.katalon.core.mobile.keyword.internal.MobileKeywordMain.stepFailed(MobileKeywordMain.groovy:40)
	at com.kms.katalon.core.mobile.keyword.builtin.TapKeyword$_tap_closure1.doCall(TapKeyword.groovy:79)
	at com.kms.katalon.core.mobile.keyword.builtin.TapKeyword$_tap_closure1.call(TapKeyword.groovy)
	at com.kms.katalon.core.mobile.keyword.internal.MobileKeywordMain.runKeyword(MobileKeywordMain.groovy:21)
	at com.kms.katalon.core.mobile.keyword.builtin.TapKeyword.tap(TapKeyword.groovy:86)
	at com.kms.katalon.core.mobile.keyword.builtin.TapKeyword.execute(TapKeyword.groovy:68)
	at com.kms.katalon.core.keyword.internal.KeywordExecutor.executeKeywordForPlatform(KeywordExecutor.groovy:60)
	at com.kms.katalon.core.mobile.keyword.MobileBuiltInKeywords.tap(MobileBuiltInKeywords.groovy:520)
	at com.kms.katalon.core.mobile.keyword.MobileBuiltInKeywords$tap$0.call(Unknown Source)
	at Task 18 (Kritik dan Saran).run(Task 18 (Kritik dan Saran):33)
	at com.kms.katalon.core.main.ScriptEngine.run(ScriptEngine.java:194)
	at com.kms.katalon.core.main.ScriptEngine.runScriptAsRawText(ScriptEngine.java:119)
	at com.kms.katalon.core.main.TestCaseExecutor.runScript(TestCaseExecutor.java:337)
	at com.kms.katalon.core.main.TestCaseExecutor.doExecute(TestCaseExecutor.java:328)
	at com.kms.katalon.core.main.TestCaseExecutor.processExecutionPhase(TestCaseExecutor.java:307)
	at com.kms.katalon.core.main.TestCaseExecutor.accessMainPhase(TestCaseExecutor.java:299)
	at com.kms.katalon.core.main.TestCaseExecutor.execute(TestCaseExecutor.java:233)
	at com.kms.katalon.core.main.TestSuiteExecutor.accessTestCaseMainPhase(TestSuiteExecutor.java:169)
	at com.kms.katalon.core.main.TestSuiteExecutor.accessTestSuiteMainPhase(TestSuiteExecutor.java:142)
	at com.kms.katalon.core.main.TestSuiteExecutor.execute(TestSuiteExecutor.java:91)
	at com.kms.katalon.core.main.TestCaseMain.startTestSuite(TestCaseMain.java:157)
	at com.kms.katalon.core.main.TestCaseMain$startTestSuite$0.call(Unknown Source)
	at TempTestSuite1576127186487.run(TempTestSuite1576127186487.groovy:36)
)

2019-12-12 12:10:01 - [MESSAGE][WARNING] - Timeout '0' is invalid. Using default page load timeout: '60'

2019-12-12 12:11:03 - [MESSAGE][FAILED] - Object Object Repository/Kritik Saran/kritik saran produk not found
[[ATTACHMENT|C:\\Users\\15420\\git\\ACCBid-Mobile99\\Reports\\20191212_120626\\ACC Bid\\20191212_120626\\1576127461443.png]]

2019-12-12 12:11:04 - [MESSAGE][FAILED] - Failed to tap on element 'Object Repository/Kritik Saran/kritik saran produk' (Root cause: com.kms.katalon.core.exception.StepFailedException: Object Object Repository/Kritik Saran/kritik saran produk not found
	at com.kms.katalon.core.keyword.internal.KeywordMain.stepFailed(KeywordMain.groovy:50)
	at com.kms.katalon.core.mobile.keyword.internal.MobileKeywordMain.stepFailed(MobileKeywordMain.groovy:40)
	at com.kms.katalon.core.mobile.keyword.builtin.TapKeyword$_tap_closure1.doCall(TapKeyword.groovy:79)
	at com.kms.katalon.core.mobile.keyword.builtin.TapKeyword$_tap_closure1.call(TapKeyword.groovy)
	at com.kms.katalon.core.mobile.keyword.internal.MobileKeywordMain.runKeyword(MobileKeywordMain.groovy:21)
	at com.kms.katalon.core.mobile.keyword.builtin.TapKeyword.tap(TapKeyword.groovy:86)
	at com.kms.katalon.core.mobile.keyword.builtin.TapKeyword.execute(TapKeyword.groovy:68)
	at com.kms.katalon.core.keyword.internal.KeywordExecutor.executeKeywordForPlatform(KeywordExecutor.groovy:60)
	at com.kms.katalon.core.mobile.keyword.MobileBuiltInKeywords.tap(MobileBuiltInKeywords.groovy:520)
	at com.kms.katalon.core.mobile.keyword.MobileBuiltInKeywords$tap$0.call(Unknown Source)
	at Task 18 (Kritik dan Saran).run(Task 18 (Kritik dan Saran):33)
	at com.kms.katalon.core.main.ScriptEngine.run(ScriptEngine.java:194)
	at com.kms.katalon.core.main.ScriptEngine.runScriptAsRawText(ScriptEngine.java:119)
	at com.kms.katalon.core.main.TestCaseExecutor.runScript(TestCaseExecutor.java:337)
	at com.kms.katalon.core.main.TestCaseExecutor.doExecute(TestCaseExecutor.java:328)
	at com.kms.katalon.core.main.TestCaseExecutor.processExecutionPhase(TestCaseExecutor.java:307)
	at com.kms.katalon.core.main.TestCaseExecutor.accessMainPhase(TestCaseExecutor.java:299)
	at com.kms.katalon.core.main.TestCaseExecutor.execute(TestCaseExecutor.java:233)
	at com.kms.katalon.core.main.TestSuiteExecutor.accessTestCaseMainPhase(TestSuiteExecutor.java:169)
	at com.kms.katalon.core.main.TestSuiteExecutor.accessTestSuiteMainPhase(TestSuiteExecutor.java:142)
	at com.kms.katalon.core.main.TestSuiteExecutor.execute(TestSuiteExecutor.java:91)
	at com.kms.katalon.core.main.TestCaseMain.startTestSuite(TestCaseMain.java:157)
	at com.kms.katalon.core.main.TestCaseMain$startTestSuite$0.call(Unknown Source)
	at TempTestSuite1576127186487.run(TempTestSuite1576127186487.groovy:36)
)
[[ATTACHMENT|C:\\Users\\15420\\git\\ACCBid-Mobile99\\Reports\\20191212_120626\\ACC Bid\\20191212_120626\\1576127463236.png]]]]></system-out>
         <system-err><![CDATA[2019-12-12 12:09:01 - [TEST_CASE][FAILED] - Test Cases/Christi/Task 18 (Kritik dan Saran): Test Cases/Christi/Task 18 (Kritik dan Saran) FAILED.
Reason:
com.kms.katalon.core.exception.StepFailedException: Object Object Repository/Kritik Saran/kritik saran produk not found
	at com.kms.katalon.core.keyword.internal.KeywordMain.stepFailed(KeywordMain.groovy:50)
	at com.kms.katalon.core.mobile.keyword.internal.MobileKeywordMain.stepFailed(MobileKeywordMain.groovy:40)
	at com.kms.katalon.core.mobile.keyword.builtin.TapKeyword$_tap_closure1.doCall(TapKeyword.groovy:79)
	at com.kms.katalon.core.mobile.keyword.builtin.TapKeyword$_tap_closure1.call(TapKeyword.groovy)
	at com.kms.katalon.core.mobile.keyword.internal.MobileKeywordMain.runKeyword(MobileKeywordMain.groovy:21)
	at com.kms.katalon.core.mobile.keyword.builtin.TapKeyword.tap(TapKeyword.groovy:86)
	at com.kms.katalon.core.mobile.keyword.builtin.TapKeyword.execute(TapKeyword.groovy:68)
	at com.kms.katalon.core.keyword.internal.KeywordExecutor.executeKeywordForPlatform(KeywordExecutor.groovy:60)
	at com.kms.katalon.core.mobile.keyword.MobileBuiltInKeywords.tap(MobileBuiltInKeywords.groovy:520)
	at com.kms.katalon.core.mobile.keyword.MobileBuiltInKeywords$tap$0.call(Unknown Source)
	at Task 18 (Kritik dan Saran).run(Task 18 (Kritik dan Saran):33)
	at com.kms.katalon.core.main.ScriptEngine.run(ScriptEngine.java:194)
	at com.kms.katalon.core.main.ScriptEngine.runScriptAsRawText(ScriptEngine.java:119)
	at com.kms.katalon.core.main.TestCaseExecutor.runScript(TestCaseExecutor.java:337)
	at com.kms.katalon.core.main.TestCaseExecutor.doExecute(TestCaseExecutor.java:328)
	at com.kms.katalon.core.main.TestCaseExecutor.processExecutionPhase(TestCaseExecutor.java:307)
	at com.kms.katalon.core.main.TestCaseExecutor.accessMainPhase(TestCaseExecutor.java:299)
	at com.kms.katalon.core.main.TestCaseExecutor.execute(TestCaseExecutor.java:233)
	at com.kms.katalon.core.main.TestSuiteExecutor.accessTestCaseMainPhase(TestSuiteExecutor.java:169)
	at com.kms.katalon.core.main.TestSuiteExecutor.accessTestSuiteMainPhase(TestSuiteExecutor.java:142)
	at com.kms.katalon.core.main.TestSuiteExecutor.execute(TestSuiteExecutor.java:91)
	at com.kms.katalon.core.main.TestCaseMain.startTestSuite(TestCaseMain.java:157)
	at com.kms.katalon.core.main.TestCaseMain$startTestSuite$0.call(Unknown Source)
	at TempTestSuite1576127186487.run(TempTestSuite1576127186487.groovy:36)]]></system-err>
      </testcase>
      <testcase name="Test Cases/Christi/Task 18 (Kritik dan Saran)" time="125.883" classname="Test Cases/Christi/Task 18 (Kritik dan Saran)" status="FAILED">
         <failure type="FAILED" message="Test Cases/Christi/Task 18 (Kritik dan Saran) FAILED.
Reason:
com.kms.katalon.core.exception.StepFailedException: Object Object Repository/Kritik Saran/kritik saran produk not found
	at com.kms.katalon.core.keyword.internal.KeywordMain.stepFailed(KeywordMain.groovy:50)
	at com.kms.katalon.core.mobile.keyword.internal.MobileKeywordMain.stepFailed(MobileKeywordMain.groovy:40)
	at com.kms.katalon.core.mobile.keyword.builtin.TapKeyword$_tap_closure1.doCall(TapKeyword.groovy:79)
	at com.kms.katalon.core.mobile.keyword.builtin.TapKeyword$_tap_closure1.call(TapKeyword.groovy)
	at com.kms.katalon.core.mobile.keyword.internal.MobileKeywordMain.runKeyword(MobileKeywordMain.groovy:21)
	at com.kms.katalon.core.mobile.keyword.builtin.TapKeyword.tap(TapKeyword.groovy:86)
	at com.kms.katalon.core.mobile.keyword.builtin.TapKeyword.execute(TapKeyword.groovy:68)
	at com.kms.katalon.core.keyword.internal.KeywordExecutor.executeKeywordForPlatform(KeywordExecutor.groovy:60)
	at com.kms.katalon.core.mobile.keyword.MobileBuiltInKeywords.tap(MobileBuiltInKeywords.groovy:520)
	at com.kms.katalon.core.mobile.keyword.MobileBuiltInKeywords$tap$0.call(Unknown Source)
	at Task 18 (Kritik dan Saran).run(Task 18 (Kritik dan Saran):33)
	at com.kms.katalon.core.main.ScriptEngine.run(ScriptEngine.java:194)
	at com.kms.katalon.core.main.ScriptEngine.runScriptAsRawText(ScriptEngine.java:119)
	at com.kms.katalon.core.main.TestCaseExecutor.runScript(TestCaseExecutor.java:337)
	at com.kms.katalon.core.main.TestCaseExecutor.doExecute(TestCaseExecutor.java:328)
	at com.kms.katalon.core.main.TestCaseExecutor.processExecutionPhase(TestCaseExecutor.java:307)
	at com.kms.katalon.core.main.TestCaseExecutor.accessMainPhase(TestCaseExecutor.java:299)
	at com.kms.katalon.core.main.TestCaseExecutor.execute(TestCaseExecutor.java:233)
	at com.kms.katalon.core.main.TestSuiteExecutor.accessTestCaseMainPhase(TestSuiteExecutor.java:169)
	at com.kms.katalon.core.main.TestSuiteExecutor.accessTestSuiteMainPhase(TestSuiteExecutor.java:142)
	at com.kms.katalon.core.main.TestSuiteExecutor.execute(TestSuiteExecutor.java:91)
	at com.kms.katalon.core.main.TestCaseMain.startTestSuite(TestCaseMain.java:157)
	at com.kms.katalon.core.main.TestCaseMain$startTestSuite$0.call(Unknown Source)
	at TempTestSuite1576127186487.run(TempTestSuite1576127186487.groovy:36)
"/>
         <system-out><![CDATA[2019-12-12 12:11:04 - [TEST_CASE][FAILED] - Test Cases/Christi/Task 18 (Kritik dan Saran): Test Cases/Christi/Task 18 (Kritik dan Saran) FAILED.
Reason:
com.kms.katalon.core.exception.StepFailedException: Object Object Repository/Kritik Saran/kritik saran produk not found
	at com.kms.katalon.core.keyword.internal.KeywordMain.stepFailed(KeywordMain.groovy:50)
	at com.kms.katalon.core.mobile.keyword.internal.MobileKeywordMain.stepFailed(MobileKeywordMain.groovy:40)
	at com.kms.katalon.core.mobile.keyword.builtin.TapKeyword$_tap_closure1.doCall(TapKeyword.groovy:79)
	at com.kms.katalon.core.mobile.keyword.builtin.TapKeyword$_tap_closure1.call(TapKeyword.groovy)
	at com.kms.katalon.core.mobile.keyword.internal.MobileKeywordMain.runKeyword(MobileKeywordMain.groovy:21)
	at com.kms.katalon.core.mobile.keyword.builtin.TapKeyword.tap(TapKeyword.groovy:86)
	at com.kms.katalon.core.mobile.keyword.builtin.TapKeyword.execute(TapKeyword.groovy:68)
	at com.kms.katalon.core.keyword.internal.KeywordExecutor.executeKeywordForPlatform(KeywordExecutor.groovy:60)
	at com.kms.katalon.core.mobile.keyword.MobileBuiltInKeywords.tap(MobileBuiltInKeywords.groovy:520)
	at com.kms.katalon.core.mobile.keyword.MobileBuiltInKeywords$tap$0.call(Unknown Source)
	at Task 18 (Kritik dan Saran).run(Task 18 (Kritik dan Saran):33)
	at com.kms.katalon.core.main.ScriptEngine.run(ScriptEngine.java:194)
	at com.kms.katalon.core.main.ScriptEngine.runScriptAsRawText(ScriptEngine.java:119)
	at com.kms.katalon.core.main.TestCaseExecutor.runScript(TestCaseExecutor.java:337)
	at com.kms.katalon.core.main.TestCaseExecutor.doExecute(TestCaseExecutor.java:328)
	at com.kms.katalon.core.main.TestCaseExecutor.processExecutionPhase(TestCaseExecutor.java:307)
	at com.kms.katalon.core.main.TestCaseExecutor.accessMainPhase(TestCaseExecutor.java:299)
	at com.kms.katalon.core.main.TestCaseExecutor.execute(TestCaseExecutor.java:233)
	at com.kms.katalon.core.main.TestSuiteExecutor.accessTestCaseMainPhase(TestSuiteExecutor.java:169)
	at com.kms.katalon.core.main.TestSuiteExecutor.accessTestSuiteMainPhase(TestSuiteExecutor.java:142)
	at com.kms.katalon.core.main.TestSuiteExecutor.execute(TestSuiteExecutor.java:91)
	at com.kms.katalon.core.main.TestCaseMain.startTestSuite(TestCaseMain.java:157)
	at com.kms.katalon.core.main.TestCaseMain$startTestSuite$0.call(Unknown Source)
	at TempTestSuite1576127186487.run(TempTestSuite1576127186487.groovy:36)


2019-12-12 12:11:05 - [TEST_STEP][NOT_RUN] - callTestCase(findTestCase("Christi/User_Login"), ["email":"christiantiangelin@gmail.com", "password":"Chr!st1"], STOP_ON_FAILURE): NOT_RUN: callTestCase(findTestCase("Christi/User_Login"), ["email":"christiantiangelin@gmail.com", "password":"Chr!st1"], STOP_ON_FAILURE)

2019-12-12 12:11:05 - [MESSAGE][NOT_RUN] - NOT_RUN: callTestCase(findTestCase("Christi/User_Login"), ["email":"christiantiangelin@gmail.com", "password":"Chr!st1"], STOP_ON_FAILURE)

2019-12-12 12:11:05 - [TEST_STEP][PASSED] - startApplication("C:\Users\15420\git\ACCBid-Mobile99\accbid.apk", false): Started app at: 'C:\Users\15420\git\ACCBid-Mobile99\accbid.apk'

2019-12-12 12:11:05 - [MESSAGE][INFO] - User set preference: ['unicodeKeyboard', 'true']

2019-12-12 12:11:05 - [MESSAGE][INFO] - User set preference: ['resetKeyboard', 'true']

2019-12-12 12:11:05 - [MESSAGE][INFO] - User set preference: ['deviceId', '']

2019-12-12 12:11:36 - [MESSAGE][PASSED] - Started app at: 'C:\Users\15420\git\ACCBid-Mobile99\accbid.apk'

2019-12-12 12:11:36 - [TEST_STEP][PASSED] - delay(15): Delayed 15 second(s)

2019-12-12 12:11:51 - [MESSAGE][PASSED] - Delayed 15 second(s)

2019-12-12 12:11:51 - [TEST_STEP][NOT_RUN] - tap(findTestObject("Page_Login/AKUN"), 0): NOT_RUN: tap(findTestObject("Page_Login/AKUN"), 0)

2019-12-12 12:11:51 - [MESSAGE][NOT_RUN] - NOT_RUN: tap(findTestObject("Page_Login/AKUN"), 0)

2019-12-12 12:11:51 - [TEST_STEP][PASSED] - tap(findTestObject("akun"), 0): Tapped on element 'Object Repository/akun'

2019-12-12 12:11:51 - [MESSAGE][WARNING] - Timeout '0' is invalid. Using default page load timeout: '60'

2019-12-12 12:11:56 - [MESSAGE][PASSED] - Tapped on element 'Object Repository/akun'

2019-12-12 12:11:56 - [TEST_STEP][PASSED] - delay(3): Delayed 3 second(s)

2019-12-12 12:11:59 - [MESSAGE][PASSED] - Delayed 3 second(s)

2019-12-12 12:11:59 - [TEST_STEP][PASSED] - tap(findTestObject("thara/Kritik  Saran"), 0): Tapped on element 'Object Repository/thara/Kritik  Saran'

2019-12-12 12:11:59 - [MESSAGE][WARNING] - Timeout '0' is invalid. Using default page load timeout: '60'

2019-12-12 12:12:02 - [MESSAGE][PASSED] - Tapped on element 'Object Repository/thara/Kritik  Saran'

2019-12-12 12:12:02 - [TEST_STEP][PASSED] - delay(3): Delayed 3 second(s)

2019-12-12 12:12:05 - [MESSAGE][PASSED] - Delayed 3 second(s)

2019-12-12 12:12:05 - [TEST_STEP][FAILED] - tap(findTestObject("Kritik Saran/kritik saran produk"), 0): Failed to tap on element 'Object Repository/Kritik Saran/kritik saran produk' (Root cause: com.kms.katalon.core.exception.StepFailedException: Object Object Repository/Kritik Saran/kritik saran produk not found
	at com.kms.katalon.core.keyword.internal.KeywordMain.stepFailed(KeywordMain.groovy:50)
	at com.kms.katalon.core.mobile.keyword.internal.MobileKeywordMain.stepFailed(MobileKeywordMain.groovy:40)
	at com.kms.katalon.core.mobile.keyword.builtin.TapKeyword$_tap_closure1.doCall(TapKeyword.groovy:79)
	at com.kms.katalon.core.mobile.keyword.builtin.TapKeyword$_tap_closure1.call(TapKeyword.groovy)
	at com.kms.katalon.core.mobile.keyword.internal.MobileKeywordMain.runKeyword(MobileKeywordMain.groovy:21)
	at com.kms.katalon.core.mobile.keyword.builtin.TapKeyword.tap(TapKeyword.groovy:86)
	at com.kms.katalon.core.mobile.keyword.builtin.TapKeyword.execute(TapKeyword.groovy:68)
	at com.kms.katalon.core.keyword.internal.KeywordExecutor.executeKeywordForPlatform(KeywordExecutor.groovy:60)
	at com.kms.katalon.core.mobile.keyword.MobileBuiltInKeywords.tap(MobileBuiltInKeywords.groovy:520)
	at com.kms.katalon.core.mobile.keyword.MobileBuiltInKeywords$tap$0.call(Unknown Source)
	at Task 18 (Kritik dan Saran).run(Task 18 (Kritik dan Saran):33)
	at com.kms.katalon.core.main.ScriptEngine.run(ScriptEngine.java:194)
	at com.kms.katalon.core.main.ScriptEngine.runScriptAsRawText(ScriptEngine.java:119)
	at com.kms.katalon.core.main.TestCaseExecutor.runScript(TestCaseExecutor.java:337)
	at com.kms.katalon.core.main.TestCaseExecutor.doExecute(TestCaseExecutor.java:328)
	at com.kms.katalon.core.main.TestCaseExecutor.processExecutionPhase(TestCaseExecutor.java:307)
	at com.kms.katalon.core.main.TestCaseExecutor.accessMainPhase(TestCaseExecutor.java:299)
	at com.kms.katalon.core.main.TestCaseExecutor.execute(TestCaseExecutor.java:233)
	at com.kms.katalon.core.main.TestSuiteExecutor.accessTestCaseMainPhase(TestSuiteExecutor.java:169)
	at com.kms.katalon.core.main.TestSuiteExecutor.accessTestSuiteMainPhase(TestSuiteExecutor.java:142)
	at com.kms.katalon.core.main.TestSuiteExecutor.execute(TestSuiteExecutor.java:91)
	at com.kms.katalon.core.main.TestCaseMain.startTestSuite(TestCaseMain.java:157)
	at com.kms.katalon.core.main.TestCaseMain$startTestSuite$0.call(Unknown Source)
	at TempTestSuite1576127186487.run(TempTestSuite1576127186487.groovy:36)
)

2019-12-12 12:12:06 - [MESSAGE][WARNING] - Timeout '0' is invalid. Using default page load timeout: '60'

2019-12-12 12:13:08 - [MESSAGE][FAILED] - Object Object Repository/Kritik Saran/kritik saran produk not found
[[ATTACHMENT|C:\\Users\\15420\\git\\ACCBid-Mobile99\\Reports\\20191212_120626\\ACC Bid\\20191212_120626\\1576127586245.png]]

2019-12-12 12:13:10 - [MESSAGE][FAILED] - Failed to tap on element 'Object Repository/Kritik Saran/kritik saran produk' (Root cause: com.kms.katalon.core.exception.StepFailedException: Object Object Repository/Kritik Saran/kritik saran produk not found
	at com.kms.katalon.core.keyword.internal.KeywordMain.stepFailed(KeywordMain.groovy:50)
	at com.kms.katalon.core.mobile.keyword.internal.MobileKeywordMain.stepFailed(MobileKeywordMain.groovy:40)
	at com.kms.katalon.core.mobile.keyword.builtin.TapKeyword$_tap_closure1.doCall(TapKeyword.groovy:79)
	at com.kms.katalon.core.mobile.keyword.builtin.TapKeyword$_tap_closure1.call(TapKeyword.groovy)
	at com.kms.katalon.core.mobile.keyword.internal.MobileKeywordMain.runKeyword(MobileKeywordMain.groovy:21)
	at com.kms.katalon.core.mobile.keyword.builtin.TapKeyword.tap(TapKeyword.groovy:86)
	at com.kms.katalon.core.mobile.keyword.builtin.TapKeyword.execute(TapKeyword.groovy:68)
	at com.kms.katalon.core.keyword.internal.KeywordExecutor.executeKeywordForPlatform(KeywordExecutor.groovy:60)
	at com.kms.katalon.core.mobile.keyword.MobileBuiltInKeywords.tap(MobileBuiltInKeywords.groovy:520)
	at com.kms.katalon.core.mobile.keyword.MobileBuiltInKeywords$tap$0.call(Unknown Source)
	at Task 18 (Kritik dan Saran).run(Task 18 (Kritik dan Saran):33)
	at com.kms.katalon.core.main.ScriptEngine.run(ScriptEngine.java:194)
	at com.kms.katalon.core.main.ScriptEngine.runScriptAsRawText(ScriptEngine.java:119)
	at com.kms.katalon.core.main.TestCaseExecutor.runScript(TestCaseExecutor.java:337)
	at com.kms.katalon.core.main.TestCaseExecutor.doExecute(TestCaseExecutor.java:328)
	at com.kms.katalon.core.main.TestCaseExecutor.processExecutionPhase(TestCaseExecutor.java:307)
	at com.kms.katalon.core.main.TestCaseExecutor.accessMainPhase(TestCaseExecutor.java:299)
	at com.kms.katalon.core.main.TestCaseExecutor.execute(TestCaseExecutor.java:233)
	at com.kms.katalon.core.main.TestSuiteExecutor.accessTestCaseMainPhase(TestSuiteExecutor.java:169)
	at com.kms.katalon.core.main.TestSuiteExecutor.accessTestSuiteMainPhase(TestSuiteExecutor.java:142)
	at com.kms.katalon.core.main.TestSuiteExecutor.execute(TestSuiteExecutor.java:91)
	at com.kms.katalon.core.main.TestCaseMain.startTestSuite(TestCaseMain.java:157)
	at com.kms.katalon.core.main.TestCaseMain$startTestSuite$0.call(Unknown Source)
	at TempTestSuite1576127186487.run(TempTestSuite1576127186487.groovy:36)
)
[[ATTACHMENT|C:\\Users\\15420\\git\\ACCBid-Mobile99\\Reports\\20191212_120626\\ACC Bid\\20191212_120626\\1576127588780.png]]]]></system-out>
         <system-err><![CDATA[2019-12-12 12:11:04 - [TEST_CASE][FAILED] - Test Cases/Christi/Task 18 (Kritik dan Saran): Test Cases/Christi/Task 18 (Kritik dan Saran) FAILED.
Reason:
com.kms.katalon.core.exception.StepFailedException: Object Object Repository/Kritik Saran/kritik saran produk not found
	at com.kms.katalon.core.keyword.internal.KeywordMain.stepFailed(KeywordMain.groovy:50)
	at com.kms.katalon.core.mobile.keyword.internal.MobileKeywordMain.stepFailed(MobileKeywordMain.groovy:40)
	at com.kms.katalon.core.mobile.keyword.builtin.TapKeyword$_tap_closure1.doCall(TapKeyword.groovy:79)
	at com.kms.katalon.core.mobile.keyword.builtin.TapKeyword$_tap_closure1.call(TapKeyword.groovy)
	at com.kms.katalon.core.mobile.keyword.internal.MobileKeywordMain.runKeyword(MobileKeywordMain.groovy:21)
	at com.kms.katalon.core.mobile.keyword.builtin.TapKeyword.tap(TapKeyword.groovy:86)
	at com.kms.katalon.core.mobile.keyword.builtin.TapKeyword.execute(TapKeyword.groovy:68)
	at com.kms.katalon.core.keyword.internal.KeywordExecutor.executeKeywordForPlatform(KeywordExecutor.groovy:60)
	at com.kms.katalon.core.mobile.keyword.MobileBuiltInKeywords.tap(MobileBuiltInKeywords.groovy:520)
	at com.kms.katalon.core.mobile.keyword.MobileBuiltInKeywords$tap$0.call(Unknown Source)
	at Task 18 (Kritik dan Saran).run(Task 18 (Kritik dan Saran):33)
	at com.kms.katalon.core.main.ScriptEngine.run(ScriptEngine.java:194)
	at com.kms.katalon.core.main.ScriptEngine.runScriptAsRawText(ScriptEngine.java:119)
	at com.kms.katalon.core.main.TestCaseExecutor.runScript(TestCaseExecutor.java:337)
	at com.kms.katalon.core.main.TestCaseExecutor.doExecute(TestCaseExecutor.java:328)
	at com.kms.katalon.core.main.TestCaseExecutor.processExecutionPhase(TestCaseExecutor.java:307)
	at com.kms.katalon.core.main.TestCaseExecutor.accessMainPhase(TestCaseExecutor.java:299)
	at com.kms.katalon.core.main.TestCaseExecutor.execute(TestCaseExecutor.java:233)
	at com.kms.katalon.core.main.TestSuiteExecutor.accessTestCaseMainPhase(TestSuiteExecutor.java:169)
	at com.kms.katalon.core.main.TestSuiteExecutor.accessTestSuiteMainPhase(TestSuiteExecutor.java:142)
	at com.kms.katalon.core.main.TestSuiteExecutor.execute(TestSuiteExecutor.java:91)
	at com.kms.katalon.core.main.TestCaseMain.startTestSuite(TestCaseMain.java:157)
	at com.kms.katalon.core.main.TestCaseMain$startTestSuite$0.call(Unknown Source)
	at TempTestSuite1576127186487.run(TempTestSuite1576127186487.groovy:36)]]></system-err>
      </testcase>
      <system-out><![CDATA[2019-12-12 12:06:32 - [TEST_SUITE][FAILED] - ACC Bid: Test Cases/Christi/Task 18 (Kritik dan Saran) FAILED.
Reason:
com.kms.katalon.core.exception.StepFailedException: Object Object Repository/Kritik Saran/kritik saran produk not found
	at com.kms.katalon.core.keyword.internal.KeywordMain.stepFailed(KeywordMain.groovy:50)
	at com.kms.katalon.core.mobile.keyword.internal.MobileKeywordMain.stepFailed(MobileKeywordMain.groovy:40)
	at com.kms.katalon.core.mobile.keyword.builtin.TapKeyword$_tap_closure1.doCall(TapKeyword.groovy:79)
	at com.kms.katalon.core.mobile.keyword.builtin.TapKeyword$_tap_closure1.call(TapKeyword.groovy)
	at com.kms.katalon.core.mobile.keyword.internal.MobileKeywordMain.runKeyword(MobileKeywordMain.groovy:21)
	at com.kms.katalon.core.mobile.keyword.builtin.TapKeyword.tap(TapKeyword.groovy:86)
	at com.kms.katalon.core.mobile.keyword.builtin.TapKeyword.execute(TapKeyword.groovy:68)
	at com.kms.katalon.core.keyword.internal.KeywordExecutor.executeKeywordForPlatform(KeywordExecutor.groovy:60)
	at com.kms.katalon.core.mobile.keyword.MobileBuiltInKeywords.tap(MobileBuiltInKeywords.groovy:520)
	at com.kms.katalon.core.mobile.keyword.MobileBuiltInKeywords$tap$0.call(Unknown Source)
	at Task 18 (Kritik dan Saran).run(Task 18 (Kritik dan Saran):33)
	at com.kms.katalon.core.main.ScriptEngine.run(ScriptEngine.java:194)
	at com.kms.katalon.core.main.ScriptEngine.runScriptAsRawText(ScriptEngine.java:119)
	at com.kms.katalon.core.main.TestCaseExecutor.runScript(TestCaseExecutor.java:337)
	at com.kms.katalon.core.main.TestCaseExecutor.doExecute(TestCaseExecutor.java:328)
	at com.kms.katalon.core.main.TestCaseExecutor.processExecutionPhase(TestCaseExecutor.java:307)
	at com.kms.katalon.core.main.TestCaseExecutor.accessMainPhase(TestCaseExecutor.java:299)
	at com.kms.katalon.core.main.TestCaseExecutor.execute(TestCaseExecutor.java:233)
	at com.kms.katalon.core.main.TestSuiteExecutor.accessTestCaseMainPhase(TestSuiteExecutor.java:169)
	at com.kms.katalon.core.main.TestSuiteExecutor.accessTestSuiteMainPhase(TestSuiteExecutor.java:142)
	at com.kms.katalon.core.main.TestSuiteExecutor.execute(TestSuiteExecutor.java:91)
	at com.kms.katalon.core.main.TestCaseMain.startTestSuite(TestCaseMain.java:157)
	at com.kms.katalon.core.main.TestCaseMain$startTestSuite$0.call(Unknown Source)
	at TempTestSuite1576127186487.run(TempTestSuite1576127186487.groovy:36)]]></system-out>
      <system-err><![CDATA[2019-12-12 12:06:32 - [TEST_SUITE][FAILED] - ACC Bid: Test Cases/Christi/Task 18 (Kritik dan Saran) FAILED.
Reason:
com.kms.katalon.core.exception.StepFailedException: Object Object Repository/Kritik Saran/kritik saran produk not found
	at com.kms.katalon.core.keyword.internal.KeywordMain.stepFailed(KeywordMain.groovy:50)
	at com.kms.katalon.core.mobile.keyword.internal.MobileKeywordMain.stepFailed(MobileKeywordMain.groovy:40)
	at com.kms.katalon.core.mobile.keyword.builtin.TapKeyword$_tap_closure1.doCall(TapKeyword.groovy:79)
	at com.kms.katalon.core.mobile.keyword.builtin.TapKeyword$_tap_closure1.call(TapKeyword.groovy)
	at com.kms.katalon.core.mobile.keyword.internal.MobileKeywordMain.runKeyword(MobileKeywordMain.groovy:21)
	at com.kms.katalon.core.mobile.keyword.builtin.TapKeyword.tap(TapKeyword.groovy:86)
	at com.kms.katalon.core.mobile.keyword.builtin.TapKeyword.execute(TapKeyword.groovy:68)
	at com.kms.katalon.core.keyword.internal.KeywordExecutor.executeKeywordForPlatform(KeywordExecutor.groovy:60)
	at com.kms.katalon.core.mobile.keyword.MobileBuiltInKeywords.tap(MobileBuiltInKeywords.groovy:520)
	at com.kms.katalon.core.mobile.keyword.MobileBuiltInKeywords$tap$0.call(Unknown Source)
	at Task 18 (Kritik dan Saran).run(Task 18 (Kritik dan Saran):33)
	at com.kms.katalon.core.main.ScriptEngine.run(ScriptEngine.java:194)
	at com.kms.katalon.core.main.ScriptEngine.runScriptAsRawText(ScriptEngine.java:119)
	at com.kms.katalon.core.main.TestCaseExecutor.runScript(TestCaseExecutor.java:337)
	at com.kms.katalon.core.main.TestCaseExecutor.doExecute(TestCaseExecutor.java:328)
	at com.kms.katalon.core.main.TestCaseExecutor.processExecutionPhase(TestCaseExecutor.java:307)
	at com.kms.katalon.core.main.TestCaseExecutor.accessMainPhase(TestCaseExecutor.java:299)
	at com.kms.katalon.core.main.TestCaseExecutor.execute(TestCaseExecutor.java:233)
	at com.kms.katalon.core.main.TestSuiteExecutor.accessTestCaseMainPhase(TestSuiteExecutor.java:169)
	at com.kms.katalon.core.main.TestSuiteExecutor.accessTestSuiteMainPhase(TestSuiteExecutor.java:142)
	at com.kms.katalon.core.main.TestSuiteExecutor.execute(TestSuiteExecutor.java:91)
	at com.kms.katalon.core.main.TestCaseMain.startTestSuite(TestCaseMain.java:157)
	at com.kms.katalon.core.main.TestCaseMain$startTestSuite$0.call(Unknown Source)
	at TempTestSuite1576127186487.run(TempTestSuite1576127186487.groovy:36)]]></system-err>
   </testsuite>
</testsuites>
