<?xml version="1.0" encoding="UTF-8"?>
<testsuites name="ACC Bid" time="113.942" tests="1" failures="0" errors="0">
   <testsuite name="ACC Bid" tests="1" failures="0" errors="0" time="113.942" timestamp="2019-12-12 13:58:14" hostname="15420 - 10.7.8.181" id="Test Suites/ACC Bid">
      <properties>
         <property name="deviceName" value="samsung SM-A505F (Android 9)"/>
         <property name="devicePlatform" value=""/>
         <property name="logFolder" value="C:\\Users\\15420\\git\\ACCBid-Mobile99\\Reports\\20191212_135806\\ACC Bid\\20191212_135806"/>
         <property name="logFiles" value="C:\\Users\\15420\\git\\ACCBid-Mobile99\\Reports\\20191212_135806\\ACC Bid\\20191212_135806\\appium.log, C:\\Users\\15420\\git\\ACCBid-Mobile99\\Reports\\20191212_135806\\ACC Bid\\20191212_135806\\execution0.log"/>
         <property name="attachments" value=""/>
         <property name="hostName" value="15420 - 10.7.8.181"/>
         <property name="os" value="Windows 10 64bit"/>
         <property name="appiumServerStatus" value="{\&quot;status\&quot;:0,\&quot;value\&quot;:{\&quot;build\&quot;:{\&quot;version\&quot;:\&quot;1.12.1\&quot;}},\&quot;sessionId\&quot;:null}"/>
         <property name="katalonVersion" value="7.0.7.1"/>
         <property name="deviceOS" value="Android"/>
         <property name="appiumVersion" value="1.12.1"/>
         <property name="deviceModel" value="SM-A505F"/>
         <property name="hostAddress" value="10.7.8.181"/>
         <property name="deviceManufacturer" value="samsung"/>
         <property name="deviceId" value="RR8M30NJEFN"/>
         <property name="deviceName" value="samsung SM-A505F (Android 9)"/>
         <property name="deviceOSVersion" value="9"/>
      </properties>
      <testcase name="Test Cases/Christi/Task 18 (Kritik dan Saran)" time="112.741" classname="Test Cases/Christi/Task 18 (Kritik dan Saran)" status="PASSED">
         <system-out><![CDATA[2019-12-12 13:58:15 - [TEST_CASE][PASSED] - Test Cases/Christi/Task 18 (Kritik dan Saran): Test Cases/Christi/Task 18 (Kritik dan Saran)

2019-12-12 13:58:17 - [TEST_STEP][NOT_RUN] - callTestCase(findTestCase("Christi/User_Login"), ["email":"christiantiangelin@gmail.com", "password":"Chr!st1"], STOP_ON_FAILURE): NOT_RUN: callTestCase(findTestCase("Christi/User_Login"), ["email":"christiantiangelin@gmail.com", "password":"Chr!st1"], STOP_ON_FAILURE)

2019-12-12 13:58:17 - [MESSAGE][NOT_RUN] - NOT_RUN: callTestCase(findTestCase("Christi/User_Login"), ["email":"christiantiangelin@gmail.com", "password":"Chr!st1"], STOP_ON_FAILURE)

2019-12-12 13:58:17 - [TEST_STEP][PASSED] - startApplication("C:\Users\15420\git\ACCBid-Mobile99\accbid.apk", false): Started app at: 'C:\Users\15420\git\ACCBid-Mobile99\accbid.apk'

2019-12-12 13:58:18 - [MESSAGE][INFO] - User set preference: ['unicodeKeyboard', 'true']

2019-12-12 13:58:18 - [MESSAGE][INFO] - User set preference: ['resetKeyboard', 'true']

2019-12-12 13:58:18 - [MESSAGE][INFO] - User set preference: ['deviceId', '']

2019-12-12 13:58:33 - [MESSAGE][INFO] - Appium server started on port 57,448

2019-12-12 13:59:10 - [MESSAGE][PASSED] - Started app at: 'C:\Users\15420\git\ACCBid-Mobile99\accbid.apk'

2019-12-12 13:59:10 - [TEST_STEP][PASSED] - delay(15): Delayed 15 second(s)

2019-12-12 13:59:25 - [MESSAGE][PASSED] - Delayed 15 second(s)

2019-12-12 13:59:25 - [TEST_STEP][NOT_RUN] - tap(findTestObject("Page_Login/AKUN"), 0): NOT_RUN: tap(findTestObject("Page_Login/AKUN"), 0)

2019-12-12 13:59:25 - [MESSAGE][NOT_RUN] - NOT_RUN: tap(findTestObject("Page_Login/AKUN"), 0)

2019-12-12 13:59:25 - [TEST_STEP][PASSED] - tap(findTestObject("akun"), 0): Tapped on element 'Object Repository/akun'

2019-12-12 13:59:26 - [MESSAGE][WARNING] - Timeout '0' is invalid. Using default page load timeout: '60'

2019-12-12 13:59:31 - [MESSAGE][PASSED] - Tapped on element 'Object Repository/akun'

2019-12-12 13:59:31 - [TEST_STEP][PASSED] - delay(3): Delayed 3 second(s)

2019-12-12 13:59:34 - [MESSAGE][PASSED] - Delayed 3 second(s)

2019-12-12 13:59:34 - [TEST_STEP][PASSED] - tap(findTestObject("thara/Kritik  Saran"), 0): Tapped on element 'Object Repository/thara/Kritik  Saran'

2019-12-12 13:59:34 - [MESSAGE][WARNING] - Timeout '0' is invalid. Using default page load timeout: '60'

2019-12-12 13:59:38 - [MESSAGE][PASSED] - Tapped on element 'Object Repository/thara/Kritik  Saran'

2019-12-12 13:59:38 - [TEST_STEP][PASSED] - delay(3): Delayed 3 second(s)

2019-12-12 13:59:41 - [MESSAGE][PASSED] - Delayed 3 second(s)

2019-12-12 13:59:41 - [TEST_STEP][PASSED] - tap(findTestObject("thara/Kritik  Saran Produk"), 0): Tapped on element 'Object Repository/thara/Kritik  Saran Produk'

2019-12-12 13:59:41 - [MESSAGE][WARNING] - Timeout '0' is invalid. Using default page load timeout: '60'

2019-12-12 13:59:43 - [MESSAGE][PASSED] - Tapped on element 'Object Repository/thara/Kritik  Saran Produk'

2019-12-12 13:59:43 - [TEST_STEP][PASSED] - delay(3): Delayed 3 second(s)

2019-12-12 13:59:46 - [MESSAGE][PASSED] - Delayed 3 second(s)

2019-12-12 13:59:46 - [TEST_STEP][PASSED] - switch (expected.toString()): null

2019-12-12 13:59:46 - [TEST_STEP][PASSED] - case "failed":: null

2019-12-12 13:59:46 - [TEST_STEP][PASSED] - tap(findTestObject("Kritik Saran/btn submit"), 0): Tapped on element 'Object Repository/Kritik Saran/btn submit'

2019-12-12 13:59:46 - [MESSAGE][WARNING] - Timeout '0' is invalid. Using default page load timeout: '60'

2019-12-12 13:59:48 - [MESSAGE][PASSED] - Tapped on element 'Object Repository/Kritik Saran/btn submit'

2019-12-12 13:59:48 - [TEST_STEP][PASSED] - delay(5): Delayed 5 second(s)

2019-12-12 13:59:53 - [MESSAGE][PASSED] - Delayed 5 second(s)

2019-12-12 13:59:53 - [TEST_STEP][PASSED] - verifyElementVisible(findTestObject("ACC Bid/android.view.error.empty.input"), 0): Element 'Object Repository/ACC Bid/android.view.error.empty.input' is visible

2019-12-12 13:59:53 - [MESSAGE][WARNING] - Timeout '0' is invalid. Using default page load timeout: '60'

2019-12-12 13:59:58 - [MESSAGE][PASSED] - Element 'Object Repository/ACC Bid/android.view.error.empty.input' is visible

2019-12-12 13:59:58 - [TEST_STEP][PASSED] - break: null

2019-12-12 13:59:58 - [TEST_STEP][PASSED] - delay(7): Delayed 7 second(s)

2019-12-12 14:00:05 - [MESSAGE][PASSED] - Delayed 7 second(s)

2019-12-12 14:00:05 - [TEST_STEP][PASSED] - closeApplication(): Close app successfully

2019-12-12 14:00:08 - [MESSAGE][PASSED] - Close app successfully]]></system-out>
         <system-err><![CDATA[]]></system-err>
      </testcase>
      <system-out><![CDATA[2019-12-12 13:58:14 - [TEST_SUITE][PASSED] - ACC Bid: Test Cases/Christi/Task 18 (Kritik dan Saran)]]></system-out>
      <system-err><![CDATA[]]></system-err>
   </testsuite>
</testsuites>
