<?xml version="1.0" encoding="UTF-8"?>
<testsuites name="WishList" time="269.33" tests="3" failures="1" errors="0">
   <testsuite name="WishList" tests="3" failures="1" errors="0" time="269.33" timestamp="2019-12-03 14:32:26" hostname="Marvin - DESKTOP-98KC72N" id="Test Suites/WishList/WishList">
      <properties>
         <property name="deviceName" value="samsung SM-A505F (Android 9)"/>
         <property name="devicePlatform" value=""/>
         <property name="logFolder" value="C:\\Users\\Marvin\\Documents\\GitHub\\ACCBid-Mobile\\Reports\\20191203_143218\\WishList\\WishList\\20191203_143218"/>
         <property name="logFiles" value="C:\\Users\\Marvin\\Documents\\GitHub\\ACCBid-Mobile\\Reports\\20191203_143218\\WishList\\WishList\\20191203_143218\\appium.log, C:\\Users\\Marvin\\Documents\\GitHub\\ACCBid-Mobile\\Reports\\20191203_143218\\WishList\\WishList\\20191203_143218\\execution0.log"/>
         <property name="attachments" value="C:\\Users\\Marvin\\Documents\\GitHub\\ACCBid-Mobile\\Reports\\20191203_143218\\WishList\\WishList\\20191203_143218\\1575358505554.png, C:\\Users\\Marvin\\Documents\\GitHub\\ACCBid-Mobile\\Reports\\20191203_143218\\WishList\\WishList\\20191203_143218\\1575358598132.png, C:\\Users\\Marvin\\Documents\\GitHub\\ACCBid-Mobile\\Reports\\20191203_143218\\WishList\\WishList\\20191203_143218\\1575358602893.png, C:\\Users\\Marvin\\Documents\\GitHub\\ACCBid-Mobile\\Reports\\20191203_143218\\WishList\\WishList\\20191203_143218\\1575358606104.png, C:\\Users\\Marvin\\Documents\\GitHub\\ACCBid-Mobile\\Reports\\20191203_143218\\WishList\\WishList\\20191203_143218\\1575358608911.png"/>
         <property name="hostName" value="Marvin - DESKTOP-98KC72N"/>
         <property name="os" value="Windows 10 64bit"/>
         <property name="appiumServerStatus" value="{\&quot;status\&quot;:0,\&quot;value\&quot;:{\&quot;build\&quot;:{\&quot;version\&quot;:\&quot;1.12.1\&quot;}},\&quot;sessionId\&quot;:null}"/>
         <property name="katalonVersion" value="7.0.8.1"/>
         <property name="deviceOS" value="Android"/>
         <property name="appiumVersion" value="1.12.1"/>
         <property name="deviceModel" value="SM-A505F"/>
         <property name="hostAddress" value="192.168.56.1"/>
         <property name="deviceManufacturer" value="samsung"/>
         <property name="deviceId" value="RR8M30NJEFN"/>
         <property name="deviceName" value="samsung SM-A505F (Android 9)"/>
         <property name="deviceOSVersion" value="9"/>
      </properties>
      <testcase name="Test Cases/Wishlist/Wishlist" time="124.793" classname="Test Cases/Wishlist/Wishlist" status="PASSED">
         <system-out><![CDATA[2019-12-03 14:32:28 - [TEST_CASE][PASSED] - Test Cases/Wishlist/Wishlist: Test Cases/Wishlist/Wishlist

2019-12-03 14:32:28 - [TEST_STEP][PASSED] - Start listener action : executeRows: null

2019-12-03 14:32:33 - [TEST_STEP][PASSED] - startApplication("C:/Users/Marvin/Documents/GitHub/ACCBid-Mobile/accbid.apk", false): Started app at: 'C:\Users\Marvin\Documents\GitHub\ACCBid-Mobile\accbid.apk'

2019-12-03 14:32:33 - [MESSAGE][INFO] - User set preference: ['unicodeKeyboard', 'true']

2019-12-03 14:32:33 - [MESSAGE][INFO] - User set preference: ['resetKeyboard', 'true']

2019-12-03 14:32:33 - [MESSAGE][INFO] - User set preference: ['deviceId', '']

2019-12-03 14:32:42 - [MESSAGE][INFO] - Appium server started on port 60,610

2019-12-03 14:33:13 - [MESSAGE][PASSED] - Started app at: 'C:\Users\Marvin\Documents\GitHub\ACCBid-Mobile\accbid.apk'

2019-12-03 14:33:13 - [TEST_STEP][PASSED] - if (verifyElementText(findTestObject("Wishlist/BID1"), BIDDING, OPTIONAL)): null

2019-12-03 14:33:16 - [MESSAGE][PASSED] - Actual text and expected text of test object 'Object Repository/Wishlist/BID1' are matched.

2019-12-03 14:33:16 - [TEST_STEP][PASSED] - tap(findTestObject("Wishlist/BID1"), 0): Tapped on element 'Object Repository/Wishlist/BID1'

2019-12-03 14:33:16 - [MESSAGE][WARNING] - Timeout '0' is invalid. Using default page load timeout: '60'

2019-12-03 14:33:21 - [MESSAGE][PASSED] - Tapped on element 'Object Repository/Wishlist/BID1'

2019-12-03 14:33:21 - [TEST_STEP][PASSED] - tap(findTestObject("Wishlist/AddWishList"), 0): Tapped on element 'Object Repository/Wishlist/AddWishList'

2019-12-03 14:33:21 - [MESSAGE][WARNING] - Timeout '0' is invalid. Using default page load timeout: '60'

2019-12-03 14:33:24 - [MESSAGE][PASSED] - Tapped on element 'Object Repository/Wishlist/AddWishList'

2019-12-03 14:33:24 - [TEST_STEP][PASSED] - pressBack(): Press back button successfully

2019-12-03 14:33:25 - [MESSAGE][PASSED] - Press back button successfully

2019-12-03 14:33:25 - [TEST_STEP][PASSED] - tap(findTestObject("Wishlist/Btn_Wishlist"), 0): Tapped on element 'Object Repository/Wishlist/Btn_Wishlist'

2019-12-03 14:33:26 - [MESSAGE][WARNING] - Timeout '0' is invalid. Using default page load timeout: '60'

2019-12-03 14:33:30 - [MESSAGE][PASSED] - Tapped on element 'Object Repository/Wishlist/Btn_Wishlist'

2019-12-03 14:33:30 - [TEST_STEP][PASSED] - tap(findTestObject("Wishlist/ButtonFilterUrutkan"), 0): Tapped on element 'Object Repository/Wishlist/ButtonFilterUrutkan'

2019-12-03 14:33:30 - [MESSAGE][WARNING] - Timeout '0' is invalid. Using default page load timeout: '60'

2019-12-03 14:33:57 - [MESSAGE][PASSED] - Tapped on element 'Object Repository/Wishlist/ButtonFilterUrutkan'

2019-12-03 14:33:57 - [TEST_STEP][PASSED] - if (Urutkan == "Harga Tertinggi"): null

2019-12-03 14:33:57 - [TEST_STEP][PASSED] - else if (Urutkan == "Harga Terendah"): Tapped on element 'Object Repository/Wishlist/HargaTerendah'

2019-12-03 14:33:57 - [TEST_STEP][PASSED] - tap(findTestObject("Wishlist/HargaTerendah"), 0): Tapped on element 'Object Repository/Wishlist/HargaTerendah'

2019-12-03 14:33:57 - [MESSAGE][WARNING] - Timeout '0' is invalid. Using default page load timeout: '60'

2019-12-03 14:34:05 - [MESSAGE][PASSED] - Tapped on element 'Object Repository/Wishlist/HargaTerendah'

2019-12-03 14:34:05 - [TEST_STEP][PASSED] - delay(2): Delayed 2 second(s)

2019-12-03 14:34:07 - [MESSAGE][PASSED] - Delayed 2 second(s)

2019-12-03 14:34:07 - [TEST_STEP][PASSED] - if (LelangTerbuka == "true"): Element 'Object Repository/Wishlist/LelangTerbuka' is checked

2019-12-03 14:34:07 - [TEST_STEP][PASSED] - checkElement(findTestObject("Wishlist/LelangTerbuka"), 0): Element 'Object Repository/Wishlist/LelangTerbuka' is checked

2019-12-03 14:34:08 - [MESSAGE][WARNING] - Timeout '0' is invalid. Using default page load timeout: '60'

2019-12-03 14:34:12 - [MESSAGE][PASSED] - Element 'Object Repository/Wishlist/LelangTerbuka' is checked

2019-12-03 14:34:12 - [TEST_STEP][PASSED] - if (LelangTertutup == "true"): null

2019-12-03 14:34:12 - [TEST_STEP][PASSED] - if (SedangBerlangsung == "true"): null

2019-12-03 14:34:12 - [TEST_STEP][PASSED] - if (AkanDatang == "true"): Element 'Object Repository/Wishlist/AkanDatang' is checked

2019-12-03 14:34:12 - [TEST_STEP][PASSED] - checkElement(findTestObject("Wishlist/AkanDatang"), 0): Element 'Object Repository/Wishlist/AkanDatang' is checked

2019-12-03 14:34:13 - [MESSAGE][WARNING] - Timeout '0' is invalid. Using default page load timeout: '60'

2019-12-03 14:34:29 - [MESSAGE][PASSED] - Element 'Object Repository/Wishlist/AkanDatang' is checked

2019-12-03 14:34:29 - [TEST_STEP][PASSED] - tap(findTestObject("Wishlist/BtnApply"), 0): Tapped on element 'Object Repository/Wishlist/BtnApply'

2019-12-03 14:34:29 - [MESSAGE][WARNING] - Timeout '0' is invalid. Using default page load timeout: '60'

2019-12-03 14:34:33 - [MESSAGE][PASSED] - Tapped on element 'Object Repository/Wishlist/BtnApply'

2019-12-03 14:34:33 - [TEST_STEP][PASSED] - switch ("Result"): null

2019-12-03 14:34:33 - [TEST_STEP][PASSED] - Start listener action : addFailedTCToList: null]]></system-out>
         <system-err><![CDATA[]]></system-err>
      </testcase>
      <testcase name="Test Cases/Wishlist/Wishlist" time="92.413" classname="Test Cases/Wishlist/Wishlist" status="PASSED">
         <system-out><![CDATA[2019-12-03 14:34:33 - [TEST_CASE][PASSED] - Test Cases/Wishlist/Wishlist: Test Cases/Wishlist/Wishlist

2019-12-03 14:34:33 - [TEST_STEP][PASSED] - Start listener action : executeRows: null

2019-12-03 14:34:33 - [TEST_STEP][PASSED] - startApplication("C:/Users/Marvin/Documents/GitHub/ACCBid-Mobile/accbid.apk", false): Started app at: 'C:\Users\Marvin\Documents\GitHub\ACCBid-Mobile\accbid.apk'

2019-12-03 14:34:33 - [MESSAGE][INFO] - User set preference: ['unicodeKeyboard', 'true']

2019-12-03 14:34:34 - [MESSAGE][INFO] - User set preference: ['resetKeyboard', 'true']

2019-12-03 14:34:34 - [MESSAGE][INFO] - User set preference: ['deviceId', '']

2019-12-03 14:34:59 - [MESSAGE][PASSED] - Started app at: 'C:\Users\Marvin\Documents\GitHub\ACCBid-Mobile\accbid.apk'

2019-12-03 14:34:59 - [TEST_STEP][PASSED] - if (verifyElementText(findTestObject("Wishlist/BID1"), BIDDING, OPTIONAL)): Actual text and expected text of test object 'Object Repository/Wishlist/BID2' are matched.

2019-12-03 14:35:08 - [MESSAGE][WARNING] - Actual text 'IBIDBatam07 - 07 Aug 2020' and expected text 'IBIDDKI31 - 29 Feb 2020' of test object 'Object Repository/Wishlist/BID1' are NOT matched.
[[ATTACHMENT|C:\\Users\\Marvin\\Documents\\GitHub\\ACCBid-Mobile\\Reports\\20191203_143218\\WishList\\WishList\\20191203_143218\\1575358505554.png]]

2019-12-03 14:35:09 - [MESSAGE][PASSED] - Actual text and expected text of test object 'Object Repository/Wishlist/BID2' are matched.

2019-12-03 14:35:09 - [TEST_STEP][PASSED] - else if (verifyElementText(findTestObject("Wishlist/BID2"), BIDDING, OPTIONAL)): Tapped on element 'Object Repository/Wishlist/BID2'

2019-12-03 14:35:09 - [TEST_STEP][PASSED] - tap(findTestObject("Wishlist/BID2"), 0): Tapped on element 'Object Repository/Wishlist/BID2'

2019-12-03 14:35:10 - [MESSAGE][WARNING] - Timeout '0' is invalid. Using default page load timeout: '60'

2019-12-03 14:35:12 - [MESSAGE][PASSED] - Tapped on element 'Object Repository/Wishlist/BID2'

2019-12-03 14:35:12 - [TEST_STEP][PASSED] - tap(findTestObject("Wishlist/AddWishList"), 0): Tapped on element 'Object Repository/Wishlist/AddWishList'

2019-12-03 14:35:12 - [MESSAGE][WARNING] - Timeout '0' is invalid. Using default page load timeout: '60'

2019-12-03 14:35:15 - [MESSAGE][PASSED] - Tapped on element 'Object Repository/Wishlist/AddWishList'

2019-12-03 14:35:15 - [TEST_STEP][PASSED] - pressBack(): Press back button successfully

2019-12-03 14:35:16 - [MESSAGE][PASSED] - Press back button successfully

2019-12-03 14:35:16 - [TEST_STEP][PASSED] - tap(findTestObject("Wishlist/Btn_Wishlist"), 0): Tapped on element 'Object Repository/Wishlist/Btn_Wishlist'

2019-12-03 14:35:17 - [MESSAGE][WARNING] - Timeout '0' is invalid. Using default page load timeout: '60'

2019-12-03 14:35:22 - [MESSAGE][PASSED] - Tapped on element 'Object Repository/Wishlist/Btn_Wishlist'

2019-12-03 14:35:22 - [TEST_STEP][PASSED] - tap(findTestObject("Wishlist/ButtonFilterUrutkan"), 0): Tapped on element 'Object Repository/Wishlist/ButtonFilterUrutkan'

2019-12-03 14:35:22 - [MESSAGE][WARNING] - Timeout '0' is invalid. Using default page load timeout: '60'

2019-12-03 14:35:40 - [MESSAGE][PASSED] - Tapped on element 'Object Repository/Wishlist/ButtonFilterUrutkan'

2019-12-03 14:35:40 - [TEST_STEP][PASSED] - if (Urutkan == "Harga Tertinggi"): Tapped on element 'Object Repository/Wishlist/HargaTertinggi'

2019-12-03 14:35:40 - [TEST_STEP][PASSED] - tap(findTestObject("Wishlist/HargaTertinggi"), 0): Tapped on element 'Object Repository/Wishlist/HargaTertinggi'

2019-12-03 14:35:41 - [MESSAGE][WARNING] - Timeout '0' is invalid. Using default page load timeout: '60'

2019-12-03 14:35:59 - [MESSAGE][PASSED] - Tapped on element 'Object Repository/Wishlist/HargaTertinggi'

2019-12-03 14:35:59 - [TEST_STEP][PASSED] - delay(2): Delayed 2 second(s)

2019-12-03 14:36:01 - [MESSAGE][PASSED] - Delayed 2 second(s)

2019-12-03 14:36:01 - [TEST_STEP][PASSED] - if (LelangTerbuka == "true"): null

2019-12-03 14:36:01 - [TEST_STEP][PASSED] - if (LelangTertutup == "true"): null

2019-12-03 14:36:01 - [TEST_STEP][PASSED] - if (SedangBerlangsung == "true"): Element 'Object Repository/Wishlist/SedangBerlangsung' is checked

2019-12-03 14:36:01 - [TEST_STEP][PASSED] - checkElement(findTestObject("Wishlist/SedangBerlangsung"), 0): Element 'Object Repository/Wishlist/SedangBerlangsung' is checked

2019-12-03 14:36:01 - [MESSAGE][WARNING] - Timeout '0' is invalid. Using default page load timeout: '60'

2019-12-03 14:36:03 - [MESSAGE][PASSED] - Element 'Object Repository/Wishlist/SedangBerlangsung' is checked

2019-12-03 14:36:03 - [TEST_STEP][PASSED] - if (AkanDatang == "true"): null

2019-12-03 14:36:03 - [TEST_STEP][PASSED] - tap(findTestObject("Wishlist/BtnApply"), 0): Tapped on element 'Object Repository/Wishlist/BtnApply'

2019-12-03 14:36:03 - [MESSAGE][WARNING] - Timeout '0' is invalid. Using default page load timeout: '60'

2019-12-03 14:36:06 - [MESSAGE][PASSED] - Tapped on element 'Object Repository/Wishlist/BtnApply'

2019-12-03 14:36:06 - [TEST_STEP][PASSED] - switch ("Result"): null

2019-12-03 14:36:06 - [TEST_STEP][PASSED] - Start listener action : addFailedTCToList: null]]></system-out>
         <system-err><![CDATA[]]></system-err>
      </testcase>
      <testcase name="Test Cases/Wishlist/Wishlist" time="45.22" classname="Test Cases/Wishlist/Wishlist" status="FAILED">
         <failure type="FAILED" message="Test Cases/Wishlist/Wishlist FAILED.
Reason:
com.kms.katalon.core.exception.StepFailedException: Actual text 'tesDKI31 - 29 Feb 2020' and expected text 'Lelang Sapi' of test object 'Object Repository/Wishlist/BID3' are NOT matched.
	at com.kms.katalon.core.keyword.internal.KeywordMain.stepFailed(KeywordMain.groovy:50)
	at com.kms.katalon.core.mobile.keyword.internal.MobileKeywordMain.stepFailed(MobileKeywordMain.groovy:40)
	at com.kms.katalon.core.mobile.keyword.builtin.VerifyElementTextKeyword$_verifyElementText_closure1.doCall(VerifyElementTextKeyword.groovy:56)
	at com.kms.katalon.core.mobile.keyword.builtin.VerifyElementTextKeyword$_verifyElementText_closure1.call(VerifyElementTextKeyword.groovy)
	at com.kms.katalon.core.mobile.keyword.internal.MobileKeywordMain.runKeyword(MobileKeywordMain.groovy:21)
	at com.kms.katalon.core.mobile.keyword.builtin.VerifyElementTextKeyword.verifyElementText(VerifyElementTextKeyword.groovy:62)
	at com.kms.katalon.core.mobile.keyword.builtin.VerifyElementTextKeyword.execute(VerifyElementTextKeyword.groovy:39)
	at com.kms.katalon.core.keyword.internal.KeywordExecutor.executeKeywordForPlatform(KeywordExecutor.groovy:60)
	at com.kms.katalon.core.mobile.keyword.MobileBuiltInKeywords.verifyElementText(MobileBuiltInKeywords.groovy:1786)
	at com.kms.katalon.core.mobile.keyword.MobileBuiltInKeywords$verifyElementText$0.call(Unknown Source)
	at Wishlist.run(Wishlist:22)
	at com.kms.katalon.core.main.ScriptEngine.run(ScriptEngine.java:194)
	at com.kms.katalon.core.main.ScriptEngine.runScriptAsRawText(ScriptEngine.java:119)
	at com.kms.katalon.core.main.TestCaseExecutor.runScript(TestCaseExecutor.java:337)
	at com.kms.katalon.core.main.TestCaseExecutor.doExecute(TestCaseExecutor.java:328)
	at com.kms.katalon.core.main.TestCaseExecutor.processExecutionPhase(TestCaseExecutor.java:307)
	at com.kms.katalon.core.main.TestCaseExecutor.accessMainPhase(TestCaseExecutor.java:299)
	at com.kms.katalon.core.main.TestCaseExecutor.execute(TestCaseExecutor.java:233)
	at com.kms.katalon.core.main.TestSuiteExecutor.accessTestCaseMainPhase(TestSuiteExecutor.java:169)
	at com.kms.katalon.core.main.TestSuiteExecutor.accessTestSuiteMainPhase(TestSuiteExecutor.java:142)
	at com.kms.katalon.core.main.TestSuiteExecutor.execute(TestSuiteExecutor.java:91)
	at com.kms.katalon.core.main.TestCaseMain.startTestSuite(TestCaseMain.java:157)
	at com.kms.katalon.core.main.TestCaseMain$startTestSuite$0.call(Unknown Source)
	at TempTestSuite1575358338450.run(TempTestSuite1575358338450.groovy:36)
"/>
         <system-out><![CDATA[2019-12-03 14:36:06 - [TEST_CASE][FAILED] - Test Cases/Wishlist/Wishlist: Test Cases/Wishlist/Wishlist FAILED.
Reason:
com.kms.katalon.core.exception.StepFailedException: Actual text 'tesDKI31 - 29 Feb 2020' and expected text 'Lelang Sapi' of test object 'Object Repository/Wishlist/BID3' are NOT matched.
	at com.kms.katalon.core.keyword.internal.KeywordMain.stepFailed(KeywordMain.groovy:50)
	at com.kms.katalon.core.mobile.keyword.internal.MobileKeywordMain.stepFailed(MobileKeywordMain.groovy:40)
	at com.kms.katalon.core.mobile.keyword.builtin.VerifyElementTextKeyword$_verifyElementText_closure1.doCall(VerifyElementTextKeyword.groovy:56)
	at com.kms.katalon.core.mobile.keyword.builtin.VerifyElementTextKeyword$_verifyElementText_closure1.call(VerifyElementTextKeyword.groovy)
	at com.kms.katalon.core.mobile.keyword.internal.MobileKeywordMain.runKeyword(MobileKeywordMain.groovy:21)
	at com.kms.katalon.core.mobile.keyword.builtin.VerifyElementTextKeyword.verifyElementText(VerifyElementTextKeyword.groovy:62)
	at com.kms.katalon.core.mobile.keyword.builtin.VerifyElementTextKeyword.execute(VerifyElementTextKeyword.groovy:39)
	at com.kms.katalon.core.keyword.internal.KeywordExecutor.executeKeywordForPlatform(KeywordExecutor.groovy:60)
	at com.kms.katalon.core.mobile.keyword.MobileBuiltInKeywords.verifyElementText(MobileBuiltInKeywords.groovy:1786)
	at com.kms.katalon.core.mobile.keyword.MobileBuiltInKeywords$verifyElementText$0.call(Unknown Source)
	at Wishlist.run(Wishlist:22)
	at com.kms.katalon.core.main.ScriptEngine.run(ScriptEngine.java:194)
	at com.kms.katalon.core.main.ScriptEngine.runScriptAsRawText(ScriptEngine.java:119)
	at com.kms.katalon.core.main.TestCaseExecutor.runScript(TestCaseExecutor.java:337)
	at com.kms.katalon.core.main.TestCaseExecutor.doExecute(TestCaseExecutor.java:328)
	at com.kms.katalon.core.main.TestCaseExecutor.processExecutionPhase(TestCaseExecutor.java:307)
	at com.kms.katalon.core.main.TestCaseExecutor.accessMainPhase(TestCaseExecutor.java:299)
	at com.kms.katalon.core.main.TestCaseExecutor.execute(TestCaseExecutor.java:233)
	at com.kms.katalon.core.main.TestSuiteExecutor.accessTestCaseMainPhase(TestSuiteExecutor.java:169)
	at com.kms.katalon.core.main.TestSuiteExecutor.accessTestSuiteMainPhase(TestSuiteExecutor.java:142)
	at com.kms.katalon.core.main.TestSuiteExecutor.execute(TestSuiteExecutor.java:91)
	at com.kms.katalon.core.main.TestCaseMain.startTestSuite(TestCaseMain.java:157)
	at com.kms.katalon.core.main.TestCaseMain$startTestSuite$0.call(Unknown Source)
	at TempTestSuite1575358338450.run(TempTestSuite1575358338450.groovy:36)


2019-12-03 14:36:06 - [TEST_STEP][PASSED] - Start listener action : executeRows: null

2019-12-03 14:36:06 - [TEST_STEP][PASSED] - startApplication("C:/Users/Marvin/Documents/GitHub/ACCBid-Mobile/accbid.apk", false): Started app at: 'C:\Users\Marvin\Documents\GitHub\ACCBid-Mobile\accbid.apk'

2019-12-03 14:36:06 - [MESSAGE][INFO] - User set preference: ['unicodeKeyboard', 'true']

2019-12-03 14:36:06 - [MESSAGE][INFO] - User set preference: ['resetKeyboard', 'true']

2019-12-03 14:36:06 - [MESSAGE][INFO] - User set preference: ['deviceId', '']

2019-12-03 14:36:32 - [MESSAGE][PASSED] - Started app at: 'C:\Users\Marvin\Documents\GitHub\ACCBid-Mobile\accbid.apk'

2019-12-03 14:36:32 - [TEST_STEP][FAILED] - if (verifyElementText(findTestObject("Wishlist/BID1"), BIDDING, OPTIONAL)): Verify element text of test object 'Object Repository/Wishlist/BID3' FAILED. (Root cause: com.kms.katalon.core.exception.StepFailedException: Actual text 'tesDKI31 - 29 Feb 2020' and expected text 'Lelang Sapi' of test object 'Object Repository/Wishlist/BID3' are NOT matched.
	at com.kms.katalon.core.keyword.internal.KeywordMain.stepFailed(KeywordMain.groovy:50)
	at com.kms.katalon.core.mobile.keyword.internal.MobileKeywordMain.stepFailed(MobileKeywordMain.groovy:40)
	at com.kms.katalon.core.mobile.keyword.builtin.VerifyElementTextKeyword$_verifyElementText_closure1.doCall(VerifyElementTextKeyword.groovy:56)
	at com.kms.katalon.core.mobile.keyword.builtin.VerifyElementTextKeyword$_verifyElementText_closure1.call(VerifyElementTextKeyword.groovy)
	at com.kms.katalon.core.mobile.keyword.internal.MobileKeywordMain.runKeyword(MobileKeywordMain.groovy:21)
	at com.kms.katalon.core.mobile.keyword.builtin.VerifyElementTextKeyword.verifyElementText(VerifyElementTextKeyword.groovy:62)
	at com.kms.katalon.core.mobile.keyword.builtin.VerifyElementTextKeyword.execute(VerifyElementTextKeyword.groovy:39)
	at com.kms.katalon.core.keyword.internal.KeywordExecutor.executeKeywordForPlatform(KeywordExecutor.groovy:60)
	at com.kms.katalon.core.mobile.keyword.MobileBuiltInKeywords.verifyElementText(MobileBuiltInKeywords.groovy:1786)
	at com.kms.katalon.core.mobile.keyword.MobileBuiltInKeywords$verifyElementText$0.call(Unknown Source)
	at Wishlist.run(Wishlist:22)
	at com.kms.katalon.core.main.ScriptEngine.run(ScriptEngine.java:194)
	at com.kms.katalon.core.main.ScriptEngine.runScriptAsRawText(ScriptEngine.java:119)
	at com.kms.katalon.core.main.TestCaseExecutor.runScript(TestCaseExecutor.java:337)
	at com.kms.katalon.core.main.TestCaseExecutor.doExecute(TestCaseExecutor.java:328)
	at com.kms.katalon.core.main.TestCaseExecutor.processExecutionPhase(TestCaseExecutor.java:307)
	at com.kms.katalon.core.main.TestCaseExecutor.accessMainPhase(TestCaseExecutor.java:299)
	at com.kms.katalon.core.main.TestCaseExecutor.execute(TestCaseExecutor.java:233)
	at com.kms.katalon.core.main.TestSuiteExecutor.accessTestCaseMainPhase(TestSuiteExecutor.java:169)
	at com.kms.katalon.core.main.TestSuiteExecutor.accessTestSuiteMainPhase(TestSuiteExecutor.java:142)
	at com.kms.katalon.core.main.TestSuiteExecutor.execute(TestSuiteExecutor.java:91)
	at com.kms.katalon.core.main.TestCaseMain.startTestSuite(TestCaseMain.java:157)
	at com.kms.katalon.core.main.TestCaseMain$startTestSuite$0.call(Unknown Source)
	at TempTestSuite1575358338450.run(TempTestSuite1575358338450.groovy:36)
)

2019-12-03 14:36:41 - [MESSAGE][WARNING] - Actual text 'IBIDBatam07 - 07 Aug 2020' and expected text 'Lelang Sapi' of test object 'Object Repository/Wishlist/BID1' are NOT matched.
[[ATTACHMENT|C:\\Users\\Marvin\\Documents\\GitHub\\ACCBid-Mobile\\Reports\\20191203_143218\\WishList\\WishList\\20191203_143218\\1575358598132.png]]

2019-12-03 14:36:45 - [MESSAGE][WARNING] - Actual text 'IBIDDKI31 - 29 Feb 2020' and expected text 'Lelang Sapi' of test object 'Object Repository/Wishlist/BID2' are NOT matched.
[[ATTACHMENT|C:\\Users\\Marvin\\Documents\\GitHub\\ACCBid-Mobile\\Reports\\20191203_143218\\WishList\\WishList\\20191203_143218\\1575358602893.png]]

2019-12-03 14:36:48 - [MESSAGE][FAILED] - Actual text 'tesDKI31 - 29 Feb 2020' and expected text 'Lelang Sapi' of test object 'Object Repository/Wishlist/BID3' are NOT matched.
[[ATTACHMENT|C:\\Users\\Marvin\\Documents\\GitHub\\ACCBid-Mobile\\Reports\\20191203_143218\\WishList\\WishList\\20191203_143218\\1575358606104.png]]

2019-12-03 14:36:51 - [MESSAGE][FAILED] - Verify element text of test object 'Object Repository/Wishlist/BID3' FAILED. (Root cause: com.kms.katalon.core.exception.StepFailedException: Actual text 'tesDKI31 - 29 Feb 2020' and expected text 'Lelang Sapi' of test object 'Object Repository/Wishlist/BID3' are NOT matched.
	at com.kms.katalon.core.keyword.internal.KeywordMain.stepFailed(KeywordMain.groovy:50)
	at com.kms.katalon.core.mobile.keyword.internal.MobileKeywordMain.stepFailed(MobileKeywordMain.groovy:40)
	at com.kms.katalon.core.mobile.keyword.builtin.VerifyElementTextKeyword$_verifyElementText_closure1.doCall(VerifyElementTextKeyword.groovy:56)
	at com.kms.katalon.core.mobile.keyword.builtin.VerifyElementTextKeyword$_verifyElementText_closure1.call(VerifyElementTextKeyword.groovy)
	at com.kms.katalon.core.mobile.keyword.internal.MobileKeywordMain.runKeyword(MobileKeywordMain.groovy:21)
	at com.kms.katalon.core.mobile.keyword.builtin.VerifyElementTextKeyword.verifyElementText(VerifyElementTextKeyword.groovy:62)
	at com.kms.katalon.core.mobile.keyword.builtin.VerifyElementTextKeyword.execute(VerifyElementTextKeyword.groovy:39)
	at com.kms.katalon.core.keyword.internal.KeywordExecutor.executeKeywordForPlatform(KeywordExecutor.groovy:60)
	at com.kms.katalon.core.mobile.keyword.MobileBuiltInKeywords.verifyElementText(MobileBuiltInKeywords.groovy:1786)
	at com.kms.katalon.core.mobile.keyword.MobileBuiltInKeywords$verifyElementText$0.call(Unknown Source)
	at Wishlist.run(Wishlist:22)
	at com.kms.katalon.core.main.ScriptEngine.run(ScriptEngine.java:194)
	at com.kms.katalon.core.main.ScriptEngine.runScriptAsRawText(ScriptEngine.java:119)
	at com.kms.katalon.core.main.TestCaseExecutor.runScript(TestCaseExecutor.java:337)
	at com.kms.katalon.core.main.TestCaseExecutor.doExecute(TestCaseExecutor.java:328)
	at com.kms.katalon.core.main.TestCaseExecutor.processExecutionPhase(TestCaseExecutor.java:307)
	at com.kms.katalon.core.main.TestCaseExecutor.accessMainPhase(TestCaseExecutor.java:299)
	at com.kms.katalon.core.main.TestCaseExecutor.execute(TestCaseExecutor.java:233)
	at com.kms.katalon.core.main.TestSuiteExecutor.accessTestCaseMainPhase(TestSuiteExecutor.java:169)
	at com.kms.katalon.core.main.TestSuiteExecutor.accessTestSuiteMainPhase(TestSuiteExecutor.java:142)
	at com.kms.katalon.core.main.TestSuiteExecutor.execute(TestSuiteExecutor.java:91)
	at com.kms.katalon.core.main.TestCaseMain.startTestSuite(TestCaseMain.java:157)
	at com.kms.katalon.core.main.TestCaseMain$startTestSuite$0.call(Unknown Source)
	at TempTestSuite1575358338450.run(TempTestSuite1575358338450.groovy:36)
)
[[ATTACHMENT|C:\\Users\\Marvin\\Documents\\GitHub\\ACCBid-Mobile\\Reports\\20191203_143218\\WishList\\WishList\\20191203_143218\\1575358608911.png]]

2019-12-03 14:36:51 - [TEST_STEP][PASSED] - Start listener action : addFailedTCToList: null]]></system-out>
         <system-err><![CDATA[2019-12-03 14:36:06 - [TEST_CASE][FAILED] - Test Cases/Wishlist/Wishlist: Test Cases/Wishlist/Wishlist FAILED.
Reason:
com.kms.katalon.core.exception.StepFailedException: Actual text 'tesDKI31 - 29 Feb 2020' and expected text 'Lelang Sapi' of test object 'Object Repository/Wishlist/BID3' are NOT matched.
	at com.kms.katalon.core.keyword.internal.KeywordMain.stepFailed(KeywordMain.groovy:50)
	at com.kms.katalon.core.mobile.keyword.internal.MobileKeywordMain.stepFailed(MobileKeywordMain.groovy:40)
	at com.kms.katalon.core.mobile.keyword.builtin.VerifyElementTextKeyword$_verifyElementText_closure1.doCall(VerifyElementTextKeyword.groovy:56)
	at com.kms.katalon.core.mobile.keyword.builtin.VerifyElementTextKeyword$_verifyElementText_closure1.call(VerifyElementTextKeyword.groovy)
	at com.kms.katalon.core.mobile.keyword.internal.MobileKeywordMain.runKeyword(MobileKeywordMain.groovy:21)
	at com.kms.katalon.core.mobile.keyword.builtin.VerifyElementTextKeyword.verifyElementText(VerifyElementTextKeyword.groovy:62)
	at com.kms.katalon.core.mobile.keyword.builtin.VerifyElementTextKeyword.execute(VerifyElementTextKeyword.groovy:39)
	at com.kms.katalon.core.keyword.internal.KeywordExecutor.executeKeywordForPlatform(KeywordExecutor.groovy:60)
	at com.kms.katalon.core.mobile.keyword.MobileBuiltInKeywords.verifyElementText(MobileBuiltInKeywords.groovy:1786)
	at com.kms.katalon.core.mobile.keyword.MobileBuiltInKeywords$verifyElementText$0.call(Unknown Source)
	at Wishlist.run(Wishlist:22)
	at com.kms.katalon.core.main.ScriptEngine.run(ScriptEngine.java:194)
	at com.kms.katalon.core.main.ScriptEngine.runScriptAsRawText(ScriptEngine.java:119)
	at com.kms.katalon.core.main.TestCaseExecutor.runScript(TestCaseExecutor.java:337)
	at com.kms.katalon.core.main.TestCaseExecutor.doExecute(TestCaseExecutor.java:328)
	at com.kms.katalon.core.main.TestCaseExecutor.processExecutionPhase(TestCaseExecutor.java:307)
	at com.kms.katalon.core.main.TestCaseExecutor.accessMainPhase(TestCaseExecutor.java:299)
	at com.kms.katalon.core.main.TestCaseExecutor.execute(TestCaseExecutor.java:233)
	at com.kms.katalon.core.main.TestSuiteExecutor.accessTestCaseMainPhase(TestSuiteExecutor.java:169)
	at com.kms.katalon.core.main.TestSuiteExecutor.accessTestSuiteMainPhase(TestSuiteExecutor.java:142)
	at com.kms.katalon.core.main.TestSuiteExecutor.execute(TestSuiteExecutor.java:91)
	at com.kms.katalon.core.main.TestCaseMain.startTestSuite(TestCaseMain.java:157)
	at com.kms.katalon.core.main.TestCaseMain$startTestSuite$0.call(Unknown Source)
	at TempTestSuite1575358338450.run(TempTestSuite1575358338450.groovy:36)]]></system-err>
      </testcase>
      <system-out><![CDATA[2019-12-03 14:32:26 - [TEST_SUITE][FAILED] - WishList: Test Cases/Wishlist/Wishlist FAILED.
Reason:
com.kms.katalon.core.exception.StepFailedException: Actual text 'tesDKI31 - 29 Feb 2020' and expected text 'Lelang Sapi' of test object 'Object Repository/Wishlist/BID3' are NOT matched.
	at com.kms.katalon.core.keyword.internal.KeywordMain.stepFailed(KeywordMain.groovy:50)
	at com.kms.katalon.core.mobile.keyword.internal.MobileKeywordMain.stepFailed(MobileKeywordMain.groovy:40)
	at com.kms.katalon.core.mobile.keyword.builtin.VerifyElementTextKeyword$_verifyElementText_closure1.doCall(VerifyElementTextKeyword.groovy:56)
	at com.kms.katalon.core.mobile.keyword.builtin.VerifyElementTextKeyword$_verifyElementText_closure1.call(VerifyElementTextKeyword.groovy)
	at com.kms.katalon.core.mobile.keyword.internal.MobileKeywordMain.runKeyword(MobileKeywordMain.groovy:21)
	at com.kms.katalon.core.mobile.keyword.builtin.VerifyElementTextKeyword.verifyElementText(VerifyElementTextKeyword.groovy:62)
	at com.kms.katalon.core.mobile.keyword.builtin.VerifyElementTextKeyword.execute(VerifyElementTextKeyword.groovy:39)
	at com.kms.katalon.core.keyword.internal.KeywordExecutor.executeKeywordForPlatform(KeywordExecutor.groovy:60)
	at com.kms.katalon.core.mobile.keyword.MobileBuiltInKeywords.verifyElementText(MobileBuiltInKeywords.groovy:1786)
	at com.kms.katalon.core.mobile.keyword.MobileBuiltInKeywords$verifyElementText$0.call(Unknown Source)
	at Wishlist.run(Wishlist:22)
	at com.kms.katalon.core.main.ScriptEngine.run(ScriptEngine.java:194)
	at com.kms.katalon.core.main.ScriptEngine.runScriptAsRawText(ScriptEngine.java:119)
	at com.kms.katalon.core.main.TestCaseExecutor.runScript(TestCaseExecutor.java:337)
	at com.kms.katalon.core.main.TestCaseExecutor.doExecute(TestCaseExecutor.java:328)
	at com.kms.katalon.core.main.TestCaseExecutor.processExecutionPhase(TestCaseExecutor.java:307)
	at com.kms.katalon.core.main.TestCaseExecutor.accessMainPhase(TestCaseExecutor.java:299)
	at com.kms.katalon.core.main.TestCaseExecutor.execute(TestCaseExecutor.java:233)
	at com.kms.katalon.core.main.TestSuiteExecutor.accessTestCaseMainPhase(TestSuiteExecutor.java:169)
	at com.kms.katalon.core.main.TestSuiteExecutor.accessTestSuiteMainPhase(TestSuiteExecutor.java:142)
	at com.kms.katalon.core.main.TestSuiteExecutor.execute(TestSuiteExecutor.java:91)
	at com.kms.katalon.core.main.TestCaseMain.startTestSuite(TestCaseMain.java:157)
	at com.kms.katalon.core.main.TestCaseMain$startTestSuite$0.call(Unknown Source)
	at TempTestSuite1575358338450.run(TempTestSuite1575358338450.groovy:36)]]></system-out>
      <system-err><![CDATA[2019-12-03 14:32:26 - [TEST_SUITE][FAILED] - WishList: Test Cases/Wishlist/Wishlist FAILED.
Reason:
com.kms.katalon.core.exception.StepFailedException: Actual text 'tesDKI31 - 29 Feb 2020' and expected text 'Lelang Sapi' of test object 'Object Repository/Wishlist/BID3' are NOT matched.
	at com.kms.katalon.core.keyword.internal.KeywordMain.stepFailed(KeywordMain.groovy:50)
	at com.kms.katalon.core.mobile.keyword.internal.MobileKeywordMain.stepFailed(MobileKeywordMain.groovy:40)
	at com.kms.katalon.core.mobile.keyword.builtin.VerifyElementTextKeyword$_verifyElementText_closure1.doCall(VerifyElementTextKeyword.groovy:56)
	at com.kms.katalon.core.mobile.keyword.builtin.VerifyElementTextKeyword$_verifyElementText_closure1.call(VerifyElementTextKeyword.groovy)
	at com.kms.katalon.core.mobile.keyword.internal.MobileKeywordMain.runKeyword(MobileKeywordMain.groovy:21)
	at com.kms.katalon.core.mobile.keyword.builtin.VerifyElementTextKeyword.verifyElementText(VerifyElementTextKeyword.groovy:62)
	at com.kms.katalon.core.mobile.keyword.builtin.VerifyElementTextKeyword.execute(VerifyElementTextKeyword.groovy:39)
	at com.kms.katalon.core.keyword.internal.KeywordExecutor.executeKeywordForPlatform(KeywordExecutor.groovy:60)
	at com.kms.katalon.core.mobile.keyword.MobileBuiltInKeywords.verifyElementText(MobileBuiltInKeywords.groovy:1786)
	at com.kms.katalon.core.mobile.keyword.MobileBuiltInKeywords$verifyElementText$0.call(Unknown Source)
	at Wishlist.run(Wishlist:22)
	at com.kms.katalon.core.main.ScriptEngine.run(ScriptEngine.java:194)
	at com.kms.katalon.core.main.ScriptEngine.runScriptAsRawText(ScriptEngine.java:119)
	at com.kms.katalon.core.main.TestCaseExecutor.runScript(TestCaseExecutor.java:337)
	at com.kms.katalon.core.main.TestCaseExecutor.doExecute(TestCaseExecutor.java:328)
	at com.kms.katalon.core.main.TestCaseExecutor.processExecutionPhase(TestCaseExecutor.java:307)
	at com.kms.katalon.core.main.TestCaseExecutor.accessMainPhase(TestCaseExecutor.java:299)
	at com.kms.katalon.core.main.TestCaseExecutor.execute(TestCaseExecutor.java:233)
	at com.kms.katalon.core.main.TestSuiteExecutor.accessTestCaseMainPhase(TestSuiteExecutor.java:169)
	at com.kms.katalon.core.main.TestSuiteExecutor.accessTestSuiteMainPhase(TestSuiteExecutor.java:142)
	at com.kms.katalon.core.main.TestSuiteExecutor.execute(TestSuiteExecutor.java:91)
	at com.kms.katalon.core.main.TestCaseMain.startTestSuite(TestCaseMain.java:157)
	at com.kms.katalon.core.main.TestCaseMain$startTestSuite$0.call(Unknown Source)
	at TempTestSuite1575358338450.run(TempTestSuite1575358338450.groovy:36)]]></system-err>
   </testsuite>
</testsuites>
