<?xml version="1.0" encoding="UTF-8"?>
<testsuites name="ACC Bid" time="394.029" tests="3" failures="2" errors="0">
   <testsuite name="ACC Bid" tests="3" failures="2" errors="0" time="394.029" timestamp="2019-12-12 14:01:19" hostname="15420 - 10.7.8.181" id="Test Suites/ACC Bid">
      <properties>
         <property name="deviceName" value="samsung SM-A505F (Android 9)"/>
         <property name="devicePlatform" value=""/>
         <property name="logFolder" value="C:\\Users\\15420\\git\\ACCBid-Mobile99\\Reports\\20191212_140113\\ACC Bid\\20191212_140113"/>
         <property name="logFiles" value="C:\\Users\\15420\\git\\ACCBid-Mobile99\\Reports\\20191212_140113\\ACC Bid\\20191212_140113\\appium.log, C:\\Users\\15420\\git\\ACCBid-Mobile99\\Reports\\20191212_140113\\ACC Bid\\20191212_140113\\execution0.log"/>
         <property name="attachments" value="C:\\Users\\15420\\git\\ACCBid-Mobile99\\Reports\\20191212_140113\\ACC Bid\\20191212_140113\\1576134326426.png, C:\\Users\\15420\\git\\ACCBid-Mobile99\\Reports\\20191212_140113\\ACC Bid\\20191212_140113\\1576134328367.png, C:\\Users\\15420\\git\\ACCBid-Mobile99\\Reports\\20191212_140113\\ACC Bid\\20191212_140113\\1576134467104.png, C:\\Users\\15420\\git\\ACCBid-Mobile99\\Reports\\20191212_140113\\ACC Bid\\20191212_140113\\1576134468996.png"/>
         <property name="hostName" value="15420 - 10.7.8.181"/>
         <property name="os" value="Windows 10 64bit"/>
         <property name="appiumServerStatus" value="{\&quot;status\&quot;:0,\&quot;value\&quot;:{\&quot;build\&quot;:{\&quot;version\&quot;:\&quot;1.12.1\&quot;}},\&quot;sessionId\&quot;:null}"/>
         <property name="katalonVersion" value="7.0.7.1"/>
         <property name="deviceOS" value="Android"/>
         <property name="appiumVersion" value="1.12.1"/>
         <property name="deviceModel" value="SM-A505F"/>
         <property name="hostAddress" value="10.7.8.181"/>
         <property name="deviceManufacturer" value="samsung"/>
         <property name="deviceId" value="RR8M30NJEFN"/>
         <property name="deviceName" value="samsung SM-A505F (Android 9)"/>
         <property name="deviceOSVersion" value="9"/>
      </properties>
      <testcase name="Test Cases/Christi/Task 18 (Kritik dan Saran)" time="108.423" classname="Test Cases/Christi/Task 18 (Kritik dan Saran)" status="PASSED">
         <system-out><![CDATA[2019-12-12 14:01:20 - [TEST_CASE][PASSED] - Test Cases/Christi/Task 18 (Kritik dan Saran): Test Cases/Christi/Task 18 (Kritik dan Saran)

2019-12-12 14:01:22 - [TEST_STEP][NOT_RUN] - callTestCase(findTestCase("Christi/User_Login"), ["email":"christiantiangelin@gmail.com", "password":"Chr!st1"], STOP_ON_FAILURE): NOT_RUN: callTestCase(findTestCase("Christi/User_Login"), ["email":"christiantiangelin@gmail.com", "password":"Chr!st1"], STOP_ON_FAILURE)

2019-12-12 14:01:22 - [MESSAGE][NOT_RUN] - NOT_RUN: callTestCase(findTestCase("Christi/User_Login"), ["email":"christiantiangelin@gmail.com", "password":"Chr!st1"], STOP_ON_FAILURE)

2019-12-12 14:01:22 - [TEST_STEP][PASSED] - startApplication("C:\Users\15420\git\ACCBid-Mobile99\accbid.apk", false): Started app at: 'C:\Users\15420\git\ACCBid-Mobile99\accbid.apk'

2019-12-12 14:01:23 - [MESSAGE][INFO] - User set preference: ['unicodeKeyboard', 'true']

2019-12-12 14:01:23 - [MESSAGE][INFO] - User set preference: ['resetKeyboard', 'true']

2019-12-12 14:01:23 - [MESSAGE][INFO] - User set preference: ['deviceId', '']

2019-12-12 14:01:32 - [MESSAGE][INFO] - Appium server started on port 58,083

2019-12-12 14:02:12 - [MESSAGE][PASSED] - Started app at: 'C:\Users\15420\git\ACCBid-Mobile99\accbid.apk'

2019-12-12 14:02:12 - [TEST_STEP][PASSED] - delay(15): Delayed 15 second(s)

2019-12-12 14:02:27 - [MESSAGE][PASSED] - Delayed 15 second(s)

2019-12-12 14:02:27 - [TEST_STEP][NOT_RUN] - tap(findTestObject("Page_Login/AKUN"), 0): NOT_RUN: tap(findTestObject("Page_Login/AKUN"), 0)

2019-12-12 14:02:27 - [MESSAGE][NOT_RUN] - NOT_RUN: tap(findTestObject("Page_Login/AKUN"), 0)

2019-12-12 14:02:27 - [TEST_STEP][PASSED] - tap(findTestObject("akun"), 0): Tapped on element 'Object Repository/akun'

2019-12-12 14:02:27 - [MESSAGE][WARNING] - Timeout '0' is invalid. Using default page load timeout: '60'

2019-12-12 14:02:32 - [MESSAGE][PASSED] - Tapped on element 'Object Repository/akun'

2019-12-12 14:02:32 - [TEST_STEP][PASSED] - delay(3): Delayed 3 second(s)

2019-12-12 14:02:35 - [MESSAGE][PASSED] - Delayed 3 second(s)

2019-12-12 14:02:35 - [TEST_STEP][PASSED] - tap(findTestObject("thara/Kritik  Saran"), 0): Tapped on element 'Object Repository/thara/Kritik  Saran'

2019-12-12 14:02:35 - [MESSAGE][WARNING] - Timeout '0' is invalid. Using default page load timeout: '60'

2019-12-12 14:02:39 - [MESSAGE][PASSED] - Tapped on element 'Object Repository/thara/Kritik  Saran'

2019-12-12 14:02:39 - [TEST_STEP][PASSED] - delay(3): Delayed 3 second(s)

2019-12-12 14:02:42 - [MESSAGE][PASSED] - Delayed 3 second(s)

2019-12-12 14:02:42 - [TEST_STEP][PASSED] - tap(findTestObject("thara/Kritik  Saran Produk"), 0): Tapped on element 'Object Repository/thara/Kritik  Saran Produk'

2019-12-12 14:02:42 - [MESSAGE][WARNING] - Timeout '0' is invalid. Using default page load timeout: '60'

2019-12-12 14:02:45 - [MESSAGE][PASSED] - Tapped on element 'Object Repository/thara/Kritik  Saran Produk'

2019-12-12 14:02:45 - [TEST_STEP][PASSED] - delay(3): Delayed 3 second(s)

2019-12-12 14:02:48 - [MESSAGE][PASSED] - Delayed 3 second(s)

2019-12-12 14:02:48 - [TEST_STEP][PASSED] - switch (expected.toString()): null

2019-12-12 14:02:48 - [TEST_STEP][PASSED] - case "failed":: null

2019-12-12 14:02:48 - [TEST_STEP][PASSED] - tap(findTestObject("Kritik Saran/btn submit"), 0): Tapped on element 'Object Repository/Kritik Saran/btn submit'

2019-12-12 14:02:48 - [MESSAGE][WARNING] - Timeout '0' is invalid. Using default page load timeout: '60'

2019-12-12 14:02:50 - [MESSAGE][PASSED] - Tapped on element 'Object Repository/Kritik Saran/btn submit'

2019-12-12 14:02:50 - [TEST_STEP][PASSED] - delay(5): Delayed 5 second(s)

2019-12-12 14:02:55 - [MESSAGE][PASSED] - Delayed 5 second(s)

2019-12-12 14:02:55 - [TEST_STEP][PASSED] - verifyElementVisible(findTestObject("ACC Bid/android.view.error.empty.input"), 0): Element 'Object Repository/ACC Bid/android.view.error.empty.input' is visible

2019-12-12 14:02:55 - [MESSAGE][WARNING] - Timeout '0' is invalid. Using default page load timeout: '60'

2019-12-12 14:02:59 - [MESSAGE][PASSED] - Element 'Object Repository/ACC Bid/android.view.error.empty.input' is visible

2019-12-12 14:02:59 - [TEST_STEP][PASSED] - break: null

2019-12-12 14:02:59 - [TEST_STEP][PASSED] - delay(7): Delayed 7 second(s)

2019-12-12 14:03:06 - [MESSAGE][PASSED] - Delayed 7 second(s)

2019-12-12 14:03:06 - [TEST_STEP][PASSED] - closeApplication(): Close app successfully

2019-12-12 14:03:09 - [MESSAGE][PASSED] - Close app successfully]]></system-out>
         <system-err><![CDATA[]]></system-err>
      </testcase>
      <testcase name="Test Cases/Christi/Task 18 (Kritik dan Saran)" time="140.906" classname="Test Cases/Christi/Task 18 (Kritik dan Saran)" status="FAILED">
         <failure type="FAILED" message="Test Cases/Christi/Task 18 (Kritik dan Saran) FAILED.
Reason:
com.kms.katalon.core.exception.StepFailedException: Object Object Repository/Kritik Saran/input text not found
	at com.kms.katalon.core.keyword.internal.KeywordMain.stepFailed(KeywordMain.groovy:50)
	at com.kms.katalon.core.mobile.keyword.internal.MobileKeywordMain.stepFailed(MobileKeywordMain.groovy:40)
	at com.kms.katalon.core.mobile.keyword.builtin.SetTextKeyword$_setText_closure1.doCall(SetTextKeyword.groovy:76)
	at com.kms.katalon.core.mobile.keyword.builtin.SetTextKeyword$_setText_closure1.call(SetTextKeyword.groovy)
	at com.kms.katalon.core.mobile.keyword.internal.MobileKeywordMain.runKeyword(MobileKeywordMain.groovy:21)
	at com.kms.katalon.core.mobile.keyword.builtin.SetTextKeyword.setText(SetTextKeyword.groovy:83)
	at com.kms.katalon.core.mobile.keyword.builtin.SetTextKeyword.execute(SetTextKeyword.groovy:66)
	at com.kms.katalon.core.keyword.internal.KeywordExecutor.executeKeywordForPlatform(KeywordExecutor.groovy:60)
	at com.kms.katalon.core.mobile.keyword.MobileBuiltInKeywords.setText(MobileBuiltInKeywords.groovy:491)
	at com.kms.katalon.core.mobile.keyword.MobileBuiltInKeywords$setText$3.call(Unknown Source)
	at Task 18 (Kritik dan Saran).run(Task 18 (Kritik dan Saran):39)
	at com.kms.katalon.core.main.ScriptEngine.run(ScriptEngine.java:194)
	at com.kms.katalon.core.main.ScriptEngine.runScriptAsRawText(ScriptEngine.java:119)
	at com.kms.katalon.core.main.TestCaseExecutor.runScript(TestCaseExecutor.java:337)
	at com.kms.katalon.core.main.TestCaseExecutor.doExecute(TestCaseExecutor.java:328)
	at com.kms.katalon.core.main.TestCaseExecutor.processExecutionPhase(TestCaseExecutor.java:307)
	at com.kms.katalon.core.main.TestCaseExecutor.accessMainPhase(TestCaseExecutor.java:299)
	at com.kms.katalon.core.main.TestCaseExecutor.execute(TestCaseExecutor.java:233)
	at com.kms.katalon.core.main.TestSuiteExecutor.accessTestCaseMainPhase(TestSuiteExecutor.java:169)
	at com.kms.katalon.core.main.TestSuiteExecutor.accessTestSuiteMainPhase(TestSuiteExecutor.java:142)
	at com.kms.katalon.core.main.TestSuiteExecutor.execute(TestSuiteExecutor.java:91)
	at com.kms.katalon.core.main.TestCaseMain.startTestSuite(TestCaseMain.java:157)
	at com.kms.katalon.core.main.TestCaseMain$startTestSuite$0.call(Unknown Source)
	at TempTestSuite1576134073261.run(TempTestSuite1576134073261.groovy:36)
"/>
         <system-out><![CDATA[2019-12-12 14:03:09 - [TEST_CASE][FAILED] - Test Cases/Christi/Task 18 (Kritik dan Saran): Test Cases/Christi/Task 18 (Kritik dan Saran) FAILED.
Reason:
com.kms.katalon.core.exception.StepFailedException: Object Object Repository/Kritik Saran/input text not found
	at com.kms.katalon.core.keyword.internal.KeywordMain.stepFailed(KeywordMain.groovy:50)
	at com.kms.katalon.core.mobile.keyword.internal.MobileKeywordMain.stepFailed(MobileKeywordMain.groovy:40)
	at com.kms.katalon.core.mobile.keyword.builtin.SetTextKeyword$_setText_closure1.doCall(SetTextKeyword.groovy:76)
	at com.kms.katalon.core.mobile.keyword.builtin.SetTextKeyword$_setText_closure1.call(SetTextKeyword.groovy)
	at com.kms.katalon.core.mobile.keyword.internal.MobileKeywordMain.runKeyword(MobileKeywordMain.groovy:21)
	at com.kms.katalon.core.mobile.keyword.builtin.SetTextKeyword.setText(SetTextKeyword.groovy:83)
	at com.kms.katalon.core.mobile.keyword.builtin.SetTextKeyword.execute(SetTextKeyword.groovy:66)
	at com.kms.katalon.core.keyword.internal.KeywordExecutor.executeKeywordForPlatform(KeywordExecutor.groovy:60)
	at com.kms.katalon.core.mobile.keyword.MobileBuiltInKeywords.setText(MobileBuiltInKeywords.groovy:491)
	at com.kms.katalon.core.mobile.keyword.MobileBuiltInKeywords$setText$3.call(Unknown Source)
	at Task 18 (Kritik dan Saran).run(Task 18 (Kritik dan Saran):39)
	at com.kms.katalon.core.main.ScriptEngine.run(ScriptEngine.java:194)
	at com.kms.katalon.core.main.ScriptEngine.runScriptAsRawText(ScriptEngine.java:119)
	at com.kms.katalon.core.main.TestCaseExecutor.runScript(TestCaseExecutor.java:337)
	at com.kms.katalon.core.main.TestCaseExecutor.doExecute(TestCaseExecutor.java:328)
	at com.kms.katalon.core.main.TestCaseExecutor.processExecutionPhase(TestCaseExecutor.java:307)
	at com.kms.katalon.core.main.TestCaseExecutor.accessMainPhase(TestCaseExecutor.java:299)
	at com.kms.katalon.core.main.TestCaseExecutor.execute(TestCaseExecutor.java:233)
	at com.kms.katalon.core.main.TestSuiteExecutor.accessTestCaseMainPhase(TestSuiteExecutor.java:169)
	at com.kms.katalon.core.main.TestSuiteExecutor.accessTestSuiteMainPhase(TestSuiteExecutor.java:142)
	at com.kms.katalon.core.main.TestSuiteExecutor.execute(TestSuiteExecutor.java:91)
	at com.kms.katalon.core.main.TestCaseMain.startTestSuite(TestCaseMain.java:157)
	at com.kms.katalon.core.main.TestCaseMain$startTestSuite$0.call(Unknown Source)
	at TempTestSuite1576134073261.run(TempTestSuite1576134073261.groovy:36)


2019-12-12 14:03:09 - [TEST_STEP][NOT_RUN] - callTestCase(findTestCase("Christi/User_Login"), ["email":"christiantiangelin@gmail.com", "password":"Chr!st1"], STOP_ON_FAILURE): NOT_RUN: callTestCase(findTestCase("Christi/User_Login"), ["email":"christiantiangelin@gmail.com", "password":"Chr!st1"], STOP_ON_FAILURE)

2019-12-12 14:03:09 - [MESSAGE][NOT_RUN] - NOT_RUN: callTestCase(findTestCase("Christi/User_Login"), ["email":"christiantiangelin@gmail.com", "password":"Chr!st1"], STOP_ON_FAILURE)

2019-12-12 14:03:09 - [TEST_STEP][PASSED] - startApplication("C:\Users\15420\git\ACCBid-Mobile99\accbid.apk", false): Started app at: 'C:\Users\15420\git\ACCBid-Mobile99\accbid.apk'

2019-12-12 14:03:09 - [MESSAGE][INFO] - User set preference: ['unicodeKeyboard', 'true']

2019-12-12 14:03:09 - [MESSAGE][INFO] - User set preference: ['resetKeyboard', 'true']

2019-12-12 14:03:09 - [MESSAGE][INFO] - User set preference: ['deviceId', '']

2019-12-12 14:03:17 - [MESSAGE][INFO] - Appium server started on port 58,378

2019-12-12 14:03:50 - [MESSAGE][PASSED] - Started app at: 'C:\Users\15420\git\ACCBid-Mobile99\accbid.apk'

2019-12-12 14:03:50 - [TEST_STEP][PASSED] - delay(15): Delayed 15 second(s)

2019-12-12 14:04:05 - [MESSAGE][PASSED] - Delayed 15 second(s)

2019-12-12 14:04:05 - [TEST_STEP][NOT_RUN] - tap(findTestObject("Page_Login/AKUN"), 0): NOT_RUN: tap(findTestObject("Page_Login/AKUN"), 0)

2019-12-12 14:04:05 - [MESSAGE][NOT_RUN] - NOT_RUN: tap(findTestObject("Page_Login/AKUN"), 0)

2019-12-12 14:04:05 - [TEST_STEP][PASSED] - tap(findTestObject("akun"), 0): Tapped on element 'Object Repository/akun'

2019-12-12 14:04:05 - [MESSAGE][WARNING] - Timeout '0' is invalid. Using default page load timeout: '60'

2019-12-12 14:04:10 - [MESSAGE][PASSED] - Tapped on element 'Object Repository/akun'

2019-12-12 14:04:10 - [TEST_STEP][PASSED] - delay(3): Delayed 3 second(s)

2019-12-12 14:04:13 - [MESSAGE][PASSED] - Delayed 3 second(s)

2019-12-12 14:04:13 - [TEST_STEP][PASSED] - tap(findTestObject("thara/Kritik  Saran"), 0): Tapped on element 'Object Repository/thara/Kritik  Saran'

2019-12-12 14:04:14 - [MESSAGE][WARNING] - Timeout '0' is invalid. Using default page load timeout: '60'

2019-12-12 14:04:17 - [MESSAGE][PASSED] - Tapped on element 'Object Repository/thara/Kritik  Saran'

2019-12-12 14:04:17 - [TEST_STEP][PASSED] - delay(3): Delayed 3 second(s)

2019-12-12 14:04:20 - [MESSAGE][PASSED] - Delayed 3 second(s)

2019-12-12 14:04:20 - [TEST_STEP][PASSED] - tap(findTestObject("thara/Kritik  Saran Produk"), 0): Tapped on element 'Object Repository/thara/Kritik  Saran Produk'

2019-12-12 14:04:20 - [MESSAGE][WARNING] - Timeout '0' is invalid. Using default page load timeout: '60'

2019-12-12 14:04:23 - [MESSAGE][PASSED] - Tapped on element 'Object Repository/thara/Kritik  Saran Produk'

2019-12-12 14:04:23 - [TEST_STEP][PASSED] - delay(3): Delayed 3 second(s)

2019-12-12 14:04:26 - [MESSAGE][PASSED] - Delayed 3 second(s)

2019-12-12 14:04:26 - [TEST_STEP][FAILED] - switch (expected.toString()): Failed to set text into element (Root cause: com.kms.katalon.core.exception.StepFailedException: Object Object Repository/Kritik Saran/input text not found
	at com.kms.katalon.core.keyword.internal.KeywordMain.stepFailed(KeywordMain.groovy:50)
	at com.kms.katalon.core.mobile.keyword.internal.MobileKeywordMain.stepFailed(MobileKeywordMain.groovy:40)
	at com.kms.katalon.core.mobile.keyword.builtin.SetTextKeyword$_setText_closure1.doCall(SetTextKeyword.groovy:76)
	at com.kms.katalon.core.mobile.keyword.builtin.SetTextKeyword$_setText_closure1.call(SetTextKeyword.groovy)
	at com.kms.katalon.core.mobile.keyword.internal.MobileKeywordMain.runKeyword(MobileKeywordMain.groovy:21)
	at com.kms.katalon.core.mobile.keyword.builtin.SetTextKeyword.setText(SetTextKeyword.groovy:83)
	at com.kms.katalon.core.mobile.keyword.builtin.SetTextKeyword.execute(SetTextKeyword.groovy:66)
	at com.kms.katalon.core.keyword.internal.KeywordExecutor.executeKeywordForPlatform(KeywordExecutor.groovy:60)
	at com.kms.katalon.core.mobile.keyword.MobileBuiltInKeywords.setText(MobileBuiltInKeywords.groovy:491)
	at com.kms.katalon.core.mobile.keyword.MobileBuiltInKeywords$setText$3.call(Unknown Source)
	at Task 18 (Kritik dan Saran).run(Task 18 (Kritik dan Saran):39)
	at com.kms.katalon.core.main.ScriptEngine.run(ScriptEngine.java:194)
	at com.kms.katalon.core.main.ScriptEngine.runScriptAsRawText(ScriptEngine.java:119)
	at com.kms.katalon.core.main.TestCaseExecutor.runScript(TestCaseExecutor.java:337)
	at com.kms.katalon.core.main.TestCaseExecutor.doExecute(TestCaseExecutor.java:328)
	at com.kms.katalon.core.main.TestCaseExecutor.processExecutionPhase(TestCaseExecutor.java:307)
	at com.kms.katalon.core.main.TestCaseExecutor.accessMainPhase(TestCaseExecutor.java:299)
	at com.kms.katalon.core.main.TestCaseExecutor.execute(TestCaseExecutor.java:233)
	at com.kms.katalon.core.main.TestSuiteExecutor.accessTestCaseMainPhase(TestSuiteExecutor.java:169)
	at com.kms.katalon.core.main.TestSuiteExecutor.accessTestSuiteMainPhase(TestSuiteExecutor.java:142)
	at com.kms.katalon.core.main.TestSuiteExecutor.execute(TestSuiteExecutor.java:91)
	at com.kms.katalon.core.main.TestCaseMain.startTestSuite(TestCaseMain.java:157)
	at com.kms.katalon.core.main.TestCaseMain$startTestSuite$0.call(Unknown Source)
	at TempTestSuite1576134073261.run(TempTestSuite1576134073261.groovy:36)
)

2019-12-12 14:04:26 - [TEST_STEP][FAILED] - case "pass":: Failed to set text into element (Root cause: com.kms.katalon.core.exception.StepFailedException: Object Object Repository/Kritik Saran/input text not found
	at com.kms.katalon.core.keyword.internal.KeywordMain.stepFailed(KeywordMain.groovy:50)
	at com.kms.katalon.core.mobile.keyword.internal.MobileKeywordMain.stepFailed(MobileKeywordMain.groovy:40)
	at com.kms.katalon.core.mobile.keyword.builtin.SetTextKeyword$_setText_closure1.doCall(SetTextKeyword.groovy:76)
	at com.kms.katalon.core.mobile.keyword.builtin.SetTextKeyword$_setText_closure1.call(SetTextKeyword.groovy)
	at com.kms.katalon.core.mobile.keyword.internal.MobileKeywordMain.runKeyword(MobileKeywordMain.groovy:21)
	at com.kms.katalon.core.mobile.keyword.builtin.SetTextKeyword.setText(SetTextKeyword.groovy:83)
	at com.kms.katalon.core.mobile.keyword.builtin.SetTextKeyword.execute(SetTextKeyword.groovy:66)
	at com.kms.katalon.core.keyword.internal.KeywordExecutor.executeKeywordForPlatform(KeywordExecutor.groovy:60)
	at com.kms.katalon.core.mobile.keyword.MobileBuiltInKeywords.setText(MobileBuiltInKeywords.groovy:491)
	at com.kms.katalon.core.mobile.keyword.MobileBuiltInKeywords$setText$3.call(Unknown Source)
	at Task 18 (Kritik dan Saran).run(Task 18 (Kritik dan Saran):39)
	at com.kms.katalon.core.main.ScriptEngine.run(ScriptEngine.java:194)
	at com.kms.katalon.core.main.ScriptEngine.runScriptAsRawText(ScriptEngine.java:119)
	at com.kms.katalon.core.main.TestCaseExecutor.runScript(TestCaseExecutor.java:337)
	at com.kms.katalon.core.main.TestCaseExecutor.doExecute(TestCaseExecutor.java:328)
	at com.kms.katalon.core.main.TestCaseExecutor.processExecutionPhase(TestCaseExecutor.java:307)
	at com.kms.katalon.core.main.TestCaseExecutor.accessMainPhase(TestCaseExecutor.java:299)
	at com.kms.katalon.core.main.TestCaseExecutor.execute(TestCaseExecutor.java:233)
	at com.kms.katalon.core.main.TestSuiteExecutor.accessTestCaseMainPhase(TestSuiteExecutor.java:169)
	at com.kms.katalon.core.main.TestSuiteExecutor.accessTestSuiteMainPhase(TestSuiteExecutor.java:142)
	at com.kms.katalon.core.main.TestSuiteExecutor.execute(TestSuiteExecutor.java:91)
	at com.kms.katalon.core.main.TestCaseMain.startTestSuite(TestCaseMain.java:157)
	at com.kms.katalon.core.main.TestCaseMain$startTestSuite$0.call(Unknown Source)
	at TempTestSuite1576134073261.run(TempTestSuite1576134073261.groovy:36)
)

2019-12-12 14:04:26 - [TEST_STEP][FAILED] - setText(findTestObject("Kritik Saran/input text"), input_text, 0): Failed to set text into element (Root cause: com.kms.katalon.core.exception.StepFailedException: Object Object Repository/Kritik Saran/input text not found
	at com.kms.katalon.core.keyword.internal.KeywordMain.stepFailed(KeywordMain.groovy:50)
	at com.kms.katalon.core.mobile.keyword.internal.MobileKeywordMain.stepFailed(MobileKeywordMain.groovy:40)
	at com.kms.katalon.core.mobile.keyword.builtin.SetTextKeyword$_setText_closure1.doCall(SetTextKeyword.groovy:76)
	at com.kms.katalon.core.mobile.keyword.builtin.SetTextKeyword$_setText_closure1.call(SetTextKeyword.groovy)
	at com.kms.katalon.core.mobile.keyword.internal.MobileKeywordMain.runKeyword(MobileKeywordMain.groovy:21)
	at com.kms.katalon.core.mobile.keyword.builtin.SetTextKeyword.setText(SetTextKeyword.groovy:83)
	at com.kms.katalon.core.mobile.keyword.builtin.SetTextKeyword.execute(SetTextKeyword.groovy:66)
	at com.kms.katalon.core.keyword.internal.KeywordExecutor.executeKeywordForPlatform(KeywordExecutor.groovy:60)
	at com.kms.katalon.core.mobile.keyword.MobileBuiltInKeywords.setText(MobileBuiltInKeywords.groovy:491)
	at com.kms.katalon.core.mobile.keyword.MobileBuiltInKeywords$setText$3.call(Unknown Source)
	at Task 18 (Kritik dan Saran).run(Task 18 (Kritik dan Saran):39)
	at com.kms.katalon.core.main.ScriptEngine.run(ScriptEngine.java:194)
	at com.kms.katalon.core.main.ScriptEngine.runScriptAsRawText(ScriptEngine.java:119)
	at com.kms.katalon.core.main.TestCaseExecutor.runScript(TestCaseExecutor.java:337)
	at com.kms.katalon.core.main.TestCaseExecutor.doExecute(TestCaseExecutor.java:328)
	at com.kms.katalon.core.main.TestCaseExecutor.processExecutionPhase(TestCaseExecutor.java:307)
	at com.kms.katalon.core.main.TestCaseExecutor.accessMainPhase(TestCaseExecutor.java:299)
	at com.kms.katalon.core.main.TestCaseExecutor.execute(TestCaseExecutor.java:233)
	at com.kms.katalon.core.main.TestSuiteExecutor.accessTestCaseMainPhase(TestSuiteExecutor.java:169)
	at com.kms.katalon.core.main.TestSuiteExecutor.accessTestSuiteMainPhase(TestSuiteExecutor.java:142)
	at com.kms.katalon.core.main.TestSuiteExecutor.execute(TestSuiteExecutor.java:91)
	at com.kms.katalon.core.main.TestCaseMain.startTestSuite(TestCaseMain.java:157)
	at com.kms.katalon.core.main.TestCaseMain$startTestSuite$0.call(Unknown Source)
	at TempTestSuite1576134073261.run(TempTestSuite1576134073261.groovy:36)
)

2019-12-12 14:04:26 - [MESSAGE][WARNING] - Timeout '0' is invalid. Using default page load timeout: '60'

2019-12-12 14:05:28 - [MESSAGE][FAILED] - Object Object Repository/Kritik Saran/input text not found
[[ATTACHMENT|C:\\Users\\15420\\git\\ACCBid-Mobile99\\Reports\\20191212_140113\\ACC Bid\\20191212_140113\\1576134326426.png]]

2019-12-12 14:05:30 - [MESSAGE][FAILED] - Failed to set text into element (Root cause: com.kms.katalon.core.exception.StepFailedException: Object Object Repository/Kritik Saran/input text not found
	at com.kms.katalon.core.keyword.internal.KeywordMain.stepFailed(KeywordMain.groovy:50)
	at com.kms.katalon.core.mobile.keyword.internal.MobileKeywordMain.stepFailed(MobileKeywordMain.groovy:40)
	at com.kms.katalon.core.mobile.keyword.builtin.SetTextKeyword$_setText_closure1.doCall(SetTextKeyword.groovy:76)
	at com.kms.katalon.core.mobile.keyword.builtin.SetTextKeyword$_setText_closure1.call(SetTextKeyword.groovy)
	at com.kms.katalon.core.mobile.keyword.internal.MobileKeywordMain.runKeyword(MobileKeywordMain.groovy:21)
	at com.kms.katalon.core.mobile.keyword.builtin.SetTextKeyword.setText(SetTextKeyword.groovy:83)
	at com.kms.katalon.core.mobile.keyword.builtin.SetTextKeyword.execute(SetTextKeyword.groovy:66)
	at com.kms.katalon.core.keyword.internal.KeywordExecutor.executeKeywordForPlatform(KeywordExecutor.groovy:60)
	at com.kms.katalon.core.mobile.keyword.MobileBuiltInKeywords.setText(MobileBuiltInKeywords.groovy:491)
	at com.kms.katalon.core.mobile.keyword.MobileBuiltInKeywords$setText$3.call(Unknown Source)
	at Task 18 (Kritik dan Saran).run(Task 18 (Kritik dan Saran):39)
	at com.kms.katalon.core.main.ScriptEngine.run(ScriptEngine.java:194)
	at com.kms.katalon.core.main.ScriptEngine.runScriptAsRawText(ScriptEngine.java:119)
	at com.kms.katalon.core.main.TestCaseExecutor.runScript(TestCaseExecutor.java:337)
	at com.kms.katalon.core.main.TestCaseExecutor.doExecute(TestCaseExecutor.java:328)
	at com.kms.katalon.core.main.TestCaseExecutor.processExecutionPhase(TestCaseExecutor.java:307)
	at com.kms.katalon.core.main.TestCaseExecutor.accessMainPhase(TestCaseExecutor.java:299)
	at com.kms.katalon.core.main.TestCaseExecutor.execute(TestCaseExecutor.java:233)
	at com.kms.katalon.core.main.TestSuiteExecutor.accessTestCaseMainPhase(TestSuiteExecutor.java:169)
	at com.kms.katalon.core.main.TestSuiteExecutor.accessTestSuiteMainPhase(TestSuiteExecutor.java:142)
	at com.kms.katalon.core.main.TestSuiteExecutor.execute(TestSuiteExecutor.java:91)
	at com.kms.katalon.core.main.TestCaseMain.startTestSuite(TestCaseMain.java:157)
	at com.kms.katalon.core.main.TestCaseMain$startTestSuite$0.call(Unknown Source)
	at TempTestSuite1576134073261.run(TempTestSuite1576134073261.groovy:36)
)
[[ATTACHMENT|C:\\Users\\15420\\git\\ACCBid-Mobile99\\Reports\\20191212_140113\\ACC Bid\\20191212_140113\\1576134328367.png]]]]></system-out>
         <system-err><![CDATA[2019-12-12 14:03:09 - [TEST_CASE][FAILED] - Test Cases/Christi/Task 18 (Kritik dan Saran): Test Cases/Christi/Task 18 (Kritik dan Saran) FAILED.
Reason:
com.kms.katalon.core.exception.StepFailedException: Object Object Repository/Kritik Saran/input text not found
	at com.kms.katalon.core.keyword.internal.KeywordMain.stepFailed(KeywordMain.groovy:50)
	at com.kms.katalon.core.mobile.keyword.internal.MobileKeywordMain.stepFailed(MobileKeywordMain.groovy:40)
	at com.kms.katalon.core.mobile.keyword.builtin.SetTextKeyword$_setText_closure1.doCall(SetTextKeyword.groovy:76)
	at com.kms.katalon.core.mobile.keyword.builtin.SetTextKeyword$_setText_closure1.call(SetTextKeyword.groovy)
	at com.kms.katalon.core.mobile.keyword.internal.MobileKeywordMain.runKeyword(MobileKeywordMain.groovy:21)
	at com.kms.katalon.core.mobile.keyword.builtin.SetTextKeyword.setText(SetTextKeyword.groovy:83)
	at com.kms.katalon.core.mobile.keyword.builtin.SetTextKeyword.execute(SetTextKeyword.groovy:66)
	at com.kms.katalon.core.keyword.internal.KeywordExecutor.executeKeywordForPlatform(KeywordExecutor.groovy:60)
	at com.kms.katalon.core.mobile.keyword.MobileBuiltInKeywords.setText(MobileBuiltInKeywords.groovy:491)
	at com.kms.katalon.core.mobile.keyword.MobileBuiltInKeywords$setText$3.call(Unknown Source)
	at Task 18 (Kritik dan Saran).run(Task 18 (Kritik dan Saran):39)
	at com.kms.katalon.core.main.ScriptEngine.run(ScriptEngine.java:194)
	at com.kms.katalon.core.main.ScriptEngine.runScriptAsRawText(ScriptEngine.java:119)
	at com.kms.katalon.core.main.TestCaseExecutor.runScript(TestCaseExecutor.java:337)
	at com.kms.katalon.core.main.TestCaseExecutor.doExecute(TestCaseExecutor.java:328)
	at com.kms.katalon.core.main.TestCaseExecutor.processExecutionPhase(TestCaseExecutor.java:307)
	at com.kms.katalon.core.main.TestCaseExecutor.accessMainPhase(TestCaseExecutor.java:299)
	at com.kms.katalon.core.main.TestCaseExecutor.execute(TestCaseExecutor.java:233)
	at com.kms.katalon.core.main.TestSuiteExecutor.accessTestCaseMainPhase(TestSuiteExecutor.java:169)
	at com.kms.katalon.core.main.TestSuiteExecutor.accessTestSuiteMainPhase(TestSuiteExecutor.java:142)
	at com.kms.katalon.core.main.TestSuiteExecutor.execute(TestSuiteExecutor.java:91)
	at com.kms.katalon.core.main.TestCaseMain.startTestSuite(TestCaseMain.java:157)
	at com.kms.katalon.core.main.TestCaseMain$startTestSuite$0.call(Unknown Source)
	at TempTestSuite1576134073261.run(TempTestSuite1576134073261.groovy:36)]]></system-err>
      </testcase>
      <testcase name="Test Cases/Christi/Task 18 (Kritik dan Saran)" time="140.641" classname="Test Cases/Christi/Task 18 (Kritik dan Saran)" status="FAILED">
         <failure type="FAILED" message="Test Cases/Christi/Task 18 (Kritik dan Saran) FAILED.
Reason:
com.kms.katalon.core.exception.StepFailedException: Object Object Repository/Kritik Saran/input text not found
	at com.kms.katalon.core.keyword.internal.KeywordMain.stepFailed(KeywordMain.groovy:50)
	at com.kms.katalon.core.mobile.keyword.internal.MobileKeywordMain.stepFailed(MobileKeywordMain.groovy:40)
	at com.kms.katalon.core.mobile.keyword.builtin.SetTextKeyword$_setText_closure1.doCall(SetTextKeyword.groovy:76)
	at com.kms.katalon.core.mobile.keyword.builtin.SetTextKeyword$_setText_closure1.call(SetTextKeyword.groovy)
	at com.kms.katalon.core.mobile.keyword.internal.MobileKeywordMain.runKeyword(MobileKeywordMain.groovy:21)
	at com.kms.katalon.core.mobile.keyword.builtin.SetTextKeyword.setText(SetTextKeyword.groovy:83)
	at com.kms.katalon.core.mobile.keyword.builtin.SetTextKeyword.execute(SetTextKeyword.groovy:66)
	at com.kms.katalon.core.keyword.internal.KeywordExecutor.executeKeywordForPlatform(KeywordExecutor.groovy:60)
	at com.kms.katalon.core.mobile.keyword.MobileBuiltInKeywords.setText(MobileBuiltInKeywords.groovy:491)
	at com.kms.katalon.core.mobile.keyword.MobileBuiltInKeywords$setText$3.call(Unknown Source)
	at Task 18 (Kritik dan Saran).run(Task 18 (Kritik dan Saran):39)
	at com.kms.katalon.core.main.ScriptEngine.run(ScriptEngine.java:194)
	at com.kms.katalon.core.main.ScriptEngine.runScriptAsRawText(ScriptEngine.java:119)
	at com.kms.katalon.core.main.TestCaseExecutor.runScript(TestCaseExecutor.java:337)
	at com.kms.katalon.core.main.TestCaseExecutor.doExecute(TestCaseExecutor.java:328)
	at com.kms.katalon.core.main.TestCaseExecutor.processExecutionPhase(TestCaseExecutor.java:307)
	at com.kms.katalon.core.main.TestCaseExecutor.accessMainPhase(TestCaseExecutor.java:299)
	at com.kms.katalon.core.main.TestCaseExecutor.execute(TestCaseExecutor.java:233)
	at com.kms.katalon.core.main.TestSuiteExecutor.accessTestCaseMainPhase(TestSuiteExecutor.java:169)
	at com.kms.katalon.core.main.TestSuiteExecutor.accessTestSuiteMainPhase(TestSuiteExecutor.java:142)
	at com.kms.katalon.core.main.TestSuiteExecutor.execute(TestSuiteExecutor.java:91)
	at com.kms.katalon.core.main.TestCaseMain.startTestSuite(TestCaseMain.java:157)
	at com.kms.katalon.core.main.TestCaseMain$startTestSuite$0.call(Unknown Source)
	at TempTestSuite1576134073261.run(TempTestSuite1576134073261.groovy:36)
"/>
         <system-out><![CDATA[2019-12-12 14:05:30 - [TEST_CASE][FAILED] - Test Cases/Christi/Task 18 (Kritik dan Saran): Test Cases/Christi/Task 18 (Kritik dan Saran) FAILED.
Reason:
com.kms.katalon.core.exception.StepFailedException: Object Object Repository/Kritik Saran/input text not found
	at com.kms.katalon.core.keyword.internal.KeywordMain.stepFailed(KeywordMain.groovy:50)
	at com.kms.katalon.core.mobile.keyword.internal.MobileKeywordMain.stepFailed(MobileKeywordMain.groovy:40)
	at com.kms.katalon.core.mobile.keyword.builtin.SetTextKeyword$_setText_closure1.doCall(SetTextKeyword.groovy:76)
	at com.kms.katalon.core.mobile.keyword.builtin.SetTextKeyword$_setText_closure1.call(SetTextKeyword.groovy)
	at com.kms.katalon.core.mobile.keyword.internal.MobileKeywordMain.runKeyword(MobileKeywordMain.groovy:21)
	at com.kms.katalon.core.mobile.keyword.builtin.SetTextKeyword.setText(SetTextKeyword.groovy:83)
	at com.kms.katalon.core.mobile.keyword.builtin.SetTextKeyword.execute(SetTextKeyword.groovy:66)
	at com.kms.katalon.core.keyword.internal.KeywordExecutor.executeKeywordForPlatform(KeywordExecutor.groovy:60)
	at com.kms.katalon.core.mobile.keyword.MobileBuiltInKeywords.setText(MobileBuiltInKeywords.groovy:491)
	at com.kms.katalon.core.mobile.keyword.MobileBuiltInKeywords$setText$3.call(Unknown Source)
	at Task 18 (Kritik dan Saran).run(Task 18 (Kritik dan Saran):39)
	at com.kms.katalon.core.main.ScriptEngine.run(ScriptEngine.java:194)
	at com.kms.katalon.core.main.ScriptEngine.runScriptAsRawText(ScriptEngine.java:119)
	at com.kms.katalon.core.main.TestCaseExecutor.runScript(TestCaseExecutor.java:337)
	at com.kms.katalon.core.main.TestCaseExecutor.doExecute(TestCaseExecutor.java:328)
	at com.kms.katalon.core.main.TestCaseExecutor.processExecutionPhase(TestCaseExecutor.java:307)
	at com.kms.katalon.core.main.TestCaseExecutor.accessMainPhase(TestCaseExecutor.java:299)
	at com.kms.katalon.core.main.TestCaseExecutor.execute(TestCaseExecutor.java:233)
	at com.kms.katalon.core.main.TestSuiteExecutor.accessTestCaseMainPhase(TestSuiteExecutor.java:169)
	at com.kms.katalon.core.main.TestSuiteExecutor.accessTestSuiteMainPhase(TestSuiteExecutor.java:142)
	at com.kms.katalon.core.main.TestSuiteExecutor.execute(TestSuiteExecutor.java:91)
	at com.kms.katalon.core.main.TestCaseMain.startTestSuite(TestCaseMain.java:157)
	at com.kms.katalon.core.main.TestCaseMain$startTestSuite$0.call(Unknown Source)
	at TempTestSuite1576134073261.run(TempTestSuite1576134073261.groovy:36)


2019-12-12 14:05:30 - [TEST_STEP][NOT_RUN] - callTestCase(findTestCase("Christi/User_Login"), ["email":"christiantiangelin@gmail.com", "password":"Chr!st1"], STOP_ON_FAILURE): NOT_RUN: callTestCase(findTestCase("Christi/User_Login"), ["email":"christiantiangelin@gmail.com", "password":"Chr!st1"], STOP_ON_FAILURE)

2019-12-12 14:05:30 - [MESSAGE][NOT_RUN] - NOT_RUN: callTestCase(findTestCase("Christi/User_Login"), ["email":"christiantiangelin@gmail.com", "password":"Chr!st1"], STOP_ON_FAILURE)

2019-12-12 14:05:30 - [TEST_STEP][PASSED] - startApplication("C:\Users\15420\git\ACCBid-Mobile99\accbid.apk", false): Started app at: 'C:\Users\15420\git\ACCBid-Mobile99\accbid.apk'

2019-12-12 14:05:30 - [MESSAGE][INFO] - User set preference: ['unicodeKeyboard', 'true']

2019-12-12 14:05:30 - [MESSAGE][INFO] - User set preference: ['resetKeyboard', 'true']

2019-12-12 14:05:30 - [MESSAGE][INFO] - User set preference: ['deviceId', '']

2019-12-12 14:06:11 - [MESSAGE][PASSED] - Started app at: 'C:\Users\15420\git\ACCBid-Mobile99\accbid.apk'

2019-12-12 14:06:11 - [TEST_STEP][PASSED] - delay(15): Delayed 15 second(s)

2019-12-12 14:06:26 - [MESSAGE][PASSED] - Delayed 15 second(s)

2019-12-12 14:06:26 - [TEST_STEP][NOT_RUN] - tap(findTestObject("Page_Login/AKUN"), 0): NOT_RUN: tap(findTestObject("Page_Login/AKUN"), 0)

2019-12-12 14:06:26 - [MESSAGE][NOT_RUN] - NOT_RUN: tap(findTestObject("Page_Login/AKUN"), 0)

2019-12-12 14:06:26 - [TEST_STEP][PASSED] - tap(findTestObject("akun"), 0): Tapped on element 'Object Repository/akun'

2019-12-12 14:06:26 - [MESSAGE][WARNING] - Timeout '0' is invalid. Using default page load timeout: '60'

2019-12-12 14:06:31 - [MESSAGE][PASSED] - Tapped on element 'Object Repository/akun'

2019-12-12 14:06:31 - [TEST_STEP][PASSED] - delay(3): Delayed 3 second(s)

2019-12-12 14:06:34 - [MESSAGE][PASSED] - Delayed 3 second(s)

2019-12-12 14:06:34 - [TEST_STEP][PASSED] - tap(findTestObject("thara/Kritik  Saran"), 0): Tapped on element 'Object Repository/thara/Kritik  Saran'

2019-12-12 14:06:34 - [MESSAGE][WARNING] - Timeout '0' is invalid. Using default page load timeout: '60'

2019-12-12 14:06:38 - [MESSAGE][PASSED] - Tapped on element 'Object Repository/thara/Kritik  Saran'

2019-12-12 14:06:38 - [TEST_STEP][PASSED] - delay(3): Delayed 3 second(s)

2019-12-12 14:06:41 - [MESSAGE][PASSED] - Delayed 3 second(s)

2019-12-12 14:06:41 - [TEST_STEP][PASSED] - tap(findTestObject("thara/Kritik  Saran Produk"), 0): Tapped on element 'Object Repository/thara/Kritik  Saran Produk'

2019-12-12 14:06:41 - [MESSAGE][WARNING] - Timeout '0' is invalid. Using default page load timeout: '60'

2019-12-12 14:06:43 - [MESSAGE][PASSED] - Tapped on element 'Object Repository/thara/Kritik  Saran Produk'

2019-12-12 14:06:43 - [TEST_STEP][PASSED] - delay(3): Delayed 3 second(s)

2019-12-12 14:06:46 - [MESSAGE][PASSED] - Delayed 3 second(s)

2019-12-12 14:06:46 - [TEST_STEP][FAILED] - switch (expected.toString()): Failed to set text into element (Root cause: com.kms.katalon.core.exception.StepFailedException: Object Object Repository/Kritik Saran/input text not found
	at com.kms.katalon.core.keyword.internal.KeywordMain.stepFailed(KeywordMain.groovy:50)
	at com.kms.katalon.core.mobile.keyword.internal.MobileKeywordMain.stepFailed(MobileKeywordMain.groovy:40)
	at com.kms.katalon.core.mobile.keyword.builtin.SetTextKeyword$_setText_closure1.doCall(SetTextKeyword.groovy:76)
	at com.kms.katalon.core.mobile.keyword.builtin.SetTextKeyword$_setText_closure1.call(SetTextKeyword.groovy)
	at com.kms.katalon.core.mobile.keyword.internal.MobileKeywordMain.runKeyword(MobileKeywordMain.groovy:21)
	at com.kms.katalon.core.mobile.keyword.builtin.SetTextKeyword.setText(SetTextKeyword.groovy:83)
	at com.kms.katalon.core.mobile.keyword.builtin.SetTextKeyword.execute(SetTextKeyword.groovy:66)
	at com.kms.katalon.core.keyword.internal.KeywordExecutor.executeKeywordForPlatform(KeywordExecutor.groovy:60)
	at com.kms.katalon.core.mobile.keyword.MobileBuiltInKeywords.setText(MobileBuiltInKeywords.groovy:491)
	at com.kms.katalon.core.mobile.keyword.MobileBuiltInKeywords$setText$3.call(Unknown Source)
	at Task 18 (Kritik dan Saran).run(Task 18 (Kritik dan Saran):39)
	at com.kms.katalon.core.main.ScriptEngine.run(ScriptEngine.java:194)
	at com.kms.katalon.core.main.ScriptEngine.runScriptAsRawText(ScriptEngine.java:119)
	at com.kms.katalon.core.main.TestCaseExecutor.runScript(TestCaseExecutor.java:337)
	at com.kms.katalon.core.main.TestCaseExecutor.doExecute(TestCaseExecutor.java:328)
	at com.kms.katalon.core.main.TestCaseExecutor.processExecutionPhase(TestCaseExecutor.java:307)
	at com.kms.katalon.core.main.TestCaseExecutor.accessMainPhase(TestCaseExecutor.java:299)
	at com.kms.katalon.core.main.TestCaseExecutor.execute(TestCaseExecutor.java:233)
	at com.kms.katalon.core.main.TestSuiteExecutor.accessTestCaseMainPhase(TestSuiteExecutor.java:169)
	at com.kms.katalon.core.main.TestSuiteExecutor.accessTestSuiteMainPhase(TestSuiteExecutor.java:142)
	at com.kms.katalon.core.main.TestSuiteExecutor.execute(TestSuiteExecutor.java:91)
	at com.kms.katalon.core.main.TestCaseMain.startTestSuite(TestCaseMain.java:157)
	at com.kms.katalon.core.main.TestCaseMain$startTestSuite$0.call(Unknown Source)
	at TempTestSuite1576134073261.run(TempTestSuite1576134073261.groovy:36)
)

2019-12-12 14:06:46 - [TEST_STEP][FAILED] - case "pass":: Failed to set text into element (Root cause: com.kms.katalon.core.exception.StepFailedException: Object Object Repository/Kritik Saran/input text not found
	at com.kms.katalon.core.keyword.internal.KeywordMain.stepFailed(KeywordMain.groovy:50)
	at com.kms.katalon.core.mobile.keyword.internal.MobileKeywordMain.stepFailed(MobileKeywordMain.groovy:40)
	at com.kms.katalon.core.mobile.keyword.builtin.SetTextKeyword$_setText_closure1.doCall(SetTextKeyword.groovy:76)
	at com.kms.katalon.core.mobile.keyword.builtin.SetTextKeyword$_setText_closure1.call(SetTextKeyword.groovy)
	at com.kms.katalon.core.mobile.keyword.internal.MobileKeywordMain.runKeyword(MobileKeywordMain.groovy:21)
	at com.kms.katalon.core.mobile.keyword.builtin.SetTextKeyword.setText(SetTextKeyword.groovy:83)
	at com.kms.katalon.core.mobile.keyword.builtin.SetTextKeyword.execute(SetTextKeyword.groovy:66)
	at com.kms.katalon.core.keyword.internal.KeywordExecutor.executeKeywordForPlatform(KeywordExecutor.groovy:60)
	at com.kms.katalon.core.mobile.keyword.MobileBuiltInKeywords.setText(MobileBuiltInKeywords.groovy:491)
	at com.kms.katalon.core.mobile.keyword.MobileBuiltInKeywords$setText$3.call(Unknown Source)
	at Task 18 (Kritik dan Saran).run(Task 18 (Kritik dan Saran):39)
	at com.kms.katalon.core.main.ScriptEngine.run(ScriptEngine.java:194)
	at com.kms.katalon.core.main.ScriptEngine.runScriptAsRawText(ScriptEngine.java:119)
	at com.kms.katalon.core.main.TestCaseExecutor.runScript(TestCaseExecutor.java:337)
	at com.kms.katalon.core.main.TestCaseExecutor.doExecute(TestCaseExecutor.java:328)
	at com.kms.katalon.core.main.TestCaseExecutor.processExecutionPhase(TestCaseExecutor.java:307)
	at com.kms.katalon.core.main.TestCaseExecutor.accessMainPhase(TestCaseExecutor.java:299)
	at com.kms.katalon.core.main.TestCaseExecutor.execute(TestCaseExecutor.java:233)
	at com.kms.katalon.core.main.TestSuiteExecutor.accessTestCaseMainPhase(TestSuiteExecutor.java:169)
	at com.kms.katalon.core.main.TestSuiteExecutor.accessTestSuiteMainPhase(TestSuiteExecutor.java:142)
	at com.kms.katalon.core.main.TestSuiteExecutor.execute(TestSuiteExecutor.java:91)
	at com.kms.katalon.core.main.TestCaseMain.startTestSuite(TestCaseMain.java:157)
	at com.kms.katalon.core.main.TestCaseMain$startTestSuite$0.call(Unknown Source)
	at TempTestSuite1576134073261.run(TempTestSuite1576134073261.groovy:36)
)

2019-12-12 14:06:46 - [TEST_STEP][FAILED] - setText(findTestObject("Kritik Saran/input text"), input_text, 0): Failed to set text into element (Root cause: com.kms.katalon.core.exception.StepFailedException: Object Object Repository/Kritik Saran/input text not found
	at com.kms.katalon.core.keyword.internal.KeywordMain.stepFailed(KeywordMain.groovy:50)
	at com.kms.katalon.core.mobile.keyword.internal.MobileKeywordMain.stepFailed(MobileKeywordMain.groovy:40)
	at com.kms.katalon.core.mobile.keyword.builtin.SetTextKeyword$_setText_closure1.doCall(SetTextKeyword.groovy:76)
	at com.kms.katalon.core.mobile.keyword.builtin.SetTextKeyword$_setText_closure1.call(SetTextKeyword.groovy)
	at com.kms.katalon.core.mobile.keyword.internal.MobileKeywordMain.runKeyword(MobileKeywordMain.groovy:21)
	at com.kms.katalon.core.mobile.keyword.builtin.SetTextKeyword.setText(SetTextKeyword.groovy:83)
	at com.kms.katalon.core.mobile.keyword.builtin.SetTextKeyword.execute(SetTextKeyword.groovy:66)
	at com.kms.katalon.core.keyword.internal.KeywordExecutor.executeKeywordForPlatform(KeywordExecutor.groovy:60)
	at com.kms.katalon.core.mobile.keyword.MobileBuiltInKeywords.setText(MobileBuiltInKeywords.groovy:491)
	at com.kms.katalon.core.mobile.keyword.MobileBuiltInKeywords$setText$3.call(Unknown Source)
	at Task 18 (Kritik dan Saran).run(Task 18 (Kritik dan Saran):39)
	at com.kms.katalon.core.main.ScriptEngine.run(ScriptEngine.java:194)
	at com.kms.katalon.core.main.ScriptEngine.runScriptAsRawText(ScriptEngine.java:119)
	at com.kms.katalon.core.main.TestCaseExecutor.runScript(TestCaseExecutor.java:337)
	at com.kms.katalon.core.main.TestCaseExecutor.doExecute(TestCaseExecutor.java:328)
	at com.kms.katalon.core.main.TestCaseExecutor.processExecutionPhase(TestCaseExecutor.java:307)
	at com.kms.katalon.core.main.TestCaseExecutor.accessMainPhase(TestCaseExecutor.java:299)
	at com.kms.katalon.core.main.TestCaseExecutor.execute(TestCaseExecutor.java:233)
	at com.kms.katalon.core.main.TestSuiteExecutor.accessTestCaseMainPhase(TestSuiteExecutor.java:169)
	at com.kms.katalon.core.main.TestSuiteExecutor.accessTestSuiteMainPhase(TestSuiteExecutor.java:142)
	at com.kms.katalon.core.main.TestSuiteExecutor.execute(TestSuiteExecutor.java:91)
	at com.kms.katalon.core.main.TestCaseMain.startTestSuite(TestCaseMain.java:157)
	at com.kms.katalon.core.main.TestCaseMain$startTestSuite$0.call(Unknown Source)
	at TempTestSuite1576134073261.run(TempTestSuite1576134073261.groovy:36)
)

2019-12-12 14:06:46 - [MESSAGE][WARNING] - Timeout '0' is invalid. Using default page load timeout: '60'

2019-12-12 14:07:48 - [MESSAGE][FAILED] - Object Object Repository/Kritik Saran/input text not found
[[ATTACHMENT|C:\\Users\\15420\\git\\ACCBid-Mobile99\\Reports\\20191212_140113\\ACC Bid\\20191212_140113\\1576134467104.png]]

2019-12-12 14:07:50 - [MESSAGE][FAILED] - Failed to set text into element (Root cause: com.kms.katalon.core.exception.StepFailedException: Object Object Repository/Kritik Saran/input text not found
	at com.kms.katalon.core.keyword.internal.KeywordMain.stepFailed(KeywordMain.groovy:50)
	at com.kms.katalon.core.mobile.keyword.internal.MobileKeywordMain.stepFailed(MobileKeywordMain.groovy:40)
	at com.kms.katalon.core.mobile.keyword.builtin.SetTextKeyword$_setText_closure1.doCall(SetTextKeyword.groovy:76)
	at com.kms.katalon.core.mobile.keyword.builtin.SetTextKeyword$_setText_closure1.call(SetTextKeyword.groovy)
	at com.kms.katalon.core.mobile.keyword.internal.MobileKeywordMain.runKeyword(MobileKeywordMain.groovy:21)
	at com.kms.katalon.core.mobile.keyword.builtin.SetTextKeyword.setText(SetTextKeyword.groovy:83)
	at com.kms.katalon.core.mobile.keyword.builtin.SetTextKeyword.execute(SetTextKeyword.groovy:66)
	at com.kms.katalon.core.keyword.internal.KeywordExecutor.executeKeywordForPlatform(KeywordExecutor.groovy:60)
	at com.kms.katalon.core.mobile.keyword.MobileBuiltInKeywords.setText(MobileBuiltInKeywords.groovy:491)
	at com.kms.katalon.core.mobile.keyword.MobileBuiltInKeywords$setText$3.call(Unknown Source)
	at Task 18 (Kritik dan Saran).run(Task 18 (Kritik dan Saran):39)
	at com.kms.katalon.core.main.ScriptEngine.run(ScriptEngine.java:194)
	at com.kms.katalon.core.main.ScriptEngine.runScriptAsRawText(ScriptEngine.java:119)
	at com.kms.katalon.core.main.TestCaseExecutor.runScript(TestCaseExecutor.java:337)
	at com.kms.katalon.core.main.TestCaseExecutor.doExecute(TestCaseExecutor.java:328)
	at com.kms.katalon.core.main.TestCaseExecutor.processExecutionPhase(TestCaseExecutor.java:307)
	at com.kms.katalon.core.main.TestCaseExecutor.accessMainPhase(TestCaseExecutor.java:299)
	at com.kms.katalon.core.main.TestCaseExecutor.execute(TestCaseExecutor.java:233)
	at com.kms.katalon.core.main.TestSuiteExecutor.accessTestCaseMainPhase(TestSuiteExecutor.java:169)
	at com.kms.katalon.core.main.TestSuiteExecutor.accessTestSuiteMainPhase(TestSuiteExecutor.java:142)
	at com.kms.katalon.core.main.TestSuiteExecutor.execute(TestSuiteExecutor.java:91)
	at com.kms.katalon.core.main.TestCaseMain.startTestSuite(TestCaseMain.java:157)
	at com.kms.katalon.core.main.TestCaseMain$startTestSuite$0.call(Unknown Source)
	at TempTestSuite1576134073261.run(TempTestSuite1576134073261.groovy:36)
)
[[ATTACHMENT|C:\\Users\\15420\\git\\ACCBid-Mobile99\\Reports\\20191212_140113\\ACC Bid\\20191212_140113\\1576134468996.png]]]]></system-out>
         <system-err><![CDATA[2019-12-12 14:05:30 - [TEST_CASE][FAILED] - Test Cases/Christi/Task 18 (Kritik dan Saran): Test Cases/Christi/Task 18 (Kritik dan Saran) FAILED.
Reason:
com.kms.katalon.core.exception.StepFailedException: Object Object Repository/Kritik Saran/input text not found
	at com.kms.katalon.core.keyword.internal.KeywordMain.stepFailed(KeywordMain.groovy:50)
	at com.kms.katalon.core.mobile.keyword.internal.MobileKeywordMain.stepFailed(MobileKeywordMain.groovy:40)
	at com.kms.katalon.core.mobile.keyword.builtin.SetTextKeyword$_setText_closure1.doCall(SetTextKeyword.groovy:76)
	at com.kms.katalon.core.mobile.keyword.builtin.SetTextKeyword$_setText_closure1.call(SetTextKeyword.groovy)
	at com.kms.katalon.core.mobile.keyword.internal.MobileKeywordMain.runKeyword(MobileKeywordMain.groovy:21)
	at com.kms.katalon.core.mobile.keyword.builtin.SetTextKeyword.setText(SetTextKeyword.groovy:83)
	at com.kms.katalon.core.mobile.keyword.builtin.SetTextKeyword.execute(SetTextKeyword.groovy:66)
	at com.kms.katalon.core.keyword.internal.KeywordExecutor.executeKeywordForPlatform(KeywordExecutor.groovy:60)
	at com.kms.katalon.core.mobile.keyword.MobileBuiltInKeywords.setText(MobileBuiltInKeywords.groovy:491)
	at com.kms.katalon.core.mobile.keyword.MobileBuiltInKeywords$setText$3.call(Unknown Source)
	at Task 18 (Kritik dan Saran).run(Task 18 (Kritik dan Saran):39)
	at com.kms.katalon.core.main.ScriptEngine.run(ScriptEngine.java:194)
	at com.kms.katalon.core.main.ScriptEngine.runScriptAsRawText(ScriptEngine.java:119)
	at com.kms.katalon.core.main.TestCaseExecutor.runScript(TestCaseExecutor.java:337)
	at com.kms.katalon.core.main.TestCaseExecutor.doExecute(TestCaseExecutor.java:328)
	at com.kms.katalon.core.main.TestCaseExecutor.processExecutionPhase(TestCaseExecutor.java:307)
	at com.kms.katalon.core.main.TestCaseExecutor.accessMainPhase(TestCaseExecutor.java:299)
	at com.kms.katalon.core.main.TestCaseExecutor.execute(TestCaseExecutor.java:233)
	at com.kms.katalon.core.main.TestSuiteExecutor.accessTestCaseMainPhase(TestSuiteExecutor.java:169)
	at com.kms.katalon.core.main.TestSuiteExecutor.accessTestSuiteMainPhase(TestSuiteExecutor.java:142)
	at com.kms.katalon.core.main.TestSuiteExecutor.execute(TestSuiteExecutor.java:91)
	at com.kms.katalon.core.main.TestCaseMain.startTestSuite(TestCaseMain.java:157)
	at com.kms.katalon.core.main.TestCaseMain$startTestSuite$0.call(Unknown Source)
	at TempTestSuite1576134073261.run(TempTestSuite1576134073261.groovy:36)]]></system-err>
      </testcase>
      <system-out><![CDATA[2019-12-12 14:01:19 - [TEST_SUITE][FAILED] - ACC Bid: Test Cases/Christi/Task 18 (Kritik dan Saran) FAILED.
Reason:
com.kms.katalon.core.exception.StepFailedException: Object Object Repository/Kritik Saran/input text not found
	at com.kms.katalon.core.keyword.internal.KeywordMain.stepFailed(KeywordMain.groovy:50)
	at com.kms.katalon.core.mobile.keyword.internal.MobileKeywordMain.stepFailed(MobileKeywordMain.groovy:40)
	at com.kms.katalon.core.mobile.keyword.builtin.SetTextKeyword$_setText_closure1.doCall(SetTextKeyword.groovy:76)
	at com.kms.katalon.core.mobile.keyword.builtin.SetTextKeyword$_setText_closure1.call(SetTextKeyword.groovy)
	at com.kms.katalon.core.mobile.keyword.internal.MobileKeywordMain.runKeyword(MobileKeywordMain.groovy:21)
	at com.kms.katalon.core.mobile.keyword.builtin.SetTextKeyword.setText(SetTextKeyword.groovy:83)
	at com.kms.katalon.core.mobile.keyword.builtin.SetTextKeyword.execute(SetTextKeyword.groovy:66)
	at com.kms.katalon.core.keyword.internal.KeywordExecutor.executeKeywordForPlatform(KeywordExecutor.groovy:60)
	at com.kms.katalon.core.mobile.keyword.MobileBuiltInKeywords.setText(MobileBuiltInKeywords.groovy:491)
	at com.kms.katalon.core.mobile.keyword.MobileBuiltInKeywords$setText$3.call(Unknown Source)
	at Task 18 (Kritik dan Saran).run(Task 18 (Kritik dan Saran):39)
	at com.kms.katalon.core.main.ScriptEngine.run(ScriptEngine.java:194)
	at com.kms.katalon.core.main.ScriptEngine.runScriptAsRawText(ScriptEngine.java:119)
	at com.kms.katalon.core.main.TestCaseExecutor.runScript(TestCaseExecutor.java:337)
	at com.kms.katalon.core.main.TestCaseExecutor.doExecute(TestCaseExecutor.java:328)
	at com.kms.katalon.core.main.TestCaseExecutor.processExecutionPhase(TestCaseExecutor.java:307)
	at com.kms.katalon.core.main.TestCaseExecutor.accessMainPhase(TestCaseExecutor.java:299)
	at com.kms.katalon.core.main.TestCaseExecutor.execute(TestCaseExecutor.java:233)
	at com.kms.katalon.core.main.TestSuiteExecutor.accessTestCaseMainPhase(TestSuiteExecutor.java:169)
	at com.kms.katalon.core.main.TestSuiteExecutor.accessTestSuiteMainPhase(TestSuiteExecutor.java:142)
	at com.kms.katalon.core.main.TestSuiteExecutor.execute(TestSuiteExecutor.java:91)
	at com.kms.katalon.core.main.TestCaseMain.startTestSuite(TestCaseMain.java:157)
	at com.kms.katalon.core.main.TestCaseMain$startTestSuite$0.call(Unknown Source)
	at TempTestSuite1576134073261.run(TempTestSuite1576134073261.groovy:36)]]></system-out>
      <system-err><![CDATA[2019-12-12 14:01:19 - [TEST_SUITE][FAILED] - ACC Bid: Test Cases/Christi/Task 18 (Kritik dan Saran) FAILED.
Reason:
com.kms.katalon.core.exception.StepFailedException: Object Object Repository/Kritik Saran/input text not found
	at com.kms.katalon.core.keyword.internal.KeywordMain.stepFailed(KeywordMain.groovy:50)
	at com.kms.katalon.core.mobile.keyword.internal.MobileKeywordMain.stepFailed(MobileKeywordMain.groovy:40)
	at com.kms.katalon.core.mobile.keyword.builtin.SetTextKeyword$_setText_closure1.doCall(SetTextKeyword.groovy:76)
	at com.kms.katalon.core.mobile.keyword.builtin.SetTextKeyword$_setText_closure1.call(SetTextKeyword.groovy)
	at com.kms.katalon.core.mobile.keyword.internal.MobileKeywordMain.runKeyword(MobileKeywordMain.groovy:21)
	at com.kms.katalon.core.mobile.keyword.builtin.SetTextKeyword.setText(SetTextKeyword.groovy:83)
	at com.kms.katalon.core.mobile.keyword.builtin.SetTextKeyword.execute(SetTextKeyword.groovy:66)
	at com.kms.katalon.core.keyword.internal.KeywordExecutor.executeKeywordForPlatform(KeywordExecutor.groovy:60)
	at com.kms.katalon.core.mobile.keyword.MobileBuiltInKeywords.setText(MobileBuiltInKeywords.groovy:491)
	at com.kms.katalon.core.mobile.keyword.MobileBuiltInKeywords$setText$3.call(Unknown Source)
	at Task 18 (Kritik dan Saran).run(Task 18 (Kritik dan Saran):39)
	at com.kms.katalon.core.main.ScriptEngine.run(ScriptEngine.java:194)
	at com.kms.katalon.core.main.ScriptEngine.runScriptAsRawText(ScriptEngine.java:119)
	at com.kms.katalon.core.main.TestCaseExecutor.runScript(TestCaseExecutor.java:337)
	at com.kms.katalon.core.main.TestCaseExecutor.doExecute(TestCaseExecutor.java:328)
	at com.kms.katalon.core.main.TestCaseExecutor.processExecutionPhase(TestCaseExecutor.java:307)
	at com.kms.katalon.core.main.TestCaseExecutor.accessMainPhase(TestCaseExecutor.java:299)
	at com.kms.katalon.core.main.TestCaseExecutor.execute(TestCaseExecutor.java:233)
	at com.kms.katalon.core.main.TestSuiteExecutor.accessTestCaseMainPhase(TestSuiteExecutor.java:169)
	at com.kms.katalon.core.main.TestSuiteExecutor.accessTestSuiteMainPhase(TestSuiteExecutor.java:142)
	at com.kms.katalon.core.main.TestSuiteExecutor.execute(TestSuiteExecutor.java:91)
	at com.kms.katalon.core.main.TestCaseMain.startTestSuite(TestCaseMain.java:157)
	at com.kms.katalon.core.main.TestCaseMain$startTestSuite$0.call(Unknown Source)
	at TempTestSuite1576134073261.run(TempTestSuite1576134073261.groovy:36)]]></system-err>
   </testsuite>
</testsuites>
